[0.254s] DEBUG:colcon:Command line arguments: ['/usr/bin/colcon', 'build']
[0.254s] DEBUG:colcon:Parsed command line arguments: Namespace(log_base=None, log_level=None, verb_name='build', build_base='build', install_base='install', merge_install=False, symlink_install=False, test_result_base=None, continue_on_error=False, executor='parallel', parallel_workers=6, event_handlers=None, ignore_user_meta=False, metas=['./colcon.meta'], base_paths=['.'], packages_ignore=None, packages_ignore_regex=None, paths=None, packages_up_to=None, packages_up_to_regex=None, packages_above=None, packages_above_and_dependencies=None, packages_above_depth=None, packages_select_by_dep=None, packages_skip_by_dep=None, packages_skip_up_to=None, packages_select_build_failed=False, packages_skip_build_finished=False, packages_select_test_failures=False, packages_skip_test_passed=False, packages_select=None, packages_skip=None, packages_select_regex=None, packages_skip_regex=None, packages_start=None, packages_end=None, allow_overriding=[], cmake_args=None, cmake_target=None, cmake_target_skip_unavailable=False, cmake_clean_cache=False, cmake_clean_first=False, cmake_force_configure=False, ament_cmake_args=None, catkin_cmake_args=None, catkin_skip_building_tests=False, mixin_files=None, mixin=None, verb_parser=<colcon_mixin.mixin.mixin_argument.MixinArgumentDecorator object at 0xffff9f9415a0>, verb_extension=<colcon_core.verb.build.BuildVerb object at 0xffff9fa72530>, main=<bound method BuildVerb.main of <colcon_core.verb.build.BuildVerb object at 0xffff9fa72530>>, mixin_verb=('build',))
[0.618s] Level 1:colcon.colcon_core.package_discovery:discover_packages(colcon_meta) check parameters
[0.618s] Level 1:colcon.colcon_core.package_discovery:discover_packages(recursive) check parameters
[0.618s] Level 1:colcon.colcon_core.package_discovery:discover_packages(ignore) check parameters
[0.618s] Level 1:colcon.colcon_core.package_discovery:discover_packages(path) check parameters
[0.618s] Level 1:colcon.colcon_core.package_discovery:discover_packages(colcon_meta) discover
[0.619s] Level 1:colcon.colcon_core.package_discovery:discover_packages(recursive) discover
[0.619s] INFO:colcon.colcon_core.package_discovery:Crawling recursively for packages in '/home/ugv/NGCP/NGCP_25_26/ugv-integration-2526'
[0.619s] Level 1:colcon.colcon_core.package_identification:_identify(.) by extensions ['ignore', 'ignore_ament_install']
[0.619s] Level 1:colcon.colcon_core.package_identification:_identify(.) by extension 'ignore'
[0.619s] Level 1:colcon.colcon_core.package_identification:_identify(.) by extension 'ignore_ament_install'
[0.619s] Level 1:colcon.colcon_core.package_identification:_identify(.) by extensions ['colcon_pkg']
[0.620s] Level 1:colcon.colcon_core.package_identification:_identify(.) by extension 'colcon_pkg'
[0.620s] Level 1:colcon.colcon_core.package_identification:_identify(.) by extensions ['colcon_meta']
[0.620s] Level 1:colcon.colcon_core.package_identification:_identify(.) by extension 'colcon_meta'
[0.620s] Level 1:colcon.colcon_core.package_identification:_identify(.) by extensions ['ros']
[0.620s] Level 1:colcon.colcon_core.package_identification:_identify(.) by extension 'ros'
[0.642s] Level 1:colcon.colcon_core.package_identification:_identify(.) by extensions ['cmake', 'python']
[0.643s] Level 1:colcon.colcon_core.package_identification:_identify(.) by extension 'cmake'
[0.643s] Level 1:colcon.colcon_core.package_identification:_identify(.) by extension 'python'
[0.643s] Level 1:colcon.colcon_core.package_identification:_identify(.) by extensions ['python_setup_py']
[0.643s] Level 1:colcon.colcon_core.package_identification:_identify(.) by extension 'python_setup_py'
[0.643s] Level 1:colcon.colcon_core.package_identification:_identify(build) by extensions ['ignore', 'ignore_ament_install']
[0.644s] Level 1:colcon.colcon_core.package_identification:_identify(build) by extension 'ignore'
[0.644s] Level 1:colcon.colcon_core.package_identification:_identify(build) ignored
[0.644s] Level 1:colcon.colcon_core.package_identification:_identify(install) by extensions ['ignore', 'ignore_ament_install']
[0.644s] Level 1:colcon.colcon_core.package_identification:_identify(install) by extension 'ignore'
[0.644s] Level 1:colcon.colcon_core.package_identification:_identify(install) ignored
[0.645s] Level 1:colcon.colcon_core.package_identification:_identify(log) by extensions ['ignore', 'ignore_ament_install']
[0.645s] Level 1:colcon.colcon_core.package_identification:_identify(log) by extension 'ignore'
[0.645s] Level 1:colcon.colcon_core.package_identification:_identify(log) ignored
[0.645s] Level 1:colcon.colcon_core.package_identification:_identify(manual_control) by extensions ['ignore', 'ignore_ament_install']
[0.645s] Level 1:colcon.colcon_core.package_identification:_identify(manual_control) by extension 'ignore'
[0.645s] Level 1:colcon.colcon_core.package_identification:_identify(manual_control) by extension 'ignore_ament_install'
[0.646s] Level 1:colcon.colcon_core.package_identification:_identify(manual_control) by extensions ['colcon_pkg']
[0.646s] Level 1:colcon.colcon_core.package_identification:_identify(manual_control) by extension 'colcon_pkg'
[0.646s] Level 1:colcon.colcon_core.package_identification:_identify(manual_control) by extensions ['colcon_meta']
[0.646s] Level 1:colcon.colcon_core.package_identification:_identify(manual_control) by extension 'colcon_meta'
[0.646s] Level 1:colcon.colcon_core.package_identification:_identify(manual_control) by extensions ['ros']
[0.646s] Level 1:colcon.colcon_core.package_identification:_identify(manual_control) by extension 'ros'
[0.646s] Level 1:colcon.colcon_core.package_identification:_identify(manual_control) by extensions ['cmake', 'python']
[0.646s] Level 1:colcon.colcon_core.package_identification:_identify(manual_control) by extension 'cmake'
[0.646s] Level 1:colcon.colcon_core.package_identification:_identify(manual_control) by extension 'python'
[0.646s] Level 1:colcon.colcon_core.package_identification:_identify(manual_control) by extensions ['python_setup_py']
[0.646s] Level 1:colcon.colcon_core.package_identification:_identify(manual_control) by extension 'python_setup_py'
[0.647s] Level 1:colcon.colcon_core.package_identification:_identify(manual_control/__pycache__) by extensions ['ignore', 'ignore_ament_install']
[0.647s] Level 1:colcon.colcon_core.package_identification:_identify(manual_control/__pycache__) by extension 'ignore'
[0.647s] Level 1:colcon.colcon_core.package_identification:_identify(manual_control/__pycache__) by extension 'ignore_ament_install'
[0.647s] Level 1:colcon.colcon_core.package_identification:_identify(manual_control/__pycache__) by extensions ['colcon_pkg']
[0.647s] Level 1:colcon.colcon_core.package_identification:_identify(manual_control/__pycache__) by extension 'colcon_pkg'
[0.647s] Level 1:colcon.colcon_core.package_identification:_identify(manual_control/__pycache__) by extensions ['colcon_meta']
[0.647s] Level 1:colcon.colcon_core.package_identification:_identify(manual_control/__pycache__) by extension 'colcon_meta'
[0.647s] Level 1:colcon.colcon_core.package_identification:_identify(manual_control/__pycache__) by extensions ['ros']
[0.648s] Level 1:colcon.colcon_core.package_identification:_identify(manual_control/__pycache__) by extension 'ros'
[0.648s] Level 1:colcon.colcon_core.package_identification:_identify(manual_control/__pycache__) by extensions ['cmake', 'python']
[0.648s] Level 1:colcon.colcon_core.package_identification:_identify(manual_control/__pycache__) by extension 'cmake'
[0.648s] Level 1:colcon.colcon_core.package_identification:_identify(manual_control/__pycache__) by extension 'python'
[0.648s] Level 1:colcon.colcon_core.package_identification:_identify(manual_control/__pycache__) by extensions ['python_setup_py']
[0.648s] Level 1:colcon.colcon_core.package_identification:_identify(manual_control/__pycache__) by extension 'python_setup_py'
[0.648s] Level 1:colcon.colcon_core.package_identification:_identify(manual_control/ugvgroundvehicle) by extensions ['ignore', 'ignore_ament_install']
[0.648s] Level 1:colcon.colcon_core.package_identification:_identify(manual_control/ugvgroundvehicle) by extension 'ignore'
[0.648s] Level 1:colcon.colcon_core.package_identification:_identify(manual_control/ugvgroundvehicle) by extension 'ignore_ament_install'
[0.649s] Level 1:colcon.colcon_core.package_identification:_identify(manual_control/ugvgroundvehicle) by extensions ['colcon_pkg']
[0.649s] Level 1:colcon.colcon_core.package_identification:_identify(manual_control/ugvgroundvehicle) by extension 'colcon_pkg'
[0.649s] Level 1:colcon.colcon_core.package_identification:_identify(manual_control/ugvgroundvehicle) by extensions ['colcon_meta']
[0.649s] Level 1:colcon.colcon_core.package_identification:_identify(manual_control/ugvgroundvehicle) by extension 'colcon_meta'
[0.649s] Level 1:colcon.colcon_core.package_identification:_identify(manual_control/ugvgroundvehicle) by extensions ['ros']
[0.649s] Level 1:colcon.colcon_core.package_identification:_identify(manual_control/ugvgroundvehicle) by extension 'ros'
[0.649s] Level 1:colcon.colcon_core.package_identification:_identify(manual_control/ugvgroundvehicle) by extensions ['cmake', 'python']
[0.649s] Level 1:colcon.colcon_core.package_identification:_identify(manual_control/ugvgroundvehicle) by extension 'cmake'
[0.649s] Level 1:colcon.colcon_core.package_identification:_identify(manual_control/ugvgroundvehicle) by extension 'python'
[0.649s] Level 1:colcon.colcon_core.package_identification:_identify(manual_control/ugvgroundvehicle) by extensions ['python_setup_py']
[0.649s] Level 1:colcon.colcon_core.package_identification:_identify(manual_control/ugvgroundvehicle) by extension 'python_setup_py'
[0.650s] Level 1:colcon.colcon_core.package_identification:_identify(src) by extensions ['ignore', 'ignore_ament_install']
[0.650s] Level 1:colcon.colcon_core.package_identification:_identify(src) by extension 'ignore'
[0.650s] Level 1:colcon.colcon_core.package_identification:_identify(src) by extension 'ignore_ament_install'
[0.650s] Level 1:colcon.colcon_core.package_identification:_identify(src) by extensions ['colcon_pkg']
[0.650s] Level 1:colcon.colcon_core.package_identification:_identify(src) by extension 'colcon_pkg'
[0.650s] Level 1:colcon.colcon_core.package_identification:_identify(src) by extensions ['colcon_meta']
[0.650s] Level 1:colcon.colcon_core.package_identification:_identify(src) by extension 'colcon_meta'
[0.650s] Level 1:colcon.colcon_core.package_identification:_identify(src) by extensions ['ros']
[0.650s] Level 1:colcon.colcon_core.package_identification:_identify(src) by extension 'ros'
[0.651s] Level 1:colcon.colcon_core.package_identification:_identify(src) by extensions ['cmake', 'python']
[0.651s] Level 1:colcon.colcon_core.package_identification:_identify(src) by extension 'cmake'
[0.651s] Level 1:colcon.colcon_core.package_identification:_identify(src) by extension 'python'
[0.651s] Level 1:colcon.colcon_core.package_identification:_identify(src) by extensions ['python_setup_py']
[0.651s] Level 1:colcon.colcon_core.package_identification:_identify(src) by extension 'python_setup_py'
[0.651s] Level 1:colcon.colcon_core.package_identification:_identify(src/NGCP_UGV) by extensions ['ignore', 'ignore_ament_install']
[0.651s] Level 1:colcon.colcon_core.package_identification:_identify(src/NGCP_UGV) by extension 'ignore'
[0.651s] Level 1:colcon.colcon_core.package_identification:_identify(src/NGCP_UGV) by extension 'ignore_ament_install'
[0.652s] Level 1:colcon.colcon_core.package_identification:_identify(src/NGCP_UGV) by extensions ['colcon_pkg']
[0.652s] Level 1:colcon.colcon_core.package_identification:_identify(src/NGCP_UGV) by extension 'colcon_pkg'
[0.652s] Level 1:colcon.colcon_core.package_identification:_identify(src/NGCP_UGV) by extensions ['colcon_meta']
[0.652s] Level 1:colcon.colcon_core.package_identification:_identify(src/NGCP_UGV) by extension 'colcon_meta'
[0.652s] Level 1:colcon.colcon_core.package_identification:_identify(src/NGCP_UGV) by extensions ['ros']
[0.652s] Level 1:colcon.colcon_core.package_identification:_identify(src/NGCP_UGV) by extension 'ros'
[0.658s] DEBUG:colcon.colcon_core.package_identification:Package 'src/NGCP_UGV' with type 'ros.ament_python' and name 'ngcp_ugv'
[0.658s] Level 1:colcon.colcon_core.package_identification:_identify(src/old_manual_control) by extensions ['ignore', 'ignore_ament_install']
[0.658s] Level 1:colcon.colcon_core.package_identification:_identify(src/old_manual_control) by extension 'ignore'
[0.658s] Level 1:colcon.colcon_core.package_identification:_identify(src/old_manual_control) by extension 'ignore_ament_install'
[0.659s] Level 1:colcon.colcon_core.package_identification:_identify(src/old_manual_control) by extensions ['colcon_pkg']
[0.659s] Level 1:colcon.colcon_core.package_identification:_identify(src/old_manual_control) by extension 'colcon_pkg'
[0.659s] Level 1:colcon.colcon_core.package_identification:_identify(src/old_manual_control) by extensions ['colcon_meta']
[0.659s] Level 1:colcon.colcon_core.package_identification:_identify(src/old_manual_control) by extension 'colcon_meta'
[0.659s] Level 1:colcon.colcon_core.package_identification:_identify(src/old_manual_control) by extensions ['ros']
[0.659s] Level 1:colcon.colcon_core.package_identification:_identify(src/old_manual_control) by extension 'ros'
[0.659s] Level 1:colcon.colcon_core.package_identification:_identify(src/old_manual_control) by extensions ['cmake', 'python']
[0.659s] Level 1:colcon.colcon_core.package_identification:_identify(src/old_manual_control) by extension 'cmake'
[0.659s] Level 1:colcon.colcon_core.package_identification:_identify(src/old_manual_control) by extension 'python'
[0.660s] Level 1:colcon.colcon_core.package_identification:_identify(src/old_manual_control) by extensions ['python_setup_py']
[0.660s] Level 1:colcon.colcon_core.package_identification:_identify(src/old_manual_control) by extension 'python_setup_py'
[0.660s] Level 1:colcon.colcon_core.package_identification:_identify(src/old_manual_control/__pycache__) by extensions ['ignore', 'ignore_ament_install']
[0.660s] Level 1:colcon.colcon_core.package_identification:_identify(src/old_manual_control/__pycache__) by extension 'ignore'
[0.660s] Level 1:colcon.colcon_core.package_identification:_identify(src/old_manual_control/__pycache__) by extension 'ignore_ament_install'
[0.660s] Level 1:colcon.colcon_core.package_identification:_identify(src/old_manual_control/__pycache__) by extensions ['colcon_pkg']
[0.660s] Level 1:colcon.colcon_core.package_identification:_identify(src/old_manual_control/__pycache__) by extension 'colcon_pkg'
[0.660s] Level 1:colcon.colcon_core.package_identification:_identify(src/old_manual_control/__pycache__) by extensions ['colcon_meta']
[0.660s] Level 1:colcon.colcon_core.package_identification:_identify(src/old_manual_control/__pycache__) by extension 'colcon_meta'
[0.661s] Level 1:colcon.colcon_core.package_identification:_identify(src/old_manual_control/__pycache__) by extensions ['ros']
[0.661s] Level 1:colcon.colcon_core.package_identification:_identify(src/old_manual_control/__pycache__) by extension 'ros'
[0.661s] Level 1:colcon.colcon_core.package_identification:_identify(src/old_manual_control/__pycache__) by extensions ['cmake', 'python']
[0.661s] Level 1:colcon.colcon_core.package_identification:_identify(src/old_manual_control/__pycache__) by extension 'cmake'
[0.661s] Level 1:colcon.colcon_core.package_identification:_identify(src/old_manual_control/__pycache__) by extension 'python'
[0.661s] Level 1:colcon.colcon_core.package_identification:_identify(src/old_manual_control/__pycache__) by extensions ['python_setup_py']
[0.661s] Level 1:colcon.colcon_core.package_identification:_identify(src/old_manual_control/__pycache__) by extension 'python_setup_py'
[0.661s] Level 1:colcon.colcon_core.package_identification:_identify(src/old_manual_control/ugvgroundvehicle) by extensions ['ignore', 'ignore_ament_install']
[0.662s] Level 1:colcon.colcon_core.package_identification:_identify(src/old_manual_control/ugvgroundvehicle) by extension 'ignore'
[0.662s] Level 1:colcon.colcon_core.package_identification:_identify(src/old_manual_control/ugvgroundvehicle) by extension 'ignore_ament_install'
[0.662s] Level 1:colcon.colcon_core.package_identification:_identify(src/old_manual_control/ugvgroundvehicle) by extensions ['colcon_pkg']
[0.662s] Level 1:colcon.colcon_core.package_identification:_identify(src/old_manual_control/ugvgroundvehicle) by extension 'colcon_pkg'
[0.662s] Level 1:colcon.colcon_core.package_identification:_identify(src/old_manual_control/ugvgroundvehicle) by extensions ['colcon_meta']
[0.662s] Level 1:colcon.colcon_core.package_identification:_identify(src/old_manual_control/ugvgroundvehicle) by extension 'colcon_meta'
[0.662s] Level 1:colcon.colcon_core.package_identification:_identify(src/old_manual_control/ugvgroundvehicle) by extensions ['ros']
[0.662s] Level 1:colcon.colcon_core.package_identification:_identify(src/old_manual_control/ugvgroundvehicle) by extension 'ros'
[0.662s] Level 1:colcon.colcon_core.package_identification:_identify(src/old_manual_control/ugvgroundvehicle) by extensions ['cmake', 'python']
[0.662s] Level 1:colcon.colcon_core.package_identification:_identify(src/old_manual_control/ugvgroundvehicle) by extension 'cmake'
[0.663s] Level 1:colcon.colcon_core.package_identification:_identify(src/old_manual_control/ugvgroundvehicle) by extension 'python'
[0.663s] Level 1:colcon.colcon_core.package_identification:_identify(src/old_manual_control/ugvgroundvehicle) by extensions ['python_setup_py']
[0.663s] Level 1:colcon.colcon_core.package_identification:_identify(src/old_manual_control/ugvgroundvehicle) by extension 'python_setup_py'
[0.663s] Level 1:colcon.colcon_core.package_identification:_identify(src/ugv_msgs) by extensions ['ignore', 'ignore_ament_install']
[0.663s] Level 1:colcon.colcon_core.package_identification:_identify(src/ugv_msgs) by extension 'ignore'
[0.663s] Level 1:colcon.colcon_core.package_identification:_identify(src/ugv_msgs) by extension 'ignore_ament_install'
[0.663s] Level 1:colcon.colcon_core.package_identification:_identify(src/ugv_msgs) by extensions ['colcon_pkg']
[0.663s] Level 1:colcon.colcon_core.package_identification:_identify(src/ugv_msgs) by extension 'colcon_pkg'
[0.663s] Level 1:colcon.colcon_core.package_identification:_identify(src/ugv_msgs) by extensions ['colcon_meta']
[0.664s] Level 1:colcon.colcon_core.package_identification:_identify(src/ugv_msgs) by extension 'colcon_meta'
[0.664s] Level 1:colcon.colcon_core.package_identification:_identify(src/ugv_msgs) by extensions ['ros']
[0.664s] Level 1:colcon.colcon_core.package_identification:_identify(src/ugv_msgs) by extension 'ros'
[0.665s] DEBUG:colcon.colcon_core.package_identification:Package 'src/ugv_msgs' with type 'ros.ament_cmake' and name 'ugv_msgs'
[0.665s] Level 1:colcon.colcon_core.package_identification:_identify(ugv-integration) by extensions ['ignore', 'ignore_ament_install']
[0.665s] Level 1:colcon.colcon_core.package_identification:_identify(ugv-integration) by extension 'ignore'
[0.665s] Level 1:colcon.colcon_core.package_identification:_identify(ugv-integration) by extension 'ignore_ament_install'
[0.666s] Level 1:colcon.colcon_core.package_identification:_identify(ugv-integration) by extensions ['colcon_pkg']
[0.666s] Level 1:colcon.colcon_core.package_identification:_identify(ugv-integration) by extension 'colcon_pkg'
[0.666s] Level 1:colcon.colcon_core.package_identification:_identify(ugv-integration) by extensions ['colcon_meta']
[0.666s] Level 1:colcon.colcon_core.package_identification:_identify(ugv-integration) by extension 'colcon_meta'
[0.666s] Level 1:colcon.colcon_core.package_identification:_identify(ugv-integration) by extensions ['ros']
[0.666s] Level 1:colcon.colcon_core.package_identification:_identify(ugv-integration) by extension 'ros'
[0.666s] Level 1:colcon.colcon_core.package_identification:_identify(ugv-integration) by extensions ['cmake', 'python']
[0.666s] Level 1:colcon.colcon_core.package_identification:_identify(ugv-integration) by extension 'cmake'
[0.666s] Level 1:colcon.colcon_core.package_identification:_identify(ugv-integration) by extension 'python'
[0.666s] Level 1:colcon.colcon_core.package_identification:_identify(ugv-integration) by extensions ['python_setup_py']
[0.667s] Level 1:colcon.colcon_core.package_identification:_identify(ugv-integration) by extension 'python_setup_py'
[0.667s] Level 1:colcon.colcon_core.package_identification:_identify(ugv-integration/NGCP) by extensions ['ignore', 'ignore_ament_install']
[0.667s] Level 1:colcon.colcon_core.package_identification:_identify(ugv-integration/NGCP) by extension 'ignore'
[0.667s] Level 1:colcon.colcon_core.package_identification:_identify(ugv-integration/NGCP) by extension 'ignore_ament_install'
[0.667s] Level 1:colcon.colcon_core.package_identification:_identify(ugv-integration/NGCP) by extensions ['colcon_pkg']
[0.667s] Level 1:colcon.colcon_core.package_identification:_identify(ugv-integration/NGCP) by extension 'colcon_pkg'
[0.667s] Level 1:colcon.colcon_core.package_identification:_identify(ugv-integration/NGCP) by extensions ['colcon_meta']
[0.667s] Level 1:colcon.colcon_core.package_identification:_identify(ugv-integration/NGCP) by extension 'colcon_meta'
[0.668s] Level 1:colcon.colcon_core.package_identification:_identify(ugv-integration/NGCP) by extensions ['ros']
[0.668s] Level 1:colcon.colcon_core.package_identification:_identify(ugv-integration/NGCP) by extension 'ros'
[0.668s] Level 1:colcon.colcon_core.package_identification:_identify(ugv-integration/NGCP) by extensions ['cmake', 'python']
[0.668s] Level 1:colcon.colcon_core.package_identification:_identify(ugv-integration/NGCP) by extension 'cmake'
[0.668s] Level 1:colcon.colcon_core.package_identification:_identify(ugv-integration/NGCP) by extension 'python'
[0.668s] Level 1:colcon.colcon_core.package_identification:_identify(ugv-integration/NGCP) by extensions ['python_setup_py']
[0.668s] Level 1:colcon.colcon_core.package_identification:_identify(ugv-integration/NGCP) by extension 'python_setup_py'
[0.668s] Level 1:colcon.colcon_core.package_identification:_identify(ugv-integration/NGCP/build) by extensions ['ignore', 'ignore_ament_install']
[0.668s] Level 1:colcon.colcon_core.package_identification:_identify(ugv-integration/NGCP/build) by extension 'ignore'
[0.669s] Level 1:colcon.colcon_core.package_identification:_identify(ugv-integration/NGCP/build) by extension 'ignore_ament_install'
[0.669s] Level 1:colcon.colcon_core.package_identification:_identify(ugv-integration/NGCP/build) by extensions ['colcon_pkg']
[0.669s] Level 1:colcon.colcon_core.package_identification:_identify(ugv-integration/NGCP/build) by extension 'colcon_pkg'
[0.669s] Level 1:colcon.colcon_core.package_identification:_identify(ugv-integration/NGCP/build) by extensions ['colcon_meta']
[0.669s] Level 1:colcon.colcon_core.package_identification:_identify(ugv-integration/NGCP/build) by extension 'colcon_meta'
[0.669s] Level 1:colcon.colcon_core.package_identification:_identify(ugv-integration/NGCP/build) by extensions ['ros']
[0.669s] Level 1:colcon.colcon_core.package_identification:_identify(ugv-integration/NGCP/build) by extension 'ros'
[0.669s] Level 1:colcon.colcon_core.package_identification:_identify(ugv-integration/NGCP/build) by extensions ['cmake', 'python']
[0.669s] Level 1:colcon.colcon_core.package_identification:_identify(ugv-integration/NGCP/build) by extension 'cmake'
[0.669s] Level 1:colcon.colcon_core.package_identification:_identify(ugv-integration/NGCP/build) by extension 'python'
[0.670s] Level 1:colcon.colcon_core.package_identification:_identify(ugv-integration/NGCP/build) by extensions ['python_setup_py']
[0.670s] Level 1:colcon.colcon_core.package_identification:_identify(ugv-integration/NGCP/build) by extension 'python_setup_py'
[0.670s] Level 1:colcon.colcon_core.package_identification:_identify(ugv-integration/NGCP/build/ugv_msgs) by extensions ['ignore', 'ignore_ament_install']
[0.670s] Level 1:colcon.colcon_core.package_identification:_identify(ugv-integration/NGCP/build/ugv_msgs) by extension 'ignore'
[0.670s] Level 1:colcon.colcon_core.package_identification:_identify(ugv-integration/NGCP/build/ugv_msgs) by extension 'ignore_ament_install'
[0.670s] Level 1:colcon.colcon_core.package_identification:_identify(ugv-integration/NGCP/build/ugv_msgs) by extensions ['colcon_pkg']
[0.670s] Level 1:colcon.colcon_core.package_identification:_identify(ugv-integration/NGCP/build/ugv_msgs) by extension 'colcon_pkg'
[0.670s] Level 1:colcon.colcon_core.package_identification:_identify(ugv-integration/NGCP/build/ugv_msgs) by extensions ['colcon_meta']
[0.670s] Level 1:colcon.colcon_core.package_identification:_identify(ugv-integration/NGCP/build/ugv_msgs) by extension 'colcon_meta'
[0.671s] Level 1:colcon.colcon_core.package_identification:_identify(ugv-integration/NGCP/build/ugv_msgs) by extensions ['ros']
[0.671s] Level 1:colcon.colcon_core.package_identification:_identify(ugv-integration/NGCP/build/ugv_msgs) by extension 'ros'
[0.671s] Level 1:colcon.colcon_core.package_identification:_identify(ugv-integration/NGCP/build/ugv_msgs) by extensions ['cmake', 'python']
[0.671s] Level 1:colcon.colcon_core.package_identification:_identify(ugv-integration/NGCP/build/ugv_msgs) by extension 'cmake'
[0.671s] Level 1:colcon.colcon_core.package_identification:_identify(ugv-integration/NGCP/build/ugv_msgs) by extension 'python'
[0.671s] Level 1:colcon.colcon_core.package_identification:_identify(ugv-integration/NGCP/build/ugv_msgs) by extensions ['python_setup_py']
[0.671s] Level 1:colcon.colcon_core.package_identification:_identify(ugv-integration/NGCP/build/ugv_msgs) by extension 'python_setup_py'
[0.671s] Level 1:colcon.colcon_core.package_identification:_identify(ugv-integration/NGCP/build/ugv_msgs/CMakeFiles) by extensions ['ignore', 'ignore_ament_install']
[0.672s] Level 1:colcon.colcon_core.package_identification:_identify(ugv-integration/NGCP/build/ugv_msgs/CMakeFiles) by extension 'ignore'
[0.672s] Level 1:colcon.colcon_core.package_identification:_identify(ugv-integration/NGCP/build/ugv_msgs/CMakeFiles) by extension 'ignore_ament_install'
[0.672s] Level 1:colcon.colcon_core.package_identification:_identify(ugv-integration/NGCP/build/ugv_msgs/CMakeFiles) by extensions ['colcon_pkg']
[0.672s] Level 1:colcon.colcon_core.package_identification:_identify(ugv-integration/NGCP/build/ugv_msgs/CMakeFiles) by extension 'colcon_pkg'
[0.672s] Level 1:colcon.colcon_core.package_identification:_identify(ugv-integration/NGCP/build/ugv_msgs/CMakeFiles) by extensions ['colcon_meta']
[0.672s] Level 1:colcon.colcon_core.package_identification:_identify(ugv-integration/NGCP/build/ugv_msgs/CMakeFiles) by extension 'colcon_meta'
[0.672s] Level 1:colcon.colcon_core.package_identification:_identify(ugv-integration/NGCP/build/ugv_msgs/CMakeFiles) by extensions ['ros']
[0.672s] Level 1:colcon.colcon_core.package_identification:_identify(ugv-integration/NGCP/build/ugv_msgs/CMakeFiles) by extension 'ros'
[0.672s] Level 1:colcon.colcon_core.package_identification:_identify(ugv-integration/NGCP/build/ugv_msgs/CMakeFiles) by extensions ['cmake', 'python']
[0.672s] Level 1:colcon.colcon_core.package_identification:_identify(ugv-integration/NGCP/build/ugv_msgs/CMakeFiles) by extension 'cmake'
[0.672s] Level 1:colcon.colcon_core.package_identification:_identify(ugv-integration/NGCP/build/ugv_msgs/CMakeFiles) by extension 'python'
[0.673s] Level 1:colcon.colcon_core.package_identification:_identify(ugv-integration/NGCP/build/ugv_msgs/CMakeFiles) by extensions ['python_setup_py']
[0.673s] Level 1:colcon.colcon_core.package_identification:_identify(ugv-integration/NGCP/build/ugv_msgs/CMakeFiles) by extension 'python_setup_py'
[0.673s] Level 1:colcon.colcon_core.package_identification:_identify(ugv-integration/NGCP/build/ugv_msgs/CMakeFiles/3.22.1) by extensions ['ignore', 'ignore_ament_install']
[0.673s] Level 1:colcon.colcon_core.package_identification:_identify(ugv-integration/NGCP/build/ugv_msgs/CMakeFiles/3.22.1) by extension 'ignore'
[0.673s] Level 1:colcon.colcon_core.package_identification:_identify(ugv-integration/NGCP/build/ugv_msgs/CMakeFiles/3.22.1) by extension 'ignore_ament_install'
[0.673s] Level 1:colcon.colcon_core.package_identification:_identify(ugv-integration/NGCP/build/ugv_msgs/CMakeFiles/3.22.1) by extensions ['colcon_pkg']
[0.673s] Level 1:colcon.colcon_core.package_identification:_identify(ugv-integration/NGCP/build/ugv_msgs/CMakeFiles/3.22.1) by extension 'colcon_pkg'
[0.673s] Level 1:colcon.colcon_core.package_identification:_identify(ugv-integration/NGCP/build/ugv_msgs/CMakeFiles/3.22.1) by extensions ['colcon_meta']
[0.674s] Level 1:colcon.colcon_core.package_identification:_identify(ugv-integration/NGCP/build/ugv_msgs/CMakeFiles/3.22.1) by extension 'colcon_meta'
[0.674s] Level 1:colcon.colcon_core.package_identification:_identify(ugv-integration/NGCP/build/ugv_msgs/CMakeFiles/3.22.1) by extensions ['ros']
[0.674s] Level 1:colcon.colcon_core.package_identification:_identify(ugv-integration/NGCP/build/ugv_msgs/CMakeFiles/3.22.1) by extension 'ros'
[0.674s] Level 1:colcon.colcon_core.package_identification:_identify(ugv-integration/NGCP/build/ugv_msgs/CMakeFiles/3.22.1) by extensions ['cmake', 'python']
[0.674s] Level 1:colcon.colcon_core.package_identification:_identify(ugv-integration/NGCP/build/ugv_msgs/CMakeFiles/3.22.1) by extension 'cmake'
[0.674s] Level 1:colcon.colcon_core.package_identification:_identify(ugv-integration/NGCP/build/ugv_msgs/CMakeFiles/3.22.1) by extension 'python'
[0.674s] Level 1:colcon.colcon_core.package_identification:_identify(ugv-integration/NGCP/build/ugv_msgs/CMakeFiles/3.22.1) by extensions ['python_setup_py']
[0.674s] Level 1:colcon.colcon_core.package_identification:_identify(ugv-integration/NGCP/build/ugv_msgs/CMakeFiles/3.22.1) by extension 'python_setup_py'
[0.674s] Level 1:colcon.colcon_core.package_identification:_identify(ugv-integration/NGCP/build/ugv_msgs/CMakeFiles/3.22.1/CompilerIdC) by extensions ['ignore', 'ignore_ament_install']
[0.675s] Level 1:colcon.colcon_core.package_identification:_identify(ugv-integration/NGCP/build/ugv_msgs/CMakeFiles/3.22.1/CompilerIdC) by extension 'ignore'
[0.675s] Level 1:colcon.colcon_core.package_identification:_identify(ugv-integration/NGCP/build/ugv_msgs/CMakeFiles/3.22.1/CompilerIdC) by extension 'ignore_ament_install'
[0.675s] Level 1:colcon.colcon_core.package_identification:_identify(ugv-integration/NGCP/build/ugv_msgs/CMakeFiles/3.22.1/CompilerIdC) by extensions ['colcon_pkg']
[0.675s] Level 1:colcon.colcon_core.package_identification:_identify(ugv-integration/NGCP/build/ugv_msgs/CMakeFiles/3.22.1/CompilerIdC) by extension 'colcon_pkg'
[0.675s] Level 1:colcon.colcon_core.package_identification:_identify(ugv-integration/NGCP/build/ugv_msgs/CMakeFiles/3.22.1/CompilerIdC) by extensions ['colcon_meta']
[0.675s] Level 1:colcon.colcon_core.package_identification:_identify(ugv-integration/NGCP/build/ugv_msgs/CMakeFiles/3.22.1/CompilerIdC) by extension 'colcon_meta'
[0.675s] Level 1:colcon.colcon_core.package_identification:_identify(ugv-integration/NGCP/build/ugv_msgs/CMakeFiles/3.22.1/CompilerIdC) by extensions ['ros']
[0.675s] Level 1:colcon.colcon_core.package_identification:_identify(ugv-integration/NGCP/build/ugv_msgs/CMakeFiles/3.22.1/CompilerIdC) by extension 'ros'
[0.675s] Level 1:colcon.colcon_core.package_identification:_identify(ugv-integration/NGCP/build/ugv_msgs/CMakeFiles/3.22.1/CompilerIdC) by extensions ['cmake', 'python']
[0.676s] Level 1:colcon.colcon_core.package_identification:_identify(ugv-integration/NGCP/build/ugv_msgs/CMakeFiles/3.22.1/CompilerIdC) by extension 'cmake'
[0.676s] Level 1:colcon.colcon_core.package_identification:_identify(ugv-integration/NGCP/build/ugv_msgs/CMakeFiles/3.22.1/CompilerIdC) by extension 'python'
[0.676s] Level 1:colcon.colcon_core.package_identification:_identify(ugv-integration/NGCP/build/ugv_msgs/CMakeFiles/3.22.1/CompilerIdC) by extensions ['python_setup_py']
[0.676s] Level 1:colcon.colcon_core.package_identification:_identify(ugv-integration/NGCP/build/ugv_msgs/CMakeFiles/3.22.1/CompilerIdC) by extension 'python_setup_py'
[0.676s] Level 1:colcon.colcon_core.package_identification:_identify(ugv-integration/NGCP/build/ugv_msgs/CMakeFiles/3.22.1/CompilerIdC/tmp) by extensions ['ignore', 'ignore_ament_install']
[0.676s] Level 1:colcon.colcon_core.package_identification:_identify(ugv-integration/NGCP/build/ugv_msgs/CMakeFiles/3.22.1/CompilerIdC/tmp) by extension 'ignore'
[0.676s] Level 1:colcon.colcon_core.package_identification:_identify(ugv-integration/NGCP/build/ugv_msgs/CMakeFiles/3.22.1/CompilerIdC/tmp) by extension 'ignore_ament_install'
[0.677s] Level 1:colcon.colcon_core.package_identification:_identify(ugv-integration/NGCP/build/ugv_msgs/CMakeFiles/3.22.1/CompilerIdC/tmp) by extensions ['colcon_pkg']
[0.677s] Level 1:colcon.colcon_core.package_identification:_identify(ugv-integration/NGCP/build/ugv_msgs/CMakeFiles/3.22.1/CompilerIdC/tmp) by extension 'colcon_pkg'
[0.677s] Level 1:colcon.colcon_core.package_identification:_identify(ugv-integration/NGCP/build/ugv_msgs/CMakeFiles/3.22.1/CompilerIdC/tmp) by extensions ['colcon_meta']
[0.677s] Level 1:colcon.colcon_core.package_identification:_identify(ugv-integration/NGCP/build/ugv_msgs/CMakeFiles/3.22.1/CompilerIdC/tmp) by extension 'colcon_meta'
[0.677s] Level 1:colcon.colcon_core.package_identification:_identify(ugv-integration/NGCP/build/ugv_msgs/CMakeFiles/3.22.1/CompilerIdC/tmp) by extensions ['ros']
[0.677s] Level 1:colcon.colcon_core.package_identification:_identify(ugv-integration/NGCP/build/ugv_msgs/CMakeFiles/3.22.1/CompilerIdC/tmp) by extension 'ros'
[0.677s] Level 1:colcon.colcon_core.package_identification:_identify(ugv-integration/NGCP/build/ugv_msgs/CMakeFiles/3.22.1/CompilerIdC/tmp) by extensions ['cmake', 'python']
[0.677s] Level 1:colcon.colcon_core.package_identification:_identify(ugv-integration/NGCP/build/ugv_msgs/CMakeFiles/3.22.1/CompilerIdC/tmp) by extension 'cmake'
[0.677s] Level 1:colcon.colcon_core.package_identification:_identify(ugv-integration/NGCP/build/ugv_msgs/CMakeFiles/3.22.1/CompilerIdC/tmp) by extension 'python'
[0.677s] Level 1:colcon.colcon_core.package_identification:_identify(ugv-integration/NGCP/build/ugv_msgs/CMakeFiles/3.22.1/CompilerIdC/tmp) by extensions ['python_setup_py']
[0.677s] Level 1:colcon.colcon_core.package_identification:_identify(ugv-integration/NGCP/build/ugv_msgs/CMakeFiles/3.22.1/CompilerIdC/tmp) by extension 'python_setup_py'
[0.678s] Level 1:colcon.colcon_core.package_identification:_identify(ugv-integration/NGCP/build/ugv_msgs/CMakeFiles/3.22.1/CompilerIdCXX) by extensions ['ignore', 'ignore_ament_install']
[0.678s] Level 1:colcon.colcon_core.package_identification:_identify(ugv-integration/NGCP/build/ugv_msgs/CMakeFiles/3.22.1/CompilerIdCXX) by extension 'ignore'
[0.678s] Level 1:colcon.colcon_core.package_identification:_identify(ugv-integration/NGCP/build/ugv_msgs/CMakeFiles/3.22.1/CompilerIdCXX) by extension 'ignore_ament_install'
[0.678s] Level 1:colcon.colcon_core.package_identification:_identify(ugv-integration/NGCP/build/ugv_msgs/CMakeFiles/3.22.1/CompilerIdCXX) by extensions ['colcon_pkg']
[0.678s] Level 1:colcon.colcon_core.package_identification:_identify(ugv-integration/NGCP/build/ugv_msgs/CMakeFiles/3.22.1/CompilerIdCXX) by extension 'colcon_pkg'
[0.678s] Level 1:colcon.colcon_core.package_identification:_identify(ugv-integration/NGCP/build/ugv_msgs/CMakeFiles/3.22.1/CompilerIdCXX) by extensions ['colcon_meta']
[0.678s] Level 1:colcon.colcon_core.package_identification:_identify(ugv-integration/NGCP/build/ugv_msgs/CMakeFiles/3.22.1/CompilerIdCXX) by extension 'colcon_meta'
[0.678s] Level 1:colcon.colcon_core.package_identification:_identify(ugv-integration/NGCP/build/ugv_msgs/CMakeFiles/3.22.1/CompilerIdCXX) by extensions ['ros']
[0.679s] Level 1:colcon.colcon_core.package_identification:_identify(ugv-integration/NGCP/build/ugv_msgs/CMakeFiles/3.22.1/CompilerIdCXX) by extension 'ros'
[0.679s] Level 1:colcon.colcon_core.package_identification:_identify(ugv-integration/NGCP/build/ugv_msgs/CMakeFiles/3.22.1/CompilerIdCXX) by extensions ['cmake', 'python']
[0.679s] Level 1:colcon.colcon_core.package_identification:_identify(ugv-integration/NGCP/build/ugv_msgs/CMakeFiles/3.22.1/CompilerIdCXX) by extension 'cmake'
[0.679s] Level 1:colcon.colcon_core.package_identification:_identify(ugv-integration/NGCP/build/ugv_msgs/CMakeFiles/3.22.1/CompilerIdCXX) by extension 'python'
[0.679s] Level 1:colcon.colcon_core.package_identification:_identify(ugv-integration/NGCP/build/ugv_msgs/CMakeFiles/3.22.1/CompilerIdCXX) by extensions ['python_setup_py']
[0.679s] Level 1:colcon.colcon_core.package_identification:_identify(ugv-integration/NGCP/build/ugv_msgs/CMakeFiles/3.22.1/CompilerIdCXX) by extension 'python_setup_py'
[0.679s] Level 1:colcon.colcon_core.package_identification:_identify(ugv-integration/NGCP/build/ugv_msgs/CMakeFiles/3.22.1/CompilerIdCXX/tmp) by extensions ['ignore', 'ignore_ament_install']
[0.679s] Level 1:colcon.colcon_core.package_identification:_identify(ugv-integration/NGCP/build/ugv_msgs/CMakeFiles/3.22.1/CompilerIdCXX/tmp) by extension 'ignore'
[0.680s] Level 1:colcon.colcon_core.package_identification:_identify(ugv-integration/NGCP/build/ugv_msgs/CMakeFiles/3.22.1/CompilerIdCXX/tmp) by extension 'ignore_ament_install'
[0.680s] Level 1:colcon.colcon_core.package_identification:_identify(ugv-integration/NGCP/build/ugv_msgs/CMakeFiles/3.22.1/CompilerIdCXX/tmp) by extensions ['colcon_pkg']
[0.680s] Level 1:colcon.colcon_core.package_identification:_identify(ugv-integration/NGCP/build/ugv_msgs/CMakeFiles/3.22.1/CompilerIdCXX/tmp) by extension 'colcon_pkg'
[0.680s] Level 1:colcon.colcon_core.package_identification:_identify(ugv-integration/NGCP/build/ugv_msgs/CMakeFiles/3.22.1/CompilerIdCXX/tmp) by extensions ['colcon_meta']
[0.680s] Level 1:colcon.colcon_core.package_identification:_identify(ugv-integration/NGCP/build/ugv_msgs/CMakeFiles/3.22.1/CompilerIdCXX/tmp) by extension 'colcon_meta'
[0.680s] Level 1:colcon.colcon_core.package_identification:_identify(ugv-integration/NGCP/build/ugv_msgs/CMakeFiles/3.22.1/CompilerIdCXX/tmp) by extensions ['ros']
[0.680s] Level 1:colcon.colcon_core.package_identification:_identify(ugv-integration/NGCP/build/ugv_msgs/CMakeFiles/3.22.1/CompilerIdCXX/tmp) by extension 'ros'
[0.680s] Level 1:colcon.colcon_core.package_identification:_identify(ugv-integration/NGCP/build/ugv_msgs/CMakeFiles/3.22.1/CompilerIdCXX/tmp) by extensions ['cmake', 'python']
[0.680s] Level 1:colcon.colcon_core.package_identification:_identify(ugv-integration/NGCP/build/ugv_msgs/CMakeFiles/3.22.1/CompilerIdCXX/tmp) by extension 'cmake'
[0.680s] Level 1:colcon.colcon_core.package_identification:_identify(ugv-integration/NGCP/build/ugv_msgs/CMakeFiles/3.22.1/CompilerIdCXX/tmp) by extension 'python'
[0.681s] Level 1:colcon.colcon_core.package_identification:_identify(ugv-integration/NGCP/build/ugv_msgs/CMakeFiles/3.22.1/CompilerIdCXX/tmp) by extensions ['python_setup_py']
[0.681s] Level 1:colcon.colcon_core.package_identification:_identify(ugv-integration/NGCP/build/ugv_msgs/CMakeFiles/3.22.1/CompilerIdCXX/tmp) by extension 'python_setup_py'
[0.681s] Level 1:colcon.colcon_core.package_identification:_identify(ugv-integration/NGCP/build/ugv_msgs/CMakeFiles/CMakeTmp) by extensions ['ignore', 'ignore_ament_install']
[0.681s] Level 1:colcon.colcon_core.package_identification:_identify(ugv-integration/NGCP/build/ugv_msgs/CMakeFiles/CMakeTmp) by extension 'ignore'
[0.681s] Level 1:colcon.colcon_core.package_identification:_identify(ugv-integration/NGCP/build/ugv_msgs/CMakeFiles/CMakeTmp) by extension 'ignore_ament_install'
[0.681s] Level 1:colcon.colcon_core.package_identification:_identify(ugv-integration/NGCP/build/ugv_msgs/CMakeFiles/CMakeTmp) by extensions ['colcon_pkg']
[0.681s] Level 1:colcon.colcon_core.package_identification:_identify(ugv-integration/NGCP/build/ugv_msgs/CMakeFiles/CMakeTmp) by extension 'colcon_pkg'
[0.681s] Level 1:colcon.colcon_core.package_identification:_identify(ugv-integration/NGCP/build/ugv_msgs/CMakeFiles/CMakeTmp) by extensions ['colcon_meta']
[0.681s] Level 1:colcon.colcon_core.package_identification:_identify(ugv-integration/NGCP/build/ugv_msgs/CMakeFiles/CMakeTmp) by extension 'colcon_meta'
[0.682s] Level 1:colcon.colcon_core.package_identification:_identify(ugv-integration/NGCP/build/ugv_msgs/CMakeFiles/CMakeTmp) by extensions ['ros']
[0.682s] Level 1:colcon.colcon_core.package_identification:_identify(ugv-integration/NGCP/build/ugv_msgs/CMakeFiles/CMakeTmp) by extension 'ros'
[0.682s] Level 1:colcon.colcon_core.package_identification:_identify(ugv-integration/NGCP/build/ugv_msgs/CMakeFiles/CMakeTmp) by extensions ['cmake', 'python']
[0.682s] Level 1:colcon.colcon_core.package_identification:_identify(ugv-integration/NGCP/build/ugv_msgs/CMakeFiles/CMakeTmp) by extension 'cmake'
[0.682s] Level 1:colcon.colcon_core.package_identification:_identify(ugv-integration/NGCP/build/ugv_msgs/CMakeFiles/CMakeTmp) by extension 'python'
[0.682s] Level 1:colcon.colcon_core.package_identification:_identify(ugv-integration/NGCP/build/ugv_msgs/CMakeFiles/CMakeTmp) by extensions ['python_setup_py']
[0.682s] Level 1:colcon.colcon_core.package_identification:_identify(ugv-integration/NGCP/build/ugv_msgs/CMakeFiles/CMakeTmp) by extension 'python_setup_py'
[0.682s] Level 1:colcon.colcon_core.package_identification:_identify(ugv-integration/NGCP/build/ugv_msgs/ament_lint_cmake) by extensions ['ignore', 'ignore_ament_install']
[0.683s] Level 1:colcon.colcon_core.package_identification:_identify(ugv-integration/NGCP/build/ugv_msgs/ament_lint_cmake) by extension 'ignore'
[0.683s] Level 1:colcon.colcon_core.package_identification:_identify(ugv-integration/NGCP/build/ugv_msgs/ament_lint_cmake) by extension 'ignore_ament_install'
[0.683s] Level 1:colcon.colcon_core.package_identification:_identify(ugv-integration/NGCP/build/ugv_msgs/ament_lint_cmake) by extensions ['colcon_pkg']
[0.683s] Level 1:colcon.colcon_core.package_identification:_identify(ugv-integration/NGCP/build/ugv_msgs/ament_lint_cmake) by extension 'colcon_pkg'
[0.683s] Level 1:colcon.colcon_core.package_identification:_identify(ugv-integration/NGCP/build/ugv_msgs/ament_lint_cmake) by extensions ['colcon_meta']
[0.683s] Level 1:colcon.colcon_core.package_identification:_identify(ugv-integration/NGCP/build/ugv_msgs/ament_lint_cmake) by extension 'colcon_meta'
[0.683s] Level 1:colcon.colcon_core.package_identification:_identify(ugv-integration/NGCP/build/ugv_msgs/ament_lint_cmake) by extensions ['ros']
[0.683s] Level 1:colcon.colcon_core.package_identification:_identify(ugv-integration/NGCP/build/ugv_msgs/ament_lint_cmake) by extension 'ros'
[0.683s] Level 1:colcon.colcon_core.package_identification:_identify(ugv-integration/NGCP/build/ugv_msgs/ament_lint_cmake) by extensions ['cmake', 'python']
[0.683s] Level 1:colcon.colcon_core.package_identification:_identify(ugv-integration/NGCP/build/ugv_msgs/ament_lint_cmake) by extension 'cmake'
[0.684s] Level 1:colcon.colcon_core.package_identification:_identify(ugv-integration/NGCP/build/ugv_msgs/ament_lint_cmake) by extension 'python'
[0.684s] Level 1:colcon.colcon_core.package_identification:_identify(ugv-integration/NGCP/build/ugv_msgs/ament_lint_cmake) by extensions ['python_setup_py']
[0.684s] Level 1:colcon.colcon_core.package_identification:_identify(ugv-integration/NGCP/build/ugv_msgs/ament_lint_cmake) by extension 'python_setup_py'
[0.684s] Level 1:colcon.colcon_core.package_identification:_identify(ugv-integration/NGCP/build/ugv_msgs/ament_xmllint) by extensions ['ignore', 'ignore_ament_install']
[0.684s] Level 1:colcon.colcon_core.package_identification:_identify(ugv-integration/NGCP/build/ugv_msgs/ament_xmllint) by extension 'ignore'
[0.684s] Level 1:colcon.colcon_core.package_identification:_identify(ugv-integration/NGCP/build/ugv_msgs/ament_xmllint) by extension 'ignore_ament_install'
[0.684s] Level 1:colcon.colcon_core.package_identification:_identify(ugv-integration/NGCP/build/ugv_msgs/ament_xmllint) by extensions ['colcon_pkg']
[0.684s] Level 1:colcon.colcon_core.package_identification:_identify(ugv-integration/NGCP/build/ugv_msgs/ament_xmllint) by extension 'colcon_pkg'
[0.684s] Level 1:colcon.colcon_core.package_identification:_identify(ugv-integration/NGCP/build/ugv_msgs/ament_xmllint) by extensions ['colcon_meta']
[0.684s] Level 1:colcon.colcon_core.package_identification:_identify(ugv-integration/NGCP/build/ugv_msgs/ament_xmllint) by extension 'colcon_meta'
[0.685s] Level 1:colcon.colcon_core.package_identification:_identify(ugv-integration/NGCP/build/ugv_msgs/ament_xmllint) by extensions ['ros']
[0.685s] Level 1:colcon.colcon_core.package_identification:_identify(ugv-integration/NGCP/build/ugv_msgs/ament_xmllint) by extension 'ros'
[0.685s] Level 1:colcon.colcon_core.package_identification:_identify(ugv-integration/NGCP/build/ugv_msgs/ament_xmllint) by extensions ['cmake', 'python']
[0.685s] Level 1:colcon.colcon_core.package_identification:_identify(ugv-integration/NGCP/build/ugv_msgs/ament_xmllint) by extension 'cmake'
[0.685s] Level 1:colcon.colcon_core.package_identification:_identify(ugv-integration/NGCP/build/ugv_msgs/ament_xmllint) by extension 'python'
[0.685s] Level 1:colcon.colcon_core.package_identification:_identify(ugv-integration/NGCP/build/ugv_msgs/ament_xmllint) by extensions ['python_setup_py']
[0.685s] Level 1:colcon.colcon_core.package_identification:_identify(ugv-integration/NGCP/build/ugv_msgs/ament_xmllint) by extension 'python_setup_py'
[0.685s] Level 1:colcon.colcon_core.package_identification:_identify(ugv-integration/NGCP/install) by extensions ['ignore', 'ignore_ament_install']
[0.686s] Level 1:colcon.colcon_core.package_identification:_identify(ugv-integration/NGCP/install) by extension 'ignore'
[0.686s] Level 1:colcon.colcon_core.package_identification:_identify(ugv-integration/NGCP/install) by extension 'ignore_ament_install'
[0.686s] Level 1:colcon.colcon_core.package_identification:_identify(ugv-integration/NGCP/install) by extensions ['colcon_pkg']
[0.686s] Level 1:colcon.colcon_core.package_identification:_identify(ugv-integration/NGCP/install) by extension 'colcon_pkg'
[0.686s] Level 1:colcon.colcon_core.package_identification:_identify(ugv-integration/NGCP/install) by extensions ['colcon_meta']
[0.686s] Level 1:colcon.colcon_core.package_identification:_identify(ugv-integration/NGCP/install) by extension 'colcon_meta'
[0.686s] Level 1:colcon.colcon_core.package_identification:_identify(ugv-integration/NGCP/install) by extensions ['ros']
[0.686s] Level 1:colcon.colcon_core.package_identification:_identify(ugv-integration/NGCP/install) by extension 'ros'
[0.686s] Level 1:colcon.colcon_core.package_identification:_identify(ugv-integration/NGCP/install) by extensions ['cmake', 'python']
[0.686s] Level 1:colcon.colcon_core.package_identification:_identify(ugv-integration/NGCP/install) by extension 'cmake'
[0.686s] Level 1:colcon.colcon_core.package_identification:_identify(ugv-integration/NGCP/install) by extension 'python'
[0.687s] Level 1:colcon.colcon_core.package_identification:_identify(ugv-integration/NGCP/install) by extensions ['python_setup_py']
[0.687s] Level 1:colcon.colcon_core.package_identification:_identify(ugv-integration/NGCP/install) by extension 'python_setup_py'
[0.687s] Level 1:colcon.colcon_core.package_identification:_identify(ugv-integration/NGCP/install/ugv_msgs) by extensions ['ignore', 'ignore_ament_install']
[0.687s] Level 1:colcon.colcon_core.package_identification:_identify(ugv-integration/NGCP/install/ugv_msgs) by extension 'ignore'
[0.687s] Level 1:colcon.colcon_core.package_identification:_identify(ugv-integration/NGCP/install/ugv_msgs) by extension 'ignore_ament_install'
[0.687s] Level 1:colcon.colcon_core.package_identification:_identify(ugv-integration/NGCP/install/ugv_msgs) by extensions ['colcon_pkg']
[0.687s] Level 1:colcon.colcon_core.package_identification:_identify(ugv-integration/NGCP/install/ugv_msgs) by extension 'colcon_pkg'
[0.687s] Level 1:colcon.colcon_core.package_identification:_identify(ugv-integration/NGCP/install/ugv_msgs) by extensions ['colcon_meta']
[0.687s] Level 1:colcon.colcon_core.package_identification:_identify(ugv-integration/NGCP/install/ugv_msgs) by extension 'colcon_meta'
[0.688s] Level 1:colcon.colcon_core.package_identification:_identify(ugv-integration/NGCP/install/ugv_msgs) by extensions ['ros']
[0.688s] Level 1:colcon.colcon_core.package_identification:_identify(ugv-integration/NGCP/install/ugv_msgs) by extension 'ros'
[0.688s] Level 1:colcon.colcon_core.package_identification:_identify(ugv-integration/NGCP/install/ugv_msgs) by extensions ['cmake', 'python']
[0.688s] Level 1:colcon.colcon_core.package_identification:_identify(ugv-integration/NGCP/install/ugv_msgs) by extension 'cmake'
[0.688s] Level 1:colcon.colcon_core.package_identification:_identify(ugv-integration/NGCP/install/ugv_msgs) by extension 'python'
[0.688s] Level 1:colcon.colcon_core.package_identification:_identify(ugv-integration/NGCP/install/ugv_msgs) by extensions ['python_setup_py']
[0.688s] Level 1:colcon.colcon_core.package_identification:_identify(ugv-integration/NGCP/install/ugv_msgs) by extension 'python_setup_py'
[0.688s] Level 1:colcon.colcon_core.package_identification:_identify(ugv-integration/NGCP/install/ugv_msgs/include) by extensions ['ignore', 'ignore_ament_install']
[0.689s] Level 1:colcon.colcon_core.package_identification:_identify(ugv-integration/NGCP/install/ugv_msgs/include) by extension 'ignore'
[0.689s] Level 1:colcon.colcon_core.package_identification:_identify(ugv-integration/NGCP/install/ugv_msgs/include) by extension 'ignore_ament_install'
[0.689s] Level 1:colcon.colcon_core.package_identification:_identify(ugv-integration/NGCP/install/ugv_msgs/include) by extensions ['colcon_pkg']
[0.689s] Level 1:colcon.colcon_core.package_identification:_identify(ugv-integration/NGCP/install/ugv_msgs/include) by extension 'colcon_pkg'
[0.689s] Level 1:colcon.colcon_core.package_identification:_identify(ugv-integration/NGCP/install/ugv_msgs/include) by extensions ['colcon_meta']
[0.689s] Level 1:colcon.colcon_core.package_identification:_identify(ugv-integration/NGCP/install/ugv_msgs/include) by extension 'colcon_meta'
[0.689s] Level 1:colcon.colcon_core.package_identification:_identify(ugv-integration/NGCP/install/ugv_msgs/include) by extensions ['ros']
[0.689s] Level 1:colcon.colcon_core.package_identification:_identify(ugv-integration/NGCP/install/ugv_msgs/include) by extension 'ros'
[0.689s] Level 1:colcon.colcon_core.package_identification:_identify(ugv-integration/NGCP/install/ugv_msgs/include) by extensions ['cmake', 'python']
[0.689s] Level 1:colcon.colcon_core.package_identification:_identify(ugv-integration/NGCP/install/ugv_msgs/include) by extension 'cmake'
[0.689s] Level 1:colcon.colcon_core.package_identification:_identify(ugv-integration/NGCP/install/ugv_msgs/include) by extension 'python'
[0.690s] Level 1:colcon.colcon_core.package_identification:_identify(ugv-integration/NGCP/install/ugv_msgs/include) by extensions ['python_setup_py']
[0.690s] Level 1:colcon.colcon_core.package_identification:_identify(ugv-integration/NGCP/install/ugv_msgs/include) by extension 'python_setup_py'
[0.690s] Level 1:colcon.colcon_core.package_identification:_identify(ugv-integration/NGCP/install/ugv_msgs/include/ugv_msgs) by extensions ['ignore', 'ignore_ament_install']
[0.690s] Level 1:colcon.colcon_core.package_identification:_identify(ugv-integration/NGCP/install/ugv_msgs/include/ugv_msgs) by extension 'ignore'
[0.690s] Level 1:colcon.colcon_core.package_identification:_identify(ugv-integration/NGCP/install/ugv_msgs/include/ugv_msgs) by extension 'ignore_ament_install'
[0.690s] Level 1:colcon.colcon_core.package_identification:_identify(ugv-integration/NGCP/install/ugv_msgs/include/ugv_msgs) by extensions ['colcon_pkg']
[0.690s] Level 1:colcon.colcon_core.package_identification:_identify(ugv-integration/NGCP/install/ugv_msgs/include/ugv_msgs) by extension 'colcon_pkg'
[0.690s] Level 1:colcon.colcon_core.package_identification:_identify(ugv-integration/NGCP/install/ugv_msgs/include/ugv_msgs) by extensions ['colcon_meta']
[0.690s] Level 1:colcon.colcon_core.package_identification:_identify(ugv-integration/NGCP/install/ugv_msgs/include/ugv_msgs) by extension 'colcon_meta'
[0.691s] Level 1:colcon.colcon_core.package_identification:_identify(ugv-integration/NGCP/install/ugv_msgs/include/ugv_msgs) by extensions ['ros']
[0.691s] Level 1:colcon.colcon_core.package_identification:_identify(ugv-integration/NGCP/install/ugv_msgs/include/ugv_msgs) by extension 'ros'
[0.691s] Level 1:colcon.colcon_core.package_identification:_identify(ugv-integration/NGCP/install/ugv_msgs/include/ugv_msgs) by extensions ['cmake', 'python']
[0.691s] Level 1:colcon.colcon_core.package_identification:_identify(ugv-integration/NGCP/install/ugv_msgs/include/ugv_msgs) by extension 'cmake'
[0.691s] Level 1:colcon.colcon_core.package_identification:_identify(ugv-integration/NGCP/install/ugv_msgs/include/ugv_msgs) by extension 'python'
[0.691s] Level 1:colcon.colcon_core.package_identification:_identify(ugv-integration/NGCP/install/ugv_msgs/include/ugv_msgs) by extensions ['python_setup_py']
[0.691s] Level 1:colcon.colcon_core.package_identification:_identify(ugv-integration/NGCP/install/ugv_msgs/include/ugv_msgs) by extension 'python_setup_py'
[0.691s] Level 1:colcon.colcon_core.package_identification:_identify(ugv-integration/NGCP/install/ugv_msgs/include/ugv_msgs/ugv_msgs) by extensions ['ignore', 'ignore_ament_install']
[0.692s] Level 1:colcon.colcon_core.package_identification:_identify(ugv-integration/NGCP/install/ugv_msgs/include/ugv_msgs/ugv_msgs) by extension 'ignore'
[0.692s] Level 1:colcon.colcon_core.package_identification:_identify(ugv-integration/NGCP/install/ugv_msgs/include/ugv_msgs/ugv_msgs) by extension 'ignore_ament_install'
[0.692s] Level 1:colcon.colcon_core.package_identification:_identify(ugv-integration/NGCP/install/ugv_msgs/include/ugv_msgs/ugv_msgs) by extensions ['colcon_pkg']
[0.692s] Level 1:colcon.colcon_core.package_identification:_identify(ugv-integration/NGCP/install/ugv_msgs/include/ugv_msgs/ugv_msgs) by extension 'colcon_pkg'
[0.692s] Level 1:colcon.colcon_core.package_identification:_identify(ugv-integration/NGCP/install/ugv_msgs/include/ugv_msgs/ugv_msgs) by extensions ['colcon_meta']
[0.692s] Level 1:colcon.colcon_core.package_identification:_identify(ugv-integration/NGCP/install/ugv_msgs/include/ugv_msgs/ugv_msgs) by extension 'colcon_meta'
[0.692s] Level 1:colcon.colcon_core.package_identification:_identify(ugv-integration/NGCP/install/ugv_msgs/include/ugv_msgs/ugv_msgs) by extensions ['ros']
[0.692s] Level 1:colcon.colcon_core.package_identification:_identify(ugv-integration/NGCP/install/ugv_msgs/include/ugv_msgs/ugv_msgs) by extension 'ros'
[0.692s] Level 1:colcon.colcon_core.package_identification:_identify(ugv-integration/NGCP/install/ugv_msgs/include/ugv_msgs/ugv_msgs) by extensions ['cmake', 'python']
[0.692s] Level 1:colcon.colcon_core.package_identification:_identify(ugv-integration/NGCP/install/ugv_msgs/include/ugv_msgs/ugv_msgs) by extension 'cmake'
[0.693s] Level 1:colcon.colcon_core.package_identification:_identify(ugv-integration/NGCP/install/ugv_msgs/include/ugv_msgs/ugv_msgs) by extension 'python'
[0.693s] Level 1:colcon.colcon_core.package_identification:_identify(ugv-integration/NGCP/install/ugv_msgs/include/ugv_msgs/ugv_msgs) by extensions ['python_setup_py']
[0.693s] Level 1:colcon.colcon_core.package_identification:_identify(ugv-integration/NGCP/install/ugv_msgs/include/ugv_msgs/ugv_msgs) by extension 'python_setup_py'
[0.693s] Level 1:colcon.colcon_core.package_identification:_identify(ugv-integration/NGCP/install/ugv_msgs/include/ugv_msgs/ugv_msgs/msg) by extensions ['ignore', 'ignore_ament_install']
[0.693s] Level 1:colcon.colcon_core.package_identification:_identify(ugv-integration/NGCP/install/ugv_msgs/include/ugv_msgs/ugv_msgs/msg) by extension 'ignore'
[0.693s] Level 1:colcon.colcon_core.package_identification:_identify(ugv-integration/NGCP/install/ugv_msgs/include/ugv_msgs/ugv_msgs/msg) by extension 'ignore_ament_install'
[0.693s] Level 1:colcon.colcon_core.package_identification:_identify(ugv-integration/NGCP/install/ugv_msgs/include/ugv_msgs/ugv_msgs/msg) by extensions ['colcon_pkg']
[0.693s] Level 1:colcon.colcon_core.package_identification:_identify(ugv-integration/NGCP/install/ugv_msgs/include/ugv_msgs/ugv_msgs/msg) by extension 'colcon_pkg'
[0.693s] Level 1:colcon.colcon_core.package_identification:_identify(ugv-integration/NGCP/install/ugv_msgs/include/ugv_msgs/ugv_msgs/msg) by extensions ['colcon_meta']
[0.694s] Level 1:colcon.colcon_core.package_identification:_identify(ugv-integration/NGCP/install/ugv_msgs/include/ugv_msgs/ugv_msgs/msg) by extension 'colcon_meta'
[0.694s] Level 1:colcon.colcon_core.package_identification:_identify(ugv-integration/NGCP/install/ugv_msgs/include/ugv_msgs/ugv_msgs/msg) by extensions ['ros']
[0.694s] Level 1:colcon.colcon_core.package_identification:_identify(ugv-integration/NGCP/install/ugv_msgs/include/ugv_msgs/ugv_msgs/msg) by extension 'ros'
[0.694s] Level 1:colcon.colcon_core.package_identification:_identify(ugv-integration/NGCP/install/ugv_msgs/include/ugv_msgs/ugv_msgs/msg) by extensions ['cmake', 'python']
[0.694s] Level 1:colcon.colcon_core.package_identification:_identify(ugv-integration/NGCP/install/ugv_msgs/include/ugv_msgs/ugv_msgs/msg) by extension 'cmake'
[0.694s] Level 1:colcon.colcon_core.package_identification:_identify(ugv-integration/NGCP/install/ugv_msgs/include/ugv_msgs/ugv_msgs/msg) by extension 'python'
[0.694s] Level 1:colcon.colcon_core.package_identification:_identify(ugv-integration/NGCP/install/ugv_msgs/include/ugv_msgs/ugv_msgs/msg) by extensions ['python_setup_py']
[0.694s] Level 1:colcon.colcon_core.package_identification:_identify(ugv-integration/NGCP/install/ugv_msgs/include/ugv_msgs/ugv_msgs/msg) by extension 'python_setup_py'
[0.694s] Level 1:colcon.colcon_core.package_identification:_identify(ugv-integration/NGCP/install/ugv_msgs/include/ugv_msgs/ugv_msgs/msg/detail) by extensions ['ignore', 'ignore_ament_install']
[0.695s] Level 1:colcon.colcon_core.package_identification:_identify(ugv-integration/NGCP/install/ugv_msgs/include/ugv_msgs/ugv_msgs/msg/detail) by extension 'ignore'
[0.695s] Level 1:colcon.colcon_core.package_identification:_identify(ugv-integration/NGCP/install/ugv_msgs/include/ugv_msgs/ugv_msgs/msg/detail) by extension 'ignore_ament_install'
[0.695s] Level 1:colcon.colcon_core.package_identification:_identify(ugv-integration/NGCP/install/ugv_msgs/include/ugv_msgs/ugv_msgs/msg/detail) by extensions ['colcon_pkg']
[0.695s] Level 1:colcon.colcon_core.package_identification:_identify(ugv-integration/NGCP/install/ugv_msgs/include/ugv_msgs/ugv_msgs/msg/detail) by extension 'colcon_pkg'
[0.695s] Level 1:colcon.colcon_core.package_identification:_identify(ugv-integration/NGCP/install/ugv_msgs/include/ugv_msgs/ugv_msgs/msg/detail) by extensions ['colcon_meta']
[0.695s] Level 1:colcon.colcon_core.package_identification:_identify(ugv-integration/NGCP/install/ugv_msgs/include/ugv_msgs/ugv_msgs/msg/detail) by extension 'colcon_meta'
[0.695s] Level 1:colcon.colcon_core.package_identification:_identify(ugv-integration/NGCP/install/ugv_msgs/include/ugv_msgs/ugv_msgs/msg/detail) by extensions ['ros']
[0.695s] Level 1:colcon.colcon_core.package_identification:_identify(ugv-integration/NGCP/install/ugv_msgs/include/ugv_msgs/ugv_msgs/msg/detail) by extension 'ros'
[0.696s] Level 1:colcon.colcon_core.package_identification:_identify(ugv-integration/NGCP/install/ugv_msgs/include/ugv_msgs/ugv_msgs/msg/detail) by extensions ['cmake', 'python']
[0.696s] Level 1:colcon.colcon_core.package_identification:_identify(ugv-integration/NGCP/install/ugv_msgs/include/ugv_msgs/ugv_msgs/msg/detail) by extension 'cmake'
[0.696s] Level 1:colcon.colcon_core.package_identification:_identify(ugv-integration/NGCP/install/ugv_msgs/include/ugv_msgs/ugv_msgs/msg/detail) by extension 'python'
[0.696s] Level 1:colcon.colcon_core.package_identification:_identify(ugv-integration/NGCP/install/ugv_msgs/include/ugv_msgs/ugv_msgs/msg/detail) by extensions ['python_setup_py']
[0.696s] Level 1:colcon.colcon_core.package_identification:_identify(ugv-integration/NGCP/install/ugv_msgs/include/ugv_msgs/ugv_msgs/msg/detail) by extension 'python_setup_py'
[0.696s] Level 1:colcon.colcon_core.package_identification:_identify(ugv-integration/NGCP/install/ugv_msgs/include/ugv_msgs/ugv_msgs/msg/detail/dds_fastrtps) by extensions ['ignore', 'ignore_ament_install']
[0.696s] Level 1:colcon.colcon_core.package_identification:_identify(ugv-integration/NGCP/install/ugv_msgs/include/ugv_msgs/ugv_msgs/msg/detail/dds_fastrtps) by extension 'ignore'
[0.696s] Level 1:colcon.colcon_core.package_identification:_identify(ugv-integration/NGCP/install/ugv_msgs/include/ugv_msgs/ugv_msgs/msg/detail/dds_fastrtps) by extension 'ignore_ament_install'
[0.696s] Level 1:colcon.colcon_core.package_identification:_identify(ugv-integration/NGCP/install/ugv_msgs/include/ugv_msgs/ugv_msgs/msg/detail/dds_fastrtps) by extensions ['colcon_pkg']
[0.697s] Level 1:colcon.colcon_core.package_identification:_identify(ugv-integration/NGCP/install/ugv_msgs/include/ugv_msgs/ugv_msgs/msg/detail/dds_fastrtps) by extension 'colcon_pkg'
[0.697s] Level 1:colcon.colcon_core.package_identification:_identify(ugv-integration/NGCP/install/ugv_msgs/include/ugv_msgs/ugv_msgs/msg/detail/dds_fastrtps) by extensions ['colcon_meta']
[0.697s] Level 1:colcon.colcon_core.package_identification:_identify(ugv-integration/NGCP/install/ugv_msgs/include/ugv_msgs/ugv_msgs/msg/detail/dds_fastrtps) by extension 'colcon_meta'
[0.697s] Level 1:colcon.colcon_core.package_identification:_identify(ugv-integration/NGCP/install/ugv_msgs/include/ugv_msgs/ugv_msgs/msg/detail/dds_fastrtps) by extensions ['ros']
[0.697s] Level 1:colcon.colcon_core.package_identification:_identify(ugv-integration/NGCP/install/ugv_msgs/include/ugv_msgs/ugv_msgs/msg/detail/dds_fastrtps) by extension 'ros'
[0.697s] Level 1:colcon.colcon_core.package_identification:_identify(ugv-integration/NGCP/install/ugv_msgs/include/ugv_msgs/ugv_msgs/msg/detail/dds_fastrtps) by extensions ['cmake', 'python']
[0.697s] Level 1:colcon.colcon_core.package_identification:_identify(ugv-integration/NGCP/install/ugv_msgs/include/ugv_msgs/ugv_msgs/msg/detail/dds_fastrtps) by extension 'cmake'
[0.697s] Level 1:colcon.colcon_core.package_identification:_identify(ugv-integration/NGCP/install/ugv_msgs/include/ugv_msgs/ugv_msgs/msg/detail/dds_fastrtps) by extension 'python'
[0.697s] Level 1:colcon.colcon_core.package_identification:_identify(ugv-integration/NGCP/install/ugv_msgs/include/ugv_msgs/ugv_msgs/msg/detail/dds_fastrtps) by extensions ['python_setup_py']
[0.697s] Level 1:colcon.colcon_core.package_identification:_identify(ugv-integration/NGCP/install/ugv_msgs/include/ugv_msgs/ugv_msgs/msg/detail/dds_fastrtps) by extension 'python_setup_py'
[0.698s] Level 1:colcon.colcon_core.package_discovery:discover_packages(recursive) using defaults
[0.698s] Level 1:colcon.colcon_core.package_discovery:discover_packages(ignore) discover
[0.698s] Level 1:colcon.colcon_core.package_discovery:discover_packages(ignore) using defaults
[0.698s] Level 1:colcon.colcon_core.package_discovery:discover_packages(path) discover
[0.698s] Level 1:colcon.colcon_core.package_discovery:discover_packages(path) using defaults
[0.771s] Level 1:colcon.colcon_core.package_discovery:discover_packages(prefix_path) check parameters
[0.771s] Level 1:colcon.colcon_core.package_discovery:discover_packages(prefix_path) discover
[0.776s] DEBUG:colcon.colcon_installed_package_information.package_discovery:Found 274 installed packages in /opt/ros/humble
[0.779s] Level 1:colcon.colcon_core.package_discovery:discover_packages(prefix_path) using defaults
[0.855s] Level 5:colcon.colcon_core.verb:set package 'ugv_msgs' build argument 'cmake_args' from command line to 'None'
[0.856s] Level 5:colcon.colcon_core.verb:set package 'ugv_msgs' build argument 'cmake_target' from command line to 'None'
[0.856s] Level 5:colcon.colcon_core.verb:set package 'ugv_msgs' build argument 'cmake_target_skip_unavailable' from command line to 'False'
[0.856s] Level 5:colcon.colcon_core.verb:set package 'ugv_msgs' build argument 'cmake_clean_cache' from command line to 'False'
[0.856s] Level 5:colcon.colcon_core.verb:set package 'ugv_msgs' build argument 'cmake_clean_first' from command line to 'False'
[0.856s] Level 5:colcon.colcon_core.verb:set package 'ugv_msgs' build argument 'cmake_force_configure' from command line to 'False'
[0.856s] Level 5:colcon.colcon_core.verb:set package 'ugv_msgs' build argument 'ament_cmake_args' from command line to 'None'
[0.856s] Level 5:colcon.colcon_core.verb:set package 'ugv_msgs' build argument 'catkin_cmake_args' from command line to 'None'
[0.856s] Level 5:colcon.colcon_core.verb:set package 'ugv_msgs' build argument 'catkin_skip_building_tests' from command line to 'False'
[0.856s] DEBUG:colcon.colcon_core.verb:Building package 'ugv_msgs' with the following arguments: {'ament_cmake_args': None, 'build_base': '/home/ugv/NGCP/NGCP_25_26/ugv-integration-2526/build/ugv_msgs', 'catkin_cmake_args': None, 'catkin_skip_building_tests': False, 'cmake_args': None, 'cmake_clean_cache': False, 'cmake_clean_first': False, 'cmake_force_configure': False, 'cmake_target': None, 'cmake_target_skip_unavailable': False, 'install_base': '/home/ugv/NGCP/NGCP_25_26/ugv-integration-2526/install/ugv_msgs', 'merge_install': False, 'path': '/home/ugv/NGCP/NGCP_25_26/ugv-integration-2526/src/ugv_msgs', 'symlink_install': False, 'test_result_base': None}
[0.857s] Level 5:colcon.colcon_core.verb:set package 'ngcp_ugv' build argument 'cmake_args' from command line to 'None'
[0.857s] Level 5:colcon.colcon_core.verb:set package 'ngcp_ugv' build argument 'cmake_target' from command line to 'None'
[0.857s] Level 5:colcon.colcon_core.verb:set package 'ngcp_ugv' build argument 'cmake_target_skip_unavailable' from command line to 'False'
[0.857s] Level 5:colcon.colcon_core.verb:set package 'ngcp_ugv' build argument 'cmake_clean_cache' from command line to 'False'
[0.857s] Level 5:colcon.colcon_core.verb:set package 'ngcp_ugv' build argument 'cmake_clean_first' from command line to 'False'
[0.857s] Level 5:colcon.colcon_core.verb:set package 'ngcp_ugv' build argument 'cmake_force_configure' from command line to 'False'
[0.857s] Level 5:colcon.colcon_core.verb:set package 'ngcp_ugv' build argument 'ament_cmake_args' from command line to 'None'
[0.858s] Level 5:colcon.colcon_core.verb:set package 'ngcp_ugv' build argument 'catkin_cmake_args' from command line to 'None'
[0.858s] Level 5:colcon.colcon_core.verb:set package 'ngcp_ugv' build argument 'catkin_skip_building_tests' from command line to 'False'
[0.858s] DEBUG:colcon.colcon_core.verb:Building package 'ngcp_ugv' with the following arguments: {'ament_cmake_args': None, 'build_base': '/home/ugv/NGCP/NGCP_25_26/ugv-integration-2526/build/ngcp_ugv', 'catkin_cmake_args': None, 'catkin_skip_building_tests': False, 'cmake_args': None, 'cmake_clean_cache': False, 'cmake_clean_first': False, 'cmake_force_configure': False, 'cmake_target': None, 'cmake_target_skip_unavailable': False, 'install_base': '/home/ugv/NGCP/NGCP_25_26/ugv-integration-2526/install/ngcp_ugv', 'merge_install': False, 'path': '/home/ugv/NGCP/NGCP_25_26/ugv-integration-2526/src/NGCP_UGV', 'symlink_install': False, 'test_result_base': None}
[0.858s] INFO:colcon.colcon_core.executor:Executing jobs using 'parallel' executor
[0.863s] DEBUG:colcon.colcon_parallel_executor.executor.parallel:run_until_complete
[0.864s] INFO:colcon.colcon_ros.task.ament_cmake.build:Building ROS package in '/home/ugv/NGCP/NGCP_25_26/ugv-integration-2526/src/ugv_msgs' with build type 'ament_cmake'
[0.864s] INFO:colcon.colcon_cmake.task.cmake.build:Building CMake package in '/home/ugv/NGCP/NGCP_25_26/ugv-integration-2526/src/ugv_msgs'
[0.869s] INFO:colcon.colcon_core.plugin_system:Skipping extension 'colcon_core.shell.bat': Not used on non-Windows systems
[0.869s] INFO:colcon.colcon_core.shell:Skip shell extension 'powershell' for command environment: Not usable outside of PowerShell
[0.870s] DEBUG:colcon.colcon_core.shell:Skip shell extension 'dsv' for command environment
[0.890s] DEBUG:colcon.colcon_core.event_handler.log_command:Invoking command in '/home/ugv/NGCP/NGCP_25_26/ugv-integration-2526/build/ugv_msgs': CMAKE_PREFIX_PATH=/opt/ros/humble /usr/bin/cmake --build /home/ugv/NGCP/NGCP_25_26/ugv-integration-2526/build/ugv_msgs -- -j6 -l6
[1.669s] DEBUG:colcon.colcon_core.event_handler.log_command:Invoked command in '/home/ugv/NGCP/NGCP_25_26/ugv-integration-2526/build/ugv_msgs' returned '0': CMAKE_PREFIX_PATH=/opt/ros/humble /usr/bin/cmake --build /home/ugv/NGCP/NGCP_25_26/ugv-integration-2526/build/ugv_msgs -- -j6 -l6
[1.693s] DEBUG:colcon.colcon_core.event_handler.log_command:Invoking command in '/home/ugv/NGCP/NGCP_25_26/ugv-integration-2526/build/ugv_msgs': CMAKE_PREFIX_PATH=/opt/ros/humble /usr/bin/cmake --install /home/ugv/NGCP/NGCP_25_26/ugv-integration-2526/build/ugv_msgs
[1.833s] Level 1:colcon.colcon_core.environment:create_environment_scripts_only(ugv_msgs)
[1.837s] DEBUG:colcon.colcon_core.event_handler.log_command:Invoked command in '/home/ugv/NGCP/NGCP_25_26/ugv-integration-2526/build/ugv_msgs' returned '0': CMAKE_PREFIX_PATH=/opt/ros/humble /usr/bin/cmake --install /home/ugv/NGCP/NGCP_25_26/ugv-integration-2526/build/ugv_msgs
[1.843s] Level 1:colcon.colcon_core.environment:checking '/home/ugv/NGCP/NGCP_25_26/ugv-integration-2526/install/ugv_msgs' for CMake module files
[1.845s] Level 1:colcon.colcon_core.environment:checking '/home/ugv/NGCP/NGCP_25_26/ugv-integration-2526/install/ugv_msgs' for CMake config files
[1.847s] Level 1:colcon.colcon_core.shell:create_environment_hook('ugv_msgs', 'cmake_prefix_path')
[1.847s] INFO:colcon.colcon_core.shell:Creating environment hook '/home/ugv/NGCP/NGCP_25_26/ugv-integration-2526/install/ugv_msgs/share/ugv_msgs/hook/cmake_prefix_path.ps1'
[1.849s] INFO:colcon.colcon_core.shell:Creating environment descriptor '/home/ugv/NGCP/NGCP_25_26/ugv-integration-2526/install/ugv_msgs/share/ugv_msgs/hook/cmake_prefix_path.dsv'
[1.851s] INFO:colcon.colcon_core.shell:Creating environment hook '/home/ugv/NGCP/NGCP_25_26/ugv-integration-2526/install/ugv_msgs/share/ugv_msgs/hook/cmake_prefix_path.sh'
[1.854s] Level 1:colcon.colcon_core.environment:checking '/home/ugv/NGCP/NGCP_25_26/ugv-integration-2526/install/ugv_msgs/lib'
[1.855s] Level 1:colcon.colcon_core.shell:create_environment_hook('ugv_msgs', 'ld_library_path_lib')
[1.856s] INFO:colcon.colcon_core.shell:Creating environment hook '/home/ugv/NGCP/NGCP_25_26/ugv-integration-2526/install/ugv_msgs/share/ugv_msgs/hook/ld_library_path_lib.ps1'
[1.858s] INFO:colcon.colcon_core.shell:Creating environment descriptor '/home/ugv/NGCP/NGCP_25_26/ugv-integration-2526/install/ugv_msgs/share/ugv_msgs/hook/ld_library_path_lib.dsv'
[1.859s] INFO:colcon.colcon_core.shell:Creating environment hook '/home/ugv/NGCP/NGCP_25_26/ugv-integration-2526/install/ugv_msgs/share/ugv_msgs/hook/ld_library_path_lib.sh'
[1.861s] Level 1:colcon.colcon_core.environment:checking '/home/ugv/NGCP/NGCP_25_26/ugv-integration-2526/install/ugv_msgs/bin'
[1.861s] Level 1:colcon.colcon_core.environment:checking '/home/ugv/NGCP/NGCP_25_26/ugv-integration-2526/install/ugv_msgs/lib/pkgconfig/ugv_msgs.pc'
[1.862s] Level 1:colcon.colcon_core.environment:checking '/home/ugv/NGCP/NGCP_25_26/ugv-integration-2526/install/ugv_msgs/lib/python3.10/site-packages'
[1.864s] Level 1:colcon.colcon_core.environment:checking '/home/ugv/NGCP/NGCP_25_26/ugv-integration-2526/install/ugv_msgs/bin'
[1.865s] INFO:colcon.colcon_core.shell:Creating package script '/home/ugv/NGCP/NGCP_25_26/ugv-integration-2526/install/ugv_msgs/share/ugv_msgs/package.ps1'
[1.868s] INFO:colcon.colcon_core.shell:Creating package descriptor '/home/ugv/NGCP/NGCP_25_26/ugv-integration-2526/install/ugv_msgs/share/ugv_msgs/package.dsv'
[1.870s] INFO:colcon.colcon_core.shell:Creating package script '/home/ugv/NGCP/NGCP_25_26/ugv-integration-2526/install/ugv_msgs/share/ugv_msgs/package.sh'
[1.873s] INFO:colcon.colcon_core.shell:Creating package script '/home/ugv/NGCP/NGCP_25_26/ugv-integration-2526/install/ugv_msgs/share/ugv_msgs/package.bash'
[1.875s] INFO:colcon.colcon_core.shell:Creating package script '/home/ugv/NGCP/NGCP_25_26/ugv-integration-2526/install/ugv_msgs/share/ugv_msgs/package.zsh'
[1.877s] Level 1:colcon.colcon_core.environment:create_file_with_runtime_dependencies(/home/ugv/NGCP/NGCP_25_26/ugv-integration-2526/install/ugv_msgs/share/colcon-core/packages/ugv_msgs)
[1.880s] Level 1:colcon.colcon_core.environment:create_environment_scripts_only(ugv_msgs)
[1.881s] Level 1:colcon.colcon_core.environment:checking '/home/ugv/NGCP/NGCP_25_26/ugv-integration-2526/install/ugv_msgs' for CMake module files
[1.883s] Level 1:colcon.colcon_core.environment:checking '/home/ugv/NGCP/NGCP_25_26/ugv-integration-2526/install/ugv_msgs' for CMake config files
[1.884s] Level 1:colcon.colcon_core.shell:create_environment_hook('ugv_msgs', 'cmake_prefix_path')
[1.884s] INFO:colcon.colcon_core.shell:Creating environment hook '/home/ugv/NGCP/NGCP_25_26/ugv-integration-2526/install/ugv_msgs/share/ugv_msgs/hook/cmake_prefix_path.ps1'
[1.886s] INFO:colcon.colcon_core.shell:Creating environment descriptor '/home/ugv/NGCP/NGCP_25_26/ugv-integration-2526/install/ugv_msgs/share/ugv_msgs/hook/cmake_prefix_path.dsv'
[1.889s] INFO:colcon.colcon_core.shell:Creating environment hook '/home/ugv/NGCP/NGCP_25_26/ugv-integration-2526/install/ugv_msgs/share/ugv_msgs/hook/cmake_prefix_path.sh'
[1.890s] Level 1:colcon.colcon_core.environment:checking '/home/ugv/NGCP/NGCP_25_26/ugv-integration-2526/install/ugv_msgs/lib'
[1.891s] Level 1:colcon.colcon_core.shell:create_environment_hook('ugv_msgs', 'ld_library_path_lib')
[1.891s] INFO:colcon.colcon_core.shell:Creating environment hook '/home/ugv/NGCP/NGCP_25_26/ugv-integration-2526/install/ugv_msgs/share/ugv_msgs/hook/ld_library_path_lib.ps1'
[1.892s] INFO:colcon.colcon_core.shell:Creating environment descriptor '/home/ugv/NGCP/NGCP_25_26/ugv-integration-2526/install/ugv_msgs/share/ugv_msgs/hook/ld_library_path_lib.dsv'
[1.893s] INFO:colcon.colcon_core.shell:Creating environment hook '/home/ugv/NGCP/NGCP_25_26/ugv-integration-2526/install/ugv_msgs/share/ugv_msgs/hook/ld_library_path_lib.sh'
[1.894s] Level 1:colcon.colcon_core.environment:checking '/home/ugv/NGCP/NGCP_25_26/ugv-integration-2526/install/ugv_msgs/bin'
[1.895s] Level 1:colcon.colcon_core.environment:checking '/home/ugv/NGCP/NGCP_25_26/ugv-integration-2526/install/ugv_msgs/lib/pkgconfig/ugv_msgs.pc'
[1.895s] Level 1:colcon.colcon_core.environment:checking '/home/ugv/NGCP/NGCP_25_26/ugv-integration-2526/install/ugv_msgs/lib/python3.10/site-packages'
[1.896s] Level 1:colcon.colcon_core.environment:checking '/home/ugv/NGCP/NGCP_25_26/ugv-integration-2526/install/ugv_msgs/bin'
[1.897s] INFO:colcon.colcon_core.shell:Creating package script '/home/ugv/NGCP/NGCP_25_26/ugv-integration-2526/install/ugv_msgs/share/ugv_msgs/package.ps1'
[1.899s] INFO:colcon.colcon_core.shell:Creating package descriptor '/home/ugv/NGCP/NGCP_25_26/ugv-integration-2526/install/ugv_msgs/share/ugv_msgs/package.dsv'
[1.900s] INFO:colcon.colcon_core.shell:Creating package script '/home/ugv/NGCP/NGCP_25_26/ugv-integration-2526/install/ugv_msgs/share/ugv_msgs/package.sh'
[1.902s] INFO:colcon.colcon_core.shell:Creating package script '/home/ugv/NGCP/NGCP_25_26/ugv-integration-2526/install/ugv_msgs/share/ugv_msgs/package.bash'
[1.903s] INFO:colcon.colcon_core.shell:Creating package script '/home/ugv/NGCP/NGCP_25_26/ugv-integration-2526/install/ugv_msgs/share/ugv_msgs/package.zsh'
[1.905s] Level 1:colcon.colcon_core.environment:create_file_with_runtime_dependencies(/home/ugv/NGCP/NGCP_25_26/ugv-integration-2526/install/ugv_msgs/share/colcon-core/packages/ugv_msgs)
[1.906s] INFO:colcon.colcon_ros.task.ament_python.build:Building ROS package in '/home/ugv/NGCP/NGCP_25_26/ugv-integration-2526/src/NGCP_UGV' with build type 'ament_python'
[1.906s] Level 1:colcon.colcon_core.shell:create_environment_hook('ngcp_ugv', 'ament_prefix_path')
[1.907s] INFO:colcon.colcon_core.shell:Creating environment hook '/home/ugv/NGCP/NGCP_25_26/ugv-integration-2526/install/ngcp_ugv/share/ngcp_ugv/hook/ament_prefix_path.ps1'
[1.909s] INFO:colcon.colcon_core.shell:Creating environment descriptor '/home/ugv/NGCP/NGCP_25_26/ugv-integration-2526/install/ngcp_ugv/share/ngcp_ugv/hook/ament_prefix_path.dsv'
[1.910s] INFO:colcon.colcon_core.shell:Creating environment hook '/home/ugv/NGCP/NGCP_25_26/ugv-integration-2526/install/ngcp_ugv/share/ngcp_ugv/hook/ament_prefix_path.sh'
[1.911s] INFO:colcon.colcon_core.shell:Skip shell extension 'powershell' for command environment: Not usable outside of PowerShell
[1.911s] DEBUG:colcon.colcon_core.shell:Skip shell extension 'dsv' for command environment
[2.494s] INFO:colcon.colcon_core.task.python.build:Building Python package in '/home/ugv/NGCP/NGCP_25_26/ugv-integration-2526/src/NGCP_UGV'
[2.495s] INFO:colcon.colcon_core.shell:Skip shell extension 'powershell' for command environment: Not usable outside of PowerShell
[2.495s] DEBUG:colcon.colcon_core.shell:Skip shell extension 'dsv' for command environment
[3.278s] DEBUG:colcon.colcon_core.event_handler.log_command:Invoking command in '/home/ugv/NGCP/NGCP_25_26/ugv-integration-2526/src/NGCP_UGV': AMENT_PREFIX_PATH=/home/ugv/NGCP/NGCP_25_26/ugv-integration-2526/install/ugv_msgs:${AMENT_PREFIX_PATH} CMAKE_PREFIX_PATH=/home/ugv/NGCP/NGCP_25_26/ugv-integration-2526/install/ugv_msgs LD_LIBRARY_PATH=/home/ugv/NGCP/NGCP_25_26/ugv-integration-2526/install/ugv_msgs/lib:${LD_LIBRARY_PATH} PYTHONPATH=/home/ugv/NGCP/NGCP_25_26/ugv-integration-2526/build/ngcp_ugv/prefix_override:/usr/lib/python3/dist-packages/colcon_core/task/python/colcon_distutils_commands:/home/ugv/NGCP/NGCP_25_26/ugv-integration-2526/install/ngcp_ugv/lib/python3.10/site-packages:/home/ugv/NGCP/NGCP_25_26/ugv-integration-2526/install/ugv_msgs/local/lib/python3.10/dist-packages:${PYTHONPATH} /usr/bin/python3 -W ignore:setup.py install is deprecated -W ignore:easy_install command is deprecated setup.py egg_info --egg-base ../../build/ngcp_ugv build --build-base /home/ugv/NGCP/NGCP_25_26/ugv-integration-2526/build/ngcp_ugv/build install --record /home/ugv/NGCP/NGCP_25_26/ugv-integration-2526/build/ngcp_ugv/install.log --single-version-externally-managed install_data
[3.950s] Level 1:colcon.colcon_core.environment:checking '/home/ugv/NGCP/NGCP_25_26/ugv-integration-2526/install/ngcp_ugv' for CMake module files
[3.952s] DEBUG:colcon.colcon_core.event_handler.log_command:Invoked command in '/home/ugv/NGCP/NGCP_25_26/ugv-integration-2526/src/NGCP_UGV' returned '0': AMENT_PREFIX_PATH=/home/ugv/NGCP/NGCP_25_26/ugv-integration-2526/install/ugv_msgs:${AMENT_PREFIX_PATH} CMAKE_PREFIX_PATH=/home/ugv/NGCP/NGCP_25_26/ugv-integration-2526/install/ugv_msgs LD_LIBRARY_PATH=/home/ugv/NGCP/NGCP_25_26/ugv-integration-2526/install/ugv_msgs/lib:${LD_LIBRARY_PATH} PYTHONPATH=/home/ugv/NGCP/NGCP_25_26/ugv-integration-2526/build/ngcp_ugv/prefix_override:/usr/lib/python3/dist-packages/colcon_core/task/python/colcon_distutils_commands:/home/ugv/NGCP/NGCP_25_26/ugv-integration-2526/install/ngcp_ugv/lib/python3.10/site-packages:/home/ugv/NGCP/NGCP_25_26/ugv-integration-2526/install/ugv_msgs/local/lib/python3.10/dist-packages:${PYTHONPATH} /usr/bin/python3 -W ignore:setup.py install is deprecated -W ignore:easy_install command is deprecated setup.py egg_info --egg-base ../../build/ngcp_ugv build --build-base /home/ugv/NGCP/NGCP_25_26/ugv-integration-2526/build/ngcp_ugv/build install --record /home/ugv/NGCP/NGCP_25_26/ugv-integration-2526/build/ngcp_ugv/install.log --single-version-externally-managed install_data
[3.952s] Level 1:colcon.colcon_core.environment:checking '/home/ugv/NGCP/NGCP_25_26/ugv-integration-2526/install/ngcp_ugv' for CMake config files
[3.954s] Level 1:colcon.colcon_core.environment:checking '/home/ugv/NGCP/NGCP_25_26/ugv-integration-2526/install/ngcp_ugv/lib'
[3.954s] Level 1:colcon.colcon_core.environment:checking '/home/ugv/NGCP/NGCP_25_26/ugv-integration-2526/install/ngcp_ugv/bin'
[3.954s] Level 1:colcon.colcon_core.environment:checking '/home/ugv/NGCP/NGCP_25_26/ugv-integration-2526/install/ngcp_ugv/lib/pkgconfig/ngcp_ugv.pc'
[3.955s] Level 1:colcon.colcon_core.environment:checking '/home/ugv/NGCP/NGCP_25_26/ugv-integration-2526/install/ngcp_ugv/lib/python3.10/site-packages'
[3.955s] Level 1:colcon.colcon_core.shell:create_environment_hook('ngcp_ugv', 'pythonpath')
[3.955s] INFO:colcon.colcon_core.shell:Creating environment hook '/home/ugv/NGCP/NGCP_25_26/ugv-integration-2526/install/ngcp_ugv/share/ngcp_ugv/hook/pythonpath.ps1'
[3.957s] INFO:colcon.colcon_core.shell:Creating environment descriptor '/home/ugv/NGCP/NGCP_25_26/ugv-integration-2526/install/ngcp_ugv/share/ngcp_ugv/hook/pythonpath.dsv'
[3.957s] INFO:colcon.colcon_core.shell:Creating environment hook '/home/ugv/NGCP/NGCP_25_26/ugv-integration-2526/install/ngcp_ugv/share/ngcp_ugv/hook/pythonpath.sh'
[3.959s] Level 1:colcon.colcon_core.environment:checking '/home/ugv/NGCP/NGCP_25_26/ugv-integration-2526/install/ngcp_ugv/bin'
[3.960s] Level 1:colcon.colcon_core.environment:create_environment_scripts_only(ngcp_ugv)
[3.960s] INFO:colcon.colcon_core.shell:Creating package script '/home/ugv/NGCP/NGCP_25_26/ugv-integration-2526/install/ngcp_ugv/share/ngcp_ugv/package.ps1'
[3.962s] INFO:colcon.colcon_core.shell:Creating package descriptor '/home/ugv/NGCP/NGCP_25_26/ugv-integration-2526/install/ngcp_ugv/share/ngcp_ugv/package.dsv'
[3.963s] INFO:colcon.colcon_core.shell:Creating package script '/home/ugv/NGCP/NGCP_25_26/ugv-integration-2526/install/ngcp_ugv/share/ngcp_ugv/package.sh'
[3.964s] INFO:colcon.colcon_core.shell:Creating package script '/home/ugv/NGCP/NGCP_25_26/ugv-integration-2526/install/ngcp_ugv/share/ngcp_ugv/package.bash'
[3.965s] INFO:colcon.colcon_core.shell:Creating package script '/home/ugv/NGCP/NGCP_25_26/ugv-integration-2526/install/ngcp_ugv/share/ngcp_ugv/package.zsh'
[3.966s] Level 1:colcon.colcon_core.environment:create_file_with_runtime_dependencies(/home/ugv/NGCP/NGCP_25_26/ugv-integration-2526/install/ngcp_ugv/share/colcon-core/packages/ngcp_ugv)
[3.966s] DEBUG:colcon.colcon_parallel_executor.executor.parallel:closing loop
[3.968s] DEBUG:colcon.colcon_parallel_executor.executor.parallel:loop closed
[3.968s] DEBUG:colcon.colcon_parallel_executor.executor.parallel:run_until_complete finished with '0'
[3.968s] DEBUG:colcon.colcon_core.event_reactor:joining thread
[3.979s] INFO:colcon.colcon_core.plugin_system:Skipping extension 'colcon_notification.desktop_notification.terminal_notifier': Not used on non-Darwin systems
[3.980s] INFO:colcon.colcon_core.plugin_system:Skipping extension 'colcon_notification.desktop_notification.win32': Not used on non-Windows systems
[3.980s] INFO:colcon.colcon_notification.desktop_notification:Sending desktop notification using 'notify2'
[4.017s] DEBUG:colcon.colcon_core.event_reactor:joined thread
[4.018s] INFO:colcon.colcon_core.shell:Creating prefix script '/home/ugv/NGCP/NGCP_25_26/ugv-integration-2526/install/local_setup.ps1'
[4.021s] INFO:colcon.colcon_core.shell:Creating prefix util module '/home/ugv/NGCP/NGCP_25_26/ugv-integration-2526/install/_local_setup_util_ps1.py'
[4.024s] INFO:colcon.colcon_core.shell:Creating prefix chain script '/home/ugv/NGCP/NGCP_25_26/ugv-integration-2526/install/setup.ps1'
[4.028s] INFO:colcon.colcon_core.shell:Creating prefix script '/home/ugv/NGCP/NGCP_25_26/ugv-integration-2526/install/local_setup.sh'
[4.029s] INFO:colcon.colcon_core.shell:Creating prefix util module '/home/ugv/NGCP/NGCP_25_26/ugv-integration-2526/install/_local_setup_util_sh.py'
[4.031s] INFO:colcon.colcon_core.shell:Creating prefix chain script '/home/ugv/NGCP/NGCP_25_26/ugv-integration-2526/install/setup.sh'
[4.033s] INFO:colcon.colcon_core.shell:Creating prefix script '/home/ugv/NGCP/NGCP_25_26/ugv-integration-2526/install/local_setup.bash'
[4.034s] INFO:colcon.colcon_core.shell:Creating prefix chain script '/home/ugv/NGCP/NGCP_25_26/ugv-integration-2526/install/setup.bash'
[4.036s] INFO:colcon.colcon_core.shell:Creating prefix script '/home/ugv/NGCP/NGCP_25_26/ugv-integration-2526/install/local_setup.zsh'
[4.037s] INFO:colcon.colcon_core.shell:Creating prefix chain script '/home/ugv/NGCP/NGCP_25_26/ugv-integration-2526/install/setup.zsh'
