[0.238s] DEBUG:colcon:Command line arguments: ['/usr/bin/colcon', 'build', '--symlink-install', '--packages-skip', 'depthai_ros_msgs', 'depthai_descriptions', 'depthai_ros_driver', 'depthai_bridge', 'depthai_filters']
[0.238s] DEBUG:colcon:Parsed command line arguments: Namespace(log_base=None, log_level=None, verb_name='build', build_base='build', install_base='install', merge_install=False, symlink_install=True, test_result_base=None, continue_on_error=False, executor='parallel', parallel_workers=6, event_handlers=None, ignore_user_meta=False, metas=['./colcon.meta'], base_paths=['.'], packages_ignore=None, packages_ignore_regex=None, paths=None, packages_up_to=None, packages_up_to_regex=None, packages_above=None, packages_above_and_dependencies=None, packages_above_depth=None, packages_select_by_dep=None, packages_skip_by_dep=None, packages_skip_up_to=None, packages_select_build_failed=False, packages_skip_build_finished=False, packages_select_test_failures=False, packages_skip_test_passed=False, packages_select=None, packages_skip=['depthai_ros_msgs', 'depthai_descriptions', 'depthai_ros_driver', 'depthai_bridge', 'depthai_filters'], packages_select_regex=None, packages_skip_regex=None, packages_start=None, packages_end=None, allow_overriding=[], cmake_args=None, cmake_target=None, cmake_target_skip_unavailable=False, cmake_clean_cache=False, cmake_clean_first=False, cmake_force_configure=False, ament_cmake_args=None, catkin_cmake_args=None, catkin_skip_building_tests=False, mixin_files=None, mixin=None, verb_parser=<colcon_mixin.mixin.mixin_argument.MixinArgumentDecorator object at 0xffff8bbc3580>, verb_extension=<colcon_core.verb.build.BuildVerb object at 0xffff8bd40520>, main=<bound method BuildVerb.main of <colcon_core.verb.build.BuildVerb object at 0xffff8bd40520>>, mixin_verb=('build',))
[0.607s] Level 1:colcon.colcon_core.package_discovery:discover_packages(colcon_meta) check parameters
[0.607s] Level 1:colcon.colcon_core.package_discovery:discover_packages(recursive) check parameters
[0.608s] Level 1:colcon.colcon_core.package_discovery:discover_packages(ignore) check parameters
[0.608s] Level 1:colcon.colcon_core.package_discovery:discover_packages(path) check parameters
[0.608s] Level 1:colcon.colcon_core.package_discovery:discover_packages(colcon_meta) discover
[0.608s] Level 1:colcon.colcon_core.package_discovery:discover_packages(recursive) discover
[0.608s] INFO:colcon.colcon_core.package_discovery:Crawling recursively for packages in '/home/ugv/ugv_ros2_ws'
[0.608s] Level 1:colcon.colcon_core.package_identification:_identify(.) by extensions ['ignore', 'ignore_ament_install']
[0.608s] Level 1:colcon.colcon_core.package_identification:_identify(.) by extension 'ignore'
[0.609s] Level 1:colcon.colcon_core.package_identification:_identify(.) by extension 'ignore_ament_install'
[0.609s] Level 1:colcon.colcon_core.package_identification:_identify(.) by extensions ['colcon_pkg']
[0.609s] Level 1:colcon.colcon_core.package_identification:_identify(.) by extension 'colcon_pkg'
[0.609s] Level 1:colcon.colcon_core.package_identification:_identify(.) by extensions ['colcon_meta']
[0.609s] Level 1:colcon.colcon_core.package_identification:_identify(.) by extension 'colcon_meta'
[0.609s] Level 1:colcon.colcon_core.package_identification:_identify(.) by extensions ['ros']
[0.609s] Level 1:colcon.colcon_core.package_identification:_identify(.) by extension 'ros'
[0.632s] Level 1:colcon.colcon_core.package_identification:_identify(.) by extensions ['cmake', 'python']
[0.632s] Level 1:colcon.colcon_core.package_identification:_identify(.) by extension 'cmake'
[0.632s] Level 1:colcon.colcon_core.package_identification:_identify(.) by extension 'python'
[0.632s] Level 1:colcon.colcon_core.package_identification:_identify(.) by extensions ['python_setup_py']
[0.632s] Level 1:colcon.colcon_core.package_identification:_identify(.) by extension 'python_setup_py'
[0.632s] Level 1:colcon.colcon_core.package_identification:_identify(build) by extensions ['ignore', 'ignore_ament_install']
[0.633s] Level 1:colcon.colcon_core.package_identification:_identify(build) by extension 'ignore'
[0.633s] Level 1:colcon.colcon_core.package_identification:_identify(build) ignored
[0.633s] Level 1:colcon.colcon_core.package_identification:_identify(install) by extensions ['ignore', 'ignore_ament_install']
[0.633s] Level 1:colcon.colcon_core.package_identification:_identify(install) by extension 'ignore'
[0.633s] Level 1:colcon.colcon_core.package_identification:_identify(install) ignored
[0.634s] Level 1:colcon.colcon_core.package_identification:_identify(log) by extensions ['ignore', 'ignore_ament_install']
[0.634s] Level 1:colcon.colcon_core.package_identification:_identify(log) by extension 'ignore'
[0.634s] Level 1:colcon.colcon_core.package_identification:_identify(log) ignored
[0.634s] Level 1:colcon.colcon_core.package_identification:_identify(src) by extensions ['ignore', 'ignore_ament_install']
[0.634s] Level 1:colcon.colcon_core.package_identification:_identify(src) by extension 'ignore'
[0.634s] Level 1:colcon.colcon_core.package_identification:_identify(src) by extension 'ignore_ament_install'
[0.634s] Level 1:colcon.colcon_core.package_identification:_identify(src) by extensions ['colcon_pkg']
[0.635s] Level 1:colcon.colcon_core.package_identification:_identify(src) by extension 'colcon_pkg'
[0.635s] Level 1:colcon.colcon_core.package_identification:_identify(src) by extensions ['colcon_meta']
[0.635s] Level 1:colcon.colcon_core.package_identification:_identify(src) by extension 'colcon_meta'
[0.635s] Level 1:colcon.colcon_core.package_identification:_identify(src) by extensions ['ros']
[0.635s] Level 1:colcon.colcon_core.package_identification:_identify(src) by extension 'ros'
[0.635s] Level 1:colcon.colcon_core.package_identification:_identify(src) by extensions ['cmake', 'python']
[0.635s] Level 1:colcon.colcon_core.package_identification:_identify(src) by extension 'cmake'
[0.635s] Level 1:colcon.colcon_core.package_identification:_identify(src) by extension 'python'
[0.635s] Level 1:colcon.colcon_core.package_identification:_identify(src) by extensions ['python_setup_py']
[0.635s] Level 1:colcon.colcon_core.package_identification:_identify(src) by extension 'python_setup_py'
[0.636s] Level 1:colcon.colcon_core.package_identification:_identify(src/build) by extensions ['ignore', 'ignore_ament_install']
[0.636s] Level 1:colcon.colcon_core.package_identification:_identify(src/build) by extension 'ignore'
[0.636s] Level 1:colcon.colcon_core.package_identification:_identify(src/build) ignored
[0.636s] Level 1:colcon.colcon_core.package_identification:_identify(src/depthai-ros) by extensions ['ignore', 'ignore_ament_install']
[0.636s] Level 1:colcon.colcon_core.package_identification:_identify(src/depthai-ros) by extension 'ignore'
[0.636s] Level 1:colcon.colcon_core.package_identification:_identify(src/depthai-ros) by extension 'ignore_ament_install'
[0.636s] Level 1:colcon.colcon_core.package_identification:_identify(src/depthai-ros) by extensions ['colcon_pkg']
[0.637s] Level 1:colcon.colcon_core.package_identification:_identify(src/depthai-ros) by extension 'colcon_pkg'
[0.637s] Level 1:colcon.colcon_core.package_identification:_identify(src/depthai-ros) by extensions ['colcon_meta']
[0.637s] Level 1:colcon.colcon_core.package_identification:_identify(src/depthai-ros) by extension 'colcon_meta'
[0.637s] Level 1:colcon.colcon_core.package_identification:_identify(src/depthai-ros) by extensions ['ros']
[0.637s] Level 1:colcon.colcon_core.package_identification:_identify(src/depthai-ros) by extension 'ros'
[0.637s] Level 1:colcon.colcon_core.package_identification:_identify(src/depthai-ros) by extensions ['cmake', 'python']
[0.637s] Level 1:colcon.colcon_core.package_identification:_identify(src/depthai-ros) by extension 'cmake'
[0.637s] Level 1:colcon.colcon_core.package_identification:_identify(src/depthai-ros) by extension 'python'
[0.637s] Level 1:colcon.colcon_core.package_identification:_identify(src/depthai-ros) by extensions ['python_setup_py']
[0.637s] Level 1:colcon.colcon_core.package_identification:_identify(src/depthai-ros) by extension 'python_setup_py'
[0.638s] Level 1:colcon.colcon_core.package_identification:_identify(src/depthai-ros/depthai-ros) by extensions ['ignore', 'ignore_ament_install']
[0.638s] Level 1:colcon.colcon_core.package_identification:_identify(src/depthai-ros/depthai-ros) by extension 'ignore'
[0.638s] Level 1:colcon.colcon_core.package_identification:_identify(src/depthai-ros/depthai-ros) by extension 'ignore_ament_install'
[0.638s] Level 1:colcon.colcon_core.package_identification:_identify(src/depthai-ros/depthai-ros) by extensions ['colcon_pkg']
[0.638s] Level 1:colcon.colcon_core.package_identification:_identify(src/depthai-ros/depthai-ros) by extension 'colcon_pkg'
[0.638s] Level 1:colcon.colcon_core.package_identification:_identify(src/depthai-ros/depthai-ros) by extensions ['colcon_meta']
[0.638s] Level 1:colcon.colcon_core.package_identification:_identify(src/depthai-ros/depthai-ros) by extension 'colcon_meta'
[0.638s] Level 1:colcon.colcon_core.package_identification:_identify(src/depthai-ros/depthai-ros) by extensions ['ros']
[0.638s] Level 1:colcon.colcon_core.package_identification:_identify(src/depthai-ros/depthai-ros) by extension 'ros'
[0.644s] DEBUG:colcon.colcon_core.package_identification:Package 'src/depthai-ros/depthai-ros' with type 'ros.ament_cmake' and name 'depthai-ros'
[0.644s] Level 1:colcon.colcon_core.package_identification:_identify(src/depthai-ros/depthai_bridge) by extensions ['ignore', 'ignore_ament_install']
[0.644s] Level 1:colcon.colcon_core.package_identification:_identify(src/depthai-ros/depthai_bridge) by extension 'ignore'
[0.644s] Level 1:colcon.colcon_core.package_identification:_identify(src/depthai-ros/depthai_bridge) by extension 'ignore_ament_install'
[0.645s] Level 1:colcon.colcon_core.package_identification:_identify(src/depthai-ros/depthai_bridge) by extensions ['colcon_pkg']
[0.645s] Level 1:colcon.colcon_core.package_identification:_identify(src/depthai-ros/depthai_bridge) by extension 'colcon_pkg'
[0.645s] Level 1:colcon.colcon_core.package_identification:_identify(src/depthai-ros/depthai_bridge) by extensions ['colcon_meta']
[0.645s] Level 1:colcon.colcon_core.package_identification:_identify(src/depthai-ros/depthai_bridge) by extension 'colcon_meta'
[0.645s] Level 1:colcon.colcon_core.package_identification:_identify(src/depthai-ros/depthai_bridge) by extensions ['ros']
[0.645s] Level 1:colcon.colcon_core.package_identification:_identify(src/depthai-ros/depthai_bridge) by extension 'ros'
[0.648s] DEBUG:colcon.colcon_core.package_identification:Package 'src/depthai-ros/depthai_bridge' with type 'ros.ament_cmake' and name 'depthai_bridge'
[0.649s] Level 1:colcon.colcon_core.package_identification:_identify(src/depthai-ros/depthai_descriptions) by extensions ['ignore', 'ignore_ament_install']
[0.649s] Level 1:colcon.colcon_core.package_identification:_identify(src/depthai-ros/depthai_descriptions) by extension 'ignore'
[0.649s] Level 1:colcon.colcon_core.package_identification:_identify(src/depthai-ros/depthai_descriptions) by extension 'ignore_ament_install'
[0.649s] Level 1:colcon.colcon_core.package_identification:_identify(src/depthai-ros/depthai_descriptions) by extensions ['colcon_pkg']
[0.649s] Level 1:colcon.colcon_core.package_identification:_identify(src/depthai-ros/depthai_descriptions) by extension 'colcon_pkg'
[0.649s] Level 1:colcon.colcon_core.package_identification:_identify(src/depthai-ros/depthai_descriptions) by extensions ['colcon_meta']
[0.649s] Level 1:colcon.colcon_core.package_identification:_identify(src/depthai-ros/depthai_descriptions) by extension 'colcon_meta'
[0.649s] Level 1:colcon.colcon_core.package_identification:_identify(src/depthai-ros/depthai_descriptions) by extensions ['ros']
[0.650s] Level 1:colcon.colcon_core.package_identification:_identify(src/depthai-ros/depthai_descriptions) by extension 'ros'
[0.650s] DEBUG:colcon.colcon_core.package_identification:Package 'src/depthai-ros/depthai_descriptions' with type 'ros.ament_cmake' and name 'depthai_descriptions'
[0.651s] Level 1:colcon.colcon_core.package_identification:_identify(src/depthai-ros/depthai_examples) by extensions ['ignore', 'ignore_ament_install']
[0.651s] Level 1:colcon.colcon_core.package_identification:_identify(src/depthai-ros/depthai_examples) by extension 'ignore'
[0.651s] Level 1:colcon.colcon_core.package_identification:_identify(src/depthai-ros/depthai_examples) by extension 'ignore_ament_install'
[0.651s] Level 1:colcon.colcon_core.package_identification:_identify(src/depthai-ros/depthai_examples) by extensions ['colcon_pkg']
[0.651s] Level 1:colcon.colcon_core.package_identification:_identify(src/depthai-ros/depthai_examples) by extension 'colcon_pkg'
[0.651s] Level 1:colcon.colcon_core.package_identification:_identify(src/depthai-ros/depthai_examples) by extensions ['colcon_meta']
[0.651s] Level 1:colcon.colcon_core.package_identification:_identify(src/depthai-ros/depthai_examples) by extension 'colcon_meta'
[0.652s] Level 1:colcon.colcon_core.package_identification:_identify(src/depthai-ros/depthai_examples) by extensions ['ros']
[0.652s] Level 1:colcon.colcon_core.package_identification:_identify(src/depthai-ros/depthai_examples) by extension 'ros'
[0.655s] DEBUG:colcon.colcon_core.package_identification:Package 'src/depthai-ros/depthai_examples' with type 'ros.ament_cmake' and name 'depthai_examples'
[0.655s] Level 1:colcon.colcon_core.package_identification:_identify(src/depthai-ros/depthai_filters) by extensions ['ignore', 'ignore_ament_install']
[0.655s] Level 1:colcon.colcon_core.package_identification:_identify(src/depthai-ros/depthai_filters) by extension 'ignore'
[0.655s] Level 1:colcon.colcon_core.package_identification:_identify(src/depthai-ros/depthai_filters) by extension 'ignore_ament_install'
[0.655s] Level 1:colcon.colcon_core.package_identification:_identify(src/depthai-ros/depthai_filters) by extensions ['colcon_pkg']
[0.655s] Level 1:colcon.colcon_core.package_identification:_identify(src/depthai-ros/depthai_filters) by extension 'colcon_pkg'
[0.655s] Level 1:colcon.colcon_core.package_identification:_identify(src/depthai-ros/depthai_filters) by extensions ['colcon_meta']
[0.655s] Level 1:colcon.colcon_core.package_identification:_identify(src/depthai-ros/depthai_filters) by extension 'colcon_meta'
[0.656s] Level 1:colcon.colcon_core.package_identification:_identify(src/depthai-ros/depthai_filters) by extensions ['ros']
[0.656s] Level 1:colcon.colcon_core.package_identification:_identify(src/depthai-ros/depthai_filters) by extension 'ros'
[0.658s] DEBUG:colcon.colcon_core.package_identification:Package 'src/depthai-ros/depthai_filters' with type 'ros.ament_cmake' and name 'depthai_filters'
[0.658s] Level 1:colcon.colcon_core.package_identification:_identify(src/depthai-ros/depthai_ros_driver) by extensions ['ignore', 'ignore_ament_install']
[0.659s] Level 1:colcon.colcon_core.package_identification:_identify(src/depthai-ros/depthai_ros_driver) by extension 'ignore'
[0.659s] Level 1:colcon.colcon_core.package_identification:_identify(src/depthai-ros/depthai_ros_driver) by extension 'ignore_ament_install'
[0.659s] Level 1:colcon.colcon_core.package_identification:_identify(src/depthai-ros/depthai_ros_driver) by extensions ['colcon_pkg']
[0.659s] Level 1:colcon.colcon_core.package_identification:_identify(src/depthai-ros/depthai_ros_driver) by extension 'colcon_pkg'
[0.659s] Level 1:colcon.colcon_core.package_identification:_identify(src/depthai-ros/depthai_ros_driver) by extensions ['colcon_meta']
[0.659s] Level 1:colcon.colcon_core.package_identification:_identify(src/depthai-ros/depthai_ros_driver) by extension 'colcon_meta'
[0.659s] Level 1:colcon.colcon_core.package_identification:_identify(src/depthai-ros/depthai_ros_driver) by extensions ['ros']
[0.659s] Level 1:colcon.colcon_core.package_identification:_identify(src/depthai-ros/depthai_ros_driver) by extension 'ros'
[0.663s] DEBUG:colcon.colcon_core.package_identification:Package 'src/depthai-ros/depthai_ros_driver' with type 'ros.ament_cmake' and name 'depthai_ros_driver'
[0.663s] Level 1:colcon.colcon_core.package_identification:_identify(src/depthai-ros/depthai_ros_msgs) by extensions ['ignore', 'ignore_ament_install']
[0.664s] Level 1:colcon.colcon_core.package_identification:_identify(src/depthai-ros/depthai_ros_msgs) by extension 'ignore'
[0.664s] Level 1:colcon.colcon_core.package_identification:_identify(src/depthai-ros/depthai_ros_msgs) by extension 'ignore_ament_install'
[0.664s] Level 1:colcon.colcon_core.package_identification:_identify(src/depthai-ros/depthai_ros_msgs) by extensions ['colcon_pkg']
[0.664s] Level 1:colcon.colcon_core.package_identification:_identify(src/depthai-ros/depthai_ros_msgs) by extension 'colcon_pkg'
[0.664s] Level 1:colcon.colcon_core.package_identification:_identify(src/depthai-ros/depthai_ros_msgs) by extensions ['colcon_meta']
[0.664s] Level 1:colcon.colcon_core.package_identification:_identify(src/depthai-ros/depthai_ros_msgs) by extension 'colcon_meta'
[0.664s] Level 1:colcon.colcon_core.package_identification:_identify(src/depthai-ros/depthai_ros_msgs) by extensions ['ros']
[0.664s] Level 1:colcon.colcon_core.package_identification:_identify(src/depthai-ros/depthai_ros_msgs) by extension 'ros'
[0.666s] DEBUG:colcon.colcon_core.package_identification:Package 'src/depthai-ros/depthai_ros_msgs' with type 'ros.ament_cmake' and name 'depthai_ros_msgs'
[0.666s] Level 1:colcon.colcon_core.package_identification:_identify(src/install) by extensions ['ignore', 'ignore_ament_install']
[0.667s] Level 1:colcon.colcon_core.package_identification:_identify(src/install) by extension 'ignore'
[0.667s] Level 1:colcon.colcon_core.package_identification:_identify(src/install) ignored
[0.667s] Level 1:colcon.colcon_core.package_identification:_identify(src/log) by extensions ['ignore', 'ignore_ament_install']
[0.667s] Level 1:colcon.colcon_core.package_identification:_identify(src/log) by extension 'ignore'
[0.667s] Level 1:colcon.colcon_core.package_identification:_identify(src/log) ignored
[0.667s] Level 1:colcon.colcon_core.package_identification:_identify(src/ntrip) by extensions ['ignore', 'ignore_ament_install']
[0.668s] Level 1:colcon.colcon_core.package_identification:_identify(src/ntrip) by extension 'ignore'
[0.668s] Level 1:colcon.colcon_core.package_identification:_identify(src/ntrip) by extension 'ignore_ament_install'
[0.668s] Level 1:colcon.colcon_core.package_identification:_identify(src/ntrip) by extensions ['colcon_pkg']
[0.668s] Level 1:colcon.colcon_core.package_identification:_identify(src/ntrip) by extension 'colcon_pkg'
[0.668s] Level 1:colcon.colcon_core.package_identification:_identify(src/ntrip) by extensions ['colcon_meta']
[0.668s] Level 1:colcon.colcon_core.package_identification:_identify(src/ntrip) by extension 'colcon_meta'
[0.668s] Level 1:colcon.colcon_core.package_identification:_identify(src/ntrip) by extensions ['ros']
[0.668s] Level 1:colcon.colcon_core.package_identification:_identify(src/ntrip) by extension 'ros'
[0.670s] DEBUG:colcon.colcon_core.package_identification:Package 'src/ntrip' with type 'ros.ament_cmake' and name 'ntrip'
[0.670s] Level 1:colcon.colcon_core.package_identification:_identify(src/ugv_msgs) by extensions ['ignore', 'ignore_ament_install']
[0.670s] Level 1:colcon.colcon_core.package_identification:_identify(src/ugv_msgs) by extension 'ignore'
[0.670s] Level 1:colcon.colcon_core.package_identification:_identify(src/ugv_msgs) by extension 'ignore_ament_install'
[0.671s] Level 1:colcon.colcon_core.package_identification:_identify(src/ugv_msgs) by extensions ['colcon_pkg']
[0.671s] Level 1:colcon.colcon_core.package_identification:_identify(src/ugv_msgs) by extension 'colcon_pkg'
[0.671s] Level 1:colcon.colcon_core.package_identification:_identify(src/ugv_msgs) by extensions ['colcon_meta']
[0.671s] Level 1:colcon.colcon_core.package_identification:_identify(src/ugv_msgs) by extension 'colcon_meta'
[0.671s] Level 1:colcon.colcon_core.package_identification:_identify(src/ugv_msgs) by extensions ['ros']
[0.671s] Level 1:colcon.colcon_core.package_identification:_identify(src/ugv_msgs) by extension 'ros'
[0.672s] DEBUG:colcon.colcon_core.package_identification:Package 'src/ugv_msgs' with type 'ros.ament_cmake' and name 'ugv_msgs'
[0.672s] Level 1:colcon.colcon_core.package_identification:_identify(src/ugv_telemetry) by extensions ['ignore', 'ignore_ament_install']
[0.672s] Level 1:colcon.colcon_core.package_identification:_identify(src/ugv_telemetry) by extension 'ignore'
[0.672s] Level 1:colcon.colcon_core.package_identification:_identify(src/ugv_telemetry) by extension 'ignore_ament_install'
[0.673s] Level 1:colcon.colcon_core.package_identification:_identify(src/ugv_telemetry) by extensions ['colcon_pkg']
[0.673s] Level 1:colcon.colcon_core.package_identification:_identify(src/ugv_telemetry) by extension 'colcon_pkg'
[0.673s] Level 1:colcon.colcon_core.package_identification:_identify(src/ugv_telemetry) by extensions ['colcon_meta']
[0.673s] Level 1:colcon.colcon_core.package_identification:_identify(src/ugv_telemetry) by extension 'colcon_meta'
[0.673s] Level 1:colcon.colcon_core.package_identification:_identify(src/ugv_telemetry) by extensions ['ros']
[0.673s] Level 1:colcon.colcon_core.package_identification:_identify(src/ugv_telemetry) by extension 'ros'
[0.674s] DEBUG:colcon.colcon_core.package_identification:Package 'src/ugv_telemetry' with type 'ros.ament_python' and name 'ugv_telemetry'
[0.675s] Level 1:colcon.colcon_core.package_identification:_identify(src/ugv_teleop) by extensions ['ignore', 'ignore_ament_install']
[0.675s] Level 1:colcon.colcon_core.package_identification:_identify(src/ugv_teleop) by extension 'ignore'
[0.675s] Level 1:colcon.colcon_core.package_identification:_identify(src/ugv_teleop) by extension 'ignore_ament_install'
[0.675s] Level 1:colcon.colcon_core.package_identification:_identify(src/ugv_teleop) by extensions ['colcon_pkg']
[0.675s] Level 1:colcon.colcon_core.package_identification:_identify(src/ugv_teleop) by extension 'colcon_pkg'
[0.675s] Level 1:colcon.colcon_core.package_identification:_identify(src/ugv_teleop) by extensions ['colcon_meta']
[0.675s] Level 1:colcon.colcon_core.package_identification:_identify(src/ugv_teleop) by extension 'colcon_meta'
[0.675s] Level 1:colcon.colcon_core.package_identification:_identify(src/ugv_teleop) by extensions ['ros']
[0.675s] Level 1:colcon.colcon_core.package_identification:_identify(src/ugv_teleop) by extension 'ros'
[0.677s] DEBUG:colcon.colcon_core.package_identification:Package 'src/ugv_teleop' with type 'ros.ament_python' and name 'ugv_teleop'
[0.677s] Level 1:colcon.colcon_core.package_identification:_identify(src/xsens_mti_ros2_driver) by extensions ['ignore', 'ignore_ament_install']
[0.677s] Level 1:colcon.colcon_core.package_identification:_identify(src/xsens_mti_ros2_driver) by extension 'ignore'
[0.677s] Level 1:colcon.colcon_core.package_identification:_identify(src/xsens_mti_ros2_driver) by extension 'ignore_ament_install'
[0.677s] Level 1:colcon.colcon_core.package_identification:_identify(src/xsens_mti_ros2_driver) by extensions ['colcon_pkg']
[0.677s] Level 1:colcon.colcon_core.package_identification:_identify(src/xsens_mti_ros2_driver) by extension 'colcon_pkg'
[0.678s] Level 1:colcon.colcon_core.package_identification:_identify(src/xsens_mti_ros2_driver) by extensions ['colcon_meta']
[0.678s] Level 1:colcon.colcon_core.package_identification:_identify(src/xsens_mti_ros2_driver) by extension 'colcon_meta'
[0.678s] Level 1:colcon.colcon_core.package_identification:_identify(src/xsens_mti_ros2_driver) by extensions ['ros']
[0.678s] Level 1:colcon.colcon_core.package_identification:_identify(src/xsens_mti_ros2_driver) by extension 'ros'
[0.679s] DEBUG:colcon.colcon_core.package_identification:Package 'src/xsens_mti_ros2_driver' with type 'ros.ament_cmake' and name 'xsens_mti_ros2_driver'
[0.679s] Level 1:colcon.colcon_core.package_discovery:discover_packages(recursive) using defaults
[0.680s] Level 1:colcon.colcon_core.package_discovery:discover_packages(ignore) discover
[0.680s] Level 1:colcon.colcon_core.package_discovery:discover_packages(ignore) using defaults
[0.680s] Level 1:colcon.colcon_core.package_discovery:discover_packages(path) discover
[0.680s] Level 1:colcon.colcon_core.package_discovery:discover_packages(path) using defaults
[0.759s] INFO:colcon.colcon_core.package_selection:Skipping package 'depthai_descriptions' in 'src/depthai-ros/depthai_descriptions'
[0.759s] INFO:colcon.colcon_core.package_selection:Skipping package 'depthai_ros_msgs' in 'src/depthai-ros/depthai_ros_msgs'
[0.759s] INFO:colcon.colcon_core.package_selection:Skipping package 'depthai_bridge' in 'src/depthai-ros/depthai_bridge'
[0.759s] INFO:colcon.colcon_core.package_selection:Skipping package 'depthai_filters' in 'src/depthai-ros/depthai_filters'
[0.759s] INFO:colcon.colcon_core.package_selection:Skipping package 'depthai_ros_driver' in 'src/depthai-ros/depthai_ros_driver'
[0.760s] Level 1:colcon.colcon_core.package_discovery:discover_packages(prefix_path) check parameters
[0.760s] Level 1:colcon.colcon_core.package_discovery:discover_packages(prefix_path) discover
[0.762s] WARNING:colcon.colcon_ros.prefix_path.ament:The path '/home/ugv/ugv_ros2_ws/install/ugv_teleop' in the environment variable AMENT_PREFIX_PATH doesn't exist
[0.762s] WARNING:colcon.colcon_ros.prefix_path.ament:The path '/home/ugv/ugv_ros2_ws/install/ugv_telemetry' in the environment variable AMENT_PREFIX_PATH doesn't exist
[0.763s] WARNING:colcon.colcon_ros.prefix_path.ament:The path '/home/ugv/ugv_ros2_ws/install/depthai_ros_driver' in the environment variable AMENT_PREFIX_PATH doesn't exist
[0.763s] WARNING:colcon.colcon_ros.prefix_path.ament:The path '/home/ugv/ugv_ros2_ws/install/depthai_bridge' in the environment variable AMENT_PREFIX_PATH doesn't exist
[0.763s] WARNING:colcon.colcon_ros.prefix_path.ament:The path '/home/ugv/ugv_ros2_ws/install/depthai_ros_msgs' in the environment variable AMENT_PREFIX_PATH doesn't exist
[0.764s] WARNING:colcon.colcon_ros.prefix_path.catkin:The path '/home/ugv/ugv_ros2_ws/install/depthai_ros_driver' in the environment variable CMAKE_PREFIX_PATH doesn't exist
[0.764s] WARNING:colcon.colcon_ros.prefix_path.catkin:The path '/home/ugv/ugv_ros2_ws/install/depthai_bridge' in the environment variable CMAKE_PREFIX_PATH doesn't exist
[0.764s] WARNING:colcon.colcon_ros.prefix_path.catkin:The path '/home/ugv/ugv_ros2_ws/install/depthai_ros_msgs' in the environment variable CMAKE_PREFIX_PATH doesn't exist
[0.765s] DEBUG:colcon.colcon_installed_package_information.package_discovery:Found 2 installed packages in /home/ugv/ugv_ros2_ws/install
[0.766s] DEBUG:colcon.colcon_installed_package_information.package_discovery:Found 1 installed packages in /home/ugv/install
[0.767s] DEBUG:colcon.colcon_installed_package_information.package_discovery:Found 2 installed packages in /home/ugv/NGCP/NGCP_25_26/install
[0.768s] DEBUG:colcon.colcon_installed_package_information.package_discovery:Found 2 installed packages in /home/ugv/xsens_ros2_ws/install
[0.771s] DEBUG:colcon.colcon_installed_package_information.package_discovery:Found 304 installed packages in /opt/ros/humble
[0.774s] Level 1:colcon.colcon_core.package_discovery:discover_packages(prefix_path) using defaults
[0.855s] WARNING:colcon.colcon_core.package_selection:Some selected packages are already built in one or more underlay workspaces:
	'ugv_msgs' is in: /home/ugv/ugv_ros2_ws/install/ugv_msgs, /home/ugv/NGCP/NGCP_25_26/install/ugv_msgs
	'depthai_examples' is in: /opt/ros/humble
If a package in a merged underlay workspace is overridden and it installs headers, then all packages in the overlay must sort their include directories by workspace order. Failure to do so may result in build failures or undefined behavior at run time.
If the overridden package is used by another package in any underlay, then the overriding package in the overlay must be API and ABI compatible or undefined behavior at run time may occur.

If you understand the risks and want to override a package anyways, add the following to the command line:
	--allow-overriding depthai_examples ugv_msgs

This may be promoted to an error in a future release of colcon-override-check.
[0.857s] Level 5:colcon.colcon_core.verb:set package 'ntrip' build argument 'cmake_args' from command line to 'None'
[0.858s] Level 5:colcon.colcon_core.verb:set package 'ntrip' build argument 'cmake_target' from command line to 'None'
[0.858s] Level 5:colcon.colcon_core.verb:set package 'ntrip' build argument 'cmake_target_skip_unavailable' from command line to 'False'
[0.858s] Level 5:colcon.colcon_core.verb:set package 'ntrip' build argument 'cmake_clean_cache' from command line to 'False'
[0.858s] Level 5:colcon.colcon_core.verb:set package 'ntrip' build argument 'cmake_clean_first' from command line to 'False'
[0.858s] Level 5:colcon.colcon_core.verb:set package 'ntrip' build argument 'cmake_force_configure' from command line to 'False'
[0.858s] Level 5:colcon.colcon_core.verb:set package 'ntrip' build argument 'ament_cmake_args' from command line to 'None'
[0.858s] Level 5:colcon.colcon_core.verb:set package 'ntrip' build argument 'catkin_cmake_args' from command line to 'None'
[0.858s] Level 5:colcon.colcon_core.verb:set package 'ntrip' build argument 'catkin_skip_building_tests' from command line to 'False'
[0.858s] DEBUG:colcon.colcon_core.verb:Building package 'ntrip' with the following arguments: {'ament_cmake_args': None, 'build_base': '/home/ugv/ugv_ros2_ws/build/ntrip', 'catkin_cmake_args': None, 'catkin_skip_building_tests': False, 'cmake_args': None, 'cmake_clean_cache': False, 'cmake_clean_first': False, 'cmake_force_configure': False, 'cmake_target': None, 'cmake_target_skip_unavailable': False, 'install_base': '/home/ugv/ugv_ros2_ws/install/ntrip', 'merge_install': False, 'path': '/home/ugv/ugv_ros2_ws/src/ntrip', 'symlink_install': True, 'test_result_base': None}
[0.859s] Level 5:colcon.colcon_core.verb:set package 'ugv_msgs' build argument 'cmake_args' from command line to 'None'
[0.859s] Level 5:colcon.colcon_core.verb:set package 'ugv_msgs' build argument 'cmake_target' from command line to 'None'
[0.859s] Level 5:colcon.colcon_core.verb:set package 'ugv_msgs' build argument 'cmake_target_skip_unavailable' from command line to 'False'
[0.859s] Level 5:colcon.colcon_core.verb:set package 'ugv_msgs' build argument 'cmake_clean_cache' from command line to 'False'
[0.859s] Level 5:colcon.colcon_core.verb:set package 'ugv_msgs' build argument 'cmake_clean_first' from command line to 'False'
[0.859s] Level 5:colcon.colcon_core.verb:set package 'ugv_msgs' build argument 'cmake_force_configure' from command line to 'False'
[0.859s] Level 5:colcon.colcon_core.verb:set package 'ugv_msgs' build argument 'ament_cmake_args' from command line to 'None'
[0.859s] Level 5:colcon.colcon_core.verb:set package 'ugv_msgs' build argument 'catkin_cmake_args' from command line to 'None'
[0.859s] Level 5:colcon.colcon_core.verb:set package 'ugv_msgs' build argument 'catkin_skip_building_tests' from command line to 'False'
[0.859s] DEBUG:colcon.colcon_core.verb:Building package 'ugv_msgs' with the following arguments: {'ament_cmake_args': None, 'build_base': '/home/ugv/ugv_ros2_ws/build/ugv_msgs', 'catkin_cmake_args': None, 'catkin_skip_building_tests': False, 'cmake_args': None, 'cmake_clean_cache': False, 'cmake_clean_first': False, 'cmake_force_configure': False, 'cmake_target': None, 'cmake_target_skip_unavailable': False, 'install_base': '/home/ugv/ugv_ros2_ws/install/ugv_msgs', 'merge_install': False, 'path': '/home/ugv/ugv_ros2_ws/src/ugv_msgs', 'symlink_install': True, 'test_result_base': None}
[0.860s] Level 5:colcon.colcon_core.verb:set package 'xsens_mti_ros2_driver' build argument 'cmake_args' from command line to 'None'
[0.860s] Level 5:colcon.colcon_core.verb:set package 'xsens_mti_ros2_driver' build argument 'cmake_target' from command line to 'None'
[0.860s] Level 5:colcon.colcon_core.verb:set package 'xsens_mti_ros2_driver' build argument 'cmake_target_skip_unavailable' from command line to 'False'
[0.860s] Level 5:colcon.colcon_core.verb:set package 'xsens_mti_ros2_driver' build argument 'cmake_clean_cache' from command line to 'False'
[0.860s] Level 5:colcon.colcon_core.verb:set package 'xsens_mti_ros2_driver' build argument 'cmake_clean_first' from command line to 'False'
[0.860s] Level 5:colcon.colcon_core.verb:set package 'xsens_mti_ros2_driver' build argument 'cmake_force_configure' from command line to 'False'
[0.860s] Level 5:colcon.colcon_core.verb:set package 'xsens_mti_ros2_driver' build argument 'ament_cmake_args' from command line to 'None'
[0.860s] Level 5:colcon.colcon_core.verb:set package 'xsens_mti_ros2_driver' build argument 'catkin_cmake_args' from command line to 'None'
[0.860s] Level 5:colcon.colcon_core.verb:set package 'xsens_mti_ros2_driver' build argument 'catkin_skip_building_tests' from command line to 'False'
[0.861s] DEBUG:colcon.colcon_core.verb:Building package 'xsens_mti_ros2_driver' with the following arguments: {'ament_cmake_args': None, 'build_base': '/home/ugv/ugv_ros2_ws/build/xsens_mti_ros2_driver', 'catkin_cmake_args': None, 'catkin_skip_building_tests': False, 'cmake_args': None, 'cmake_clean_cache': False, 'cmake_clean_first': False, 'cmake_force_configure': False, 'cmake_target': None, 'cmake_target_skip_unavailable': False, 'install_base': '/home/ugv/ugv_ros2_ws/install/xsens_mti_ros2_driver', 'merge_install': False, 'path': '/home/ugv/ugv_ros2_ws/src/xsens_mti_ros2_driver', 'symlink_install': True, 'test_result_base': None}
[0.861s] Level 5:colcon.colcon_core.verb:set package 'ugv_telemetry' build argument 'cmake_args' from command line to 'None'
[0.861s] Level 5:colcon.colcon_core.verb:set package 'ugv_telemetry' build argument 'cmake_target' from command line to 'None'
[0.861s] Level 5:colcon.colcon_core.verb:set package 'ugv_telemetry' build argument 'cmake_target_skip_unavailable' from command line to 'False'
[0.861s] Level 5:colcon.colcon_core.verb:set package 'ugv_telemetry' build argument 'cmake_clean_cache' from command line to 'False'
[0.861s] Level 5:colcon.colcon_core.verb:set package 'ugv_telemetry' build argument 'cmake_clean_first' from command line to 'False'
[0.861s] Level 5:colcon.colcon_core.verb:set package 'ugv_telemetry' build argument 'cmake_force_configure' from command line to 'False'
[0.862s] Level 5:colcon.colcon_core.verb:set package 'ugv_telemetry' build argument 'ament_cmake_args' from command line to 'None'
[0.862s] Level 5:colcon.colcon_core.verb:set package 'ugv_telemetry' build argument 'catkin_cmake_args' from command line to 'None'
[0.862s] Level 5:colcon.colcon_core.verb:set package 'ugv_telemetry' build argument 'catkin_skip_building_tests' from command line to 'False'
[0.862s] DEBUG:colcon.colcon_core.verb:Building package 'ugv_telemetry' with the following arguments: {'ament_cmake_args': None, 'build_base': '/home/ugv/ugv_ros2_ws/build/ugv_telemetry', 'catkin_cmake_args': None, 'catkin_skip_building_tests': False, 'cmake_args': None, 'cmake_clean_cache': False, 'cmake_clean_first': False, 'cmake_force_configure': False, 'cmake_target': None, 'cmake_target_skip_unavailable': False, 'install_base': '/home/ugv/ugv_ros2_ws/install/ugv_telemetry', 'merge_install': False, 'path': '/home/ugv/ugv_ros2_ws/src/ugv_telemetry', 'symlink_install': True, 'test_result_base': None}
[0.862s] Level 5:colcon.colcon_core.verb:set package 'ugv_teleop' build argument 'cmake_args' from command line to 'None'
[0.862s] Level 5:colcon.colcon_core.verb:set package 'ugv_teleop' build argument 'cmake_target' from command line to 'None'
[0.862s] Level 5:colcon.colcon_core.verb:set package 'ugv_teleop' build argument 'cmake_target_skip_unavailable' from command line to 'False'
[0.862s] Level 5:colcon.colcon_core.verb:set package 'ugv_teleop' build argument 'cmake_clean_cache' from command line to 'False'
[0.862s] Level 5:colcon.colcon_core.verb:set package 'ugv_teleop' build argument 'cmake_clean_first' from command line to 'False'
[0.863s] Level 5:colcon.colcon_core.verb:set package 'ugv_teleop' build argument 'cmake_force_configure' from command line to 'False'
[0.863s] Level 5:colcon.colcon_core.verb:set package 'ugv_teleop' build argument 'ament_cmake_args' from command line to 'None'
[0.863s] Level 5:colcon.colcon_core.verb:set package 'ugv_teleop' build argument 'catkin_cmake_args' from command line to 'None'
[0.863s] Level 5:colcon.colcon_core.verb:set package 'ugv_teleop' build argument 'catkin_skip_building_tests' from command line to 'False'
[0.863s] DEBUG:colcon.colcon_core.verb:Building package 'ugv_teleop' with the following arguments: {'ament_cmake_args': None, 'build_base': '/home/ugv/ugv_ros2_ws/build/ugv_teleop', 'catkin_cmake_args': None, 'catkin_skip_building_tests': False, 'cmake_args': None, 'cmake_clean_cache': False, 'cmake_clean_first': False, 'cmake_force_configure': False, 'cmake_target': None, 'cmake_target_skip_unavailable': False, 'install_base': '/home/ugv/ugv_ros2_ws/install/ugv_teleop', 'merge_install': False, 'path': '/home/ugv/ugv_ros2_ws/src/ugv_teleop', 'symlink_install': True, 'test_result_base': None}
[0.863s] Level 5:colcon.colcon_core.verb:set package 'depthai_examples' build argument 'cmake_args' from command line to 'None'
[0.863s] Level 5:colcon.colcon_core.verb:set package 'depthai_examples' build argument 'cmake_target' from command line to 'None'
[0.863s] Level 5:colcon.colcon_core.verb:set package 'depthai_examples' build argument 'cmake_target_skip_unavailable' from command line to 'False'
[0.864s] Level 5:colcon.colcon_core.verb:set package 'depthai_examples' build argument 'cmake_clean_cache' from command line to 'False'
[0.864s] Level 5:colcon.colcon_core.verb:set package 'depthai_examples' build argument 'cmake_clean_first' from command line to 'False'
[0.864s] Level 5:colcon.colcon_core.verb:set package 'depthai_examples' build argument 'cmake_force_configure' from command line to 'False'
[0.864s] Level 5:colcon.colcon_core.verb:set package 'depthai_examples' build argument 'ament_cmake_args' from command line to 'None'
[0.864s] Level 5:colcon.colcon_core.verb:set package 'depthai_examples' build argument 'catkin_cmake_args' from command line to 'None'
[0.864s] Level 5:colcon.colcon_core.verb:set package 'depthai_examples' build argument 'catkin_skip_building_tests' from command line to 'False'
[0.864s] DEBUG:colcon.colcon_core.verb:Building package 'depthai_examples' with the following arguments: {'ament_cmake_args': None, 'build_base': '/home/ugv/ugv_ros2_ws/build/depthai_examples', 'catkin_cmake_args': None, 'catkin_skip_building_tests': False, 'cmake_args': None, 'cmake_clean_cache': False, 'cmake_clean_first': False, 'cmake_force_configure': False, 'cmake_target': None, 'cmake_target_skip_unavailable': False, 'install_base': '/home/ugv/ugv_ros2_ws/install/depthai_examples', 'merge_install': False, 'path': '/home/ugv/ugv_ros2_ws/src/depthai-ros/depthai_examples', 'symlink_install': True, 'test_result_base': None}
[0.864s] Level 5:colcon.colcon_core.verb:set package 'depthai-ros' build argument 'cmake_args' from command line to 'None'
[0.865s] Level 5:colcon.colcon_core.verb:set package 'depthai-ros' build argument 'cmake_target' from command line to 'None'
[0.865s] Level 5:colcon.colcon_core.verb:set package 'depthai-ros' build argument 'cmake_target_skip_unavailable' from command line to 'False'
[0.865s] Level 5:colcon.colcon_core.verb:set package 'depthai-ros' build argument 'cmake_clean_cache' from command line to 'False'
[0.865s] Level 5:colcon.colcon_core.verb:set package 'depthai-ros' build argument 'cmake_clean_first' from command line to 'False'
[0.865s] Level 5:colcon.colcon_core.verb:set package 'depthai-ros' build argument 'cmake_force_configure' from command line to 'False'
[0.865s] Level 5:colcon.colcon_core.verb:set package 'depthai-ros' build argument 'ament_cmake_args' from command line to 'None'
[0.865s] Level 5:colcon.colcon_core.verb:set package 'depthai-ros' build argument 'catkin_cmake_args' from command line to 'None'
[0.865s] Level 5:colcon.colcon_core.verb:set package 'depthai-ros' build argument 'catkin_skip_building_tests' from command line to 'False'
[0.865s] DEBUG:colcon.colcon_core.verb:Building package 'depthai-ros' with the following arguments: {'ament_cmake_args': None, 'build_base': '/home/ugv/ugv_ros2_ws/build/depthai-ros', 'catkin_cmake_args': None, 'catkin_skip_building_tests': False, 'cmake_args': None, 'cmake_clean_cache': False, 'cmake_clean_first': False, 'cmake_force_configure': False, 'cmake_target': None, 'cmake_target_skip_unavailable': False, 'install_base': '/home/ugv/ugv_ros2_ws/install/depthai-ros', 'merge_install': False, 'path': '/home/ugv/ugv_ros2_ws/src/depthai-ros/depthai-ros', 'symlink_install': True, 'test_result_base': None}
[0.865s] INFO:colcon.colcon_core.executor:Executing jobs using 'parallel' executor
[0.867s] DEBUG:colcon.colcon_parallel_executor.executor.parallel:run_until_complete
[0.868s] INFO:colcon.colcon_ros.task.ament_cmake.build:Building ROS package in '/home/ugv/ugv_ros2_ws/src/ugv_msgs' with build type 'ament_cmake'
[0.868s] INFO:colcon.colcon_cmake.task.cmake.build:Building CMake package in '/home/ugv/ugv_ros2_ws/src/ugv_msgs'
[0.873s] INFO:colcon.colcon_core.plugin_system:Skipping extension 'colcon_core.shell.bat': Not used on non-Windows systems
[0.874s] INFO:colcon.colcon_core.shell:Skip shell extension 'powershell' for command environment: Not usable outside of PowerShell
[0.874s] DEBUG:colcon.colcon_core.shell:Skip shell extension 'dsv' for command environment
[0.883s] INFO:colcon.colcon_ros.task.ament_cmake.build:Building ROS package in '/home/ugv/ugv_ros2_ws/src/depthai-ros/depthai_examples' with build type 'ament_cmake'
[0.883s] INFO:colcon.colcon_cmake.task.cmake.build:Building CMake package in '/home/ugv/ugv_ros2_ws/src/depthai-ros/depthai_examples'
[0.884s] INFO:colcon.colcon_core.shell:Skip shell extension 'powershell' for command environment: Not usable outside of PowerShell
[0.884s] DEBUG:colcon.colcon_core.shell:Skip shell extension 'dsv' for command environment
[0.891s] WARNING:colcon.colcon_core.shell:The following packages are in the workspace but haven't been built:
- depthai_ros_msgs
- depthai_bridge
They are being used from the following locations instead:
- /opt/ros/humble
- /opt/ros/humble
To suppress this warning ignore these packages in the workspace:
--packages-ignore depthai_ros_msgs depthai_bridge
[0.894s] INFO:colcon.colcon_ros.task.ament_cmake.build:Building ROS package in '/home/ugv/ugv_ros2_ws/src/ntrip' with build type 'ament_cmake'
[0.894s] INFO:colcon.colcon_cmake.task.cmake.build:Building CMake package in '/home/ugv/ugv_ros2_ws/src/ntrip'
[0.894s] INFO:colcon.colcon_core.shell:Skip shell extension 'powershell' for command environment: Not usable outside of PowerShell
[0.895s] DEBUG:colcon.colcon_core.shell:Skip shell extension 'dsv' for command environment
[0.903s] INFO:colcon.colcon_ros.task.ament_cmake.build:Building ROS package in '/home/ugv/ugv_ros2_ws/src/xsens_mti_ros2_driver' with build type 'ament_cmake'
[0.903s] INFO:colcon.colcon_cmake.task.cmake.build:Building CMake package in '/home/ugv/ugv_ros2_ws/src/xsens_mti_ros2_driver'
[0.904s] INFO:colcon.colcon_core.shell:Skip shell extension 'powershell' for command environment: Not usable outside of PowerShell
[0.904s] DEBUG:colcon.colcon_core.shell:Skip shell extension 'dsv' for command environment
[0.920s] DEBUG:colcon.colcon_core.event_handler.log_command:Invoking command in '/home/ugv/ugv_ros2_ws/build/ugv_msgs': CMAKE_PREFIX_PATH=${CMAKE_PREFIX_PATH}:/home/ugv/ugv_ros2_ws/install/ugv_teleop:/home/ugv/ugv_ros2_ws/install/ugv_telemetry:/home/ugv/install/ugv_telemetry:/home/ugv/NGCP/NGCP_25_26/install/ngcp_ugv:/opt/ros/humble /usr/bin/cmake --build /home/ugv/ugv_ros2_ws/build/ugv_msgs -- -j6 -l6
[0.927s] DEBUG:colcon.colcon_core.event_handler.log_command:Invoking command in '/home/ugv/ugv_ros2_ws/build/depthai_examples': CMAKE_PREFIX_PATH=/home/ugv/ugv_ros2_ws/install/depthai_descriptions:/home/ugv/ugv_ros2_ws/install/ugv_msgs:/home/ugv/ugv_ros2_ws/install/depthai_ros_driver:/home/ugv/ugv_ros2_ws/install/depthai_bridge:/home/ugv/ugv_ros2_ws/install/depthai_ros_msgs:/home/ugv/NGCP/NGCP_25_26/install/ugv_msgs:/home/ugv/xsens_ros2_ws/install/xsens_mti_ros2_driver:/home/ugv/xsens_ros2_ws/install/ntrip:/home/ugv/ugv_ros2_ws/install/ugv_teleop:/home/ugv/ugv_ros2_ws/install/ugv_telemetry:/home/ugv/install/ugv_telemetry:/home/ugv/NGCP/NGCP_25_26/install/ngcp_ugv:/opt/ros/humble GAZEBO_MODEL_PATH=/home/ugv/ugv_ros2_ws/install/depthai_descriptions:${GAZEBO_MODEL_PATH} GAZEBO_RESOURCE_PATH=/home/ugv/ugv_ros2_ws/install/depthai_descriptions:${GAZEBO_RESOURCE_PATH} IGN_GAZEBO_MODEL_PATH=/home/ugv/ugv_ros2_ws/install/depthai_descriptions:${IGN_GAZEBO_MODEL_PATH} IGN_GAZEBO_RESOURCE_PATH=/home/ugv/ugv_ros2_ws/install/depthai_descriptions:${IGN_GAZEBO_RESOURCE_PATH} /usr/bin/cmake /home/ugv/ugv_ros2_ws/src/depthai-ros/depthai_examples -DAMENT_CMAKE_SYMLINK_INSTALL=1 -DCMAKE_INSTALL_PREFIX=/home/ugv/ugv_ros2_ws/install/depthai_examples
[0.933s] DEBUG:colcon.colcon_core.event_handler.log_command:Invoking command in '/home/ugv/ugv_ros2_ws/build/ntrip': CMAKE_PREFIX_PATH=${CMAKE_PREFIX_PATH}:/home/ugv/ugv_ros2_ws/install/ugv_teleop:/home/ugv/ugv_ros2_ws/install/ugv_telemetry:/home/ugv/install/ugv_telemetry:/home/ugv/NGCP/NGCP_25_26/install/ngcp_ugv:/opt/ros/humble /usr/bin/cmake --build /home/ugv/ugv_ros2_ws/build/ntrip -- -j6 -l6
[0.944s] DEBUG:colcon.colcon_core.event_handler.log_command:Invoking command in '/home/ugv/ugv_ros2_ws/build/xsens_mti_ros2_driver': CMAKE_PREFIX_PATH=${CMAKE_PREFIX_PATH}:/home/ugv/ugv_ros2_ws/install/ugv_teleop:/home/ugv/ugv_ros2_ws/install/ugv_telemetry:/home/ugv/install/ugv_telemetry:/home/ugv/NGCP/NGCP_25_26/install/ngcp_ugv:/opt/ros/humble /usr/bin/cmake --build /home/ugv/ugv_ros2_ws/build/xsens_mti_ros2_driver -- -j6 -l6
[2.754s] DEBUG:colcon.colcon_core.event_handler.log_command:Invoked command in '/home/ugv/ugv_ros2_ws/build/ugv_msgs' returned '0': CMAKE_PREFIX_PATH=${CMAKE_PREFIX_PATH}:/home/ugv/ugv_ros2_ws/install/ugv_teleop:/home/ugv/ugv_ros2_ws/install/ugv_telemetry:/home/ugv/install/ugv_telemetry:/home/ugv/NGCP/NGCP_25_26/install/ngcp_ugv:/opt/ros/humble /usr/bin/cmake --build /home/ugv/ugv_ros2_ws/build/ugv_msgs -- -j6 -l6
[2.797s] DEBUG:colcon.colcon_core.event_handler.log_command:Invoking command in '/home/ugv/ugv_ros2_ws/build/ugv_msgs': CMAKE_PREFIX_PATH=${CMAKE_PREFIX_PATH}:/home/ugv/ugv_ros2_ws/install/ugv_teleop:/home/ugv/ugv_ros2_ws/install/ugv_telemetry:/home/ugv/install/ugv_telemetry:/home/ugv/NGCP/NGCP_25_26/install/ngcp_ugv:/opt/ros/humble /usr/bin/cmake --install /home/ugv/ugv_ros2_ws/build/ugv_msgs
[7.471s] Level 1:colcon.colcon_core.environment:create_environment_scripts_only(ugv_msgs)
[7.477s] Level 1:colcon.colcon_core.environment:checking '/home/ugv/ugv_ros2_ws/install/ugv_msgs' for CMake module files
[7.477s] DEBUG:colcon.colcon_core.event_handler.log_command:Invoked command in '/home/ugv/ugv_ros2_ws/build/ugv_msgs' returned '0': CMAKE_PREFIX_PATH=${CMAKE_PREFIX_PATH}:/home/ugv/ugv_ros2_ws/install/ugv_teleop:/home/ugv/ugv_ros2_ws/install/ugv_telemetry:/home/ugv/install/ugv_telemetry:/home/ugv/NGCP/NGCP_25_26/install/ngcp_ugv:/opt/ros/humble /usr/bin/cmake --install /home/ugv/ugv_ros2_ws/build/ugv_msgs
[7.479s] Level 1:colcon.colcon_core.environment:checking '/home/ugv/ugv_ros2_ws/install/ugv_msgs' for CMake config files
[7.480s] Level 1:colcon.colcon_core.shell:create_environment_hook('ugv_msgs', 'cmake_prefix_path')
[7.486s] INFO:colcon.colcon_core.shell:Creating environment hook '/home/ugv/ugv_ros2_ws/install/ugv_msgs/share/ugv_msgs/hook/cmake_prefix_path.ps1'
[7.494s] INFO:colcon.colcon_core.shell:Creating environment descriptor '/home/ugv/ugv_ros2_ws/install/ugv_msgs/share/ugv_msgs/hook/cmake_prefix_path.dsv'
[7.495s] INFO:colcon.colcon_core.shell:Creating environment hook '/home/ugv/ugv_ros2_ws/install/ugv_msgs/share/ugv_msgs/hook/cmake_prefix_path.sh'
[7.497s] Level 1:colcon.colcon_core.environment:checking '/home/ugv/ugv_ros2_ws/install/ugv_msgs/lib'
[7.498s] Level 1:colcon.colcon_core.shell:create_environment_hook('ugv_msgs', 'ld_library_path_lib')
[7.498s] INFO:colcon.colcon_core.shell:Creating environment hook '/home/ugv/ugv_ros2_ws/install/ugv_msgs/share/ugv_msgs/hook/ld_library_path_lib.ps1'
[7.499s] INFO:colcon.colcon_core.shell:Creating environment descriptor '/home/ugv/ugv_ros2_ws/install/ugv_msgs/share/ugv_msgs/hook/ld_library_path_lib.dsv'
[7.500s] INFO:colcon.colcon_core.shell:Creating environment hook '/home/ugv/ugv_ros2_ws/install/ugv_msgs/share/ugv_msgs/hook/ld_library_path_lib.sh'
[7.518s] Level 1:colcon.colcon_core.environment:checking '/home/ugv/ugv_ros2_ws/install/ugv_msgs/bin'
[7.518s] Level 1:colcon.colcon_core.environment:checking '/home/ugv/ugv_ros2_ws/install/ugv_msgs/lib/pkgconfig/ugv_msgs.pc'
[7.519s] Level 1:colcon.colcon_core.environment:checking '/home/ugv/ugv_ros2_ws/install/ugv_msgs/lib/python3.10/site-packages'
[7.520s] Level 1:colcon.colcon_core.environment:checking '/home/ugv/ugv_ros2_ws/install/ugv_msgs/bin'
[7.521s] INFO:colcon.colcon_core.shell:Creating package script '/home/ugv/ugv_ros2_ws/install/ugv_msgs/share/ugv_msgs/package.ps1'
[7.537s] INFO:colcon.colcon_core.shell:Creating package descriptor '/home/ugv/ugv_ros2_ws/install/ugv_msgs/share/ugv_msgs/package.dsv'
[7.539s] INFO:colcon.colcon_core.shell:Creating package script '/home/ugv/ugv_ros2_ws/install/ugv_msgs/share/ugv_msgs/package.sh'
[7.541s] INFO:colcon.colcon_core.shell:Creating package script '/home/ugv/ugv_ros2_ws/install/ugv_msgs/share/ugv_msgs/package.bash'
[7.543s] INFO:colcon.colcon_core.shell:Creating package script '/home/ugv/ugv_ros2_ws/install/ugv_msgs/share/ugv_msgs/package.zsh'
[7.545s] Level 1:colcon.colcon_core.environment:create_file_with_runtime_dependencies(/home/ugv/ugv_ros2_ws/install/ugv_msgs/share/colcon-core/packages/ugv_msgs)
[7.547s] Level 1:colcon.colcon_core.environment:create_environment_scripts_only(ugv_msgs)
[7.547s] Level 1:colcon.colcon_core.environment:checking '/home/ugv/ugv_ros2_ws/install/ugv_msgs' for CMake module files
[7.561s] Level 1:colcon.colcon_core.environment:checking '/home/ugv/ugv_ros2_ws/install/ugv_msgs' for CMake config files
[7.562s] Level 1:colcon.colcon_core.shell:create_environment_hook('ugv_msgs', 'cmake_prefix_path')
[7.563s] INFO:colcon.colcon_core.shell:Creating environment hook '/home/ugv/ugv_ros2_ws/install/ugv_msgs/share/ugv_msgs/hook/cmake_prefix_path.ps1'
[7.565s] INFO:colcon.colcon_core.shell:Creating environment descriptor '/home/ugv/ugv_ros2_ws/install/ugv_msgs/share/ugv_msgs/hook/cmake_prefix_path.dsv'
[7.566s] INFO:colcon.colcon_core.shell:Creating environment hook '/home/ugv/ugv_ros2_ws/install/ugv_msgs/share/ugv_msgs/hook/cmake_prefix_path.sh'
[7.568s] Level 1:colcon.colcon_core.environment:checking '/home/ugv/ugv_ros2_ws/install/ugv_msgs/lib'
[7.568s] Level 1:colcon.colcon_core.shell:create_environment_hook('ugv_msgs', 'ld_library_path_lib')
[7.569s] INFO:colcon.colcon_core.shell:Creating environment hook '/home/ugv/ugv_ros2_ws/install/ugv_msgs/share/ugv_msgs/hook/ld_library_path_lib.ps1'
[7.570s] INFO:colcon.colcon_core.shell:Creating environment descriptor '/home/ugv/ugv_ros2_ws/install/ugv_msgs/share/ugv_msgs/hook/ld_library_path_lib.dsv'
[7.571s] INFO:colcon.colcon_core.shell:Creating environment hook '/home/ugv/ugv_ros2_ws/install/ugv_msgs/share/ugv_msgs/hook/ld_library_path_lib.sh'
[7.583s] Level 1:colcon.colcon_core.environment:checking '/home/ugv/ugv_ros2_ws/install/ugv_msgs/bin'
[7.584s] Level 1:colcon.colcon_core.environment:checking '/home/ugv/ugv_ros2_ws/install/ugv_msgs/lib/pkgconfig/ugv_msgs.pc'
[7.584s] Level 1:colcon.colcon_core.environment:checking '/home/ugv/ugv_ros2_ws/install/ugv_msgs/lib/python3.10/site-packages'
[7.585s] Level 1:colcon.colcon_core.environment:checking '/home/ugv/ugv_ros2_ws/install/ugv_msgs/bin'
[7.586s] INFO:colcon.colcon_core.shell:Creating package script '/home/ugv/ugv_ros2_ws/install/ugv_msgs/share/ugv_msgs/package.ps1'
[7.605s] INFO:colcon.colcon_core.shell:Creating package descriptor '/home/ugv/ugv_ros2_ws/install/ugv_msgs/share/ugv_msgs/package.dsv'
[7.607s] INFO:colcon.colcon_core.shell:Creating package script '/home/ugv/ugv_ros2_ws/install/ugv_msgs/share/ugv_msgs/package.sh'
[7.608s] INFO:colcon.colcon_core.shell:Creating package script '/home/ugv/ugv_ros2_ws/install/ugv_msgs/share/ugv_msgs/package.bash'
[7.610s] INFO:colcon.colcon_core.shell:Creating package script '/home/ugv/ugv_ros2_ws/install/ugv_msgs/share/ugv_msgs/package.zsh'
[7.611s] Level 1:colcon.colcon_core.environment:create_file_with_runtime_dependencies(/home/ugv/ugv_ros2_ws/install/ugv_msgs/share/colcon-core/packages/ugv_msgs)
[7.632s] INFO:colcon.colcon_ros.task.ament_python.build:Building ROS package in '/home/ugv/ugv_ros2_ws/src/ugv_telemetry' with build type 'ament_python'
[7.634s] Level 1:colcon.colcon_core.shell:create_environment_hook('ugv_telemetry', 'ament_prefix_path')
[7.635s] INFO:colcon.colcon_core.shell:Creating environment hook '/home/ugv/ugv_ros2_ws/install/ugv_telemetry/share/ugv_telemetry/hook/ament_prefix_path.ps1'
[7.636s] INFO:colcon.colcon_core.shell:Creating environment descriptor '/home/ugv/ugv_ros2_ws/install/ugv_telemetry/share/ugv_telemetry/hook/ament_prefix_path.dsv'
[7.649s] INFO:colcon.colcon_core.shell:Creating environment hook '/home/ugv/ugv_ros2_ws/install/ugv_telemetry/share/ugv_telemetry/hook/ament_prefix_path.sh'
[7.651s] INFO:colcon.colcon_core.shell:Skip shell extension 'powershell' for command environment: Not usable outside of PowerShell
[7.651s] DEBUG:colcon.colcon_core.shell:Skip shell extension 'dsv' for command environment
[7.725s] INFO:colcon.colcon_ros.task.ament_python.build:Building ROS package in '/home/ugv/ugv_ros2_ws/src/ugv_teleop' with build type 'ament_python'
[7.725s] Level 1:colcon.colcon_core.shell:create_environment_hook('ugv_teleop', 'ament_prefix_path')
[7.726s] INFO:colcon.colcon_core.shell:Creating environment hook '/home/ugv/ugv_ros2_ws/install/ugv_teleop/share/ugv_teleop/hook/ament_prefix_path.ps1'
[7.728s] INFO:colcon.colcon_core.shell:Creating environment descriptor '/home/ugv/ugv_ros2_ws/install/ugv_teleop/share/ugv_teleop/hook/ament_prefix_path.dsv'
[7.730s] INFO:colcon.colcon_core.shell:Creating environment hook '/home/ugv/ugv_ros2_ws/install/ugv_teleop/share/ugv_teleop/hook/ament_prefix_path.sh'
[7.731s] INFO:colcon.colcon_core.shell:Skip shell extension 'powershell' for command environment: Not usable outside of PowerShell
[7.732s] DEBUG:colcon.colcon_core.shell:Skip shell extension 'dsv' for command environment
[8.780s] INFO:colcon.colcon_core.task.python.build:Building Python package in '/home/ugv/ugv_ros2_ws/src/ugv_telemetry'
[8.781s] INFO:colcon.colcon_core.shell:Skip shell extension 'powershell' for command environment: Not usable outside of PowerShell
[8.781s] DEBUG:colcon.colcon_core.shell:Skip shell extension 'dsv' for command environment
[9.647s] INFO:colcon.colcon_core.task.python.build:Building Python package in '/home/ugv/ugv_ros2_ws/src/ugv_teleop'
[9.647s] INFO:colcon.colcon_core.shell:Skip shell extension 'powershell' for command environment: Not usable outside of PowerShell
[9.648s] DEBUG:colcon.colcon_core.shell:Skip shell extension 'dsv' for command environment
[9.700s] DEBUG:colcon.colcon_core.event_handler.log_command:Invoked command in '/home/ugv/ugv_ros2_ws/build/depthai_examples' returned '0': CMAKE_PREFIX_PATH=/home/ugv/ugv_ros2_ws/install/depthai_descriptions:/home/ugv/ugv_ros2_ws/install/ugv_msgs:/home/ugv/ugv_ros2_ws/install/depthai_ros_driver:/home/ugv/ugv_ros2_ws/install/depthai_bridge:/home/ugv/ugv_ros2_ws/install/depthai_ros_msgs:/home/ugv/NGCP/NGCP_25_26/install/ugv_msgs:/home/ugv/xsens_ros2_ws/install/xsens_mti_ros2_driver:/home/ugv/xsens_ros2_ws/install/ntrip:/home/ugv/ugv_ros2_ws/install/ugv_teleop:/home/ugv/ugv_ros2_ws/install/ugv_telemetry:/home/ugv/install/ugv_telemetry:/home/ugv/NGCP/NGCP_25_26/install/ngcp_ugv:/opt/ros/humble GAZEBO_MODEL_PATH=/home/ugv/ugv_ros2_ws/install/depthai_descriptions:${GAZEBO_MODEL_PATH} GAZEBO_RESOURCE_PATH=/home/ugv/ugv_ros2_ws/install/depthai_descriptions:${GAZEBO_RESOURCE_PATH} IGN_GAZEBO_MODEL_PATH=/home/ugv/ugv_ros2_ws/install/depthai_descriptions:${IGN_GAZEBO_MODEL_PATH} IGN_GAZEBO_RESOURCE_PATH=/home/ugv/ugv_ros2_ws/install/depthai_descriptions:${IGN_GAZEBO_RESOURCE_PATH} /usr/bin/cmake /home/ugv/ugv_ros2_ws/src/depthai-ros/depthai_examples -DAMENT_CMAKE_SYMLINK_INSTALL=1 -DCMAKE_INSTALL_PREFIX=/home/ugv/ugv_ros2_ws/install/depthai_examples
[9.701s] DEBUG:colcon.colcon_core.event_handler.log_command:Invoking command in '/home/ugv/ugv_ros2_ws/build/depthai_examples': CMAKE_PREFIX_PATH=/home/ugv/ugv_ros2_ws/install/depthai_descriptions:/home/ugv/ugv_ros2_ws/install/ugv_msgs:/home/ugv/ugv_ros2_ws/install/depthai_ros_driver:/home/ugv/ugv_ros2_ws/install/depthai_bridge:/home/ugv/ugv_ros2_ws/install/depthai_ros_msgs:/home/ugv/NGCP/NGCP_25_26/install/ugv_msgs:/home/ugv/xsens_ros2_ws/install/xsens_mti_ros2_driver:/home/ugv/xsens_ros2_ws/install/ntrip:/home/ugv/ugv_ros2_ws/install/ugv_teleop:/home/ugv/ugv_ros2_ws/install/ugv_telemetry:/home/ugv/install/ugv_telemetry:/home/ugv/NGCP/NGCP_25_26/install/ngcp_ugv:/opt/ros/humble GAZEBO_MODEL_PATH=/home/ugv/ugv_ros2_ws/install/depthai_descriptions:${GAZEBO_MODEL_PATH} GAZEBO_RESOURCE_PATH=/home/ugv/ugv_ros2_ws/install/depthai_descriptions:${GAZEBO_RESOURCE_PATH} IGN_GAZEBO_MODEL_PATH=/home/ugv/ugv_ros2_ws/install/depthai_descriptions:${IGN_GAZEBO_MODEL_PATH} IGN_GAZEBO_RESOURCE_PATH=/home/ugv/ugv_ros2_ws/install/depthai_descriptions:${IGN_GAZEBO_RESOURCE_PATH} /usr/bin/cmake --build /home/ugv/ugv_ros2_ws/build/depthai_examples -- -j6 -l6
[14.402s] DEBUG:colcon.colcon_core.event_handler.log_command:Invoking command in '/home/ugv/ugv_ros2_ws/build/ugv_telemetry': PYTHONPATH=/home/ugv/ugv_ros2_ws/build/ugv_telemetry/prefix_override:/usr/lib/python3/dist-packages/colcon_core/task/python/colcon_distutils_commands:/home/ugv/ugv_ros2_ws/install/ugv_telemetry/lib/python3.10/site-packages:${PYTHONPATH} /usr/bin/python3 -W ignore:setup.py install is deprecated -W ignore:easy_install command is deprecated setup.py develop --editable --build-directory /home/ugv/ugv_ros2_ws/build/ugv_telemetry/build --no-deps symlink_data
[14.535s] DEBUG:colcon.colcon_core.event_handler.log_command:Invoking command in '/home/ugv/ugv_ros2_ws/build/ugv_teleop': PYTHONPATH=/home/ugv/ugv_ros2_ws/build/ugv_teleop/prefix_override:/usr/lib/python3/dist-packages/colcon_core/task/python/colcon_distutils_commands:/home/ugv/ugv_ros2_ws/install/ugv_teleop/lib/python3.10/site-packages:${PYTHONPATH} /usr/bin/python3 -W ignore:setup.py install is deprecated -W ignore:easy_install command is deprecated setup.py develop --editable --build-directory /home/ugv/ugv_ros2_ws/build/ugv_teleop/build --no-deps symlink_data
[18.069s] Level 1:colcon.colcon_core.shell:create_environment_hook('ugv_telemetry', 'pythonpath_develop')
[18.070s] INFO:colcon.colcon_core.shell:Creating environment hook '/home/ugv/ugv_ros2_ws/build/ugv_telemetry/share/ugv_telemetry/hook/pythonpath_develop.ps1'
[18.071s] INFO:colcon.colcon_core.shell:Creating environment descriptor '/home/ugv/ugv_ros2_ws/build/ugv_telemetry/share/ugv_telemetry/hook/pythonpath_develop.dsv'
[18.072s] INFO:colcon.colcon_core.shell:Creating environment hook '/home/ugv/ugv_ros2_ws/build/ugv_telemetry/share/ugv_telemetry/hook/pythonpath_develop.sh'
[18.073s] DEBUG:colcon.colcon_core.event_handler.log_command:Invoked command in '/home/ugv/ugv_ros2_ws/build/ugv_telemetry' returned '0': PYTHONPATH=/home/ugv/ugv_ros2_ws/build/ugv_telemetry/prefix_override:/usr/lib/python3/dist-packages/colcon_core/task/python/colcon_distutils_commands:/home/ugv/ugv_ros2_ws/install/ugv_telemetry/lib/python3.10/site-packages:${PYTHONPATH} /usr/bin/python3 -W ignore:setup.py install is deprecated -W ignore:easy_install command is deprecated setup.py develop --editable --build-directory /home/ugv/ugv_ros2_ws/build/ugv_telemetry/build --no-deps symlink_data
[18.075s] Level 1:colcon.colcon_core.environment:checking '/home/ugv/ugv_ros2_ws/install/ugv_telemetry' for CMake module files
[18.080s] Level 1:colcon.colcon_core.environment:checking '/home/ugv/ugv_ros2_ws/install/ugv_telemetry' for CMake config files
[18.082s] Level 1:colcon.colcon_core.environment:checking '/home/ugv/ugv_ros2_ws/install/ugv_telemetry/lib'
[18.082s] Level 1:colcon.colcon_core.environment:checking '/home/ugv/ugv_ros2_ws/install/ugv_telemetry/bin'
[18.082s] Level 1:colcon.colcon_core.environment:checking '/home/ugv/ugv_ros2_ws/install/ugv_telemetry/lib/pkgconfig/ugv_telemetry.pc'
[18.083s] Level 1:colcon.colcon_core.environment:checking '/home/ugv/ugv_ros2_ws/install/ugv_telemetry/lib/python3.10/site-packages'
[18.083s] Level 1:colcon.colcon_core.shell:create_environment_hook('ugv_telemetry', 'pythonpath')
[18.083s] INFO:colcon.colcon_core.shell:Creating environment hook '/home/ugv/ugv_ros2_ws/install/ugv_telemetry/share/ugv_telemetry/hook/pythonpath.ps1'
[18.085s] INFO:colcon.colcon_core.shell:Creating environment descriptor '/home/ugv/ugv_ros2_ws/install/ugv_telemetry/share/ugv_telemetry/hook/pythonpath.dsv'
[18.086s] INFO:colcon.colcon_core.shell:Creating environment hook '/home/ugv/ugv_ros2_ws/install/ugv_telemetry/share/ugv_telemetry/hook/pythonpath.sh'
[18.088s] Level 1:colcon.colcon_core.environment:checking '/home/ugv/ugv_ros2_ws/install/ugv_telemetry/bin'
[18.088s] Level 1:colcon.colcon_core.environment:create_environment_scripts_only(ugv_telemetry)
[18.114s] INFO:colcon.colcon_core.shell:Creating package script '/home/ugv/ugv_ros2_ws/install/ugv_telemetry/share/ugv_telemetry/package.ps1'
[18.116s] INFO:colcon.colcon_core.shell:Creating package descriptor '/home/ugv/ugv_ros2_ws/install/ugv_telemetry/share/ugv_telemetry/package.dsv'
[18.117s] INFO:colcon.colcon_core.shell:Creating package script '/home/ugv/ugv_ros2_ws/install/ugv_telemetry/share/ugv_telemetry/package.sh'
[18.118s] INFO:colcon.colcon_core.shell:Creating package script '/home/ugv/ugv_ros2_ws/install/ugv_telemetry/share/ugv_telemetry/package.bash'
[18.119s] INFO:colcon.colcon_core.shell:Creating package script '/home/ugv/ugv_ros2_ws/install/ugv_telemetry/share/ugv_telemetry/package.zsh'
[18.120s] Level 1:colcon.colcon_core.environment:create_file_with_runtime_dependencies(/home/ugv/ugv_ros2_ws/install/ugv_telemetry/share/colcon-core/packages/ugv_telemetry)
[18.617s] Level 1:colcon.colcon_core.shell:create_environment_hook('ugv_teleop', 'pythonpath_develop')
[18.618s] INFO:colcon.colcon_core.shell:Creating environment hook '/home/ugv/ugv_ros2_ws/build/ugv_teleop/share/ugv_teleop/hook/pythonpath_develop.ps1'
[18.619s] DEBUG:colcon.colcon_core.event_handler.log_command:Invoked command in '/home/ugv/ugv_ros2_ws/build/ugv_teleop' returned '0': PYTHONPATH=/home/ugv/ugv_ros2_ws/build/ugv_teleop/prefix_override:/usr/lib/python3/dist-packages/colcon_core/task/python/colcon_distutils_commands:/home/ugv/ugv_ros2_ws/install/ugv_teleop/lib/python3.10/site-packages:${PYTHONPATH} /usr/bin/python3 -W ignore:setup.py install is deprecated -W ignore:easy_install command is deprecated setup.py develop --editable --build-directory /home/ugv/ugv_ros2_ws/build/ugv_teleop/build --no-deps symlink_data
[18.620s] INFO:colcon.colcon_core.shell:Creating environment descriptor '/home/ugv/ugv_ros2_ws/build/ugv_teleop/share/ugv_teleop/hook/pythonpath_develop.dsv'
[18.621s] INFO:colcon.colcon_core.shell:Creating environment hook '/home/ugv/ugv_ros2_ws/build/ugv_teleop/share/ugv_teleop/hook/pythonpath_develop.sh'
[18.623s] Level 1:colcon.colcon_core.environment:checking '/home/ugv/ugv_ros2_ws/install/ugv_teleop' for CMake module files
[18.624s] Level 1:colcon.colcon_core.environment:checking '/home/ugv/ugv_ros2_ws/install/ugv_teleop' for CMake config files
[18.625s] Level 1:colcon.colcon_core.environment:checking '/home/ugv/ugv_ros2_ws/install/ugv_teleop/lib'
[18.625s] Level 1:colcon.colcon_core.environment:checking '/home/ugv/ugv_ros2_ws/install/ugv_teleop/bin'
[18.625s] Level 1:colcon.colcon_core.environment:checking '/home/ugv/ugv_ros2_ws/install/ugv_teleop/lib/pkgconfig/ugv_teleop.pc'
[18.626s] Level 1:colcon.colcon_core.environment:checking '/home/ugv/ugv_ros2_ws/install/ugv_teleop/lib/python3.10/site-packages'
[18.626s] Level 1:colcon.colcon_core.shell:create_environment_hook('ugv_teleop', 'pythonpath')
[18.627s] INFO:colcon.colcon_core.shell:Creating environment hook '/home/ugv/ugv_ros2_ws/install/ugv_teleop/share/ugv_teleop/hook/pythonpath.ps1'
[18.628s] INFO:colcon.colcon_core.shell:Creating environment descriptor '/home/ugv/ugv_ros2_ws/install/ugv_teleop/share/ugv_teleop/hook/pythonpath.dsv'
[18.629s] INFO:colcon.colcon_core.shell:Creating environment hook '/home/ugv/ugv_ros2_ws/install/ugv_teleop/share/ugv_teleop/hook/pythonpath.sh'
[18.635s] Level 1:colcon.colcon_core.environment:checking '/home/ugv/ugv_ros2_ws/install/ugv_teleop/bin'
[18.635s] Level 1:colcon.colcon_core.environment:create_environment_scripts_only(ugv_teleop)
[18.636s] INFO:colcon.colcon_core.shell:Creating package script '/home/ugv/ugv_ros2_ws/install/ugv_teleop/share/ugv_teleop/package.ps1'
[18.641s] INFO:colcon.colcon_core.shell:Creating package descriptor '/home/ugv/ugv_ros2_ws/install/ugv_teleop/share/ugv_teleop/package.dsv'
[18.647s] INFO:colcon.colcon_core.shell:Creating package script '/home/ugv/ugv_ros2_ws/install/ugv_teleop/share/ugv_teleop/package.sh'
[18.648s] INFO:colcon.colcon_core.shell:Creating package script '/home/ugv/ugv_ros2_ws/install/ugv_teleop/share/ugv_teleop/package.bash'
[18.649s] INFO:colcon.colcon_core.shell:Creating package script '/home/ugv/ugv_ros2_ws/install/ugv_teleop/share/ugv_teleop/package.zsh'
[18.654s] Level 1:colcon.colcon_core.environment:create_file_with_runtime_dependencies(/home/ugv/ugv_ros2_ws/install/ugv_teleop/share/colcon-core/packages/ugv_teleop)
