running egg_info
creating ../build/ugv_telemetry/ugv_telemetry.egg-info
writing ../build/ugv_telemetry/ugv_telemetry.egg-info/PKG-INFO
writing dependency_links to ../build/ugv_telemetry/ugv_telemetry.egg-info/dependency_links.txt
writing entry points to ../build/ugv_telemetry/ugv_telemetry.egg-info/entry_points.txt
writing requirements to ../build/ugv_telemetry/ugv_telemetry.egg-info/requires.txt
writing top-level names to ../build/ugv_telemetry/ugv_telemetry.egg-info/top_level.txt
writing manifest file '../build/ugv_telemetry/ugv_telemetry.egg-info/SOURCES.txt'
reading manifest file '../build/ugv_telemetry/ugv_telemetry.egg-info/SOURCES.txt'
writing manifest file '../build/ugv_telemetry/ugv_telemetry.egg-info/SOURCES.txt'
running build
running build_py
creating /home/ugv/ugv_ros2_ws/src/build/ugv_telemetry/build
creating /home/ugv/ugv_ros2_ws/src/build/ugv_telemetry/build/lib
creating /home/ugv/ugv_ros2_ws/src/build/ugv_telemetry/build/lib/ugv_telemetry
copying ugv_telemetry/__init__.py -> /home/ugv/ugv_ros2_ws/src/build/ugv_telemetry/build/lib/ugv_telemetry
copying ugv_telemetry/telemetry_sub.py -> /home/ugv/ugv_ros2_ws/src/build/ugv_telemetry/build/lib/ugv_telemetry
copying ugv_telemetry/xsens_data_conversion.py -> /home/ugv/ugv_ros2_ws/src/build/ugv_telemetry/build/lib/ugv_telemetry
running install
running install_lib
creating /home/ugv/ugv_ros2_ws/src/install/ugv_telemetry/lib/python3.10/site-packages/ugv_telemetry
copying /home/ugv/ugv_ros2_ws/src/build/ugv_telemetry/build/lib/ugv_telemetry/__init__.py -> /home/ugv/ugv_ros2_ws/src/install/ugv_telemetry/lib/python3.10/site-packages/ugv_telemetry
copying /home/ugv/ugv_ros2_ws/src/build/ugv_telemetry/build/lib/ugv_telemetry/telemetry_sub.py -> /home/ugv/ugv_ros2_ws/src/install/ugv_telemetry/lib/python3.10/site-packages/ugv_telemetry
copying /home/ugv/ugv_ros2_ws/src/build/ugv_telemetry/build/lib/ugv_telemetry/xsens_data_conversion.py -> /home/ugv/ugv_ros2_ws/src/install/ugv_telemetry/lib/python3.10/site-packages/ugv_telemetry
byte-compiling /home/ugv/ugv_ros2_ws/src/install/ugv_telemetry/lib/python3.10/site-packages/ugv_telemetry/__init__.py to __init__.cpython-310.pyc
byte-compiling /home/ugv/ugv_ros2_ws/src/install/ugv_telemetry/lib/python3.10/site-packages/ugv_telemetry/telemetry_sub.py to telemetry_sub.cpython-310.pyc
byte-compiling /home/ugv/ugv_ros2_ws/src/install/ugv_telemetry/lib/python3.10/site-packages/ugv_telemetry/xsens_data_conversion.py to xsens_data_conversion.cpython-310.pyc
running install_data
creating /home/ugv/ugv_ros2_ws/src/install/ugv_telemetry/share/ament_index
creating /home/ugv/ugv_ros2_ws/src/install/ugv_telemetry/share/ament_index/resource_index
creating /home/ugv/ugv_ros2_ws/src/install/ugv_telemetry/share/ament_index/resource_index/packages
copying resource/ugv_telemetry -> /home/ugv/ugv_ros2_ws/src/install/ugv_telemetry/share/ament_index/resource_index/packages
copying package.xml -> /home/ugv/ugv_ros2_ws/src/install/ugv_telemetry/share/ugv_telemetry
creating /home/ugv/ugv_ros2_ws/src/install/ugv_telemetry/share/ugv_telemetry/launch
copying launch/ugv_telemetry.launch.py -> /home/ugv/ugv_ros2_ws/src/install/ugv_telemetry/share/ugv_telemetry/launch
running install_egg_info
Copying ../build/ugv_telemetry/ugv_telemetry.egg-info to /home/ugv/ugv_ros2_ws/src/install/ugv_telemetry/lib/python3.10/site-packages/ugv_telemetry-0.0.0-py3.10.egg-info
running install_scripts
Installing telemetry_sub script to /home/ugv/ugv_ros2_ws/src/install/ugv_telemetry/lib/ugv_telemetry
Installing xsens_data_conversion script to /home/ugv/ugv_ros2_ws/src/install/ugv_telemetry/lib/ugv_telemetry
writing list of installed files to '/home/ugv/ugv_ros2_ws/src/build/ugv_telemetry/install.log'
