[1.400s] Invoking command in '/home/ugv/ugv_ros2_ws/src/ugv_telemetry': PYTHONPATH=/home/ugv/ugv_ros2_ws/src/build/ugv_telemetry/prefix_override:/usr/lib/python3/dist-packages/colcon_core/task/python/colcon_distutils_commands:/home/ugv/ugv_ros2_ws/src/install/ugv_telemetry/lib/python3.10/site-packages:${PYTHONPATH} /usr/bin/python3 -W ignore:setup.py install is deprecated -W ignore:easy_install command is deprecated setup.py egg_info --egg-base ../build/ugv_telemetry build --build-base /home/ugv/ugv_ros2_ws/src/build/ugv_telemetry/build install --record /home/ugv/ugv_ros2_ws/src/build/ugv_telemetry/install.log --single-version-externally-managed install_data
[1.916s] running egg_info
[1.917s] creating ../build/ugv_telemetry/ugv_telemetry.egg-info
[1.917s] writing ../build/ugv_telemetry/ugv_telemetry.egg-info/PKG-INFO
[1.918s] writing dependency_links to ../build/ugv_telemetry/ugv_telemetry.egg-info/dependency_links.txt
[1.918s] writing entry points to ../build/ugv_telemetry/ugv_telemetry.egg-info/entry_points.txt
[1.918s] writing requirements to ../build/ugv_telemetry/ugv_telemetry.egg-info/requires.txt
[1.919s] writing top-level names to ../build/ugv_telemetry/ugv_telemetry.egg-info/top_level.txt
[1.919s] writing manifest file '../build/ugv_telemetry/ugv_telemetry.egg-info/SOURCES.txt'
[1.922s] reading manifest file '../build/ugv_telemetry/ugv_telemetry.egg-info/SOURCES.txt'
[1.924s] writing manifest file '../build/ugv_telemetry/ugv_telemetry.egg-info/SOURCES.txt'
[1.924s] running build
[1.924s] running build_py
[1.924s] creating /home/ugv/ugv_ros2_ws/src/build/ugv_telemetry/build
[1.924s] creating /home/ugv/ugv_ros2_ws/src/build/ugv_telemetry/build/lib
[1.925s] creating /home/ugv/ugv_ros2_ws/src/build/ugv_telemetry/build/lib/ugv_telemetry
[1.925s] copying ugv_telemetry/__init__.py -> /home/ugv/ugv_ros2_ws/src/build/ugv_telemetry/build/lib/ugv_telemetry
[1.925s] copying ugv_telemetry/telemetry_sub.py -> /home/ugv/ugv_ros2_ws/src/build/ugv_telemetry/build/lib/ugv_telemetry
[1.925s] copying ugv_telemetry/xsens_data_conversion.py -> /home/ugv/ugv_ros2_ws/src/build/ugv_telemetry/build/lib/ugv_telemetry
[1.926s] running install
[1.926s] running install_lib
[1.930s] creating /home/ugv/ugv_ros2_ws/src/install/ugv_telemetry/lib/python3.10/site-packages/ugv_telemetry
[1.930s] copying /home/ugv/ugv_ros2_ws/src/build/ugv_telemetry/build/lib/ugv_telemetry/__init__.py -> /home/ugv/ugv_ros2_ws/src/install/ugv_telemetry/lib/python3.10/site-packages/ugv_telemetry
[1.931s] copying /home/ugv/ugv_ros2_ws/src/build/ugv_telemetry/build/lib/ugv_telemetry/telemetry_sub.py -> /home/ugv/ugv_ros2_ws/src/install/ugv_telemetry/lib/python3.10/site-packages/ugv_telemetry
[1.931s] copying /home/ugv/ugv_ros2_ws/src/build/ugv_telemetry/build/lib/ugv_telemetry/xsens_data_conversion.py -> /home/ugv/ugv_ros2_ws/src/install/ugv_telemetry/lib/python3.10/site-packages/ugv_telemetry
[1.932s] byte-compiling /home/ugv/ugv_ros2_ws/src/install/ugv_telemetry/lib/python3.10/site-packages/ugv_telemetry/__init__.py to __init__.cpython-310.pyc
[1.933s] byte-compiling /home/ugv/ugv_ros2_ws/src/install/ugv_telemetry/lib/python3.10/site-packages/ugv_telemetry/telemetry_sub.py to telemetry_sub.cpython-310.pyc
[1.934s] byte-compiling /home/ugv/ugv_ros2_ws/src/install/ugv_telemetry/lib/python3.10/site-packages/ugv_telemetry/xsens_data_conversion.py to xsens_data_conversion.cpython-310.pyc
[1.935s] running install_data
[1.935s] creating /home/ugv/ugv_ros2_ws/src/install/ugv_telemetry/share/ament_index
[1.935s] creating /home/ugv/ugv_ros2_ws/src/install/ugv_telemetry/share/ament_index/resource_index
[1.936s] creating /home/ugv/ugv_ros2_ws/src/install/ugv_telemetry/share/ament_index/resource_index/packages
[1.936s] copying resource/ugv_telemetry -> /home/ugv/ugv_ros2_ws/src/install/ugv_telemetry/share/ament_index/resource_index/packages
[1.936s] copying package.xml -> /home/ugv/ugv_ros2_ws/src/install/ugv_telemetry/share/ugv_telemetry
[1.937s] creating /home/ugv/ugv_ros2_ws/src/install/ugv_telemetry/share/ugv_telemetry/launch
[1.937s] copying launch/ugv_telemetry.launch.py -> /home/ugv/ugv_ros2_ws/src/install/ugv_telemetry/share/ugv_telemetry/launch
[1.937s] running install_egg_info
[1.941s] Copying ../build/ugv_telemetry/ugv_telemetry.egg-info to /home/ugv/ugv_ros2_ws/src/install/ugv_telemetry/lib/python3.10/site-packages/ugv_telemetry-0.0.0-py3.10.egg-info
[1.943s] running install_scripts
[1.985s] Installing telemetry_sub script to /home/ugv/ugv_ros2_ws/src/install/ugv_telemetry/lib/ugv_telemetry
[1.985s] Installing xsens_data_conversion script to /home/ugv/ugv_ros2_ws/src/install/ugv_telemetry/lib/ugv_telemetry
[1.985s] writing list of installed files to '/home/ugv/ugv_ros2_ws/src/build/ugv_telemetry/install.log'
[2.055s] Invoked command in '/home/ugv/ugv_ros2_ws/src/ugv_telemetry' returned '0': PYTHONPATH=/home/ugv/ugv_ros2_ws/src/build/ugv_telemetry/prefix_override:/usr/lib/python3/dist-packages/colcon_core/task/python/colcon_distutils_commands:/home/ugv/ugv_ros2_ws/src/install/ugv_telemetry/lib/python3.10/site-packages:${PYTHONPATH} /usr/bin/python3 -W ignore:setup.py install is deprecated -W ignore:easy_install command is deprecated setup.py egg_info --egg-base ../build/ugv_telemetry build --build-base /home/ugv/ugv_ros2_ws/src/build/ugv_telemetry/build install --record /home/ugv/ugv_ros2_ws/src/build/ugv_telemetry/install.log --single-version-externally-managed install_data
