[0.019s] Invoking command in '/home/ugv/NGCP/NGCP_25_26/ugv-integration-2526/build/ugv_msgs': CMAKE_PREFIX_PATH=/opt/ros/humble /usr/bin/cmake /home/ugv/NGCP/NGCP_25_26/ugv-integration-2526/src/ugv_msgs -DCMAKE_INSTALL_PREFIX=/home/ugv/NGCP/NGCP_25_26/ugv-integration-2526/install/ugv_msgs
[0.132s] -- The C compiler identification is GNU 11.4.0
[0.275s] -- The CXX compiler identification is GNU 11.4.0
[0.299s] -- Detecting C compiler ABI info
[0.482s] -- Detecting C compiler ABI info - done
[0.506s] -- Check for working C compiler: /usr/bin/cc - skipped
[0.507s] -- Detecting C compile features
[0.508s] -- Detecting C compile features - done
[0.519s] -- Detecting CXX compiler ABI info
[0.710s] -- Detecting CXX compiler ABI info - done
[0.735s] -- Check for working CXX compiler: /usr/bin/c++ - skipped
[0.736s] -- Detecting CXX compile features
[0.736s] -- Detecting CXX compile features - done
[0.741s] -- Found ament_cmake: 1.3.12 (/opt/ros/humble/share/ament_cmake/cmake)
[1.093s] -- Found Python3: /usr/bin/python3 (found version "3.10.12") found components: Interpreter 
[1.298s] -- Found rosidl_default_generators: 1.2.0 (/opt/ros/humble/share/rosidl_default_generators/cmake)
[1.305s] -- Using all available rosidl_typesupport_c: rosidl_typesupport_fastrtps_c;rosidl_typesupport_introspection_c
[1.320s] -- Found rosidl_adapter: 3.1.7 (/opt/ros/humble/share/rosidl_adapter/cmake)
[1.397s] -- Using all available rosidl_typesupport_cpp: rosidl_typesupport_fastrtps_cpp;rosidl_typesupport_introspection_cpp
[2.012s] -- Found ament_cmake_ros: 0.10.0 (/opt/ros/humble/share/ament_cmake_ros/cmake)
[2.464s] -- Using all available rosidl_typesupport_c: rosidl_typesupport_fastrtps_c;rosidl_typesupport_introspection_c
[3.048s] -- Using all available rosidl_typesupport_cpp: rosidl_typesupport_fastrtps_cpp;rosidl_typesupport_introspection_cpp
[3.107s] -- Found PythonInterp: /usr/bin/python3 (found suitable version "3.10.12", minimum required is "3.6") 
[3.109s] -- Found python_cmake_module: 0.10.0 (/opt/ros/humble/share/python_cmake_module/cmake)
[3.171s] -- Found PythonLibs: /usr/lib/aarch64-linux-gnu/libpython3.10.so (found suitable version "3.10.12", minimum required is "3.5") 
[3.172s] -- Using PYTHON_EXECUTABLE: /usr/bin/python3
[3.172s] -- Using PYTHON_INCLUDE_DIRS: /usr/include/python3.10
[3.172s] -- Using PYTHON_LIBRARIES: /usr/lib/aarch64-linux-gnu/libpython3.10.so
[3.224s] -- Found PythonExtra: .so  
[3.302s] -- Found ament_lint_auto: 0.12.14 (/opt/ros/humble/share/ament_lint_auto/cmake)
[3.342s] -- Added test 'lint_cmake' to check CMake code style
[3.344s] -- Added test 'xmllint' to check XML markup files
[3.350s] -- Configuring done
[3.411s] -- Generating done
[3.430s] -- Build files have been written to: /home/ugv/NGCP/NGCP_25_26/ugv-integration-2526/build/ugv_msgs
[3.447s] Invoked command in '/home/ugv/NGCP/NGCP_25_26/ugv-integration-2526/build/ugv_msgs' returned '0': CMAKE_PREFIX_PATH=/opt/ros/humble /usr/bin/cmake /home/ugv/NGCP/NGCP_25_26/ugv-integration-2526/src/ugv_msgs -DCMAKE_INSTALL_PREFIX=/home/ugv/NGCP/NGCP_25_26/ugv-integration-2526/install/ugv_msgs
[3.452s] Invoking command in '/home/ugv/NGCP/NGCP_25_26/ugv-integration-2526/build/ugv_msgs': CMAKE_PREFIX_PATH=/opt/ros/humble /usr/bin/cmake --build /home/ugv/NGCP/NGCP_25_26/ugv-integration-2526/build/ugv_msgs -- -j6 -l6
[3.546s] [  2%] [34m[1mGenerating C code for ROS interfaces[0m
[3.566s] [  5%] [34m[1mGenerating C++ code for ROS interfaces[0m
[3.588s] [  5%] Built target ament_cmake_python_copy_ugv_msgs
[4.104s] running egg_info
[4.105s] creating ugv_msgs.egg-info
[4.106s] writing ugv_msgs.egg-info/PKG-INFO
[4.106s] writing dependency_links to ugv_msgs.egg-info/dependency_links.txt
[4.107s] writing top-level names to ugv_msgs.egg-info/top_level.txt
[4.107s] writing manifest file 'ugv_msgs.egg-info/SOURCES.txt'
[4.112s] reading manifest file 'ugv_msgs.egg-info/SOURCES.txt'
[4.114s] writing manifest file 'ugv_msgs.egg-info/SOURCES.txt'
[4.194s] [ 10%] [32mBuilding C object CMakeFiles/ugv_msgs__rosidl_generator_c.dir/rosidl_generator_c/ugv_msgs/msg/detail/man_ctrl__functions.c.o[0m
[4.195s] [ 10%] [32mBuilding C object CMakeFiles/ugv_msgs__rosidl_generator_c.dir/rosidl_generator_c/ugv_msgs/msg/detail/auto_ctrl__functions.c.o[0m
[4.196s] [ 10%] Built target ament_cmake_python_build_ugv_msgs_egg
[4.197s] [ 10%] Built target ugv_msgs__cpp
[4.220s] [ 15%] [34m[1mGenerating C++ introspection for ROS interfaces[0m
[4.221s] [ 15%] [34m[1mGenerating C++ type support for eProsima Fast-RTPS[0m
[4.221s] [ 17%] [34m[1mGenerating C++ type support dispatch for ROS interfaces[0m
[4.304s] [ 20%] [32m[1mLinking C shared library libugv_msgs__rosidl_generator_c.so[0m
[4.384s] [ 20%] Built target ugv_msgs__rosidl_generator_c
[4.405s] [ 25%] [34m[1mGenerating C introspection for ROS interfaces[0m
[4.405s] [ 28%] [34m[1mGenerating C type support for eProsima Fast-RTPS[0m
[4.405s] [ 28%] [34m[1mGenerating C type support dispatch for ROS interfaces[0m
[4.728s] [ 30%] [32mBuilding CXX object CMakeFiles/ugv_msgs__rosidl_typesupport_cpp.dir/rosidl_typesupport_cpp/ugv_msgs/msg/man_ctrl__type_support.cpp.o[0m
[4.815s] [ 33%] [32mBuilding CXX object CMakeFiles/ugv_msgs__rosidl_typesupport_introspection_cpp.dir/rosidl_typesupport_introspection_cpp/ugv_msgs/msg/detail/man_ctrl__type_support.cpp.o[0m
[4.901s] [ 35%] [32mBuilding CXX object CMakeFiles/ugv_msgs__rosidl_typesupport_fastrtps_cpp.dir/rosidl_typesupport_fastrtps_cpp/ugv_msgs/msg/detail/dds_fastrtps/man_ctrl__type_support.cpp.o[0m
[4.926s] [ 38%] [32mBuilding CXX object CMakeFiles/ugv_msgs__rosidl_typesupport_c.dir/rosidl_typesupport_c/ugv_msgs/msg/man_ctrl__type_support.cpp.o[0m
[5.003s] [ 41%] [32mBuilding CXX object CMakeFiles/ugv_msgs__rosidl_typesupport_c.dir/rosidl_typesupport_c/ugv_msgs/msg/auto_ctrl__type_support.cpp.o[0m
[5.021s] [ 43%] [32mBuilding C object CMakeFiles/ugv_msgs__rosidl_typesupport_introspection_c.dir/rosidl_typesupport_introspection_c/ugv_msgs/msg/detail/man_ctrl__type_support.c.o[0m
[5.067s] [ 48%] [32m[1mLinking CXX shared library libugv_msgs__rosidl_typesupport_c.so[0m
[5.067s] [ 48%] [32mBuilding CXX object CMakeFiles/ugv_msgs__rosidl_typesupport_fastrtps_c.dir/rosidl_typesupport_fastrtps_c/ugv_msgs/msg/detail/man_ctrl__type_support_c.cpp.o[0m
[5.094s] [ 51%] [32mBuilding C object CMakeFiles/ugv_msgs__rosidl_typesupport_introspection_c.dir/rosidl_typesupport_introspection_c/ugv_msgs/msg/detail/auto_ctrl__type_support.c.o[0m
[5.155s] [ 51%] Built target ugv_msgs__rosidl_typesupport_c
[5.162s] [ 53%] [32m[1mLinking C shared library libugv_msgs__rosidl_typesupport_introspection_c.so[0m
[5.174s] [ 56%] [32mBuilding CXX object CMakeFiles/ugv_msgs__rosidl_typesupport_fastrtps_cpp.dir/rosidl_typesupport_fastrtps_cpp/ugv_msgs/msg/detail/dds_fastrtps/auto_ctrl__type_support.cpp.o[0m
[5.219s] [ 56%] Built target ugv_msgs__rosidl_typesupport_introspection_c
[5.236s] [ 58%] [32mBuilding CXX object CMakeFiles/ugv_msgs__rosidl_typesupport_introspection_cpp.dir/rosidl_typesupport_introspection_cpp/ugv_msgs/msg/detail/auto_ctrl__type_support.cpp.o[0m
[5.394s] [ 61%] [32mBuilding CXX object CMakeFiles/ugv_msgs__rosidl_typesupport_cpp.dir/rosidl_typesupport_cpp/ugv_msgs/msg/auto_ctrl__type_support.cpp.o[0m
[5.693s] [ 64%] [32mBuilding CXX object CMakeFiles/ugv_msgs__rosidl_typesupport_fastrtps_c.dir/rosidl_typesupport_fastrtps_c/ugv_msgs/msg/detail/auto_ctrl__type_support_c.cpp.o[0m
[5.993s] [ 66%] [32m[1mLinking CXX shared library libugv_msgs__rosidl_typesupport_cpp.so[0m
[6.073s] [ 66%] Built target ugv_msgs__rosidl_typesupport_cpp
[6.084s] [ 71%] [32m[1mLinking CXX shared library libugv_msgs__rosidl_typesupport_introspection_cpp.so[0m
[6.084s] [ 71%] [32m[1mLinking CXX shared library libugv_msgs__rosidl_typesupport_fastrtps_cpp.so[0m
[6.229s] [ 71%] Built target ugv_msgs__rosidl_typesupport_introspection_cpp
[6.243s] [ 71%] Built target ugv_msgs__rosidl_typesupport_fastrtps_cpp
[6.451s] [ 74%] [32m[1mLinking CXX shared library libugv_msgs__rosidl_typesupport_fastrtps_c.so[0m
[6.624s] [ 74%] Built target ugv_msgs__rosidl_typesupport_fastrtps_c
[6.679s] [ 74%] Built target ugv_msgs
[6.729s] [ 76%] [34m[1mGenerating Python code for ROS interfaces[0m
[7.482s] [ 76%] Built target ugv_msgs__py
[7.525s] [ 82%] [32mBuilding C object CMakeFiles/ugv_msgs__rosidl_generator_py.dir/rosidl_generator_py/ugv_msgs/msg/_auto_ctrl_s.c.o[0m
[7.525s] [ 82%] [32mBuilding C object CMakeFiles/ugv_msgs__rosidl_generator_py.dir/rosidl_generator_py/ugv_msgs/msg/_man_ctrl_s.c.o[0m
[7.755s] [ 84%] [32m[1mLinking C shared library rosidl_generator_py/ugv_msgs/libugv_msgs__rosidl_generator_py.so[0m
[7.847s] [ 84%] Built target ugv_msgs__rosidl_generator_py
[7.890s] [ 89%] [32mBuilding C object CMakeFiles/ugv_msgs__rosidl_typesupport_introspection_c__pyext.dir/rosidl_generator_py/ugv_msgs/_ugv_msgs_s.ep.rosidl_typesupport_introspection_c.c.o[0m
[7.890s] [ 89%] [32mBuilding C object CMakeFiles/ugv_msgs__rosidl_typesupport_c__pyext.dir/rosidl_generator_py/ugv_msgs/_ugv_msgs_s.ep.rosidl_typesupport_c.c.o[0m
[7.895s] [ 92%] [32mBuilding C object CMakeFiles/ugv_msgs__rosidl_typesupport_fastrtps_c__pyext.dir/rosidl_generator_py/ugv_msgs/_ugv_msgs_s.ep.rosidl_typesupport_fastrtps_c.c.o[0m
[8.085s] [ 97%] [32m[1mLinking C shared library rosidl_generator_py/ugv_msgs/ugv_msgs_s__rosidl_typesupport_introspection_c.cpython-310-aarch64-linux-gnu.so[0m
[8.085s] [ 97%] [32m[1mLinking C shared library rosidl_generator_py/ugv_msgs/ugv_msgs_s__rosidl_typesupport_c.cpython-310-aarch64-linux-gnu.so[0m
[8.100s] [100%] [32m[1mLinking C shared library rosidl_generator_py/ugv_msgs/ugv_msgs_s__rosidl_typesupport_fastrtps_c.cpython-310-aarch64-linux-gnu.so[0m
[8.160s] [100%] Built target ugv_msgs__rosidl_typesupport_c__pyext
[8.161s] [100%] Built target ugv_msgs__rosidl_typesupport_introspection_c__pyext
[8.178s] [100%] Built target ugv_msgs__rosidl_typesupport_fastrtps_c__pyext
[8.212s] Invoked command in '/home/ugv/NGCP/NGCP_25_26/ugv-integration-2526/build/ugv_msgs' returned '0': CMAKE_PREFIX_PATH=/opt/ros/humble /usr/bin/cmake --build /home/ugv/NGCP/NGCP_25_26/ugv-integration-2526/build/ugv_msgs -- -j6 -l6
[8.241s] Invoking command in '/home/ugv/NGCP/NGCP_25_26/ugv-integration-2526/build/ugv_msgs': CMAKE_PREFIX_PATH=/opt/ros/humble /usr/bin/cmake --install /home/ugv/NGCP/NGCP_25_26/ugv-integration-2526/build/ugv_msgs
[8.263s] -- Install configuration: ""
[8.265s] -- Installing: /home/ugv/NGCP/NGCP_25_26/ugv-integration-2526/install/ugv_msgs/share/ament_index/resource_index/rosidl_interfaces/ugv_msgs
[8.266s] -- Installing: /home/ugv/NGCP/NGCP_25_26/ugv-integration-2526/install/ugv_msgs/include/ugv_msgs/ugv_msgs
[8.266s] -- Installing: /home/ugv/NGCP/NGCP_25_26/ugv-integration-2526/install/ugv_msgs/include/ugv_msgs/ugv_msgs/msg
[8.267s] -- Installing: /home/ugv/NGCP/NGCP_25_26/ugv-integration-2526/install/ugv_msgs/include/ugv_msgs/ugv_msgs/msg/man_ctrl.h
[8.267s] -- Installing: /home/ugv/NGCP/NGCP_25_26/ugv-integration-2526/install/ugv_msgs/include/ugv_msgs/ugv_msgs/msg/rosidl_generator_c__visibility_control.h
[8.267s] -- Installing: /home/ugv/NGCP/NGCP_25_26/ugv-integration-2526/install/ugv_msgs/include/ugv_msgs/ugv_msgs/msg/auto_ctrl.h
[8.268s] -- Installing: /home/ugv/NGCP/NGCP_25_26/ugv-integration-2526/install/ugv_msgs/include/ugv_msgs/ugv_msgs/msg/detail
[8.268s] -- Installing: /home/ugv/NGCP/NGCP_25_26/ugv-integration-2526/install/ugv_msgs/include/ugv_msgs/ugv_msgs/msg/detail/man_ctrl__struct.h
[8.269s] -- Installing: /home/ugv/NGCP/NGCP_25_26/ugv-integration-2526/install/ugv_msgs/include/ugv_msgs/ugv_msgs/msg/detail/man_ctrl__functions.c
[8.269s] -- Installing: /home/ugv/NGCP/NGCP_25_26/ugv-integration-2526/install/ugv_msgs/include/ugv_msgs/ugv_msgs/msg/detail/auto_ctrl__type_support.h
[8.269s] -- Installing: /home/ugv/NGCP/NGCP_25_26/ugv-integration-2526/install/ugv_msgs/include/ugv_msgs/ugv_msgs/msg/detail/man_ctrl__type_support.h
[8.270s] -- Installing: /home/ugv/NGCP/NGCP_25_26/ugv-integration-2526/install/ugv_msgs/include/ugv_msgs/ugv_msgs/msg/detail/auto_ctrl__struct.h
[8.270s] -- Installing: /home/ugv/NGCP/NGCP_25_26/ugv-integration-2526/install/ugv_msgs/include/ugv_msgs/ugv_msgs/msg/detail/auto_ctrl__functions.h
[8.270s] -- Installing: /home/ugv/NGCP/NGCP_25_26/ugv-integration-2526/install/ugv_msgs/include/ugv_msgs/ugv_msgs/msg/detail/auto_ctrl__functions.c
[8.271s] -- Installing: /home/ugv/NGCP/NGCP_25_26/ugv-integration-2526/install/ugv_msgs/include/ugv_msgs/ugv_msgs/msg/detail/man_ctrl__functions.h
[8.271s] -- Installing: /home/ugv/NGCP/NGCP_25_26/ugv-integration-2526/install/ugv_msgs/share/ugv_msgs/environment/library_path.sh
[8.272s] -- Installing: /home/ugv/NGCP/NGCP_25_26/ugv-integration-2526/install/ugv_msgs/share/ugv_msgs/environment/library_path.dsv
[8.272s] -- Installing: /home/ugv/NGCP/NGCP_25_26/ugv-integration-2526/install/ugv_msgs/lib/libugv_msgs__rosidl_generator_c.so
[8.273s] -- Set runtime path of "/home/ugv/NGCP/NGCP_25_26/ugv-integration-2526/install/ugv_msgs/lib/libugv_msgs__rosidl_generator_c.so" to ""
[8.274s] -- Up-to-date: /home/ugv/NGCP/NGCP_25_26/ugv-integration-2526/install/ugv_msgs/include/ugv_msgs/ugv_msgs
[8.274s] -- Up-to-date: /home/ugv/NGCP/NGCP_25_26/ugv-integration-2526/install/ugv_msgs/include/ugv_msgs/ugv_msgs/msg
[8.274s] -- Installing: /home/ugv/NGCP/NGCP_25_26/ugv-integration-2526/install/ugv_msgs/include/ugv_msgs/ugv_msgs/msg/rosidl_typesupport_fastrtps_c__visibility_control.h
[8.274s] -- Up-to-date: /home/ugv/NGCP/NGCP_25_26/ugv-integration-2526/install/ugv_msgs/include/ugv_msgs/ugv_msgs/msg/detail
[8.274s] -- Installing: /home/ugv/NGCP/NGCP_25_26/ugv-integration-2526/install/ugv_msgs/include/ugv_msgs/ugv_msgs/msg/detail/man_ctrl__rosidl_typesupport_fastrtps_c.h
[8.274s] -- Installing: /home/ugv/NGCP/NGCP_25_26/ugv-integration-2526/install/ugv_msgs/include/ugv_msgs/ugv_msgs/msg/detail/auto_ctrl__rosidl_typesupport_fastrtps_c.h
[8.274s] -- Installing: /home/ugv/NGCP/NGCP_25_26/ugv-integration-2526/install/ugv_msgs/lib/libugv_msgs__rosidl_typesupport_fastrtps_c.so
[8.276s] -- Set runtime path of "/home/ugv/NGCP/NGCP_25_26/ugv-integration-2526/install/ugv_msgs/lib/libugv_msgs__rosidl_typesupport_fastrtps_c.so" to ""
[8.276s] -- Up-to-date: /home/ugv/NGCP/NGCP_25_26/ugv-integration-2526/install/ugv_msgs/include/ugv_msgs/ugv_msgs
[8.276s] -- Up-to-date: /home/ugv/NGCP/NGCP_25_26/ugv-integration-2526/install/ugv_msgs/include/ugv_msgs/ugv_msgs/msg
[8.277s] -- Installing: /home/ugv/NGCP/NGCP_25_26/ugv-integration-2526/install/ugv_msgs/include/ugv_msgs/ugv_msgs/msg/rosidl_typesupport_introspection_c__visibility_control.h
[8.277s] -- Up-to-date: /home/ugv/NGCP/NGCP_25_26/ugv-integration-2526/install/ugv_msgs/include/ugv_msgs/ugv_msgs/msg/detail
[8.277s] -- Installing: /home/ugv/NGCP/NGCP_25_26/ugv-integration-2526/install/ugv_msgs/include/ugv_msgs/ugv_msgs/msg/detail/man_ctrl__rosidl_typesupport_introspection_c.h
[8.277s] -- Installing: /home/ugv/NGCP/NGCP_25_26/ugv-integration-2526/install/ugv_msgs/include/ugv_msgs/ugv_msgs/msg/detail/man_ctrl__type_support.c
[8.277s] -- Installing: /home/ugv/NGCP/NGCP_25_26/ugv-integration-2526/install/ugv_msgs/include/ugv_msgs/ugv_msgs/msg/detail/auto_ctrl__type_support.c
[8.277s] -- Installing: /home/ugv/NGCP/NGCP_25_26/ugv-integration-2526/install/ugv_msgs/include/ugv_msgs/ugv_msgs/msg/detail/auto_ctrl__rosidl_typesupport_introspection_c.h
[8.277s] -- Installing: /home/ugv/NGCP/NGCP_25_26/ugv-integration-2526/install/ugv_msgs/lib/libugv_msgs__rosidl_typesupport_introspection_c.so
[8.278s] -- Set runtime path of "/home/ugv/NGCP/NGCP_25_26/ugv-integration-2526/install/ugv_msgs/lib/libugv_msgs__rosidl_typesupport_introspection_c.so" to ""
[8.278s] -- Installing: /home/ugv/NGCP/NGCP_25_26/ugv-integration-2526/install/ugv_msgs/lib/libugv_msgs__rosidl_typesupport_c.so
[8.279s] -- Set runtime path of "/home/ugv/NGCP/NGCP_25_26/ugv-integration-2526/install/ugv_msgs/lib/libugv_msgs__rosidl_typesupport_c.so" to ""
[8.279s] -- Up-to-date: /home/ugv/NGCP/NGCP_25_26/ugv-integration-2526/install/ugv_msgs/include/ugv_msgs/ugv_msgs
[8.279s] -- Up-to-date: /home/ugv/NGCP/NGCP_25_26/ugv-integration-2526/install/ugv_msgs/include/ugv_msgs/ugv_msgs/msg
[8.279s] -- Installing: /home/ugv/NGCP/NGCP_25_26/ugv-integration-2526/install/ugv_msgs/include/ugv_msgs/ugv_msgs/msg/man_ctrl.hpp
[8.279s] -- Installing: /home/ugv/NGCP/NGCP_25_26/ugv-integration-2526/install/ugv_msgs/include/ugv_msgs/ugv_msgs/msg/auto_ctrl.hpp
[8.280s] -- Installing: /home/ugv/NGCP/NGCP_25_26/ugv-integration-2526/install/ugv_msgs/include/ugv_msgs/ugv_msgs/msg/rosidl_generator_cpp__visibility_control.hpp
[8.280s] -- Up-to-date: /home/ugv/NGCP/NGCP_25_26/ugv-integration-2526/install/ugv_msgs/include/ugv_msgs/ugv_msgs/msg/detail
[8.280s] -- Installing: /home/ugv/NGCP/NGCP_25_26/ugv-integration-2526/install/ugv_msgs/include/ugv_msgs/ugv_msgs/msg/detail/man_ctrl__struct.hpp
[8.280s] -- Installing: /home/ugv/NGCP/NGCP_25_26/ugv-integration-2526/install/ugv_msgs/include/ugv_msgs/ugv_msgs/msg/detail/auto_ctrl__builder.hpp
[8.280s] -- Installing: /home/ugv/NGCP/NGCP_25_26/ugv-integration-2526/install/ugv_msgs/include/ugv_msgs/ugv_msgs/msg/detail/man_ctrl__builder.hpp
[8.280s] -- Installing: /home/ugv/NGCP/NGCP_25_26/ugv-integration-2526/install/ugv_msgs/include/ugv_msgs/ugv_msgs/msg/detail/auto_ctrl__type_support.hpp
[8.281s] -- Installing: /home/ugv/NGCP/NGCP_25_26/ugv-integration-2526/install/ugv_msgs/include/ugv_msgs/ugv_msgs/msg/detail/auto_ctrl__struct.hpp
[8.281s] -- Installing: /home/ugv/NGCP/NGCP_25_26/ugv-integration-2526/install/ugv_msgs/include/ugv_msgs/ugv_msgs/msg/detail/auto_ctrl__traits.hpp
[8.281s] -- Installing: /home/ugv/NGCP/NGCP_25_26/ugv-integration-2526/install/ugv_msgs/include/ugv_msgs/ugv_msgs/msg/detail/man_ctrl__traits.hpp
[8.281s] -- Installing: /home/ugv/NGCP/NGCP_25_26/ugv-integration-2526/install/ugv_msgs/include/ugv_msgs/ugv_msgs/msg/detail/man_ctrl__type_support.hpp
[8.282s] -- Up-to-date: /home/ugv/NGCP/NGCP_25_26/ugv-integration-2526/install/ugv_msgs/include/ugv_msgs/ugv_msgs
[8.282s] -- Up-to-date: /home/ugv/NGCP/NGCP_25_26/ugv-integration-2526/install/ugv_msgs/include/ugv_msgs/ugv_msgs/msg
[8.282s] -- Installing: /home/ugv/NGCP/NGCP_25_26/ugv-integration-2526/install/ugv_msgs/include/ugv_msgs/ugv_msgs/msg/rosidl_typesupport_fastrtps_cpp__visibility_control.h
[8.282s] -- Up-to-date: /home/ugv/NGCP/NGCP_25_26/ugv-integration-2526/install/ugv_msgs/include/ugv_msgs/ugv_msgs/msg/detail
[8.282s] -- Installing: /home/ugv/NGCP/NGCP_25_26/ugv-integration-2526/install/ugv_msgs/include/ugv_msgs/ugv_msgs/msg/detail/dds_fastrtps
[8.282s] -- Installing: /home/ugv/NGCP/NGCP_25_26/ugv-integration-2526/install/ugv_msgs/include/ugv_msgs/ugv_msgs/msg/detail/man_ctrl__rosidl_typesupport_fastrtps_cpp.hpp
[8.283s] -- Installing: /home/ugv/NGCP/NGCP_25_26/ugv-integration-2526/install/ugv_msgs/include/ugv_msgs/ugv_msgs/msg/detail/auto_ctrl__rosidl_typesupport_fastrtps_cpp.hpp
[8.283s] -- Installing: /home/ugv/NGCP/NGCP_25_26/ugv-integration-2526/install/ugv_msgs/lib/libugv_msgs__rosidl_typesupport_fastrtps_cpp.so
[8.284s] -- Set runtime path of "/home/ugv/NGCP/NGCP_25_26/ugv-integration-2526/install/ugv_msgs/lib/libugv_msgs__rosidl_typesupport_fastrtps_cpp.so" to ""
[8.284s] -- Up-to-date: /home/ugv/NGCP/NGCP_25_26/ugv-integration-2526/install/ugv_msgs/include/ugv_msgs/ugv_msgs
[8.284s] -- Up-to-date: /home/ugv/NGCP/NGCP_25_26/ugv-integration-2526/install/ugv_msgs/include/ugv_msgs/ugv_msgs/msg
[8.285s] -- Up-to-date: /home/ugv/NGCP/NGCP_25_26/ugv-integration-2526/install/ugv_msgs/include/ugv_msgs/ugv_msgs/msg/detail
[8.285s] -- Installing: /home/ugv/NGCP/NGCP_25_26/ugv-integration-2526/install/ugv_msgs/include/ugv_msgs/ugv_msgs/msg/detail/auto_ctrl__type_support.cpp
[8.285s] -- Installing: /home/ugv/NGCP/NGCP_25_26/ugv-integration-2526/install/ugv_msgs/include/ugv_msgs/ugv_msgs/msg/detail/man_ctrl__type_support.cpp
[8.286s] -- Installing: /home/ugv/NGCP/NGCP_25_26/ugv-integration-2526/install/ugv_msgs/include/ugv_msgs/ugv_msgs/msg/detail/man_ctrl__rosidl_typesupport_introspection_cpp.hpp
[8.286s] -- Installing: /home/ugv/NGCP/NGCP_25_26/ugv-integration-2526/install/ugv_msgs/include/ugv_msgs/ugv_msgs/msg/detail/auto_ctrl__rosidl_typesupport_introspection_cpp.hpp
[8.286s] -- Installing: /home/ugv/NGCP/NGCP_25_26/ugv-integration-2526/install/ugv_msgs/lib/libugv_msgs__rosidl_typesupport_introspection_cpp.so
[8.286s] -- Set runtime path of "/home/ugv/NGCP/NGCP_25_26/ugv-integration-2526/install/ugv_msgs/lib/libugv_msgs__rosidl_typesupport_introspection_cpp.so" to ""
[8.286s] -- Installing: /home/ugv/NGCP/NGCP_25_26/ugv-integration-2526/install/ugv_msgs/lib/libugv_msgs__rosidl_typesupport_cpp.so
[8.287s] -- Set runtime path of "/home/ugv/NGCP/NGCP_25_26/ugv-integration-2526/install/ugv_msgs/lib/libugv_msgs__rosidl_typesupport_cpp.so" to ""
[8.287s] -- Installing: /home/ugv/NGCP/NGCP_25_26/ugv-integration-2526/install/ugv_msgs/share/ugv_msgs/environment/pythonpath.sh
[8.287s] -- Installing: /home/ugv/NGCP/NGCP_25_26/ugv-integration-2526/install/ugv_msgs/share/ugv_msgs/environment/pythonpath.dsv
[8.287s] -- Installing: /home/ugv/NGCP/NGCP_25_26/ugv-integration-2526/install/ugv_msgs/local/lib/python3.10/dist-packages/ugv_msgs-0.0.0-py3.10.egg-info
[8.288s] -- Installing: /home/ugv/NGCP/NGCP_25_26/ugv-integration-2526/install/ugv_msgs/local/lib/python3.10/dist-packages/ugv_msgs-0.0.0-py3.10.egg-info/PKG-INFO
[8.288s] -- Installing: /home/ugv/NGCP/NGCP_25_26/ugv-integration-2526/install/ugv_msgs/local/lib/python3.10/dist-packages/ugv_msgs-0.0.0-py3.10.egg-info/top_level.txt
[8.288s] -- Installing: /home/ugv/NGCP/NGCP_25_26/ugv-integration-2526/install/ugv_msgs/local/lib/python3.10/dist-packages/ugv_msgs-0.0.0-py3.10.egg-info/SOURCES.txt
[8.288s] -- Installing: /home/ugv/NGCP/NGCP_25_26/ugv-integration-2526/install/ugv_msgs/local/lib/python3.10/dist-packages/ugv_msgs-0.0.0-py3.10.egg-info/dependency_links.txt
[8.289s] -- Installing: /home/ugv/NGCP/NGCP_25_26/ugv-integration-2526/install/ugv_msgs/local/lib/python3.10/dist-packages/ugv_msgs
[8.289s] -- Installing: /home/ugv/NGCP/NGCP_25_26/ugv-integration-2526/install/ugv_msgs/local/lib/python3.10/dist-packages/ugv_msgs/_ugv_msgs_s.ep.rosidl_typesupport_c.c
[8.289s] -- Installing: /home/ugv/NGCP/NGCP_25_26/ugv-integration-2526/install/ugv_msgs/local/lib/python3.10/dist-packages/ugv_msgs/__init__.py
[8.289s] -- Installing: /home/ugv/NGCP/NGCP_25_26/ugv-integration-2526/install/ugv_msgs/local/lib/python3.10/dist-packages/ugv_msgs/ugv_msgs_s__rosidl_typesupport_fastrtps_c.cpython-310-aarch64-linux-gnu.so
[8.290s] -- Installing: /home/ugv/NGCP/NGCP_25_26/ugv-integration-2526/install/ugv_msgs/local/lib/python3.10/dist-packages/ugv_msgs/ugv_msgs_s__rosidl_typesupport_introspection_c.cpython-310-aarch64-linux-gnu.so
[8.290s] -- Installing: /home/ugv/NGCP/NGCP_25_26/ugv-integration-2526/install/ugv_msgs/local/lib/python3.10/dist-packages/ugv_msgs/_ugv_msgs_s.ep.rosidl_typesupport_fastrtps_c.c
[8.290s] -- Installing: /home/ugv/NGCP/NGCP_25_26/ugv-integration-2526/install/ugv_msgs/local/lib/python3.10/dist-packages/ugv_msgs/_ugv_msgs_s.ep.rosidl_typesupport_introspection_c.c
[8.290s] -- Installing: /home/ugv/NGCP/NGCP_25_26/ugv-integration-2526/install/ugv_msgs/local/lib/python3.10/dist-packages/ugv_msgs/msg
[8.290s] -- Installing: /home/ugv/NGCP/NGCP_25_26/ugv-integration-2526/install/ugv_msgs/local/lib/python3.10/dist-packages/ugv_msgs/msg/_auto_ctrl_s.c
[8.291s] -- Installing: /home/ugv/NGCP/NGCP_25_26/ugv-integration-2526/install/ugv_msgs/local/lib/python3.10/dist-packages/ugv_msgs/msg/__init__.py
[8.291s] -- Installing: /home/ugv/NGCP/NGCP_25_26/ugv-integration-2526/install/ugv_msgs/local/lib/python3.10/dist-packages/ugv_msgs/msg/_auto_ctrl.py
[8.291s] -- Installing: /home/ugv/NGCP/NGCP_25_26/ugv-integration-2526/install/ugv_msgs/local/lib/python3.10/dist-packages/ugv_msgs/msg/_man_ctrl.py
[8.291s] -- Installing: /home/ugv/NGCP/NGCP_25_26/ugv-integration-2526/install/ugv_msgs/local/lib/python3.10/dist-packages/ugv_msgs/msg/_man_ctrl_s.c
[8.292s] -- Installing: /home/ugv/NGCP/NGCP_25_26/ugv-integration-2526/install/ugv_msgs/local/lib/python3.10/dist-packages/ugv_msgs/ugv_msgs_s__rosidl_typesupport_c.cpython-310-aarch64-linux-gnu.so
[8.292s] -- Installing: /home/ugv/NGCP/NGCP_25_26/ugv-integration-2526/install/ugv_msgs/local/lib/python3.10/dist-packages/ugv_msgs/libugv_msgs__rosidl_generator_py.so
[8.368s] Listing '/home/ugv/NGCP/NGCP_25_26/ugv-integration-2526/install/ugv_msgs/local/lib/python3.10/dist-packages/ugv_msgs'...
[8.369s] Compiling '/home/ugv/NGCP/NGCP_25_26/ugv-integration-2526/install/ugv_msgs/local/lib/python3.10/dist-packages/ugv_msgs/__init__.py'...
[8.369s] Listing '/home/ugv/NGCP/NGCP_25_26/ugv-integration-2526/install/ugv_msgs/local/lib/python3.10/dist-packages/ugv_msgs/msg'...
[8.369s] Compiling '/home/ugv/NGCP/NGCP_25_26/ugv-integration-2526/install/ugv_msgs/local/lib/python3.10/dist-packages/ugv_msgs/msg/__init__.py'...
[8.369s] Compiling '/home/ugv/NGCP/NGCP_25_26/ugv-integration-2526/install/ugv_msgs/local/lib/python3.10/dist-packages/ugv_msgs/msg/_auto_ctrl.py'...
[8.369s] Compiling '/home/ugv/NGCP/NGCP_25_26/ugv-integration-2526/install/ugv_msgs/local/lib/python3.10/dist-packages/ugv_msgs/msg/_man_ctrl.py'...
[8.381s] -- Installing: /home/ugv/NGCP/NGCP_25_26/ugv-integration-2526/install/ugv_msgs/local/lib/python3.10/dist-packages/ugv_msgs/ugv_msgs_s__rosidl_typesupport_fastrtps_c.cpython-310-aarch64-linux-gnu.so
[8.382s] -- Set runtime path of "/home/ugv/NGCP/NGCP_25_26/ugv-integration-2526/install/ugv_msgs/local/lib/python3.10/dist-packages/ugv_msgs/ugv_msgs_s__rosidl_typesupport_fastrtps_c.cpython-310-aarch64-linux-gnu.so" to ""
[8.382s] -- Installing: /home/ugv/NGCP/NGCP_25_26/ugv-integration-2526/install/ugv_msgs/local/lib/python3.10/dist-packages/ugv_msgs/ugv_msgs_s__rosidl_typesupport_introspection_c.cpython-310-aarch64-linux-gnu.so
[8.383s] -- Set runtime path of "/home/ugv/NGCP/NGCP_25_26/ugv-integration-2526/install/ugv_msgs/local/lib/python3.10/dist-packages/ugv_msgs/ugv_msgs_s__rosidl_typesupport_introspection_c.cpython-310-aarch64-linux-gnu.so" to ""
[8.384s] -- Installing: /home/ugv/NGCP/NGCP_25_26/ugv-integration-2526/install/ugv_msgs/local/lib/python3.10/dist-packages/ugv_msgs/ugv_msgs_s__rosidl_typesupport_c.cpython-310-aarch64-linux-gnu.so
[8.384s] -- Set runtime path of "/home/ugv/NGCP/NGCP_25_26/ugv-integration-2526/install/ugv_msgs/local/lib/python3.10/dist-packages/ugv_msgs/ugv_msgs_s__rosidl_typesupport_c.cpython-310-aarch64-linux-gnu.so" to ""
[8.385s] -- Installing: /home/ugv/NGCP/NGCP_25_26/ugv-integration-2526/install/ugv_msgs/lib/libugv_msgs__rosidl_generator_py.so
[8.385s] -- Set runtime path of "/home/ugv/NGCP/NGCP_25_26/ugv-integration-2526/install/ugv_msgs/lib/libugv_msgs__rosidl_generator_py.so" to ""
[8.386s] -- Installing: /home/ugv/NGCP/NGCP_25_26/ugv-integration-2526/install/ugv_msgs/share/ugv_msgs/msg/ManCtrl.idl
[8.386s] -- Installing: /home/ugv/NGCP/NGCP_25_26/ugv-integration-2526/install/ugv_msgs/share/ugv_msgs/msg/AutoCtrl.idl
[8.386s] -- Installing: /home/ugv/NGCP/NGCP_25_26/ugv-integration-2526/install/ugv_msgs/share/ugv_msgs/msg/ManCtrl.msg
[8.387s] -- Installing: /home/ugv/NGCP/NGCP_25_26/ugv-integration-2526/install/ugv_msgs/share/ugv_msgs/msg/AutoCtrl.msg
[8.387s] -- Installing: /home/ugv/NGCP/NGCP_25_26/ugv-integration-2526/install/ugv_msgs/share/ament_index/resource_index/package_run_dependencies/ugv_msgs
[8.388s] -- Installing: /home/ugv/NGCP/NGCP_25_26/ugv-integration-2526/install/ugv_msgs/share/ament_index/resource_index/parent_prefix_path/ugv_msgs
[8.388s] -- Installing: /home/ugv/NGCP/NGCP_25_26/ugv-integration-2526/install/ugv_msgs/share/ugv_msgs/environment/ament_prefix_path.sh
[8.388s] -- Installing: /home/ugv/NGCP/NGCP_25_26/ugv-integration-2526/install/ugv_msgs/share/ugv_msgs/environment/ament_prefix_path.dsv
[8.389s] -- Installing: /home/ugv/NGCP/NGCP_25_26/ugv-integration-2526/install/ugv_msgs/share/ugv_msgs/environment/path.sh
[8.389s] -- Installing: /home/ugv/NGCP/NGCP_25_26/ugv-integration-2526/install/ugv_msgs/share/ugv_msgs/environment/path.dsv
[8.389s] -- Installing: /home/ugv/NGCP/NGCP_25_26/ugv-integration-2526/install/ugv_msgs/share/ugv_msgs/local_setup.bash
[8.390s] -- Installing: /home/ugv/NGCP/NGCP_25_26/ugv-integration-2526/install/ugv_msgs/share/ugv_msgs/local_setup.sh
[8.390s] -- Installing: /home/ugv/NGCP/NGCP_25_26/ugv-integration-2526/install/ugv_msgs/share/ugv_msgs/local_setup.zsh
[8.390s] -- Installing: /home/ugv/NGCP/NGCP_25_26/ugv-integration-2526/install/ugv_msgs/share/ugv_msgs/local_setup.dsv
[8.391s] -- Installing: /home/ugv/NGCP/NGCP_25_26/ugv-integration-2526/install/ugv_msgs/share/ugv_msgs/package.dsv
[8.391s] -- Installing: /home/ugv/NGCP/NGCP_25_26/ugv-integration-2526/install/ugv_msgs/share/ament_index/resource_index/packages/ugv_msgs
[8.392s] -- Installing: /home/ugv/NGCP/NGCP_25_26/ugv-integration-2526/install/ugv_msgs/share/ugv_msgs/cmake/export_ugv_msgs__rosidl_generator_cExport.cmake
[8.392s] -- Installing: /home/ugv/NGCP/NGCP_25_26/ugv-integration-2526/install/ugv_msgs/share/ugv_msgs/cmake/export_ugv_msgs__rosidl_generator_cExport-noconfig.cmake
[8.392s] -- Installing: /home/ugv/NGCP/NGCP_25_26/ugv-integration-2526/install/ugv_msgs/share/ugv_msgs/cmake/export_ugv_msgs__rosidl_typesupport_fastrtps_cExport.cmake
[8.393s] -- Installing: /home/ugv/NGCP/NGCP_25_26/ugv-integration-2526/install/ugv_msgs/share/ugv_msgs/cmake/export_ugv_msgs__rosidl_typesupport_fastrtps_cExport-noconfig.cmake
[8.393s] -- Installing: /home/ugv/NGCP/NGCP_25_26/ugv-integration-2526/install/ugv_msgs/share/ugv_msgs/cmake/ugv_msgs__rosidl_typesupport_introspection_cExport.cmake
[8.393s] -- Installing: /home/ugv/NGCP/NGCP_25_26/ugv-integration-2526/install/ugv_msgs/share/ugv_msgs/cmake/ugv_msgs__rosidl_typesupport_introspection_cExport-noconfig.cmake
[8.394s] -- Installing: /home/ugv/NGCP/NGCP_25_26/ugv-integration-2526/install/ugv_msgs/share/ugv_msgs/cmake/ugv_msgs__rosidl_typesupport_cExport.cmake
[8.394s] -- Installing: /home/ugv/NGCP/NGCP_25_26/ugv-integration-2526/install/ugv_msgs/share/ugv_msgs/cmake/ugv_msgs__rosidl_typesupport_cExport-noconfig.cmake
[8.395s] -- Installing: /home/ugv/NGCP/NGCP_25_26/ugv-integration-2526/install/ugv_msgs/share/ugv_msgs/cmake/export_ugv_msgs__rosidl_generator_cppExport.cmake
[8.395s] -- Installing: /home/ugv/NGCP/NGCP_25_26/ugv-integration-2526/install/ugv_msgs/share/ugv_msgs/cmake/export_ugv_msgs__rosidl_typesupport_fastrtps_cppExport.cmake
[8.395s] -- Installing: /home/ugv/NGCP/NGCP_25_26/ugv-integration-2526/install/ugv_msgs/share/ugv_msgs/cmake/export_ugv_msgs__rosidl_typesupport_fastrtps_cppExport-noconfig.cmake
[8.396s] -- Installing: /home/ugv/NGCP/NGCP_25_26/ugv-integration-2526/install/ugv_msgs/share/ugv_msgs/cmake/ugv_msgs__rosidl_typesupport_introspection_cppExport.cmake
[8.396s] -- Installing: /home/ugv/NGCP/NGCP_25_26/ugv-integration-2526/install/ugv_msgs/share/ugv_msgs/cmake/ugv_msgs__rosidl_typesupport_introspection_cppExport-noconfig.cmake
[8.397s] -- Installing: /home/ugv/NGCP/NGCP_25_26/ugv-integration-2526/install/ugv_msgs/share/ugv_msgs/cmake/ugv_msgs__rosidl_typesupport_cppExport.cmake
[8.397s] -- Installing: /home/ugv/NGCP/NGCP_25_26/ugv-integration-2526/install/ugv_msgs/share/ugv_msgs/cmake/ugv_msgs__rosidl_typesupport_cppExport-noconfig.cmake
[8.397s] -- Installing: /home/ugv/NGCP/NGCP_25_26/ugv-integration-2526/install/ugv_msgs/share/ugv_msgs/cmake/export_ugv_msgs__rosidl_generator_pyExport.cmake
[8.398s] -- Installing: /home/ugv/NGCP/NGCP_25_26/ugv-integration-2526/install/ugv_msgs/share/ugv_msgs/cmake/export_ugv_msgs__rosidl_generator_pyExport-noconfig.cmake
[8.398s] -- Installing: /home/ugv/NGCP/NGCP_25_26/ugv-integration-2526/install/ugv_msgs/share/ugv_msgs/cmake/rosidl_cmake-extras.cmake
[8.398s] -- Installing: /home/ugv/NGCP/NGCP_25_26/ugv-integration-2526/install/ugv_msgs/share/ugv_msgs/cmake/ament_cmake_export_include_directories-extras.cmake
[8.399s] -- Installing: /home/ugv/NGCP/NGCP_25_26/ugv-integration-2526/install/ugv_msgs/share/ugv_msgs/cmake/ament_cmake_export_libraries-extras.cmake
[8.399s] -- Installing: /home/ugv/NGCP/NGCP_25_26/ugv-integration-2526/install/ugv_msgs/share/ugv_msgs/cmake/ament_cmake_export_targets-extras.cmake
[8.399s] -- Installing: /home/ugv/NGCP/NGCP_25_26/ugv-integration-2526/install/ugv_msgs/share/ugv_msgs/cmake/rosidl_cmake_export_typesupport_targets-extras.cmake
[8.400s] -- Installing: /home/ugv/NGCP/NGCP_25_26/ugv-integration-2526/install/ugv_msgs/share/ugv_msgs/cmake/ament_cmake_export_dependencies-extras.cmake
[8.400s] -- Installing: /home/ugv/NGCP/NGCP_25_26/ugv-integration-2526/install/ugv_msgs/share/ugv_msgs/cmake/rosidl_cmake_export_typesupport_libraries-extras.cmake
[8.400s] -- Installing: /home/ugv/NGCP/NGCP_25_26/ugv-integration-2526/install/ugv_msgs/share/ugv_msgs/cmake/ugv_msgsConfig.cmake
[8.401s] -- Installing: /home/ugv/NGCP/NGCP_25_26/ugv-integration-2526/install/ugv_msgs/share/ugv_msgs/cmake/ugv_msgsConfig-version.cmake
[8.401s] -- Installing: /home/ugv/NGCP/NGCP_25_26/ugv-integration-2526/install/ugv_msgs/share/ugv_msgs/package.xml
[8.410s] Invoked command in '/home/ugv/NGCP/NGCP_25_26/ugv-integration-2526/build/ugv_msgs' returned '0': CMAKE_PREFIX_PATH=/opt/ros/humble /usr/bin/cmake --install /home/ugv/NGCP/NGCP_25_26/ugv-integration-2526/build/ugv_msgs
