[0.059s] Invoking command in '/home/ugv/ugv_ros2_ws/build/xsens_mti_ros2_driver': CMAKE_PREFIX_PATH=${CMAKE_PREFIX_PATH}:/home/ugv/ugv_ros2_ws/install/ugv_teleop:/home/ugv/ugv_ros2_ws/install/ugv_telemetry:/home/ugv/install/ugv_telemetry:/home/ugv/NGCP/NGCP_25_26/install/ngcp_ugv:/opt/ros/humble /usr/bin/cmake /home/ugv/ugv_ros2_ws/src/xsens_mti_ros2_driver -DAMENT_CMAKE_SYMLINK_INSTALL=1 -DCMAKE_INSTALL_PREFIX=/home/ugv/ugv_ros2_ws/install/xsens_mti_ros2_driver
[0.205s] -- The C compiler identification is GNU 11.4.0
[0.319s] -- The CXX compiler identification is GNU 11.4.0
[0.334s] -- Detecting C compiler ABI info
[0.505s] -- Detecting C compiler ABI info - done
[0.518s] -- Check for working C compiler: /usr/bin/cc - skipped
[0.519s] -- Detecting C compile features
[0.520s] -- Detecting C compile features - done
[0.527s] -- Detecting CXX compiler ABI info
[0.689s] -- Detecting CXX compiler ABI info - done
[0.705s] -- Check for working CXX compiler: /usr/bin/c++ - skipped
[0.706s] -- Detecting CXX compile features
[0.709s] -- Detecting CXX compile features - done
[0.717s] -- Found ament_cmake: 1.3.13 (/opt/ros/humble/share/ament_cmake/cmake)
[1.104s] -- Found Python3: /usr/bin/python3 (found version "3.10.12") found components: Interpreter 
[1.280s] -- Override CMake install command with custom implementation using symlinks instead of copying resources
[1.345s] -- Found rclcpp: 16.0.18 (/opt/ros/humble/share/rclcpp/cmake)
[1.440s] -- Found rosidl_generator_c: 3.1.8 (/opt/ros/humble/share/rosidl_generator_c/cmake)
[1.453s] -- Found rosidl_adapter: 3.1.8 (/opt/ros/humble/share/rosidl_adapter/cmake)
[1.473s] -- Found rosidl_generator_cpp: 3.1.8 (/opt/ros/humble/share/rosidl_generator_cpp/cmake)
[1.501s] -- Using all available rosidl_typesupport_c: rosidl_typesupport_fastrtps_c;rosidl_typesupport_introspection_c
[1.537s] -- Using all available rosidl_typesupport_cpp: rosidl_typesupport_fastrtps_cpp;rosidl_typesupport_introspection_cpp
[1.641s] -- Found rmw_implementation_cmake: 6.1.2 (/opt/ros/humble/share/rmw_implementation_cmake/cmake)
[1.649s] -- Found rmw_fastrtps_cpp: 6.2.10 (/opt/ros/humble/share/rmw_fastrtps_cpp/cmake)
[1.866s] -- Found OpenSSL: /usr/lib/aarch64-linux-gnu/libcrypto.so (found version "3.0.2")  
[1.927s] -- Found FastRTPS: /opt/ros/humble/include  
[2.018s] -- Using RMW implementation 'rmw_fastrtps_cpp' as default
[2.037s] -- Looking for pthread.h
[2.172s] -- Looking for pthread.h - found
[2.173s] -- Performing Test CMAKE_HAVE_LIBC_PTHREAD
[2.349s] -- Performing Test CMAKE_HAVE_LIBC_PTHREAD - Success
[2.351s] -- Found Threads: TRUE  
[2.454s] -- Found tf2: 0.25.19 (/opt/ros/humble/share/tf2/cmake)
[2.501s] -- Found tf2_ros: 0.25.19 (/opt/ros/humble/share/tf2_ros/cmake)
[2.679s] -- Found sensor_msgs: 4.9.1 (/opt/ros/humble/share/sensor_msgs/cmake)
[2.713s] -- Found nav_msgs: 4.9.1 (/opt/ros/humble/share/nav_msgs/cmake)
[2.746s] -- Found nmea_msgs: 2.0.0 (/opt/ros/humble/share/nmea_msgs/cmake)
[2.772s] -- Found mavros_msgs: 2.14.0 (/opt/ros/humble/share/mavros_msgs/cmake)
[2.861s] -- Found rosidl_default_generators: 1.2.0 (/opt/ros/humble/share/rosidl_default_generators/cmake)
[2.891s] -- Detected ROS_DISTRO: humble
[3.554s] -- Found ament_cmake_ros: 0.10.0 (/opt/ros/humble/share/ament_cmake_ros/cmake)
[4.656s] -- Using all available rosidl_typesupport_c: rosidl_typesupport_fastrtps_c;rosidl_typesupport_introspection_c
[5.085s] -- Using all available rosidl_typesupport_cpp: rosidl_typesupport_fastrtps_cpp;rosidl_typesupport_introspection_cpp
[5.138s] -- Found PythonInterp: /usr/bin/python3 (found suitable version "3.10.12", minimum required is "3.6") 
[5.142s] -- Found python_cmake_module: 0.10.0 (/opt/ros/humble/share/python_cmake_module/cmake)
[5.201s] -- Found PythonLibs: /usr/lib/aarch64-linux-gnu/libpython3.10.so (found suitable version "3.10.12", minimum required is "3.5") 
[5.201s] -- Using PYTHON_EXECUTABLE: /usr/bin/python3
[5.201s] -- Using PYTHON_INCLUDE_DIRS: /usr/include/python3.10
[5.201s] -- Using PYTHON_LIBRARIES: /usr/lib/aarch64-linux-gnu/libpython3.10.so
[5.249s] -- Found PythonExtra: .so  
[5.627s] -- Configuring done
[5.882s] -- Generating done
[5.971s] -- Build files have been written to: /home/ugv/ugv_ros2_ws/build/xsens_mti_ros2_driver
[6.069s] Invoked command in '/home/ugv/ugv_ros2_ws/build/xsens_mti_ros2_driver' returned '0': CMAKE_PREFIX_PATH=${CMAKE_PREFIX_PATH}:/home/ugv/ugv_ros2_ws/install/ugv_teleop:/home/ugv/ugv_ros2_ws/install/ugv_telemetry:/home/ugv/install/ugv_telemetry:/home/ugv/NGCP/NGCP_25_26/install/ngcp_ugv:/opt/ros/humble /usr/bin/cmake /home/ugv/ugv_ros2_ws/src/xsens_mti_ros2_driver -DAMENT_CMAKE_SYMLINK_INSTALL=1 -DCMAKE_INSTALL_PREFIX=/home/ugv/ugv_ros2_ws/install/xsens_mti_ros2_driver
[6.070s] Invoking command in '/home/ugv/ugv_ros2_ws/build/xsens_mti_ros2_driver': CMAKE_PREFIX_PATH=${CMAKE_PREFIX_PATH}:/home/ugv/ugv_ros2_ws/install/ugv_teleop:/home/ugv/ugv_ros2_ws/install/ugv_telemetry:/home/ugv/install/ugv_telemetry:/home/ugv/NGCP/NGCP_25_26/install/ngcp_ugv:/opt/ros/humble /usr/bin/cmake --build /home/ugv/ugv_ros2_ws/build/xsens_mti_ros2_driver -- -j6 -l6
[6.371s] [  1%] [34m[1mGenerating C code for ROS interfaces[0m
[6.483s] [  3%] [34m[1mGenerating C++ code for ROS interfaces[0m
[6.542s] [  3%] Built target ament_cmake_python_symlink_xsens_mti_ros2_driver
[6.722s] [  5%] [34m[1mCreating directories for 'xspublic'[0m
[7.180s] [  7%] [34m[1mNo download step for 'xspublic'[0m
[7.351s] [  9%] [34m[1mNo update step for 'xspublic'[0m
[7.452s] [ 10%] [34m[1mNo patch step for 'xspublic'[0m
[7.632s] [ 12%] [34m[1mNo configure step for 'xspublic'[0m
[7.783s] [ 14%] [34m[1mPerforming build step for 'xspublic'[0m
[7.822s] make[3]: warning: jobserver unavailable: using -j1.  Add '+' to parent make rule.
[8.033s] [ 16%] [34m[1mNo install step for 'xspublic'[0m
[8.234s] [ 18%] [34m[1mCompleted 'xspublic'[0m
[8.399s] [ 18%] Built target xspublic
[8.414s] [ 18%] Built target xsens_mti_ros2_driver__cpp
[8.552s] [ 20%] [34m[1mGenerating C++ type support dispatch for ROS interfaces[0m
[8.552s] [ 21%] [34m[1mGenerating C++ type support for eProsima Fast-RTPS[0m
[8.796s] [ 23%] [32mBuilding C object CMakeFiles/xsens_mti_ros2_driver__rosidl_generator_c.dir/rosidl_generator_c/xsens_mti_ros2_driver/msg/detail/ship_motion__functions.c.o[0m
[8.812s] [ 25%] [32mBuilding C object CMakeFiles/xsens_mti_ros2_driver__rosidl_generator_c.dir/rosidl_generator_c/xsens_mti_ros2_driver/msg/detail/xs_status_word__functions.c.o[0m
[9.122s] [ 27%] [32m[1mLinking C shared library libxsens_mti_ros2_driver__rosidl_generator_c.so[0m
[9.413s] [ 27%] Built target xsens_mti_ros2_driver__rosidl_generator_c
[9.515s] [ 29%] [34m[1mGenerating C++ introspection for ROS interfaces[0m
[9.535s] [ 30%] [34m[1mGenerating C type support for eProsima Fast-RTPS[0m
[9.797s] running egg_info
[9.799s] creating xsens_mti_ros2_driver.egg-info
[9.799s] writing xsens_mti_ros2_driver.egg-info/PKG-INFO
[9.800s] writing dependency_links to xsens_mti_ros2_driver.egg-info/dependency_links.txt
[9.821s] writing top-level names to xsens_mti_ros2_driver.egg-info/top_level.txt
[9.821s] writing manifest file 'xsens_mti_ros2_driver.egg-info/SOURCES.txt'
[9.827s] reading manifest file 'xsens_mti_ros2_driver.egg-info/SOURCES.txt'
[9.840s] writing manifest file 'xsens_mti_ros2_driver.egg-info/SOURCES.txt'
[10.046s] [ 30%] Built target ament_cmake_python_build_xsens_mti_ros2_driver_egg
[10.137s] [ 34%] [34m[1mGenerating C introspection for ROS interfaces[0m
[10.139s] [ 34%] [34m[1mGenerating C type support dispatch for ROS interfaces[0m
[10.618s] [ 36%] [32mBuilding CXX object CMakeFiles/xsens_mti_ros2_driver__rosidl_typesupport_fastrtps_cpp.dir/rosidl_typesupport_fastrtps_cpp/xsens_mti_ros2_driver/msg/detail/dds_fastrtps/xs_status_word__type_support.cpp.o[0m
[11.011s] [ 38%] [32mBuilding CXX object CMakeFiles/xsens_mti_ros2_driver__rosidl_typesupport_cpp.dir/rosidl_typesupport_cpp/xsens_mti_ros2_driver/msg/xs_status_word__type_support.cpp.o[0m
[11.785s] [ 40%] [32mBuilding CXX object CMakeFiles/xsens_mti_ros2_driver__rosidl_typesupport_fastrtps_c.dir/rosidl_typesupport_fastrtps_c/xsens_mti_ros2_driver/msg/detail/xs_status_word__type_support_c.cpp.o[0m
[12.110s] [ 41%] [32mBuilding CXX object CMakeFiles/xsens_mti_ros2_driver__rosidl_typesupport_c.dir/rosidl_typesupport_c/xsens_mti_ros2_driver/msg/xs_status_word__type_support.cpp.o[0m
[12.234s] [ 43%] [32mBuilding CXX object CMakeFiles/xsens_mti_ros2_driver__rosidl_typesupport_introspection_cpp.dir/rosidl_typesupport_introspection_cpp/xsens_mti_ros2_driver/msg/detail/xs_status_word__type_support.cpp.o[0m
[12.249s] [ 45%] [32mBuilding CXX object CMakeFiles/xsens_mti_ros2_driver__rosidl_typesupport_c.dir/rosidl_typesupport_c/xsens_mti_ros2_driver/msg/ship_motion__type_support.cpp.o[0m
[12.295s] [ 47%] [32mBuilding CXX object CMakeFiles/xsens_mti_ros2_driver__rosidl_typesupport_cpp.dir/rosidl_typesupport_cpp/xsens_mti_ros2_driver/msg/ship_motion__type_support.cpp.o[0m
[12.352s] [ 49%] [32mBuilding C object CMakeFiles/xsens_mti_ros2_driver__rosidl_typesupport_introspection_c.dir/rosidl_typesupport_introspection_c/xsens_mti_ros2_driver/msg/detail/xs_status_word__type_support.c.o[0m
[12.418s] [ 50%] [32m[1mLinking CXX shared library libxsens_mti_ros2_driver__rosidl_typesupport_c.so[0m
[12.421s] [ 52%] [32mBuilding CXX object CMakeFiles/xsens_mti_ros2_driver__rosidl_typesupport_fastrtps_cpp.dir/rosidl_typesupport_fastrtps_cpp/xsens_mti_ros2_driver/msg/detail/dds_fastrtps/ship_motion__type_support.cpp.o[0m
[12.487s] [ 54%] [32mBuilding C object CMakeFiles/xsens_mti_ros2_driver__rosidl_typesupport_introspection_c.dir/rosidl_typesupport_introspection_c/xsens_mti_ros2_driver/msg/detail/ship_motion__type_support.c.o[0m
[12.611s] [ 54%] Built target xsens_mti_ros2_driver__rosidl_typesupport_c
[12.650s] [ 56%] [32m[1mLinking C shared library libxsens_mti_ros2_driver__rosidl_typesupport_introspection_c.so[0m
[12.831s] [ 56%] Built target xsens_mti_ros2_driver__rosidl_typesupport_introspection_c
[13.163s] [ 58%] [32mBuilding CXX object CMakeFiles/xsens_mti_ros2_driver__rosidl_typesupport_fastrtps_c.dir/rosidl_typesupport_fastrtps_c/xsens_mti_ros2_driver/msg/detail/ship_motion__type_support_c.cpp.o[0m
[13.319s] [ 60%] [32m[1mLinking CXX shared library libxsens_mti_ros2_driver__rosidl_typesupport_cpp.so[0m
[13.449s] [ 61%] [32mBuilding CXX object CMakeFiles/xsens_mti_ros2_driver__rosidl_typesupport_introspection_cpp.dir/rosidl_typesupport_introspection_cpp/xsens_mti_ros2_driver/msg/detail/ship_motion__type_support.cpp.o[0m
[13.515s] [ 61%] Built target xsens_mti_ros2_driver__rosidl_typesupport_cpp
[13.688s] [ 63%] [32m[1mLinking CXX shared library libxsens_mti_ros2_driver__rosidl_typesupport_fastrtps_cpp.so[0m
[13.972s] [ 63%] Built target xsens_mti_ros2_driver__rosidl_typesupport_fastrtps_cpp
[14.126s] [ 65%] [32m[1mLinking CXX shared library libxsens_mti_ros2_driver__rosidl_typesupport_fastrtps_c.so[0m
[14.309s] [ 65%] Built target xsens_mti_ros2_driver__rosidl_typesupport_fastrtps_c
[14.370s] [ 67%] [32m[1mLinking CXX shared library libxsens_mti_ros2_driver__rosidl_typesupport_introspection_cpp.so[0m
[14.513s] [ 67%] Built target xsens_mti_ros2_driver__rosidl_typesupport_introspection_cpp
[14.559s] [ 67%] Built target xsens_mti_ros2_driver
[14.602s] [ 69%] [34m[1mGenerating Python code for ROS interfaces[0m
[15.443s] Traceback (most recent call last):
[15.447s]   File "/opt/ros/humble/share/rosidl_generator_py/cmake/../../../lib/rosidl_generator_py/rosidl_generator_py", line 40, in <module>
[15.448s]     sys.exit(main())
[15.452s]   File "/opt/ros/humble/share/rosidl_generator_py/cmake/../../../lib/rosidl_generator_py/rosidl_generator_py", line 36, in main
[15.453s]     generate_py(args.generator_arguments_file, args.typesupport_impls.split(';'))
[15.453s]   File "/opt/ros/humble/local/lib/python3.10/dist-packages/rosidl_generator_py/generate_py_impl.py", line 61, in generate_py
[15.453s]     generated_files = generate_files(generator_arguments_file, mapping)
[15.453s]   File "/opt/ros/humble/local/lib/python3.10/dist-packages/rosidl_cmake/__init__.py", line 87, in generate_files
[15.454s]     expand_template(
[15.454s]   File "/opt/ros/humble/local/lib/python3.10/dist-packages/rosidl_cmake/__init__.py", line 149, in expand_template
[15.454s]     interpreter.string(template_content, template_path, locals=data)
[15.454s]   File "/usr/lib/python3/dist-packages/em.py", line 2391, in string
[15.456s]     self.safe(scanner, True, locals)
[15.456s]   File "/usr/lib/python3/dist-packages/em.py", line 2401, in safe
[15.456s]     self.parse(scanner, locals)
[15.456s]   File "/usr/lib/python3/dist-packages/em.py", line 2421, in parse
[15.461s]     token.run(self, locals)
[15.462s]   File "/usr/lib/python3/dist-packages/em.py", line 1547, in run
[15.462s]     self.subrun(info[0][1], interpreter, locals)
[15.463s]   File "/usr/lib/python3/dist-packages/em.py", line 1631, in subrun
[15.463s]     token.run(interpreter, locals)
[15.466s]   File "/usr/lib/python3/dist-packages/em.py", line 1425, in run
[15.466s]     interpreter.execute(self.code, locals)
[15.466s]   File "/usr/lib/python3/dist-packages/em.py", line 2596, in execute
[15.466s]     _exec(statements, self.globals, locals)
[15.466s]   File "<string>", line 2, in <module>
[15.466s]   File "/opt/ros/humble/local/lib/python3.10/dist-packages/rosidl_cmake/__init__.py", line 198, in _expand_template
[15.466s]     interpreter.string(content, str(template_path), kwargs)
[15.466s]   File "/usr/lib/python3/dist-packages/em.py", line 2391, in string
[15.466s]     self.safe(scanner, True, locals)
[15.467s]   File "/usr/lib/python3/dist-packages/em.py", line 2401, in safe
[15.467s]     self.parse(scanner, locals)
[15.467s]   File "/usr/lib/python3/dist-packages/em.py", line 2421, in parse
[15.467s]     token.run(self, locals)
[15.467s]   File "/usr/lib/python3/dist-packages/em.py", line 1547, in run
[15.467s]     self.subrun(info[0][1], interpreter, locals)
[15.467s]   File "/usr/lib/python3/dist-packages/em.py", line 1631, in subrun
[15.467s]     token.run(interpreter, locals)
[15.467s]   File "/usr/lib/python3/dist-packages/em.py", line 1526, in run
[15.468s]     if interpreter.evaluate(secondary.rest, locals):
[15.468s]   File "/usr/lib/python3/dist-packages/em.py", line 2573, in evaluate
[15.468s]     result = eval(expression, self.globals, locals)
[15.468s]   File "<string>", line 1, in <module>
[15.468s] KeyboardInterrupt
[15.492s] Exception ignored in: <function Interpreter.__del__ at 0xffff8eaf4f70>
[15.492s] Traceback (most recent call last):
[15.492s]   File "/usr/lib/python3/dist-packages/em.py", line 2094, in __del__
[15.492s]   File "/usr/lib/python3/dist-packages/em.py", line 2157, in shutdown
[15.493s]   File "/usr/lib/python3/dist-packages/em.py", line 2647, in finalize
[15.493s]   File "/usr/lib/python3/dist-packages/em.py", line 2200, in push
[15.493s] AttributeError: '_io.TextIOWrapper' object has no attribute 'push'
[15.514s] gmake[2]: *** [xsens_mti_ros2_driver__py/CMakeFiles/xsens_mti_ros2_driver__py.dir/build.make:126: rosidl_generator_py/xsens_mti_ros2_driver/_xsens_mti_ros2_driver_s.ep.rosidl_typesupport_fastrtps_c.c] Interrupt
[15.514s] gmake[1]: *** [CMakeFiles/Makefile2:649: xsens_mti_ros2_driver__py/CMakeFiles/xsens_mti_ros2_driver__py.dir/all] Interrupt
[15.515s] gmake: *** [Makefile:146: all] Interrupt
