running develop
running egg_info
creating ugv_teleop.egg-info
writing ugv_teleop.egg-info/PKG-INFO
writing dependency_links to ugv_teleop.egg-info/dependency_links.txt
writing entry points to ugv_teleop.egg-info/entry_points.txt
writing requirements to ugv_teleop.egg-info/requires.txt
writing top-level names to ugv_teleop.egg-info/top_level.txt
writing manifest file 'ugv_teleop.egg-info/SOURCES.txt'
reading manifest file 'ugv_teleop.egg-info/SOURCES.txt'
writing manifest file 'ugv_teleop.egg-info/SOURCES.txt'
running build_ext
Creating /home/ugv/ugv_ros2_ws/install/ugv_teleop/lib/python3.10/site-packages/ugv-teleop.egg-link (link to .)
Installing ugv_control_pub script to /home/ugv/ugv_ros2_ws/install/ugv_teleop/lib/ugv_teleop
Installing ugv_control_sub script to /home/ugv/ugv_ros2_ws/install/ugv_teleop/lib/ugv_teleop

Installed /home/ugv/ugv_ros2_ws/build/ugv_teleop
running symlink_data
creating /home/ugv/ugv_ros2_ws/install/ugv_teleop/share/ament_index
creating /home/ugv/ugv_ros2_ws/install/ugv_teleop/share/ament_index/resource_index
creating /home/ugv/ugv_ros2_ws/install/ugv_teleop/share/ament_index/resource_index/packages
symbolically linking /home/ugv/ugv_ros2_ws/build/ugv_teleop/resource/ugv_teleop -> /home/ugv/ugv_ros2_ws/install/ugv_teleop/share/ament_index/resource_index/packages
symbolically linking /home/ugv/ugv_ros2_ws/build/ugv_teleop/package.xml -> /home/ugv/ugv_ros2_ws/install/ugv_teleop/share/ugv_teleop
creating /home/ugv/ugv_ros2_ws/install/ugv_teleop/share/ugv_teleop/launch
symbolically linking /home/ugv/ugv_ros2_ws/build/ugv_teleop/launch/ugv_control.launch.py -> /home/ugv/ugv_ros2_ws/install/ugv_teleop/share/ugv_teleop/launch
