[6.805s] Invoking command in '/home/ugv/ugv_ros2_ws/build/ugv_teleop': PYTHONPATH=/home/ugv/ugv_ros2_ws/build/ugv_teleop/prefix_override:/usr/lib/python3/dist-packages/colcon_core/task/python/colcon_distutils_commands:/home/ugv/ugv_ros2_ws/install/ugv_teleop/lib/python3.10/site-packages:${PYTHONPATH} /usr/bin/python3 -W ignore:setup.py install is deprecated -W ignore:easy_install command is deprecated setup.py develop --editable --build-directory /home/ugv/ugv_ros2_ws/build/ugv_teleop/build --no-deps symlink_data
[9.210s] running develop
[10.728s] running egg_info
[10.728s] creating ugv_teleop.egg-info
[10.745s] writing ugv_teleop.egg-info/PKG-INFO
[10.745s] writing dependency_links to ugv_teleop.egg-info/dependency_links.txt
[10.746s] writing entry points to ugv_teleop.egg-info/entry_points.txt
[10.746s] writing requirements to ugv_teleop.egg-info/requires.txt
[10.746s] writing top-level names to ugv_teleop.egg-info/top_level.txt
[10.747s] writing manifest file 'ugv_teleop.egg-info/SOURCES.txt'
[10.765s] reading manifest file 'ugv_teleop.egg-info/SOURCES.txt'
[10.767s] writing manifest file 'ugv_teleop.egg-info/SOURCES.txt'
[10.772s] running build_ext
[10.773s] Creating /home/ugv/ugv_ros2_ws/install/ugv_teleop/lib/python3.10/site-packages/ugv-teleop.egg-link (link to .)
[10.776s] Installing ugv_control_pub script to /home/ugv/ugv_ros2_ws/install/ugv_teleop/lib/ugv_teleop
[10.777s] Installing ugv_control_sub script to /home/ugv/ugv_ros2_ws/install/ugv_teleop/lib/ugv_teleop
[10.778s] 
[10.778s] Installed /home/ugv/ugv_ros2_ws/build/ugv_teleop
[10.779s] running symlink_data
[10.779s] creating /home/ugv/ugv_ros2_ws/install/ugv_teleop/share/ament_index
[10.780s] creating /home/ugv/ugv_ros2_ws/install/ugv_teleop/share/ament_index/resource_index
[10.780s] creating /home/ugv/ugv_ros2_ws/install/ugv_teleop/share/ament_index/resource_index/packages
[10.781s] symbolically linking /home/ugv/ugv_ros2_ws/build/ugv_teleop/resource/ugv_teleop -> /home/ugv/ugv_ros2_ws/install/ugv_teleop/share/ament_index/resource_index/packages
[10.781s] symbolically linking /home/ugv/ugv_ros2_ws/build/ugv_teleop/package.xml -> /home/ugv/ugv_ros2_ws/install/ugv_teleop/share/ugv_teleop
[10.782s] creating /home/ugv/ugv_ros2_ws/install/ugv_teleop/share/ugv_teleop/launch
[10.782s] symbolically linking /home/ugv/ugv_ros2_ws/build/ugv_teleop/launch/ugv_control.launch.py -> /home/ugv/ugv_ros2_ws/install/ugv_teleop/share/ugv_teleop/launch
[10.889s] Invoked command in '/home/ugv/ugv_ros2_ws/build/ugv_teleop' returned '0': PYTHONPATH=/home/ugv/ugv_ros2_ws/build/ugv_teleop/prefix_override:/usr/lib/python3/dist-packages/colcon_core/task/python/colcon_distutils_commands:/home/ugv/ugv_ros2_ws/install/ugv_teleop/lib/python3.10/site-packages:${PYTHONPATH} /usr/bin/python3 -W ignore:setup.py install is deprecated -W ignore:easy_install command is deprecated setup.py develop --editable --build-directory /home/ugv/ugv_ros2_ws/build/ugv_teleop/build --no-deps symlink_data
