[0.054s] Invoking command in '/home/ugv/ugv_ros2_ws/src/build/ntrip': CMAKE_PREFIX_PATH=${CMAKE_PREFIX_PATH}:/home/ugv/NGCP/NGCP_25_26/install/ngcp_ugv:/opt/ros/humble /usr/bin/cmake /home/ugv/ugv_ros2_ws/src/ntrip -DCMAKE_INSTALL_PREFIX=/home/ugv/ugv_ros2_ws/src/install/ntrip
[0.456s] -- The C compiler identification is GNU 11.4.0
[0.914s] -- The CXX compiler identification is GNU 11.4.0
[0.933s] -- Detecting C compiler ABI info
[1.200s] -- Detecting C compiler ABI info - done
[1.222s] -- Check for working C compiler: /usr/bin/cc - skipped
[1.223s] -- Detecting C compile features
[1.224s] -- Detecting C compile features - done
[1.230s] -- Detecting CXX compiler ABI info
[1.441s] -- Detecting CXX compiler ABI info - done
[1.461s] -- Check for working CXX compiler: /usr/bin/c++ - skipped
[1.461s] -- Detecting CXX compile features
[1.462s] -- Detecting CXX compile features - done
[1.468s] -- Found ament_cmake: 1.3.13 (/opt/ros/humble/share/ament_cmake/cmake)
[1.840s] -- Found Python3: /usr/bin/python3 (found version "3.10.12") found components: Interpreter 
[2.058s] -- Found rclcpp: 16.0.18 (/opt/ros/humble/share/rclcpp/cmake)
[2.143s] -- Found rosidl_generator_c: 3.1.8 (/opt/ros/humble/share/rosidl_generator_c/cmake)
[2.152s] -- Found rosidl_adapter: 3.1.8 (/opt/ros/humble/share/rosidl_adapter/cmake)
[2.169s] -- Found rosidl_generator_cpp: 3.1.8 (/opt/ros/humble/share/rosidl_generator_cpp/cmake)
[2.194s] -- Using all available rosidl_typesupport_c: rosidl_typesupport_fastrtps_c;rosidl_typesupport_introspection_c
[2.229s] -- Using all available rosidl_typesupport_cpp: rosidl_typesupport_fastrtps_cpp;rosidl_typesupport_introspection_cpp
[2.321s] -- Found rmw_implementation_cmake: 6.1.2 (/opt/ros/humble/share/rmw_implementation_cmake/cmake)
[2.327s] -- Found rmw_fastrtps_cpp: 6.2.10 (/opt/ros/humble/share/rmw_fastrtps_cpp/cmake)
[2.509s] -- Found OpenSSL: /usr/lib/aarch64-linux-gnu/libcrypto.so (found version "3.0.2")  
[2.589s] -- Found FastRTPS: /opt/ros/humble/include  
[2.746s] -- Using RMW implementation 'rmw_fastrtps_cpp' as default
[2.810s] -- Looking for pthread.h
[3.146s] -- Looking for pthread.h - found
[3.147s] -- Performing Test CMAKE_HAVE_LIBC_PTHREAD
[3.476s] -- Performing Test CMAKE_HAVE_LIBC_PTHREAD - Success
[3.479s] -- Found Threads: TRUE  
[3.607s] -- Found nmea_msgs: 2.0.0 (/opt/ros/humble/share/nmea_msgs/cmake)
[3.637s] -- Found mavros_msgs: 2.14.0 (/opt/ros/humble/share/mavros_msgs/cmake)
[3.810s] -- Found diagnostic_msgs: 4.9.1 (/opt/ros/humble/share/diagnostic_msgs/cmake)
[3.872s] -- Found Boost: /usr/lib/aarch64-linux-gnu/cmake/Boost-1.74.0/BoostConfig.cmake (found version "1.74.0") found components: system thread 
[4.046s] -- Configuring done
[4.111s] -- Generating done
[4.125s] -- Build files have been written to: /home/ugv/ugv_ros2_ws/src/build/ntrip
[4.160s] Invoked command in '/home/ugv/ugv_ros2_ws/src/build/ntrip' returned '0': CMAKE_PREFIX_PATH=${CMAKE_PREFIX_PATH}:/home/ugv/NGCP/NGCP_25_26/install/ngcp_ugv:/opt/ros/humble /usr/bin/cmake /home/ugv/ugv_ros2_ws/src/ntrip -DCMAKE_INSTALL_PREFIX=/home/ugv/ugv_ros2_ws/src/install/ntrip
[4.163s] Invoking command in '/home/ugv/ugv_ros2_ws/src/build/ntrip': CMAKE_PREFIX_PATH=${CMAKE_PREFIX_PATH}:/home/ugv/NGCP/NGCP_25_26/install/ngcp_ugv:/opt/ros/humble /usr/bin/cmake --build /home/ugv/ugv_ros2_ws/src/build/ntrip -- -j6 -l6
[4.278s] [ 20%] [32mBuilding CXX object CMakeFiles/ntrip_lib.dir/src/rtcm_parser.cpp.o[0m
[4.279s] [ 40%] [32mBuilding CXX object CMakeFiles/ntrip_lib.dir/src/ntrip_client.cpp.o[0m
[14.282s] gmake[2]: *** [CMakeFiles/ntrip_lib.dir/build.make:76: CMakeFiles/ntrip_lib.dir/src/ntrip_client.cpp.o] Interrupt
[14.284s] gmake[2]: *** wait: No child processes.  Stop.
[14.285s] gmake[2]: *** Waiting for unfinished jobs....
[14.285s] gmake[2]: *** wait: No child processes.  Stop.
[14.285s] gmake[1]: *** [CMakeFiles/Makefile2:139: CMakeFiles/ntrip_lib.dir/all] Error 2
[14.286s] gmake: *** [Makefile:146: all] Interrupt
