[1.322s] Invoking command in '/home/ugv/NGCP/NGCP_25_26/ugv-integration-2526/src/NGCP_UGV': PYTHONPATH=/home/ugv/NGCP/NGCP_25_26/ugv-integration-2526/build/ngcp_ugv/prefix_override:/usr/lib/python3/dist-packages/colcon_core/task/python/colcon_distutils_commands:/home/ugv/NGCP/NGCP_25_26/ugv-integration-2526/install/ngcp_ugv/lib/python3.10/site-packages:${PYTHONPATH} /usr/bin/python3 -W ignore:setup.py install is deprecated -W ignore:easy_install command is deprecated setup.py egg_info --egg-base ../../build/ngcp_ugv build --build-base /home/ugv/NGCP/NGCP_25_26/ugv-integration-2526/build/ngcp_ugv/build install --record /home/ugv/NGCP/NGCP_25_26/ugv-integration-2526/build/ngcp_ugv/install.log --single-version-externally-managed install_data
[1.834s] running egg_info
[1.836s] writing ../../build/ngcp_ugv/ngcp_ugv.egg-info/PKG-INFO
[1.836s] writing dependency_links to ../../build/ngcp_ugv/ngcp_ugv.egg-info/dependency_links.txt
[1.837s] writing entry points to ../../build/ngcp_ugv/ngcp_ugv.egg-info/entry_points.txt
[1.837s] writing requirements to ../../build/ngcp_ugv/ngcp_ugv.egg-info/requires.txt
[1.837s] writing top-level names to ../../build/ngcp_ugv/ngcp_ugv.egg-info/top_level.txt
[1.841s] reading manifest file '../../build/ngcp_ugv/ngcp_ugv.egg-info/SOURCES.txt'
[1.844s] writing manifest file '../../build/ngcp_ugv/ngcp_ugv.egg-info/SOURCES.txt'
[1.844s] running build
[1.845s] running build_py
[1.845s] copying ngcp_ugv/ugv_control_sub.py -> /home/ugv/NGCP/NGCP_25_26/ugv-integration-2526/build/ngcp_ugv/build/lib/ngcp_ugv
[1.845s] copying ngcp_ugv/ugv_control_pub.py -> /home/ugv/NGCP/NGCP_25_26/ugv-integration-2526/build/ngcp_ugv/build/lib/ngcp_ugv
[1.846s] running install
[1.846s] running install_lib
[1.851s] copying /home/ugv/NGCP/NGCP_25_26/ugv-integration-2526/build/ngcp_ugv/build/lib/ngcp_ugv/ugv_control_sub.py -> /home/ugv/NGCP/NGCP_25_26/ugv-integration-2526/install/ngcp_ugv/lib/python3.10/site-packages/ngcp_ugv
[1.851s] copying /home/ugv/NGCP/NGCP_25_26/ugv-integration-2526/build/ngcp_ugv/build/lib/ngcp_ugv/ugv_control_pub.py -> /home/ugv/NGCP/NGCP_25_26/ugv-integration-2526/install/ngcp_ugv/lib/python3.10/site-packages/ngcp_ugv
[1.853s] byte-compiling /home/ugv/NGCP/NGCP_25_26/ugv-integration-2526/install/ngcp_ugv/lib/python3.10/site-packages/ngcp_ugv/ugv_control_sub.py to ugv_control_sub.cpython-310.pyc
[1.855s] byte-compiling /home/ugv/NGCP/NGCP_25_26/ugv-integration-2526/install/ngcp_ugv/lib/python3.10/site-packages/ngcp_ugv/ugv_control_pub.py to ugv_control_pub.cpython-310.pyc
[1.857s] running install_data
[1.858s] running install_egg_info
[1.861s] removing '/home/ugv/NGCP/NGCP_25_26/ugv-integration-2526/install/ngcp_ugv/lib/python3.10/site-packages/ngcp_ugv-0.0.0-py3.10.egg-info' (and everything under it)
[1.862s] Copying ../../build/ngcp_ugv/ngcp_ugv.egg-info to /home/ugv/NGCP/NGCP_25_26/ugv-integration-2526/install/ngcp_ugv/lib/python3.10/site-packages/ngcp_ugv-0.0.0-py3.10.egg-info
[1.864s] running install_scripts
[1.906s] Installing ugv_arm_sub script to /home/ugv/NGCP/NGCP_25_26/ugv-integration-2526/install/ngcp_ugv/lib/ngcp_ugv
[1.907s] Installing ugv_control_pub script to /home/ugv/NGCP/NGCP_25_26/ugv-integration-2526/install/ngcp_ugv/lib/ngcp_ugv
[1.907s] Installing ugv_control_sub script to /home/ugv/NGCP/NGCP_25_26/ugv-integration-2526/install/ngcp_ugv/lib/ngcp_ugv
[1.908s] writing list of installed files to '/home/ugv/NGCP/NGCP_25_26/ugv-integration-2526/build/ngcp_ugv/install.log'
[1.979s] Invoked command in '/home/ugv/NGCP/NGCP_25_26/ugv-integration-2526/src/NGCP_UGV' returned '0': PYTHONPATH=/home/ugv/NGCP/NGCP_25_26/ugv-integration-2526/build/ngcp_ugv/prefix_override:/usr/lib/python3/dist-packages/colcon_core/task/python/colcon_distutils_commands:/home/ugv/NGCP/NGCP_25_26/ugv-integration-2526/install/ngcp_ugv/lib/python3.10/site-packages:${PYTHONPATH} /usr/bin/python3 -W ignore:setup.py install is deprecated -W ignore:easy_install command is deprecated setup.py egg_info --egg-base ../../build/ngcp_ugv build --build-base /home/ugv/NGCP/NGCP_25_26/ugv-integration-2526/build/ngcp_ugv/build install --record /home/ugv/NGCP/NGCP_25_26/ugv-integration-2526/build/ngcp_ugv/install.log --single-version-externally-managed install_data
