-- The C compiler identification is GNU 11.4.0
-- The CXX compiler identification is GNU 11.4.0
-- Detecting C compiler ABI info
-- Detecting C compiler ABI info - done
-- Check for working C compiler: /usr/bin/cc - skipped
-- Detecting C compile features
-- Detecting C compile features - done
-- Detecting CXX compiler ABI info
-- Detecting CXX compiler ABI info - done
-- Check for working CXX compiler: /usr/bin/c++ - skipped
-- Detecting CXX compile features
-- Detecting CXX compile features - done
-- Found ament_cmake: 1.3.12 (/opt/ros/humble/share/ament_cmake/cmake)
-- Found Python3: /usr/bin/python3 (found version "3.10.12") found components: Interpreter 
-- Override CMake install command with custom implementation using symlinks instead of copying resources
-- Found rosidl_default_generators: 1.2.0 (/opt/ros/humble/share/rosidl_default_generators/cmake)
-- Using all available rosidl_typesupport_c: rosidl_typesupport_fastrtps_c;rosidl_typesupport_introspection_c
-- Found rosidl_adapter: 3.1.7 (/opt/ros/humble/share/rosidl_adapter/cmake)
-- Using all available rosidl_typesupport_cpp: rosidl_typesupport_fastrtps_cpp;rosidl_typesupport_introspection_cpp
-- Found ament_cmake_ros: 0.10.0 (/opt/ros/humble/share/ament_cmake_ros/cmake)
-- Using all available rosidl_typesupport_c: rosidl_typesupport_fastrtps_c;rosidl_typesupport_introspection_c
-- Using all available rosidl_typesupport_cpp: rosidl_typesupport_fastrtps_cpp;rosidl_typesupport_introspection_cpp
-- Found PythonInterp: /usr/bin/python3 (found suitable version "3.10.12", minimum required is "3.6") 
-- Found python_cmake_module: 0.10.0 (/opt/ros/humble/share/python_cmake_module/cmake)
-- Found PythonLibs: /usr/lib/aarch64-linux-gnu/libpython3.10.so (found suitable version "3.10.12", minimum required is "3.5") 
-- Using PYTHON_EXECUTABLE: /usr/bin/python3
-- Using PYTHON_INCLUDE_DIRS: /usr/include/python3.10
-- Using PYTHON_LIBRARIES: /usr/lib/aarch64-linux-gnu/libpython3.10.so
-- Found PythonExtra: .so  
-- Found ament_lint_auto: 0.12.14 (/opt/ros/humble/share/ament_lint_auto/cmake)
-- Added test 'lint_cmake' to check CMake code style
-- Added test 'xmllint' to check XML markup files
-- Configuring done
-- Generating done
-- Build files have been written to: /home/kayla/NGCP/build/ugv_msgs
[  2%] [34m[1mGenerating C code for ROS interfaces[0m
[  5%] [34m[1mGenerating C++ code for ROS interfaces[0m
[  5%] Built target ament_cmake_python_symlink_ugv_msgs
[  7%] [32mBuilding C object CMakeFiles/ugv_msgs__rosidl_generator_c.dir/rosidl_generator_c/ugv_msgs/msg/detail/man_ctrl__functions.c.o[0m
[ 10%] [32mBuilding C object CMakeFiles/ugv_msgs__rosidl_generator_c.dir/rosidl_generator_c/ugv_msgs/msg/detail/auto_ctrl__functions.c.o[0m
[ 10%] Built target ugv_msgs__cpp
[ 12%] [34m[1mGenerating C++ type support dispatch for ROS interfaces[0m
running egg_info
creating ugv_msgs.egg-info
writing ugv_msgs.egg-info/PKG-INFO
writing dependency_links to ugv_msgs.egg-info/dependency_links.txt
writing top-level names to ugv_msgs.egg-info/top_level.txt
writing manifest file 'ugv_msgs.egg-info/SOURCES.txt'
reading manifest file 'ugv_msgs.egg-info/SOURCES.txt'
writing manifest file 'ugv_msgs.egg-info/SOURCES.txt'
[ 12%] Built target ament_cmake_python_build_ugv_msgs_egg
[ 15%] [32m[1mLinking C shared library libugv_msgs__rosidl_generator_c.so[0m
[ 17%] [34m[1mGenerating C++ type support for eProsima Fast-RTPS[0m
[ 20%] [34m[1mGenerating C++ introspection for ROS interfaces[0m
[ 20%] Built target ugv_msgs__rosidl_generator_c
[ 23%] [34m[1mGenerating C type support for eProsima Fast-RTPS[0m
[ 25%] [32mBuilding CXX object CMakeFiles/ugv_msgs__rosidl_typesupport_cpp.dir/rosidl_typesupport_cpp/ugv_msgs/msg/man_ctrl__type_support.cpp.o[0m
[ 28%] [32mBuilding CXX object CMakeFiles/ugv_msgs__rosidl_typesupport_fastrtps_cpp.dir/rosidl_typesupport_fastrtps_cpp/ugv_msgs/msg/detail/dds_fastrtps/man_ctrl__type_support.cpp.o[0m
[ 30%] [32mBuilding CXX object CMakeFiles/ugv_msgs__rosidl_typesupport_introspection_cpp.dir/rosidl_typesupport_introspection_cpp/ugv_msgs/msg/detail/man_ctrl__type_support.cpp.o[0m
[ 33%] [32mBuilding CXX object CMakeFiles/ugv_msgs__rosidl_typesupport_fastrtps_c.dir/rosidl_typesupport_fastrtps_c/ugv_msgs/msg/detail/man_ctrl__type_support_c.cpp.o[0m
[ 35%] [32mBuilding CXX object CMakeFiles/ugv_msgs__rosidl_typesupport_cpp.dir/rosidl_typesupport_cpp/ugv_msgs/msg/auto_ctrl__type_support.cpp.o[0m
[ 38%] [32mBuilding CXX object CMakeFiles/ugv_msgs__rosidl_typesupport_introspection_cpp.dir/rosidl_typesupport_introspection_cpp/ugv_msgs/msg/detail/auto_ctrl__type_support.cpp.o[0m
[ 41%] [32mBuilding CXX object CMakeFiles/ugv_msgs__rosidl_typesupport_fastrtps_c.dir/rosidl_typesupport_fastrtps_c/ugv_msgs/msg/detail/auto_ctrl__type_support_c.cpp.o[0m
[ 43%] [32mBuilding CXX object CMakeFiles/ugv_msgs__rosidl_typesupport_fastrtps_cpp.dir/rosidl_typesupport_fastrtps_cpp/ugv_msgs/msg/detail/dds_fastrtps/auto_ctrl__type_support.cpp.o[0m
[ 46%] [32m[1mLinking CXX shared library libugv_msgs__rosidl_typesupport_cpp.so[0m
[ 46%] Built target ugv_msgs__rosidl_typesupport_cpp
[ 48%] [34m[1mGenerating C introspection for ROS interfaces[0m
[ 51%] [32m[1mLinking CXX shared library libugv_msgs__rosidl_typesupport_fastrtps_c.so[0m
[ 53%] [32m[1mLinking CXX shared library libugv_msgs__rosidl_typesupport_introspection_cpp.so[0m
[ 53%] Built target ugv_msgs__rosidl_typesupport_fastrtps_c
[ 56%] [32mBuilding C object CMakeFiles/ugv_msgs__rosidl_typesupport_introspection_c.dir/rosidl_typesupport_introspection_c/ugv_msgs/msg/detail/man_ctrl__type_support.c.o[0m
[ 58%] [34m[1mGenerating C type support dispatch for ROS interfaces[0m
[ 61%] [32m[1mLinking CXX shared library libugv_msgs__rosidl_typesupport_fastrtps_cpp.so[0m
[ 61%] Built target ugv_msgs__rosidl_typesupport_introspection_cpp
[ 64%] [32mBuilding C object CMakeFiles/ugv_msgs__rosidl_typesupport_introspection_c.dir/rosidl_typesupport_introspection_c/ugv_msgs/msg/detail/auto_ctrl__type_support.c.o[0m
[ 66%] [32m[1mLinking C shared library libugv_msgs__rosidl_typesupport_introspection_c.so[0m
[ 66%] Built target ugv_msgs__rosidl_typesupport_fastrtps_cpp
[ 66%] Built target ugv_msgs__rosidl_typesupport_introspection_c
[ 69%] [32mBuilding CXX object CMakeFiles/ugv_msgs__rosidl_typesupport_c.dir/rosidl_typesupport_c/ugv_msgs/msg/man_ctrl__type_support.cpp.o[0m
[ 71%] [32mBuilding CXX object CMakeFiles/ugv_msgs__rosidl_typesupport_c.dir/rosidl_typesupport_c/ugv_msgs/msg/auto_ctrl__type_support.cpp.o[0m
[ 74%] [32m[1mLinking CXX shared library libugv_msgs__rosidl_typesupport_c.so[0m
[ 74%] Built target ugv_msgs__rosidl_typesupport_c
[ 74%] Built target ugv_msgs
[ 76%] [34m[1mGenerating Python code for ROS interfaces[0m
[ 76%] Built target ugv_msgs__py
[ 79%] [32mBuilding C object CMakeFiles/ugv_msgs__rosidl_generator_py.dir/rosidl_generator_py/ugv_msgs/msg/_man_ctrl_s.c.o[0m
[ 82%] [32mBuilding C object CMakeFiles/ugv_msgs__rosidl_generator_py.dir/rosidl_generator_py/ugv_msgs/msg/_auto_ctrl_s.c.o[0m
[ 84%] [32m[1mLinking C shared library rosidl_generator_py/ugv_msgs/libugv_msgs__rosidl_generator_py.so[0m
[ 84%] Built target ugv_msgs__rosidl_generator_py
[ 87%] [32mBuilding C object CMakeFiles/ugv_msgs__rosidl_typesupport_introspection_c__pyext.dir/rosidl_generator_py/ugv_msgs/_ugv_msgs_s.ep.rosidl_typesupport_introspection_c.c.o[0m
[ 89%] [32mBuilding C object CMakeFiles/ugv_msgs__rosidl_typesupport_fastrtps_c__pyext.dir/rosidl_generator_py/ugv_msgs/_ugv_msgs_s.ep.rosidl_typesupport_fastrtps_c.c.o[0m
[ 92%] [32m[1mLinking C shared library rosidl_generator_py/ugv_msgs/ugv_msgs_s__rosidl_typesupport_fastrtps_c.cpython-310-aarch64-linux-gnu.so[0m
[ 94%] [32m[1mLinking C shared library rosidl_generator_py/ugv_msgs/ugv_msgs_s__rosidl_typesupport_introspection_c.cpython-310-aarch64-linux-gnu.so[0m
[ 94%] Built target ugv_msgs__rosidl_typesupport_fastrtps_c__pyext
[ 94%] Built target ugv_msgs__rosidl_typesupport_introspection_c__pyext
[ 97%] [32mBuilding C object CMakeFiles/ugv_msgs__rosidl_typesupport_c__pyext.dir/rosidl_generator_py/ugv_msgs/_ugv_msgs_s.ep.rosidl_typesupport_c.c.o[0m
[100%] [32m[1mLinking C shared library rosidl_generator_py/ugv_msgs/ugv_msgs_s__rosidl_typesupport_c.cpython-310-aarch64-linux-gnu.so[0m
[100%] Built target ugv_msgs__rosidl_typesupport_c__pyext
-- Install configuration: ""
-- Execute custom install script
-- Symlinking: /home/kayla/NGCP/install/ugv_msgs/share/ament_index/resource_index/rosidl_interfaces/ugv_msgs
-- Symlinking: /home/kayla/NGCP/install/ugv_msgs/include/ugv_msgs/ugv_msgs/msg/auto_ctrl.h
-- Symlinking: /home/kayla/NGCP/install/ugv_msgs/include/ugv_msgs/ugv_msgs/msg/detail/auto_ctrl__functions.h
-- Symlinking: /home/kayla/NGCP/install/ugv_msgs/include/ugv_msgs/ugv_msgs/msg/detail/auto_ctrl__struct.h
-- Symlinking: /home/kayla/NGCP/install/ugv_msgs/include/ugv_msgs/ugv_msgs/msg/detail/auto_ctrl__type_support.h
-- Symlinking: /home/kayla/NGCP/install/ugv_msgs/include/ugv_msgs/ugv_msgs/msg/detail/man_ctrl__functions.h
-- Symlinking: /home/kayla/NGCP/install/ugv_msgs/include/ugv_msgs/ugv_msgs/msg/detail/man_ctrl__struct.h
-- Symlinking: /home/kayla/NGCP/install/ugv_msgs/include/ugv_msgs/ugv_msgs/msg/detail/man_ctrl__type_support.h
-- Symlinking: /home/kayla/NGCP/install/ugv_msgs/include/ugv_msgs/ugv_msgs/msg/man_ctrl.h
-- Symlinking: /home/kayla/NGCP/install/ugv_msgs/include/ugv_msgs/ugv_msgs/msg/rosidl_generator_c__visibility_control.h
-- Symlinking: /home/kayla/NGCP/install/ugv_msgs/share/ugv_msgs/environment/library_path.sh
-- Symlinking: /home/kayla/NGCP/install/ugv_msgs/share/ugv_msgs/environment/library_path.dsv
-- Symlinking: /home/kayla/NGCP/install/ugv_msgs/include/ugv_msgs/ugv_msgs/msg/detail/auto_ctrl__rosidl_typesupport_fastrtps_c.h
-- Symlinking: /home/kayla/NGCP/install/ugv_msgs/include/ugv_msgs/ugv_msgs/msg/detail/man_ctrl__rosidl_typesupport_fastrtps_c.h
-- Symlinking: /home/kayla/NGCP/install/ugv_msgs/include/ugv_msgs/ugv_msgs/msg/rosidl_typesupport_fastrtps_c__visibility_control.h
-- Symlinking: /home/kayla/NGCP/install/ugv_msgs/include/ugv_msgs/ugv_msgs/msg/detail/auto_ctrl__rosidl_typesupport_introspection_c.h
-- Symlinking: /home/kayla/NGCP/install/ugv_msgs/include/ugv_msgs/ugv_msgs/msg/detail/man_ctrl__rosidl_typesupport_introspection_c.h
-- Symlinking: /home/kayla/NGCP/install/ugv_msgs/include/ugv_msgs/ugv_msgs/msg/rosidl_typesupport_introspection_c__visibility_control.h
-- Symlinking: /home/kayla/NGCP/install/ugv_msgs/include/ugv_msgs/ugv_msgs/msg/auto_ctrl.hpp
-- Symlinking: /home/kayla/NGCP/install/ugv_msgs/include/ugv_msgs/ugv_msgs/msg/detail/auto_ctrl__builder.hpp
-- Symlinking: /home/kayla/NGCP/install/ugv_msgs/include/ugv_msgs/ugv_msgs/msg/detail/auto_ctrl__struct.hpp
-- Symlinking: /home/kayla/NGCP/install/ugv_msgs/include/ugv_msgs/ugv_msgs/msg/detail/auto_ctrl__traits.hpp
-- Symlinking: /home/kayla/NGCP/install/ugv_msgs/include/ugv_msgs/ugv_msgs/msg/detail/auto_ctrl__type_support.hpp
-- Symlinking: /home/kayla/NGCP/install/ugv_msgs/include/ugv_msgs/ugv_msgs/msg/detail/man_ctrl__builder.hpp
-- Symlinking: /home/kayla/NGCP/install/ugv_msgs/include/ugv_msgs/ugv_msgs/msg/detail/man_ctrl__struct.hpp
-- Symlinking: /home/kayla/NGCP/install/ugv_msgs/include/ugv_msgs/ugv_msgs/msg/detail/man_ctrl__traits.hpp
-- Symlinking: /home/kayla/NGCP/install/ugv_msgs/include/ugv_msgs/ugv_msgs/msg/detail/man_ctrl__type_support.hpp
-- Symlinking: /home/kayla/NGCP/install/ugv_msgs/include/ugv_msgs/ugv_msgs/msg/man_ctrl.hpp
-- Symlinking: /home/kayla/NGCP/install/ugv_msgs/include/ugv_msgs/ugv_msgs/msg/rosidl_generator_cpp__visibility_control.hpp
-- Symlinking: /home/kayla/NGCP/install/ugv_msgs/include/ugv_msgs/ugv_msgs/msg/detail/auto_ctrl__rosidl_typesupport_fastrtps_cpp.hpp
-- Symlinking: /home/kayla/NGCP/install/ugv_msgs/include/ugv_msgs/ugv_msgs/msg/detail/man_ctrl__rosidl_typesupport_fastrtps_cpp.hpp
-- Symlinking: /home/kayla/NGCP/install/ugv_msgs/include/ugv_msgs/ugv_msgs/msg/rosidl_typesupport_fastrtps_cpp__visibility_control.h
-- Symlinking: /home/kayla/NGCP/install/ugv_msgs/include/ugv_msgs/ugv_msgs/msg/detail/auto_ctrl__rosidl_typesupport_introspection_cpp.hpp
-- Symlinking: /home/kayla/NGCP/install/ugv_msgs/include/ugv_msgs/ugv_msgs/msg/detail/man_ctrl__rosidl_typesupport_introspection_cpp.hpp
-- Symlinking: /home/kayla/NGCP/install/ugv_msgs/share/ugv_msgs/environment/pythonpath.sh
-- Symlinking: /home/kayla/NGCP/install/ugv_msgs/share/ugv_msgs/environment/pythonpath.dsv
-- Symlinking: /home/kayla/NGCP/install/ugv_msgs/local/lib/python3.10/dist-packages/ugv_msgs-0.0.0-py3.10.egg-info/PKG-INFO
-- Symlinking: /home/kayla/NGCP/install/ugv_msgs/local/lib/python3.10/dist-packages/ugv_msgs-0.0.0-py3.10.egg-info/SOURCES.txt
-- Symlinking: /home/kayla/NGCP/install/ugv_msgs/local/lib/python3.10/dist-packages/ugv_msgs-0.0.0-py3.10.egg-info/dependency_links.txt
-- Symlinking: /home/kayla/NGCP/install/ugv_msgs/local/lib/python3.10/dist-packages/ugv_msgs-0.0.0-py3.10.egg-info/top_level.txt
-- Symlinking: /home/kayla/NGCP/install/ugv_msgs/local/lib/python3.10/dist-packages/ugv_msgs/__init__.py
-- Symlinking: /home/kayla/NGCP/install/ugv_msgs/local/lib/python3.10/dist-packages/ugv_msgs/_ugv_msgs_s.ep.rosidl_typesupport_c.c
-- Symlinking: /home/kayla/NGCP/install/ugv_msgs/local/lib/python3.10/dist-packages/ugv_msgs/_ugv_msgs_s.ep.rosidl_typesupport_fastrtps_c.c
-- Symlinking: /home/kayla/NGCP/install/ugv_msgs/local/lib/python3.10/dist-packages/ugv_msgs/_ugv_msgs_s.ep.rosidl_typesupport_introspection_c.c
-- Symlinking: /home/kayla/NGCP/install/ugv_msgs/local/lib/python3.10/dist-packages/ugv_msgs/libugv_msgs__rosidl_generator_py.so
-- Symlinking: /home/kayla/NGCP/install/ugv_msgs/local/lib/python3.10/dist-packages/ugv_msgs/msg/__init__.py
-- Symlinking: /home/kayla/NGCP/install/ugv_msgs/local/lib/python3.10/dist-packages/ugv_msgs/msg/_auto_ctrl.py
-- Symlinking: /home/kayla/NGCP/install/ugv_msgs/local/lib/python3.10/dist-packages/ugv_msgs/msg/_auto_ctrl_s.c
-- Symlinking: /home/kayla/NGCP/install/ugv_msgs/local/lib/python3.10/dist-packages/ugv_msgs/msg/_man_ctrl.py
-- Symlinking: /home/kayla/NGCP/install/ugv_msgs/local/lib/python3.10/dist-packages/ugv_msgs/msg/_man_ctrl_s.c
-- Symlinking: /home/kayla/NGCP/install/ugv_msgs/local/lib/python3.10/dist-packages/ugv_msgs/ugv_msgs_s__rosidl_typesupport_c.cpython-310-aarch64-linux-gnu.so
-- Symlinking: /home/kayla/NGCP/install/ugv_msgs/local/lib/python3.10/dist-packages/ugv_msgs/ugv_msgs_s__rosidl_typesupport_fastrtps_c.cpython-310-aarch64-linux-gnu.so
-- Symlinking: /home/kayla/NGCP/install/ugv_msgs/local/lib/python3.10/dist-packages/ugv_msgs/ugv_msgs_s__rosidl_typesupport_introspection_c.cpython-310-aarch64-linux-gnu.so
-- Up-to-date symlink: /home/kayla/NGCP/install/ugv_msgs/local/lib/python3.10/dist-packages/ugv_msgs/ugv_msgs_s__rosidl_typesupport_fastrtps_c.cpython-310-aarch64-linux-gnu.so
-- Up-to-date symlink: /home/kayla/NGCP/install/ugv_msgs/local/lib/python3.10/dist-packages/ugv_msgs/ugv_msgs_s__rosidl_typesupport_introspection_c.cpython-310-aarch64-linux-gnu.so
-- Up-to-date symlink: /home/kayla/NGCP/install/ugv_msgs/local/lib/python3.10/dist-packages/ugv_msgs/ugv_msgs_s__rosidl_typesupport_c.cpython-310-aarch64-linux-gnu.so
-- Symlinking: /home/kayla/NGCP/install/ugv_msgs/share/ugv_msgs/msg/ManCtrl.idl
-- Symlinking: /home/kayla/NGCP/install/ugv_msgs/share/ugv_msgs/msg/AutoCtrl.idl
-- Symlinking: /home/kayla/NGCP/install/ugv_msgs/share/ugv_msgs/msg/ManCtrl.msg
-- Symlinking: /home/kayla/NGCP/install/ugv_msgs/share/ugv_msgs/msg/AutoCtrl.msg
-- Symlinking: /home/kayla/NGCP/install/ugv_msgs/share/ament_index/resource_index/package_run_dependencies/ugv_msgs
-- Symlinking: /home/kayla/NGCP/install/ugv_msgs/share/ament_index/resource_index/parent_prefix_path/ugv_msgs
-- Symlinking: /home/kayla/NGCP/install/ugv_msgs/share/ugv_msgs/environment/ament_prefix_path.sh
-- Symlinking: /home/kayla/NGCP/install/ugv_msgs/share/ugv_msgs/environment/ament_prefix_path.dsv
-- Symlinking: /home/kayla/NGCP/install/ugv_msgs/share/ugv_msgs/environment/path.sh
-- Symlinking: /home/kayla/NGCP/install/ugv_msgs/share/ugv_msgs/environment/path.dsv
-- Symlinking: /home/kayla/NGCP/install/ugv_msgs/share/ugv_msgs/local_setup.bash
-- Symlinking: /home/kayla/NGCP/install/ugv_msgs/share/ugv_msgs/local_setup.sh
-- Symlinking: /home/kayla/NGCP/install/ugv_msgs/share/ugv_msgs/local_setup.zsh
-- Symlinking: /home/kayla/NGCP/install/ugv_msgs/share/ugv_msgs/local_setup.dsv
-- Symlinking: /home/kayla/NGCP/install/ugv_msgs/share/ugv_msgs/package.dsv
-- Symlinking: /home/kayla/NGCP/install/ugv_msgs/share/ament_index/resource_index/packages/ugv_msgs
-- Symlinking: /home/kayla/NGCP/install/ugv_msgs/share/ugv_msgs/cmake/rosidl_cmake-extras.cmake
-- Symlinking: /home/kayla/NGCP/install/ugv_msgs/share/ugv_msgs/cmake/ament_cmake_export_include_directories-extras.cmake
-- Symlinking: /home/kayla/NGCP/install/ugv_msgs/share/ugv_msgs/cmake/ament_cmake_export_libraries-extras.cmake
-- Symlinking: /home/kayla/NGCP/install/ugv_msgs/share/ugv_msgs/cmake/ament_cmake_export_targets-extras.cmake
-- Symlinking: /home/kayla/NGCP/install/ugv_msgs/share/ugv_msgs/cmake/rosidl_cmake_export_typesupport_targets-extras.cmake
-- Symlinking: /home/kayla/NGCP/install/ugv_msgs/share/ugv_msgs/cmake/ament_cmake_export_dependencies-extras.cmake
-- Symlinking: /home/kayla/NGCP/install/ugv_msgs/share/ugv_msgs/cmake/rosidl_cmake_export_typesupport_libraries-extras.cmake
-- Symlinking: /home/kayla/NGCP/install/ugv_msgs/share/ugv_msgs/cmake/ugv_msgsConfig.cmake
-- Symlinking: /home/kayla/NGCP/install/ugv_msgs/share/ugv_msgs/cmake/ugv_msgsConfig-version.cmake
-- Symlinking: /home/kayla/NGCP/install/ugv_msgs/share/ugv_msgs/package.xml
-- Installing: /home/kayla/NGCP/install/ugv_msgs/lib/libugv_msgs__rosidl_generator_c.so
-- Set runtime path of "/home/kayla/NGCP/install/ugv_msgs/lib/libugv_msgs__rosidl_generator_c.so" to ""
-- Installing: /home/kayla/NGCP/install/ugv_msgs/lib/libugv_msgs__rosidl_typesupport_fastrtps_c.so
-- Set runtime path of "/home/kayla/NGCP/install/ugv_msgs/lib/libugv_msgs__rosidl_typesupport_fastrtps_c.so" to ""
-- Installing: /home/kayla/NGCP/install/ugv_msgs/lib/libugv_msgs__rosidl_typesupport_introspection_c.so
-- Set runtime path of "/home/kayla/NGCP/install/ugv_msgs/lib/libugv_msgs__rosidl_typesupport_introspection_c.so" to ""
-- Installing: /home/kayla/NGCP/install/ugv_msgs/lib/libugv_msgs__rosidl_typesupport_c.so
-- Set runtime path of "/home/kayla/NGCP/install/ugv_msgs/lib/libugv_msgs__rosidl_typesupport_c.so" to ""
-- Installing: /home/kayla/NGCP/install/ugv_msgs/lib/libugv_msgs__rosidl_typesupport_fastrtps_cpp.so
-- Set runtime path of "/home/kayla/NGCP/install/ugv_msgs/lib/libugv_msgs__rosidl_typesupport_fastrtps_cpp.so" to ""
-- Installing: /home/kayla/NGCP/install/ugv_msgs/lib/libugv_msgs__rosidl_typesupport_introspection_cpp.so
-- Set runtime path of "/home/kayla/NGCP/install/ugv_msgs/lib/libugv_msgs__rosidl_typesupport_introspection_cpp.so" to ""
-- Installing: /home/kayla/NGCP/install/ugv_msgs/lib/libugv_msgs__rosidl_typesupport_cpp.so
-- Set runtime path of "/home/kayla/NGCP/install/ugv_msgs/lib/libugv_msgs__rosidl_typesupport_cpp.so" to ""
Listing '/home/kayla/NGCP/install/ugv_msgs/local/lib/python3.10/dist-packages/ugv_msgs'...
Compiling '/home/kayla/NGCP/install/ugv_msgs/local/lib/python3.10/dist-packages/ugv_msgs/__init__.py'...
Listing '/home/kayla/NGCP/install/ugv_msgs/local/lib/python3.10/dist-packages/ugv_msgs/msg'...
Compiling '/home/kayla/NGCP/install/ugv_msgs/local/lib/python3.10/dist-packages/ugv_msgs/msg/__init__.py'...
Compiling '/home/kayla/NGCP/install/ugv_msgs/local/lib/python3.10/dist-packages/ugv_msgs/msg/_auto_ctrl.py'...
Compiling '/home/kayla/NGCP/install/ugv_msgs/local/lib/python3.10/dist-packages/ugv_msgs/msg/_man_ctrl.py'...
-- Installing: /home/kayla/NGCP/install/ugv_msgs/lib/libugv_msgs__rosidl_generator_py.so
-- Set runtime path of "/home/kayla/NGCP/install/ugv_msgs/lib/libugv_msgs__rosidl_generator_py.so" to ""
-- Installing: /home/kayla/NGCP/install/ugv_msgs/share/ugv_msgs/cmake/export_ugv_msgs__rosidl_generator_cExport.cmake
-- Installing: /home/kayla/NGCP/install/ugv_msgs/share/ugv_msgs/cmake/export_ugv_msgs__rosidl_generator_cExport-noconfig.cmake
-- Installing: /home/kayla/NGCP/install/ugv_msgs/share/ugv_msgs/cmake/export_ugv_msgs__rosidl_typesupport_fastrtps_cExport.cmake
-- Installing: /home/kayla/NGCP/install/ugv_msgs/share/ugv_msgs/cmake/export_ugv_msgs__rosidl_typesupport_fastrtps_cExport-noconfig.cmake
-- Installing: /home/kayla/NGCP/install/ugv_msgs/share/ugv_msgs/cmake/ugv_msgs__rosidl_typesupport_introspection_cExport.cmake
-- Installing: /home/kayla/NGCP/install/ugv_msgs/share/ugv_msgs/cmake/ugv_msgs__rosidl_typesupport_introspection_cExport-noconfig.cmake
-- Installing: /home/kayla/NGCP/install/ugv_msgs/share/ugv_msgs/cmake/ugv_msgs__rosidl_typesupport_cExport.cmake
-- Installing: /home/kayla/NGCP/install/ugv_msgs/share/ugv_msgs/cmake/ugv_msgs__rosidl_typesupport_cExport-noconfig.cmake
-- Installing: /home/kayla/NGCP/install/ugv_msgs/share/ugv_msgs/cmake/export_ugv_msgs__rosidl_generator_cppExport.cmake
-- Installing: /home/kayla/NGCP/install/ugv_msgs/share/ugv_msgs/cmake/export_ugv_msgs__rosidl_typesupport_fastrtps_cppExport.cmake
-- Installing: /home/kayla/NGCP/install/ugv_msgs/share/ugv_msgs/cmake/export_ugv_msgs__rosidl_typesupport_fastrtps_cppExport-noconfig.cmake
-- Installing: /home/kayla/NGCP/install/ugv_msgs/share/ugv_msgs/cmake/ugv_msgs__rosidl_typesupport_introspection_cppExport.cmake
-- Installing: /home/kayla/NGCP/install/ugv_msgs/share/ugv_msgs/cmake/ugv_msgs__rosidl_typesupport_introspection_cppExport-noconfig.cmake
-- Installing: /home/kayla/NGCP/install/ugv_msgs/share/ugv_msgs/cmake/ugv_msgs__rosidl_typesupport_cppExport.cmake
-- Installing: /home/kayla/NGCP/install/ugv_msgs/share/ugv_msgs/cmake/ugv_msgs__rosidl_typesupport_cppExport-noconfig.cmake
-- Installing: /home/kayla/NGCP/install/ugv_msgs/share/ugv_msgs/cmake/export_ugv_msgs__rosidl_generator_pyExport.cmake
-- Installing: /home/kayla/NGCP/install/ugv_msgs/share/ugv_msgs/cmake/export_ugv_msgs__rosidl_generator_pyExport-noconfig.cmake
