[0.248s] Invoking command in '/home/lev/ngcp_ws/build/ngcp_ugv': PYTHONPATH=/home/lev/ngcp_ws/build/ngcp_ugv/prefix_override:/usr/lib/python3/dist-packages/colcon_core/task/python/colcon_distutils_commands:/home/lev/ngcp_ws/install/ngcp_ugv/lib/python3.10/site-packages:${PYTHONPATH} /usr/bin/python3 -W ignore:setup.py install is deprecated -W ignore:easy_install command is deprecated setup.py develop --editable --build-directory /home/lev/ngcp_ws/build/ngcp_ugv/build --no-deps symlink_data
[0.348s] running develop
[0.402s] running egg_info
[0.402s] creating ngcp_ugv.egg-info
[0.403s] writing ngcp_ugv.egg-info/PKG-INFO
[0.403s] writing dependency_links to ngcp_ugv.egg-info/dependency_links.txt
[0.403s] writing entry points to ngcp_ugv.egg-info/entry_points.txt
[0.403s] writing requirements to ngcp_ugv.egg-info/requires.txt
[0.403s] writing top-level names to ngcp_ugv.egg-info/top_level.txt
[0.403s] writing manifest file 'ngcp_ugv.egg-info/SOURCES.txt'
[0.403s] reading manifest file 'ngcp_ugv.egg-info/SOURCES.txt'
[0.404s] writing manifest file 'ngcp_ugv.egg-info/SOURCES.txt'
[0.404s] running build_ext
[0.404s] Creating /home/lev/ngcp_ws/install/ngcp_ugv/lib/python3.10/site-packages/ngcp-ugv.egg-link (link to .)
[0.405s] Installing ugv_control_pub script to /home/lev/ngcp_ws/install/ngcp_ugv/lib/ngcp_ugv
[0.405s] Installing ugv_control_sub script to /home/lev/ngcp_ws/install/ngcp_ugv/lib/ngcp_ugv
[0.405s] 
[0.405s] Installed /home/lev/ngcp_ws/build/ngcp_ugv
[0.405s] running symlink_data
[0.405s] creating /home/lev/ngcp_ws/install/ngcp_ugv/share/ament_index
[0.405s] creating /home/lev/ngcp_ws/install/ngcp_ugv/share/ament_index/resource_index
[0.405s] creating /home/lev/ngcp_ws/install/ngcp_ugv/share/ament_index/resource_index/packages
[0.405s] symbolically linking /home/lev/ngcp_ws/build/ngcp_ugv/resource/ngcp_ugv -> /home/lev/ngcp_ws/install/ngcp_ugv/share/ament_index/resource_index/packages
[0.405s] symbolically linking /home/lev/ngcp_ws/build/ngcp_ugv/package.xml -> /home/lev/ngcp_ws/install/ngcp_ugv/share/ngcp_ugv
[0.416s] Invoked command in '/home/lev/ngcp_ws/build/ngcp_ugv' returned '0': PYTHONPATH=/home/lev/ngcp_ws/build/ngcp_ugv/prefix_override:/usr/lib/python3/dist-packages/colcon_core/task/python/colcon_distutils_commands:/home/lev/ngcp_ws/install/ngcp_ugv/lib/python3.10/site-packages:${PYTHONPATH} /usr/bin/python3 -W ignore:setup.py install is deprecated -W ignore:easy_install command is deprecated setup.py develop --editable --build-directory /home/lev/ngcp_ws/build/ngcp_ugv/build --no-deps symlink_data
