[0.047s] Invoking command in '/home/ugv/ugv_ros2_ws/build/depthai_descriptions': CMAKE_PREFIX_PATH=${CMAKE_PREFIX_PATH}:/home/ugv/ugv_ros2_ws/install/ugv_teleop:/home/ugv/ugv_ros2_ws/install/ugv_telemetry:/home/ugv/install/ugv_telemetry:/home/ugv/NGCP/NGCP_25_26/install/ngcp_ugv:/opt/ros/humble /usr/bin/cmake /home/ugv/ugv_ros2_ws/src/depthai-ros/depthai_descriptions -DAMENT_CMAKE_SYMLINK_INSTALL=1 -DCMAKE_INSTALL_PREFIX=/home/ugv/ugv_ros2_ws/install/depthai_descriptions
[0.193s] -- The C compiler identification is GNU 11.4.0
[0.305s] -- The CXX compiler identification is GNU 11.4.0
[0.321s] -- Detecting C compiler ABI info
[0.468s] -- Detecting C compiler ABI info - done
[0.487s] -- Check for working C compiler: /usr/bin/cc - skipped
[0.487s] -- Detecting C compile features
[0.488s] -- Detecting C compile features - done
[0.494s] -- Detecting CXX compiler ABI info
[0.661s] -- Detecting CXX compiler ABI info - done
[0.675s] -- Check for working CXX compiler: /usr/bin/c++ - skipped
[0.676s] -- Detecting CXX compile features
[0.678s] -- Detecting CXX compile features - done
[0.686s] -- Found ament_cmake: 1.3.13 (/opt/ros/humble/share/ament_cmake/cmake)
[1.065s] -- Found Python3: /usr/bin/python3 (found version "3.10.12") found components: Interpreter 
[1.238s] -- Override CMake install command with custom implementation using symlinks instead of copying resources
[1.469s] -- Configuring done
[1.475s] -- Generating done
[1.479s] -- Build files have been written to: /home/ugv/ugv_ros2_ws/build/depthai_descriptions
[1.493s] Invoked command in '/home/ugv/ugv_ros2_ws/build/depthai_descriptions' returned '0': CMAKE_PREFIX_PATH=${CMAKE_PREFIX_PATH}:/home/ugv/ugv_ros2_ws/install/ugv_teleop:/home/ugv/ugv_ros2_ws/install/ugv_telemetry:/home/ugv/install/ugv_telemetry:/home/ugv/NGCP/NGCP_25_26/install/ngcp_ugv:/opt/ros/humble /usr/bin/cmake /home/ugv/ugv_ros2_ws/src/depthai-ros/depthai_descriptions -DAMENT_CMAKE_SYMLINK_INSTALL=1 -DCMAKE_INSTALL_PREFIX=/home/ugv/ugv_ros2_ws/install/depthai_descriptions
[1.494s] Invoking command in '/home/ugv/ugv_ros2_ws/build/depthai_descriptions': CMAKE_PREFIX_PATH=${CMAKE_PREFIX_PATH}:/home/ugv/ugv_ros2_ws/install/ugv_teleop:/home/ugv/ugv_ros2_ws/install/ugv_telemetry:/home/ugv/install/ugv_telemetry:/home/ugv/NGCP/NGCP_25_26/install/ngcp_ugv:/opt/ros/humble /usr/bin/cmake --build /home/ugv/ugv_ros2_ws/build/depthai_descriptions -- -j6 -l6
[1.576s] Invoked command in '/home/ugv/ugv_ros2_ws/build/depthai_descriptions' returned '0': CMAKE_PREFIX_PATH=${CMAKE_PREFIX_PATH}:/home/ugv/ugv_ros2_ws/install/ugv_teleop:/home/ugv/ugv_ros2_ws/install/ugv_telemetry:/home/ugv/install/ugv_telemetry:/home/ugv/NGCP/NGCP_25_26/install/ngcp_ugv:/opt/ros/humble /usr/bin/cmake --build /home/ugv/ugv_ros2_ws/build/depthai_descriptions -- -j6 -l6
[1.604s] Invoking command in '/home/ugv/ugv_ros2_ws/build/depthai_descriptions': CMAKE_PREFIX_PATH=${CMAKE_PREFIX_PATH}:/home/ugv/ugv_ros2_ws/install/ugv_teleop:/home/ugv/ugv_ros2_ws/install/ugv_telemetry:/home/ugv/install/ugv_telemetry:/home/ugv/NGCP/NGCP_25_26/install/ngcp_ugv:/opt/ros/humble /usr/bin/cmake --install /home/ugv/ugv_ros2_ws/build/depthai_descriptions
[1.622s] -- Install configuration: ""
[1.623s] -- Execute custom install script
[1.625s] -- Symlinking: /home/ugv/ugv_ros2_ws/install/depthai_descriptions/share/depthai_descriptions/urdf/base_descr.urdf.xacro
[1.644s] -- Symlinking: /home/ugv/ugv_ros2_ws/install/depthai_descriptions/share/depthai_descriptions/urdf/depthai_descr.urdf.xacro
[1.664s] -- Symlinking: /home/ugv/ugv_ros2_ws/install/depthai_descriptions/share/depthai_descriptions/urdf/include/base_macro.urdf.xacro
[1.682s] -- Symlinking: /home/ugv/ugv_ros2_ws/install/depthai_descriptions/share/depthai_descriptions/urdf/include/depthai_macro.urdf.xacro
[1.702s] -- Symlinking: /home/ugv/ugv_ros2_ws/install/depthai_descriptions/share/depthai_descriptions/urdf/models/OAK-1.stl
[1.722s] -- Symlinking: /home/ugv/ugv_ros2_ws/install/depthai_descriptions/share/depthai_descriptions/urdf/models/OAK-D-CM4-POE.stl
[1.739s] -- Symlinking: /home/ugv/ugv_ros2_ws/install/depthai_descriptions/share/depthai_descriptions/urdf/models/OAK-D-IOT-75.stl
[1.757s] -- Symlinking: /home/ugv/ugv_ros2_ws/install/depthai_descriptions/share/depthai_descriptions/urdf/models/OAK-D-LITE.stl
[1.777s] -- Symlinking: /home/ugv/ugv_ros2_ws/install/depthai_descriptions/share/depthai_descriptions/urdf/models/OAK-D-LR.stl
[1.795s] -- Symlinking: /home/ugv/ugv_ros2_ws/install/depthai_descriptions/share/depthai_descriptions/urdf/models/OAK-D-POE.stl
[1.815s] -- Symlinking: /home/ugv/ugv_ros2_ws/install/depthai_descriptions/share/depthai_descriptions/urdf/models/OAK-D-PRO-W.stl
[1.835s] -- Symlinking: /home/ugv/ugv_ros2_ws/install/depthai_descriptions/share/depthai_descriptions/urdf/models/OAK-D-PRO.stl
[1.854s] -- Symlinking: /home/ugv/ugv_ros2_ws/install/depthai_descriptions/share/depthai_descriptions/urdf/models/OAK-D-S2-POE.stl
[1.876s] -- Symlinking: /home/ugv/ugv_ros2_ws/install/depthai_descriptions/share/depthai_descriptions/urdf/models/OAK-D-S2.stl
[1.893s] -- Symlinking: /home/ugv/ugv_ros2_ws/install/depthai_descriptions/share/depthai_descriptions/urdf/models/OAK-D-SR-POE.stl
[1.912s] -- Symlinking: /home/ugv/ugv_ros2_ws/install/depthai_descriptions/share/depthai_descriptions/urdf/models/OAK-D-SR.stl
[1.931s] -- Symlinking: /home/ugv/ugv_ros2_ws/install/depthai_descriptions/share/depthai_descriptions/urdf/models/OAK-D.stl
[1.949s] -- Symlinking: /home/ugv/ugv_ros2_ws/install/depthai_descriptions/share/depthai_descriptions/urdf/models/OAK-T.stl
[1.969s] -- Symlinking: /home/ugv/ugv_ros2_ws/install/depthai_descriptions/share/depthai_descriptions/environment/depthai_descriptions.sh
[1.987s] -- Symlinking: /home/ugv/ugv_ros2_ws/install/depthai_descriptions/share/depthai_descriptions/environment/depthai_descriptions.dsv
[2.007s] -- Symlinking: /home/ugv/ugv_ros2_ws/install/depthai_descriptions/share/ament_index/resource_index/package_run_dependencies/depthai_descriptions
[2.031s] -- Symlinking: /home/ugv/ugv_ros2_ws/install/depthai_descriptions/share/ament_index/resource_index/parent_prefix_path/depthai_descriptions
[2.050s] -- Symlinking: /home/ugv/ugv_ros2_ws/install/depthai_descriptions/share/depthai_descriptions/environment/ament_prefix_path.sh
[2.074s] -- Symlinking: /home/ugv/ugv_ros2_ws/install/depthai_descriptions/share/depthai_descriptions/environment/ament_prefix_path.dsv
[2.092s] -- Symlinking: /home/ugv/ugv_ros2_ws/install/depthai_descriptions/share/depthai_descriptions/environment/path.sh
[2.109s] -- Symlinking: /home/ugv/ugv_ros2_ws/install/depthai_descriptions/share/depthai_descriptions/environment/path.dsv
[2.130s] -- Symlinking: /home/ugv/ugv_ros2_ws/install/depthai_descriptions/share/depthai_descriptions/local_setup.bash
[2.152s] -- Symlinking: /home/ugv/ugv_ros2_ws/install/depthai_descriptions/share/depthai_descriptions/local_setup.sh
[2.174s] -- Symlinking: /home/ugv/ugv_ros2_ws/install/depthai_descriptions/share/depthai_descriptions/local_setup.zsh
[2.193s] -- Symlinking: /home/ugv/ugv_ros2_ws/install/depthai_descriptions/share/depthai_descriptions/local_setup.dsv
[2.211s] -- Symlinking: /home/ugv/ugv_ros2_ws/install/depthai_descriptions/share/depthai_descriptions/package.dsv
[2.233s] -- Symlinking: /home/ugv/ugv_ros2_ws/install/depthai_descriptions/share/ament_index/resource_index/packages/depthai_descriptions
[2.251s] -- Symlinking: /home/ugv/ugv_ros2_ws/install/depthai_descriptions/share/depthai_descriptions/cmake/depthai_descriptionsConfig.cmake
[2.269s] -- Symlinking: /home/ugv/ugv_ros2_ws/install/depthai_descriptions/share/depthai_descriptions/cmake/depthai_descriptionsConfig-version.cmake
[2.287s] -- Symlinking: /home/ugv/ugv_ros2_ws/install/depthai_descriptions/share/depthai_descriptions/package.xml
[2.306s] -- Installing: /home/ugv/ugv_ros2_ws/install/depthai_descriptions/share/depthai_descriptions/launch
[2.307s] -- Installing: /home/ugv/ugv_ros2_ws/install/depthai_descriptions/share/depthai_descriptions/launch/urdf_launch.py
[2.323s] Invoked command in '/home/ugv/ugv_ros2_ws/build/depthai_descriptions' returned '0': CMAKE_PREFIX_PATH=${CMAKE_PREFIX_PATH}:/home/ugv/ugv_ros2_ws/install/ugv_teleop:/home/ugv/ugv_ros2_ws/install/ugv_telemetry:/home/ugv/install/ugv_telemetry:/home/ugv/NGCP/NGCP_25_26/install/ngcp_ugv:/opt/ros/humble /usr/bin/cmake --install /home/ugv/ugv_ros2_ws/build/depthai_descriptions
