[35m[1mConsolidate compiler generated dependencies of target ugv_msgs__rosidl_generator_c[0m
[ 10%] Built target ugv_msgs__rosidl_generator_c
[ 12%] Built target ugv_msgs__cpp
[ 12%] Built target ament_cmake_python_symlink_ugv_msgs
[35m[1mConsolidate compiler generated dependencies of target ugv_msgs__rosidl_typesupport_introspection_c[0m
[35m[1mConsolidate compiler generated dependencies of target ugv_msgs__rosidl_typesupport_c[0m
[35m[1mConsolidate compiler generated dependencies of target ugv_msgs__rosidl_typesupport_fastrtps_c[0m
[ 23%] Built target ugv_msgs__rosidl_typesupport_introspection_c
[35m[1mConsolidate compiler generated dependencies of target ugv_msgs__rosidl_typesupport_fastrtps_cpp[0m
[ 34%] Built target ugv_msgs__rosidl_typesupport_fastrtps_c
[ 44%] Built target ugv_msgs__rosidl_typesupport_c
[35m[1mConsolidate compiler generated dependencies of target ugv_msgs__rosidl_typesupport_introspection_cpp[0m
[35m[1mConsolidate compiler generated dependencies of target ugv_msgs__rosidl_typesupport_cpp[0m
[ 55%] Built target ugv_msgs__rosidl_typesupport_fastrtps_cpp
[ 65%] Built target ugv_msgs__rosidl_typesupport_introspection_cpp
[ 76%] Built target ugv_msgs__rosidl_typesupport_cpp
[ 76%] Built target ugv_msgs
[ 78%] Built target ugv_msgs__py
[35m[1mConsolidate compiler generated dependencies of target ugv_msgs__rosidl_generator_py[0m
[ 87%] Built target ugv_msgs__rosidl_generator_py
[35m[1mConsolidate compiler generated dependencies of target ugv_msgs__rosidl_typesupport_fastrtps_c__pyext[0m
[ 89%] [32mBuilding C object CMakeFiles/ugv_msgs__rosidl_typesupport_introspection_c__pyext.dir/rosidl_generator_py/ugv_msgs/_ugv_msgs_s.ep.rosidl_typesupport_introspection_c.c.o[0m
[ 91%] [32mBuilding C object CMakeFiles/ugv_msgs__rosidl_typesupport_c__pyext.dir/rosidl_generator_py/ugv_msgs/_ugv_msgs_s.ep.rosidl_typesupport_c.c.o[0m
[ 95%] Built target ugv_msgs__rosidl_typesupport_fastrtps_c__pyext
running egg_info
writing ugv_msgs.egg-info/PKG-INFO
writing dependency_links to ugv_msgs.egg-info/dependency_links.txt
writing top-level names to ugv_msgs.egg-info/top_level.txt
reading manifest file 'ugv_msgs.egg-info/SOURCES.txt'
writing manifest file 'ugv_msgs.egg-info/SOURCES.txt'
[ 95%] Built target ament_cmake_python_build_ugv_msgs_egg
[ 97%] [32m[1mLinking C shared library rosidl_generator_py/ugv_msgs/ugv_msgs_s__rosidl_typesupport_c.cpython-310-aarch64-linux-gnu.so[0m
[100%] [32m[1mLinking C shared library rosidl_generator_py/ugv_msgs/ugv_msgs_s__rosidl_typesupport_introspection_c.cpython-310-aarch64-linux-gnu.so[0m
[100%] Built target ugv_msgs__rosidl_typesupport_introspection_c__pyext
[100%] Built target ugv_msgs__rosidl_typesupport_c__pyext
-- Install configuration: ""
-- Execute custom install script
-- Symlinking: /home/ugv/ugv_ros2_ws/install/ugv_msgs/share/ament_index/resource_index/rosidl_interfaces/ugv_msgs
-- Symlinking: /home/ugv/ugv_ros2_ws/install/ugv_msgs/include/ugv_msgs/ugv_msgs/msg/auto_ctrl.h
-- Symlinking: /home/ugv/ugv_ros2_ws/install/ugv_msgs/include/ugv_msgs/ugv_msgs/msg/detail/auto_ctrl__functions.h
-- Symlinking: /home/ugv/ugv_ros2_ws/install/ugv_msgs/include/ugv_msgs/ugv_msgs/msg/detail/auto_ctrl__struct.h
-- Symlinking: /home/ugv/ugv_ros2_ws/install/ugv_msgs/include/ugv_msgs/ugv_msgs/msg/detail/auto_ctrl__type_support.h
-- Symlinking: /home/ugv/ugv_ros2_ws/install/ugv_msgs/include/ugv_msgs/ugv_msgs/msg/detail/man_ctrl__functions.h
-- Symlinking: /home/ugv/ugv_ros2_ws/install/ugv_msgs/include/ugv_msgs/ugv_msgs/msg/detail/man_ctrl__struct.h
-- Symlinking: /home/ugv/ugv_ros2_ws/install/ugv_msgs/include/ugv_msgs/ugv_msgs/msg/detail/man_ctrl__type_support.h
-- Symlinking: /home/ugv/ugv_ros2_ws/install/ugv_msgs/include/ugv_msgs/ugv_msgs/msg/detail/ugv_telemetry__functions.h
-- Symlinking: /home/ugv/ugv_ros2_ws/install/ugv_msgs/include/ugv_msgs/ugv_msgs/msg/detail/ugv_telemetry__struct.h
-- Symlinking: /home/ugv/ugv_ros2_ws/install/ugv_msgs/include/ugv_msgs/ugv_msgs/msg/detail/ugv_telemetry__type_support.h
-- Symlinking: /home/ugv/ugv_ros2_ws/install/ugv_msgs/include/ugv_msgs/ugv_msgs/msg/man_ctrl.h
-- Symlinking: /home/ugv/ugv_ros2_ws/install/ugv_msgs/include/ugv_msgs/ugv_msgs/msg/rosidl_generator_c__visibility_control.h
-- Symlinking: /home/ugv/ugv_ros2_ws/install/ugv_msgs/include/ugv_msgs/ugv_msgs/msg/ugv_telemetry.h
-- Symlinking: /home/ugv/ugv_ros2_ws/install/ugv_msgs/share/ugv_msgs/environment/library_path.sh
-- Symlinking: /home/ugv/ugv_ros2_ws/install/ugv_msgs/share/ugv_msgs/environment/library_path.dsv
-- Symlinking: /home/ugv/ugv_ros2_ws/install/ugv_msgs/include/ugv_msgs/ugv_msgs/msg/detail/auto_ctrl__rosidl_typesupport_fastrtps_c.h
-- Symlinking: /home/ugv/ugv_ros2_ws/install/ugv_msgs/include/ugv_msgs/ugv_msgs/msg/detail/man_ctrl__rosidl_typesupport_fastrtps_c.h
-- Symlinking: /home/ugv/ugv_ros2_ws/install/ugv_msgs/include/ugv_msgs/ugv_msgs/msg/detail/ugv_telemetry__rosidl_typesupport_fastrtps_c.h
-- Symlinking: /home/ugv/ugv_ros2_ws/install/ugv_msgs/include/ugv_msgs/ugv_msgs/msg/rosidl_typesupport_fastrtps_c__visibility_control.h
-- Symlinking: /home/ugv/ugv_ros2_ws/install/ugv_msgs/include/ugv_msgs/ugv_msgs/msg/detail/auto_ctrl__rosidl_typesupport_introspection_c.h
-- Symlinking: /home/ugv/ugv_ros2_ws/install/ugv_msgs/include/ugv_msgs/ugv_msgs/msg/detail/man_ctrl__rosidl_typesupport_introspection_c.h
-- Symlinking: /home/ugv/ugv_ros2_ws/install/ugv_msgs/include/ugv_msgs/ugv_msgs/msg/detail/ugv_telemetry__rosidl_typesupport_introspection_c.h
-- Symlinking: /home/ugv/ugv_ros2_ws/install/ugv_msgs/include/ugv_msgs/ugv_msgs/msg/rosidl_typesupport_introspection_c__visibility_control.h
-- Symlinking: /home/ugv/ugv_ros2_ws/install/ugv_msgs/include/ugv_msgs/ugv_msgs/msg/auto_ctrl.hpp
-- Symlinking: /home/ugv/ugv_ros2_ws/install/ugv_msgs/include/ugv_msgs/ugv_msgs/msg/detail/auto_ctrl__builder.hpp
-- Symlinking: /home/ugv/ugv_ros2_ws/install/ugv_msgs/include/ugv_msgs/ugv_msgs/msg/detail/auto_ctrl__struct.hpp
-- Symlinking: /home/ugv/ugv_ros2_ws/install/ugv_msgs/include/ugv_msgs/ugv_msgs/msg/detail/auto_ctrl__traits.hpp
-- Symlinking: /home/ugv/ugv_ros2_ws/install/ugv_msgs/include/ugv_msgs/ugv_msgs/msg/detail/auto_ctrl__type_support.hpp
-- Symlinking: /home/ugv/ugv_ros2_ws/install/ugv_msgs/include/ugv_msgs/ugv_msgs/msg/detail/man_ctrl__builder.hpp
-- Symlinking: /home/ugv/ugv_ros2_ws/install/ugv_msgs/include/ugv_msgs/ugv_msgs/msg/detail/man_ctrl__struct.hpp
-- Symlinking: /home/ugv/ugv_ros2_ws/install/ugv_msgs/include/ugv_msgs/ugv_msgs/msg/detail/man_ctrl__traits.hpp
-- Symlinking: /home/ugv/ugv_ros2_ws/install/ugv_msgs/include/ugv_msgs/ugv_msgs/msg/detail/man_ctrl__type_support.hpp
-- Symlinking: /home/ugv/ugv_ros2_ws/install/ugv_msgs/include/ugv_msgs/ugv_msgs/msg/detail/ugv_telemetry__builder.hpp
-- Symlinking: /home/ugv/ugv_ros2_ws/install/ugv_msgs/include/ugv_msgs/ugv_msgs/msg/detail/ugv_telemetry__struct.hpp
-- Symlinking: /home/ugv/ugv_ros2_ws/install/ugv_msgs/include/ugv_msgs/ugv_msgs/msg/detail/ugv_telemetry__traits.hpp
-- Symlinking: /home/ugv/ugv_ros2_ws/install/ugv_msgs/include/ugv_msgs/ugv_msgs/msg/detail/ugv_telemetry__type_support.hpp
-- Symlinking: /home/ugv/ugv_ros2_ws/install/ugv_msgs/include/ugv_msgs/ugv_msgs/msg/man_ctrl.hpp
-- Symlinking: /home/ugv/ugv_ros2_ws/install/ugv_msgs/include/ugv_msgs/ugv_msgs/msg/rosidl_generator_cpp__visibility_control.hpp
-- Symlinking: /home/ugv/ugv_ros2_ws/install/ugv_msgs/include/ugv_msgs/ugv_msgs/msg/ugv_telemetry.hpp
-- Symlinking: /home/ugv/ugv_ros2_ws/install/ugv_msgs/include/ugv_msgs/ugv_msgs/msg/detail/auto_ctrl__rosidl_typesupport_fastrtps_cpp.hpp
-- Symlinking: /home/ugv/ugv_ros2_ws/install/ugv_msgs/include/ugv_msgs/ugv_msgs/msg/detail/man_ctrl__rosidl_typesupport_fastrtps_cpp.hpp
-- Symlinking: /home/ugv/ugv_ros2_ws/install/ugv_msgs/include/ugv_msgs/ugv_msgs/msg/detail/ugv_telemetry__rosidl_typesupport_fastrtps_cpp.hpp
-- Symlinking: /home/ugv/ugv_ros2_ws/install/ugv_msgs/include/ugv_msgs/ugv_msgs/msg/rosidl_typesupport_fastrtps_cpp__visibility_control.h
-- Symlinking: /home/ugv/ugv_ros2_ws/install/ugv_msgs/include/ugv_msgs/ugv_msgs/msg/detail/auto_ctrl__rosidl_typesupport_introspection_cpp.hpp
-- Symlinking: /home/ugv/ugv_ros2_ws/install/ugv_msgs/include/ugv_msgs/ugv_msgs/msg/detail/man_ctrl__rosidl_typesupport_introspection_cpp.hpp
-- Symlinking: /home/ugv/ugv_ros2_ws/install/ugv_msgs/include/ugv_msgs/ugv_msgs/msg/detail/ugv_telemetry__rosidl_typesupport_introspection_cpp.hpp
-- Symlinking: /home/ugv/ugv_ros2_ws/install/ugv_msgs/share/ugv_msgs/environment/pythonpath.sh
-- Symlinking: /home/ugv/ugv_ros2_ws/install/ugv_msgs/share/ugv_msgs/environment/pythonpath.dsv
-- Symlinking: /home/ugv/ugv_ros2_ws/install/ugv_msgs/local/lib/python3.10/dist-packages/ugv_msgs-0.0.0-py3.10.egg-info/PKG-INFO
-- Symlinking: /home/ugv/ugv_ros2_ws/install/ugv_msgs/local/lib/python3.10/dist-packages/ugv_msgs-0.0.0-py3.10.egg-info/SOURCES.txt
-- Symlinking: /home/ugv/ugv_ros2_ws/install/ugv_msgs/local/lib/python3.10/dist-packages/ugv_msgs-0.0.0-py3.10.egg-info/dependency_links.txt
-- Symlinking: /home/ugv/ugv_ros2_ws/install/ugv_msgs/local/lib/python3.10/dist-packages/ugv_msgs-0.0.0-py3.10.egg-info/top_level.txt
-- Symlinking: /home/ugv/ugv_ros2_ws/install/ugv_msgs/local/lib/python3.10/dist-packages/ugv_msgs/__init__.py
-- Symlinking: /home/ugv/ugv_ros2_ws/install/ugv_msgs/local/lib/python3.10/dist-packages/ugv_msgs/_ugv_msgs_s.ep.rosidl_typesupport_c.c
-- Symlinking: /home/ugv/ugv_ros2_ws/install/ugv_msgs/local/lib/python3.10/dist-packages/ugv_msgs/_ugv_msgs_s.ep.rosidl_typesupport_fastrtps_c.c
-- Symlinking: /home/ugv/ugv_ros2_ws/install/ugv_msgs/local/lib/python3.10/dist-packages/ugv_msgs/_ugv_msgs_s.ep.rosidl_typesupport_introspection_c.c
-- Symlinking: /home/ugv/ugv_ros2_ws/install/ugv_msgs/local/lib/python3.10/dist-packages/ugv_msgs/libugv_msgs__rosidl_generator_py.so
-- Symlinking: /home/ugv/ugv_ros2_ws/install/ugv_msgs/local/lib/python3.10/dist-packages/ugv_msgs/msg/__init__.py
-- Symlinking: /home/ugv/ugv_ros2_ws/install/ugv_msgs/local/lib/python3.10/dist-packages/ugv_msgs/msg/_auto_ctrl.py
-- Symlinking: /home/ugv/ugv_ros2_ws/install/ugv_msgs/local/lib/python3.10/dist-packages/ugv_msgs/msg/_auto_ctrl_s.c
-- Symlinking: /home/ugv/ugv_ros2_ws/install/ugv_msgs/local/lib/python3.10/dist-packages/ugv_msgs/msg/_man_ctrl.py
-- Symlinking: /home/ugv/ugv_ros2_ws/install/ugv_msgs/local/lib/python3.10/dist-packages/ugv_msgs/msg/_man_ctrl_s.c
-- Symlinking: /home/ugv/ugv_ros2_ws/install/ugv_msgs/local/lib/python3.10/dist-packages/ugv_msgs/msg/_ugv_telemetry.py
-- Symlinking: /home/ugv/ugv_ros2_ws/install/ugv_msgs/local/lib/python3.10/dist-packages/ugv_msgs/msg/_ugv_telemetry_s.c
-- Symlinking: /home/ugv/ugv_ros2_ws/install/ugv_msgs/local/lib/python3.10/dist-packages/ugv_msgs/ugv_msgs_s__rosidl_typesupport_c.cpython-310-aarch64-linux-gnu.so
-- Symlinking: /home/ugv/ugv_ros2_ws/install/ugv_msgs/local/lib/python3.10/dist-packages/ugv_msgs/ugv_msgs_s__rosidl_typesupport_fastrtps_c.cpython-310-aarch64-linux-gnu.so
-- Symlinking: /home/ugv/ugv_ros2_ws/install/ugv_msgs/local/lib/python3.10/dist-packages/ugv_msgs/ugv_msgs_s__rosidl_typesupport_introspection_c.cpython-310-aarch64-linux-gnu.so
-- Up-to-date symlink: /home/ugv/ugv_ros2_ws/install/ugv_msgs/local/lib/python3.10/dist-packages/ugv_msgs/ugv_msgs_s__rosidl_typesupport_fastrtps_c.cpython-310-aarch64-linux-gnu.so
-- Up-to-date symlink: /home/ugv/ugv_ros2_ws/install/ugv_msgs/local/lib/python3.10/dist-packages/ugv_msgs/ugv_msgs_s__rosidl_typesupport_introspection_c.cpython-310-aarch64-linux-gnu.so
-- Up-to-date symlink: /home/ugv/ugv_ros2_ws/install/ugv_msgs/local/lib/python3.10/dist-packages/ugv_msgs/ugv_msgs_s__rosidl_typesupport_c.cpython-310-aarch64-linux-gnu.so
-- Symlinking: /home/ugv/ugv_ros2_ws/install/ugv_msgs/share/ugv_msgs/msg/ManCtrl.idl
-- Symlinking: /home/ugv/ugv_ros2_ws/install/ugv_msgs/share/ugv_msgs/msg/AutoCtrl.idl
-- Symlinking: /home/ugv/ugv_ros2_ws/install/ugv_msgs/share/ugv_msgs/msg/UGVTelemetry.idl
-- Symlinking: /home/ugv/ugv_ros2_ws/install/ugv_msgs/share/ugv_msgs/msg/ManCtrl.msg
-- Symlinking: /home/ugv/ugv_ros2_ws/install/ugv_msgs/share/ugv_msgs/msg/AutoCtrl.msg
-- Symlinking: /home/ugv/ugv_ros2_ws/install/ugv_msgs/share/ugv_msgs/msg/UGVTelemetry.msg
-- Symlinking: /home/ugv/ugv_ros2_ws/install/ugv_msgs/share/ament_index/resource_index/package_run_dependencies/ugv_msgs
-- Symlinking: /home/ugv/ugv_ros2_ws/install/ugv_msgs/share/ament_index/resource_index/parent_prefix_path/ugv_msgs
-- Symlinking: /home/ugv/ugv_ros2_ws/install/ugv_msgs/share/ugv_msgs/environment/ament_prefix_path.sh
-- Symlinking: /home/ugv/ugv_ros2_ws/install/ugv_msgs/share/ugv_msgs/environment/ament_prefix_path.dsv
-- Symlinking: /home/ugv/ugv_ros2_ws/install/ugv_msgs/share/ugv_msgs/environment/path.sh
-- Symlinking: /home/ugv/ugv_ros2_ws/install/ugv_msgs/share/ugv_msgs/environment/path.dsv
-- Symlinking: /home/ugv/ugv_ros2_ws/install/ugv_msgs/share/ugv_msgs/local_setup.bash
-- Symlinking: /home/ugv/ugv_ros2_ws/install/ugv_msgs/share/ugv_msgs/local_setup.sh
-- Symlinking: /home/ugv/ugv_ros2_ws/install/ugv_msgs/share/ugv_msgs/local_setup.zsh
-- Symlinking: /home/ugv/ugv_ros2_ws/install/ugv_msgs/share/ugv_msgs/local_setup.dsv
-- Symlinking: /home/ugv/ugv_ros2_ws/install/ugv_msgs/share/ugv_msgs/package.dsv
-- Symlinking: /home/ugv/ugv_ros2_ws/install/ugv_msgs/share/ament_index/resource_index/packages/ugv_msgs
-- Symlinking: /home/ugv/ugv_ros2_ws/install/ugv_msgs/share/ugv_msgs/cmake/rosidl_cmake-extras.cmake
-- Symlinking: /home/ugv/ugv_ros2_ws/install/ugv_msgs/share/ugv_msgs/cmake/ament_cmake_export_include_directories-extras.cmake
-- Symlinking: /home/ugv/ugv_ros2_ws/install/ugv_msgs/share/ugv_msgs/cmake/ament_cmake_export_libraries-extras.cmake
-- Symlinking: /home/ugv/ugv_ros2_ws/install/ugv_msgs/share/ugv_msgs/cmake/ament_cmake_export_targets-extras.cmake
-- Symlinking: /home/ugv/ugv_ros2_ws/install/ugv_msgs/share/ugv_msgs/cmake/rosidl_cmake_export_typesupport_targets-extras.cmake
-- Symlinking: /home/ugv/ugv_ros2_ws/install/ugv_msgs/share/ugv_msgs/cmake/ament_cmake_export_dependencies-extras.cmake
-- Symlinking: /home/ugv/ugv_ros2_ws/install/ugv_msgs/share/ugv_msgs/cmake/rosidl_cmake_export_typesupport_libraries-extras.cmake
-- Symlinking: /home/ugv/ugv_ros2_ws/install/ugv_msgs/share/ugv_msgs/cmake/ugv_msgsConfig.cmake
-- Symlinking: /home/ugv/ugv_ros2_ws/install/ugv_msgs/share/ugv_msgs/cmake/ugv_msgsConfig-version.cmake
-- Symlinking: /home/ugv/ugv_ros2_ws/install/ugv_msgs/share/ugv_msgs/package.xml
-- Installing: /home/ugv/ugv_ros2_ws/install/ugv_msgs/lib/libugv_msgs__rosidl_generator_c.so
-- Set runtime path of "/home/ugv/ugv_ros2_ws/install/ugv_msgs/lib/libugv_msgs__rosidl_generator_c.so" to ""
-- Installing: /home/ugv/ugv_ros2_ws/install/ugv_msgs/lib/libugv_msgs__rosidl_typesupport_fastrtps_c.so
-- Set runtime path of "/home/ugv/ugv_ros2_ws/install/ugv_msgs/lib/libugv_msgs__rosidl_typesupport_fastrtps_c.so" to ""
-- Installing: /home/ugv/ugv_ros2_ws/install/ugv_msgs/lib/libugv_msgs__rosidl_typesupport_introspection_c.so
-- Set runtime path of "/home/ugv/ugv_ros2_ws/install/ugv_msgs/lib/libugv_msgs__rosidl_typesupport_introspection_c.so" to ""
-- Installing: /home/ugv/ugv_ros2_ws/install/ugv_msgs/lib/libugv_msgs__rosidl_typesupport_c.so
-- Set runtime path of "/home/ugv/ugv_ros2_ws/install/ugv_msgs/lib/libugv_msgs__rosidl_typesupport_c.so" to ""
-- Installing: /home/ugv/ugv_ros2_ws/install/ugv_msgs/lib/libugv_msgs__rosidl_typesupport_fastrtps_cpp.so
-- Set runtime path of "/home/ugv/ugv_ros2_ws/install/ugv_msgs/lib/libugv_msgs__rosidl_typesupport_fastrtps_cpp.so" to ""
-- Installing: /home/ugv/ugv_ros2_ws/install/ugv_msgs/lib/libugv_msgs__rosidl_typesupport_introspection_cpp.so
-- Set runtime path of "/home/ugv/ugv_ros2_ws/install/ugv_msgs/lib/libugv_msgs__rosidl_typesupport_introspection_cpp.so" to ""
-- Installing: /home/ugv/ugv_ros2_ws/install/ugv_msgs/lib/libugv_msgs__rosidl_typesupport_cpp.so
-- Set runtime path of "/home/ugv/ugv_ros2_ws/install/ugv_msgs/lib/libugv_msgs__rosidl_typesupport_cpp.so" to ""
Listing '/home/ugv/ugv_ros2_ws/install/ugv_msgs/local/lib/python3.10/dist-packages/ugv_msgs'...
Compiling '/home/ugv/ugv_ros2_ws/install/ugv_msgs/local/lib/python3.10/dist-packages/ugv_msgs/__init__.py'...
Listing '/home/ugv/ugv_ros2_ws/install/ugv_msgs/local/lib/python3.10/dist-packages/ugv_msgs/msg'...
Compiling '/home/ugv/ugv_ros2_ws/install/ugv_msgs/local/lib/python3.10/dist-packages/ugv_msgs/msg/__init__.py'...
Compiling '/home/ugv/ugv_ros2_ws/install/ugv_msgs/local/lib/python3.10/dist-packages/ugv_msgs/msg/_auto_ctrl.py'...
Compiling '/home/ugv/ugv_ros2_ws/install/ugv_msgs/local/lib/python3.10/dist-packages/ugv_msgs/msg/_man_ctrl.py'...
Compiling '/home/ugv/ugv_ros2_ws/install/ugv_msgs/local/lib/python3.10/dist-packages/ugv_msgs/msg/_ugv_telemetry.py'...
-- Installing: /home/ugv/ugv_ros2_ws/install/ugv_msgs/lib/libugv_msgs__rosidl_generator_py.so
-- Set runtime path of "/home/ugv/ugv_ros2_ws/install/ugv_msgs/lib/libugv_msgs__rosidl_generator_py.so" to ""
-- Installing: /home/ugv/ugv_ros2_ws/install/ugv_msgs/share/ugv_msgs/cmake/export_ugv_msgs__rosidl_generator_cExport.cmake
-- Installing: /home/ugv/ugv_ros2_ws/install/ugv_msgs/share/ugv_msgs/cmake/export_ugv_msgs__rosidl_generator_cExport-noconfig.cmake
-- Installing: /home/ugv/ugv_ros2_ws/install/ugv_msgs/share/ugv_msgs/cmake/export_ugv_msgs__rosidl_typesupport_fastrtps_cExport.cmake
-- Installing: /home/ugv/ugv_ros2_ws/install/ugv_msgs/share/ugv_msgs/cmake/export_ugv_msgs__rosidl_typesupport_fastrtps_cExport-noconfig.cmake
-- Installing: /home/ugv/ugv_ros2_ws/install/ugv_msgs/share/ugv_msgs/cmake/ugv_msgs__rosidl_typesupport_introspection_cExport.cmake
-- Installing: /home/ugv/ugv_ros2_ws/install/ugv_msgs/share/ugv_msgs/cmake/ugv_msgs__rosidl_typesupport_introspection_cExport-noconfig.cmake
-- Installing: /home/ugv/ugv_ros2_ws/install/ugv_msgs/share/ugv_msgs/cmake/ugv_msgs__rosidl_typesupport_cExport.cmake
-- Installing: /home/ugv/ugv_ros2_ws/install/ugv_msgs/share/ugv_msgs/cmake/ugv_msgs__rosidl_typesupport_cExport-noconfig.cmake
-- Installing: /home/ugv/ugv_ros2_ws/install/ugv_msgs/share/ugv_msgs/cmake/export_ugv_msgs__rosidl_generator_cppExport.cmake
-- Installing: /home/ugv/ugv_ros2_ws/install/ugv_msgs/share/ugv_msgs/cmake/export_ugv_msgs__rosidl_typesupport_fastrtps_cppExport.cmake
-- Installing: /home/ugv/ugv_ros2_ws/install/ugv_msgs/share/ugv_msgs/cmake/export_ugv_msgs__rosidl_typesupport_fastrtps_cppExport-noconfig.cmake
-- Installing: /home/ugv/ugv_ros2_ws/install/ugv_msgs/share/ugv_msgs/cmake/ugv_msgs__rosidl_typesupport_introspection_cppExport.cmake
-- Installing: /home/ugv/ugv_ros2_ws/install/ugv_msgs/share/ugv_msgs/cmake/ugv_msgs__rosidl_typesupport_introspection_cppExport-noconfig.cmake
-- Installing: /home/ugv/ugv_ros2_ws/install/ugv_msgs/share/ugv_msgs/cmake/ugv_msgs__rosidl_typesupport_cppExport.cmake
-- Installing: /home/ugv/ugv_ros2_ws/install/ugv_msgs/share/ugv_msgs/cmake/ugv_msgs__rosidl_typesupport_cppExport-noconfig.cmake
-- Installing: /home/ugv/ugv_ros2_ws/install/ugv_msgs/share/ugv_msgs/cmake/export_ugv_msgs__rosidl_generator_pyExport.cmake
-- Installing: /home/ugv/ugv_ros2_ws/install/ugv_msgs/share/ugv_msgs/cmake/export_ugv_msgs__rosidl_generator_pyExport-noconfig.cmake
