[0.227s] DEBUG:colcon:Command line arguments: ['/usr/bin/colcon', 'build']
[0.227s] DEBUG:colcon:Parsed command line arguments: Namespace(log_base=None, log_level=None, verb_name='build', build_base='build', install_base='install', merge_install=False, symlink_install=False, test_result_base=None, continue_on_error=False, executor='parallel', parallel_workers=6, event_handlers=None, ignore_user_meta=False, metas=['./colcon.meta'], base_paths=['.'], packages_ignore=None, packages_ignore_regex=None, paths=None, packages_up_to=None, packages_up_to_regex=None, packages_above=None, packages_above_and_dependencies=None, packages_above_depth=None, packages_select_by_dep=None, packages_skip_by_dep=None, packages_skip_up_to=None, packages_select_build_failed=False, packages_skip_build_finished=False, packages_select_test_failures=False, packages_skip_test_passed=False, packages_select=None, packages_skip=None, packages_select_regex=None, packages_skip_regex=None, packages_start=None, packages_end=None, allow_overriding=[], cmake_args=None, cmake_target=None, cmake_target_skip_unavailable=False, cmake_clean_cache=False, cmake_clean_first=False, cmake_force_configure=False, ament_cmake_args=None, catkin_cmake_args=None, catkin_skip_building_tests=False, mixin_files=None, mixin=None, verb_parser=<colcon_mixin.mixin.mixin_argument.MixinArgumentDecorator object at 0xffff9063dbd0>, verb_extension=<colcon_core.verb.build.BuildVerb object at 0xffff90766b60>, main=<bound method BuildVerb.main of <colcon_core.verb.build.BuildVerb object at 0xffff90766b60>>, mixin_verb=('build',))
[0.578s] Level 1:colcon.colcon_core.package_discovery:discover_packages(colcon_meta) check parameters
[0.578s] Level 1:colcon.colcon_core.package_discovery:discover_packages(recursive) check parameters
[0.579s] Level 1:colcon.colcon_core.package_discovery:discover_packages(ignore) check parameters
[0.579s] Level 1:colcon.colcon_core.package_discovery:discover_packages(path) check parameters
[0.579s] Level 1:colcon.colcon_core.package_discovery:discover_packages(colcon_meta) discover
[0.579s] Level 1:colcon.colcon_core.package_discovery:discover_packages(recursive) discover
[0.579s] INFO:colcon.colcon_core.package_discovery:Crawling recursively for packages in '/home/ugv/NGCP/NGCP_25_26/ugv-integration-2526'
[0.579s] Level 1:colcon.colcon_core.package_identification:_identify(.) by extensions ['ignore', 'ignore_ament_install']
[0.579s] Level 1:colcon.colcon_core.package_identification:_identify(.) by extension 'ignore'
[0.580s] Level 1:colcon.colcon_core.package_identification:_identify(.) by extension 'ignore_ament_install'
[0.580s] Level 1:colcon.colcon_core.package_identification:_identify(.) by extensions ['colcon_pkg']
[0.580s] Level 1:colcon.colcon_core.package_identification:_identify(.) by extension 'colcon_pkg'
[0.580s] Level 1:colcon.colcon_core.package_identification:_identify(.) by extensions ['colcon_meta']
[0.580s] Level 1:colcon.colcon_core.package_identification:_identify(.) by extension 'colcon_meta'
[0.580s] Level 1:colcon.colcon_core.package_identification:_identify(.) by extensions ['ros']
[0.580s] Level 1:colcon.colcon_core.package_identification:_identify(.) by extension 'ros'
[0.602s] Level 1:colcon.colcon_core.package_identification:_identify(.) by extensions ['cmake', 'python']
[0.602s] Level 1:colcon.colcon_core.package_identification:_identify(.) by extension 'cmake'
[0.603s] Level 1:colcon.colcon_core.package_identification:_identify(.) by extension 'python'
[0.603s] Level 1:colcon.colcon_core.package_identification:_identify(.) by extensions ['python_setup_py']
[0.603s] Level 1:colcon.colcon_core.package_identification:_identify(.) by extension 'python_setup_py'
[0.603s] Level 1:colcon.colcon_core.package_identification:_identify(build) by extensions ['ignore', 'ignore_ament_install']
[0.603s] Level 1:colcon.colcon_core.package_identification:_identify(build) by extension 'ignore'
[0.603s] Level 1:colcon.colcon_core.package_identification:_identify(build) ignored
[0.604s] Level 1:colcon.colcon_core.package_identification:_identify(install) by extensions ['ignore', 'ignore_ament_install']
[0.604s] Level 1:colcon.colcon_core.package_identification:_identify(install) by extension 'ignore'
[0.604s] Level 1:colcon.colcon_core.package_identification:_identify(install) ignored
[0.604s] Level 1:colcon.colcon_core.package_identification:_identify(log) by extensions ['ignore', 'ignore_ament_install']
[0.604s] Level 1:colcon.colcon_core.package_identification:_identify(log) by extension 'ignore'
[0.604s] Level 1:colcon.colcon_core.package_identification:_identify(log) ignored
[0.605s] Level 1:colcon.colcon_core.package_identification:_identify(manual_control) by extensions ['ignore', 'ignore_ament_install']
[0.605s] Level 1:colcon.colcon_core.package_identification:_identify(manual_control) by extension 'ignore'
[0.605s] Level 1:colcon.colcon_core.package_identification:_identify(manual_control) by extension 'ignore_ament_install'
[0.605s] Level 1:colcon.colcon_core.package_identification:_identify(manual_control) by extensions ['colcon_pkg']
[0.605s] Level 1:colcon.colcon_core.package_identification:_identify(manual_control) by extension 'colcon_pkg'
[0.605s] Level 1:colcon.colcon_core.package_identification:_identify(manual_control) by extensions ['colcon_meta']
[0.605s] Level 1:colcon.colcon_core.package_identification:_identify(manual_control) by extension 'colcon_meta'
[0.605s] Level 1:colcon.colcon_core.package_identification:_identify(manual_control) by extensions ['ros']
[0.605s] Level 1:colcon.colcon_core.package_identification:_identify(manual_control) by extension 'ros'
[0.606s] Level 1:colcon.colcon_core.package_identification:_identify(manual_control) by extensions ['cmake', 'python']
[0.606s] Level 1:colcon.colcon_core.package_identification:_identify(manual_control) by extension 'cmake'
[0.606s] Level 1:colcon.colcon_core.package_identification:_identify(manual_control) by extension 'python'
[0.606s] Level 1:colcon.colcon_core.package_identification:_identify(manual_control) by extensions ['python_setup_py']
[0.606s] Level 1:colcon.colcon_core.package_identification:_identify(manual_control) by extension 'python_setup_py'
[0.606s] Level 1:colcon.colcon_core.package_identification:_identify(manual_control/__pycache__) by extensions ['ignore', 'ignore_ament_install']
[0.606s] Level 1:colcon.colcon_core.package_identification:_identify(manual_control/__pycache__) by extension 'ignore'
[0.606s] Level 1:colcon.colcon_core.package_identification:_identify(manual_control/__pycache__) by extension 'ignore_ament_install'
[0.607s] Level 1:colcon.colcon_core.package_identification:_identify(manual_control/__pycache__) by extensions ['colcon_pkg']
[0.607s] Level 1:colcon.colcon_core.package_identification:_identify(manual_control/__pycache__) by extension 'colcon_pkg'
[0.607s] Level 1:colcon.colcon_core.package_identification:_identify(manual_control/__pycache__) by extensions ['colcon_meta']
[0.607s] Level 1:colcon.colcon_core.package_identification:_identify(manual_control/__pycache__) by extension 'colcon_meta'
[0.607s] Level 1:colcon.colcon_core.package_identification:_identify(manual_control/__pycache__) by extensions ['ros']
[0.607s] Level 1:colcon.colcon_core.package_identification:_identify(manual_control/__pycache__) by extension 'ros'
[0.607s] Level 1:colcon.colcon_core.package_identification:_identify(manual_control/__pycache__) by extensions ['cmake', 'python']
[0.607s] Level 1:colcon.colcon_core.package_identification:_identify(manual_control/__pycache__) by extension 'cmake'
[0.607s] Level 1:colcon.colcon_core.package_identification:_identify(manual_control/__pycache__) by extension 'python'
[0.607s] Level 1:colcon.colcon_core.package_identification:_identify(manual_control/__pycache__) by extensions ['python_setup_py']
[0.607s] Level 1:colcon.colcon_core.package_identification:_identify(manual_control/__pycache__) by extension 'python_setup_py'
[0.608s] Level 1:colcon.colcon_core.package_identification:_identify(manual_control/ugvgroundvehicle) by extensions ['ignore', 'ignore_ament_install']
[0.608s] Level 1:colcon.colcon_core.package_identification:_identify(manual_control/ugvgroundvehicle) by extension 'ignore'
[0.608s] Level 1:colcon.colcon_core.package_identification:_identify(manual_control/ugvgroundvehicle) by extension 'ignore_ament_install'
[0.608s] Level 1:colcon.colcon_core.package_identification:_identify(manual_control/ugvgroundvehicle) by extensions ['colcon_pkg']
[0.608s] Level 1:colcon.colcon_core.package_identification:_identify(manual_control/ugvgroundvehicle) by extension 'colcon_pkg'
[0.608s] Level 1:colcon.colcon_core.package_identification:_identify(manual_control/ugvgroundvehicle) by extensions ['colcon_meta']
[0.608s] Level 1:colcon.colcon_core.package_identification:_identify(manual_control/ugvgroundvehicle) by extension 'colcon_meta'
[0.608s] Level 1:colcon.colcon_core.package_identification:_identify(manual_control/ugvgroundvehicle) by extensions ['ros']
[0.608s] Level 1:colcon.colcon_core.package_identification:_identify(manual_control/ugvgroundvehicle) by extension 'ros'
[0.609s] Level 1:colcon.colcon_core.package_identification:_identify(manual_control/ugvgroundvehicle) by extensions ['cmake', 'python']
[0.609s] Level 1:colcon.colcon_core.package_identification:_identify(manual_control/ugvgroundvehicle) by extension 'cmake'
[0.609s] Level 1:colcon.colcon_core.package_identification:_identify(manual_control/ugvgroundvehicle) by extension 'python'
[0.609s] Level 1:colcon.colcon_core.package_identification:_identify(manual_control/ugvgroundvehicle) by extensions ['python_setup_py']
[0.609s] Level 1:colcon.colcon_core.package_identification:_identify(manual_control/ugvgroundvehicle) by extension 'python_setup_py'
[0.609s] Level 1:colcon.colcon_core.package_identification:_identify(src) by extensions ['ignore', 'ignore_ament_install']
[0.609s] Level 1:colcon.colcon_core.package_identification:_identify(src) by extension 'ignore'
[0.609s] Level 1:colcon.colcon_core.package_identification:_identify(src) by extension 'ignore_ament_install'
[0.609s] Level 1:colcon.colcon_core.package_identification:_identify(src) by extensions ['colcon_pkg']
[0.609s] Level 1:colcon.colcon_core.package_identification:_identify(src) by extension 'colcon_pkg'
[0.610s] Level 1:colcon.colcon_core.package_identification:_identify(src) by extensions ['colcon_meta']
[0.610s] Level 1:colcon.colcon_core.package_identification:_identify(src) by extension 'colcon_meta'
[0.610s] Level 1:colcon.colcon_core.package_identification:_identify(src) by extensions ['ros']
[0.610s] Level 1:colcon.colcon_core.package_identification:_identify(src) by extension 'ros'
[0.610s] Level 1:colcon.colcon_core.package_identification:_identify(src) by extensions ['cmake', 'python']
[0.610s] Level 1:colcon.colcon_core.package_identification:_identify(src) by extension 'cmake'
[0.610s] Level 1:colcon.colcon_core.package_identification:_identify(src) by extension 'python'
[0.610s] Level 1:colcon.colcon_core.package_identification:_identify(src) by extensions ['python_setup_py']
[0.610s] Level 1:colcon.colcon_core.package_identification:_identify(src) by extension 'python_setup_py'
[0.610s] Level 1:colcon.colcon_core.package_identification:_identify(src/NGCP_UGV) by extensions ['ignore', 'ignore_ament_install']
[0.611s] Level 1:colcon.colcon_core.package_identification:_identify(src/NGCP_UGV) by extension 'ignore'
[0.611s] Level 1:colcon.colcon_core.package_identification:_identify(src/NGCP_UGV) by extension 'ignore_ament_install'
[0.611s] Level 1:colcon.colcon_core.package_identification:_identify(src/NGCP_UGV) by extensions ['colcon_pkg']
[0.611s] Level 1:colcon.colcon_core.package_identification:_identify(src/NGCP_UGV) by extension 'colcon_pkg'
[0.611s] Level 1:colcon.colcon_core.package_identification:_identify(src/NGCP_UGV) by extensions ['colcon_meta']
[0.611s] Level 1:colcon.colcon_core.package_identification:_identify(src/NGCP_UGV) by extension 'colcon_meta'
[0.611s] Level 1:colcon.colcon_core.package_identification:_identify(src/NGCP_UGV) by extensions ['ros']
[0.611s] Level 1:colcon.colcon_core.package_identification:_identify(src/NGCP_UGV) by extension 'ros'
[0.617s] DEBUG:colcon.colcon_core.package_identification:Package 'src/NGCP_UGV' with type 'ros.ament_python' and name 'ngcp_ugv'
[0.617s] Level 1:colcon.colcon_core.package_identification:_identify(src/old_manual_control) by extensions ['ignore', 'ignore_ament_install']
[0.617s] Level 1:colcon.colcon_core.package_identification:_identify(src/old_manual_control) by extension 'ignore'
[0.617s] Level 1:colcon.colcon_core.package_identification:_identify(src/old_manual_control) by extension 'ignore_ament_install'
[0.618s] Level 1:colcon.colcon_core.package_identification:_identify(src/old_manual_control) by extensions ['colcon_pkg']
[0.618s] Level 1:colcon.colcon_core.package_identification:_identify(src/old_manual_control) by extension 'colcon_pkg'
[0.618s] Level 1:colcon.colcon_core.package_identification:_identify(src/old_manual_control) by extensions ['colcon_meta']
[0.618s] Level 1:colcon.colcon_core.package_identification:_identify(src/old_manual_control) by extension 'colcon_meta'
[0.618s] Level 1:colcon.colcon_core.package_identification:_identify(src/old_manual_control) by extensions ['ros']
[0.618s] Level 1:colcon.colcon_core.package_identification:_identify(src/old_manual_control) by extension 'ros'
[0.618s] Level 1:colcon.colcon_core.package_identification:_identify(src/old_manual_control) by extensions ['cmake', 'python']
[0.618s] Level 1:colcon.colcon_core.package_identification:_identify(src/old_manual_control) by extension 'cmake'
[0.618s] Level 1:colcon.colcon_core.package_identification:_identify(src/old_manual_control) by extension 'python'
[0.618s] Level 1:colcon.colcon_core.package_identification:_identify(src/old_manual_control) by extensions ['python_setup_py']
[0.619s] Level 1:colcon.colcon_core.package_identification:_identify(src/old_manual_control) by extension 'python_setup_py'
[0.619s] Level 1:colcon.colcon_core.package_identification:_identify(src/old_manual_control/__pycache__) by extensions ['ignore', 'ignore_ament_install']
[0.619s] Level 1:colcon.colcon_core.package_identification:_identify(src/old_manual_control/__pycache__) by extension 'ignore'
[0.619s] Level 1:colcon.colcon_core.package_identification:_identify(src/old_manual_control/__pycache__) by extension 'ignore_ament_install'
[0.619s] Level 1:colcon.colcon_core.package_identification:_identify(src/old_manual_control/__pycache__) by extensions ['colcon_pkg']
[0.619s] Level 1:colcon.colcon_core.package_identification:_identify(src/old_manual_control/__pycache__) by extension 'colcon_pkg'
[0.619s] Level 1:colcon.colcon_core.package_identification:_identify(src/old_manual_control/__pycache__) by extensions ['colcon_meta']
[0.619s] Level 1:colcon.colcon_core.package_identification:_identify(src/old_manual_control/__pycache__) by extension 'colcon_meta'
[0.620s] Level 1:colcon.colcon_core.package_identification:_identify(src/old_manual_control/__pycache__) by extensions ['ros']
[0.620s] Level 1:colcon.colcon_core.package_identification:_identify(src/old_manual_control/__pycache__) by extension 'ros'
[0.620s] Level 1:colcon.colcon_core.package_identification:_identify(src/old_manual_control/__pycache__) by extensions ['cmake', 'python']
[0.620s] Level 1:colcon.colcon_core.package_identification:_identify(src/old_manual_control/__pycache__) by extension 'cmake'
[0.620s] Level 1:colcon.colcon_core.package_identification:_identify(src/old_manual_control/__pycache__) by extension 'python'
[0.620s] Level 1:colcon.colcon_core.package_identification:_identify(src/old_manual_control/__pycache__) by extensions ['python_setup_py']
[0.620s] Level 1:colcon.colcon_core.package_identification:_identify(src/old_manual_control/__pycache__) by extension 'python_setup_py'
[0.620s] Level 1:colcon.colcon_core.package_identification:_identify(src/old_manual_control/ugvgroundvehicle) by extensions ['ignore', 'ignore_ament_install']
[0.620s] Level 1:colcon.colcon_core.package_identification:_identify(src/old_manual_control/ugvgroundvehicle) by extension 'ignore'
[0.621s] Level 1:colcon.colcon_core.package_identification:_identify(src/old_manual_control/ugvgroundvehicle) by extension 'ignore_ament_install'
[0.621s] Level 1:colcon.colcon_core.package_identification:_identify(src/old_manual_control/ugvgroundvehicle) by extensions ['colcon_pkg']
[0.621s] Level 1:colcon.colcon_core.package_identification:_identify(src/old_manual_control/ugvgroundvehicle) by extension 'colcon_pkg'
[0.621s] Level 1:colcon.colcon_core.package_identification:_identify(src/old_manual_control/ugvgroundvehicle) by extensions ['colcon_meta']
[0.621s] Level 1:colcon.colcon_core.package_identification:_identify(src/old_manual_control/ugvgroundvehicle) by extension 'colcon_meta'
[0.621s] Level 1:colcon.colcon_core.package_identification:_identify(src/old_manual_control/ugvgroundvehicle) by extensions ['ros']
[0.621s] Level 1:colcon.colcon_core.package_identification:_identify(src/old_manual_control/ugvgroundvehicle) by extension 'ros'
[0.621s] Level 1:colcon.colcon_core.package_identification:_identify(src/old_manual_control/ugvgroundvehicle) by extensions ['cmake', 'python']
[0.621s] Level 1:colcon.colcon_core.package_identification:_identify(src/old_manual_control/ugvgroundvehicle) by extension 'cmake'
[0.621s] Level 1:colcon.colcon_core.package_identification:_identify(src/old_manual_control/ugvgroundvehicle) by extension 'python'
[0.621s] Level 1:colcon.colcon_core.package_identification:_identify(src/old_manual_control/ugvgroundvehicle) by extensions ['python_setup_py']
[0.622s] Level 1:colcon.colcon_core.package_identification:_identify(src/old_manual_control/ugvgroundvehicle) by extension 'python_setup_py'
[0.622s] Level 1:colcon.colcon_core.package_identification:_identify(src/ugv_msgs) by extensions ['ignore', 'ignore_ament_install']
[0.622s] Level 1:colcon.colcon_core.package_identification:_identify(src/ugv_msgs) by extension 'ignore'
[0.622s] Level 1:colcon.colcon_core.package_identification:_identify(src/ugv_msgs) by extension 'ignore_ament_install'
[0.622s] Level 1:colcon.colcon_core.package_identification:_identify(src/ugv_msgs) by extensions ['colcon_pkg']
[0.622s] Level 1:colcon.colcon_core.package_identification:_identify(src/ugv_msgs) by extension 'colcon_pkg'
[0.622s] Level 1:colcon.colcon_core.package_identification:_identify(src/ugv_msgs) by extensions ['colcon_meta']
[0.622s] Level 1:colcon.colcon_core.package_identification:_identify(src/ugv_msgs) by extension 'colcon_meta'
[0.622s] Level 1:colcon.colcon_core.package_identification:_identify(src/ugv_msgs) by extensions ['ros']
[0.623s] Level 1:colcon.colcon_core.package_identification:_identify(src/ugv_msgs) by extension 'ros'
[0.624s] DEBUG:colcon.colcon_core.package_identification:Package 'src/ugv_msgs' with type 'ros.ament_cmake' and name 'ugv_msgs'
[0.624s] Level 1:colcon.colcon_core.package_identification:_identify(ugv-integration) by extensions ['ignore', 'ignore_ament_install']
[0.624s] Level 1:colcon.colcon_core.package_identification:_identify(ugv-integration) by extension 'ignore'
[0.624s] Level 1:colcon.colcon_core.package_identification:_identify(ugv-integration) by extension 'ignore_ament_install'
[0.624s] Level 1:colcon.colcon_core.package_identification:_identify(ugv-integration) by extensions ['colcon_pkg']
[0.624s] Level 1:colcon.colcon_core.package_identification:_identify(ugv-integration) by extension 'colcon_pkg'
[0.624s] Level 1:colcon.colcon_core.package_identification:_identify(ugv-integration) by extensions ['colcon_meta']
[0.625s] Level 1:colcon.colcon_core.package_identification:_identify(ugv-integration) by extension 'colcon_meta'
[0.625s] Level 1:colcon.colcon_core.package_identification:_identify(ugv-integration) by extensions ['ros']
[0.625s] Level 1:colcon.colcon_core.package_identification:_identify(ugv-integration) by extension 'ros'
[0.625s] Level 1:colcon.colcon_core.package_identification:_identify(ugv-integration) by extensions ['cmake', 'python']
[0.625s] Level 1:colcon.colcon_core.package_identification:_identify(ugv-integration) by extension 'cmake'
[0.625s] Level 1:colcon.colcon_core.package_identification:_identify(ugv-integration) by extension 'python'
[0.625s] Level 1:colcon.colcon_core.package_identification:_identify(ugv-integration) by extensions ['python_setup_py']
[0.625s] Level 1:colcon.colcon_core.package_identification:_identify(ugv-integration) by extension 'python_setup_py'
[0.625s] Level 1:colcon.colcon_core.package_identification:_identify(ugv-integration/NGCP) by extensions ['ignore', 'ignore_ament_install']
[0.626s] Level 1:colcon.colcon_core.package_identification:_identify(ugv-integration/NGCP) by extension 'ignore'
[0.626s] Level 1:colcon.colcon_core.package_identification:_identify(ugv-integration/NGCP) by extension 'ignore_ament_install'
[0.626s] Level 1:colcon.colcon_core.package_identification:_identify(ugv-integration/NGCP) by extensions ['colcon_pkg']
[0.626s] Level 1:colcon.colcon_core.package_identification:_identify(ugv-integration/NGCP) by extension 'colcon_pkg'
[0.626s] Level 1:colcon.colcon_core.package_identification:_identify(ugv-integration/NGCP) by extensions ['colcon_meta']
[0.626s] Level 1:colcon.colcon_core.package_identification:_identify(ugv-integration/NGCP) by extension 'colcon_meta'
[0.626s] Level 1:colcon.colcon_core.package_identification:_identify(ugv-integration/NGCP) by extensions ['ros']
[0.626s] Level 1:colcon.colcon_core.package_identification:_identify(ugv-integration/NGCP) by extension 'ros'
[0.626s] Level 1:colcon.colcon_core.package_identification:_identify(ugv-integration/NGCP) by extensions ['cmake', 'python']
[0.626s] Level 1:colcon.colcon_core.package_identification:_identify(ugv-integration/NGCP) by extension 'cmake'
[0.627s] Level 1:colcon.colcon_core.package_identification:_identify(ugv-integration/NGCP) by extension 'python'
[0.627s] Level 1:colcon.colcon_core.package_identification:_identify(ugv-integration/NGCP) by extensions ['python_setup_py']
[0.627s] Level 1:colcon.colcon_core.package_identification:_identify(ugv-integration/NGCP) by extension 'python_setup_py'
[0.627s] Level 1:colcon.colcon_core.package_identification:_identify(ugv-integration/NGCP/build) by extensions ['ignore', 'ignore_ament_install']
[0.627s] Level 1:colcon.colcon_core.package_identification:_identify(ugv-integration/NGCP/build) by extension 'ignore'
[0.627s] Level 1:colcon.colcon_core.package_identification:_identify(ugv-integration/NGCP/build) by extension 'ignore_ament_install'
[0.627s] Level 1:colcon.colcon_core.package_identification:_identify(ugv-integration/NGCP/build) by extensions ['colcon_pkg']
[0.627s] Level 1:colcon.colcon_core.package_identification:_identify(ugv-integration/NGCP/build) by extension 'colcon_pkg'
[0.627s] Level 1:colcon.colcon_core.package_identification:_identify(ugv-integration/NGCP/build) by extensions ['colcon_meta']
[0.627s] Level 1:colcon.colcon_core.package_identification:_identify(ugv-integration/NGCP/build) by extension 'colcon_meta'
[0.628s] Level 1:colcon.colcon_core.package_identification:_identify(ugv-integration/NGCP/build) by extensions ['ros']
[0.628s] Level 1:colcon.colcon_core.package_identification:_identify(ugv-integration/NGCP/build) by extension 'ros'
[0.628s] Level 1:colcon.colcon_core.package_identification:_identify(ugv-integration/NGCP/build) by extensions ['cmake', 'python']
[0.628s] Level 1:colcon.colcon_core.package_identification:_identify(ugv-integration/NGCP/build) by extension 'cmake'
[0.628s] Level 1:colcon.colcon_core.package_identification:_identify(ugv-integration/NGCP/build) by extension 'python'
[0.628s] Level 1:colcon.colcon_core.package_identification:_identify(ugv-integration/NGCP/build) by extensions ['python_setup_py']
[0.628s] Level 1:colcon.colcon_core.package_identification:_identify(ugv-integration/NGCP/build) by extension 'python_setup_py'
[0.628s] Level 1:colcon.colcon_core.package_identification:_identify(ugv-integration/NGCP/build/ugv_msgs) by extensions ['ignore', 'ignore_ament_install']
[0.628s] Level 1:colcon.colcon_core.package_identification:_identify(ugv-integration/NGCP/build/ugv_msgs) by extension 'ignore'
[0.629s] Level 1:colcon.colcon_core.package_identification:_identify(ugv-integration/NGCP/build/ugv_msgs) by extension 'ignore_ament_install'
[0.629s] Level 1:colcon.colcon_core.package_identification:_identify(ugv-integration/NGCP/build/ugv_msgs) by extensions ['colcon_pkg']
[0.629s] Level 1:colcon.colcon_core.package_identification:_identify(ugv-integration/NGCP/build/ugv_msgs) by extension 'colcon_pkg'
[0.629s] Level 1:colcon.colcon_core.package_identification:_identify(ugv-integration/NGCP/build/ugv_msgs) by extensions ['colcon_meta']
[0.629s] Level 1:colcon.colcon_core.package_identification:_identify(ugv-integration/NGCP/build/ugv_msgs) by extension 'colcon_meta'
[0.629s] Level 1:colcon.colcon_core.package_identification:_identify(ugv-integration/NGCP/build/ugv_msgs) by extensions ['ros']
[0.629s] Level 1:colcon.colcon_core.package_identification:_identify(ugv-integration/NGCP/build/ugv_msgs) by extension 'ros'
[0.629s] Level 1:colcon.colcon_core.package_identification:_identify(ugv-integration/NGCP/build/ugv_msgs) by extensions ['cmake', 'python']
[0.629s] Level 1:colcon.colcon_core.package_identification:_identify(ugv-integration/NGCP/build/ugv_msgs) by extension 'cmake'
[0.629s] Level 1:colcon.colcon_core.package_identification:_identify(ugv-integration/NGCP/build/ugv_msgs) by extension 'python'
[0.629s] Level 1:colcon.colcon_core.package_identification:_identify(ugv-integration/NGCP/build/ugv_msgs) by extensions ['python_setup_py']
[0.630s] Level 1:colcon.colcon_core.package_identification:_identify(ugv-integration/NGCP/build/ugv_msgs) by extension 'python_setup_py'
[0.630s] Level 1:colcon.colcon_core.package_identification:_identify(ugv-integration/NGCP/build/ugv_msgs/CMakeFiles) by extensions ['ignore', 'ignore_ament_install']
[0.630s] Level 1:colcon.colcon_core.package_identification:_identify(ugv-integration/NGCP/build/ugv_msgs/CMakeFiles) by extension 'ignore'
[0.630s] Level 1:colcon.colcon_core.package_identification:_identify(ugv-integration/NGCP/build/ugv_msgs/CMakeFiles) by extension 'ignore_ament_install'
[0.630s] Level 1:colcon.colcon_core.package_identification:_identify(ugv-integration/NGCP/build/ugv_msgs/CMakeFiles) by extensions ['colcon_pkg']
[0.630s] Level 1:colcon.colcon_core.package_identification:_identify(ugv-integration/NGCP/build/ugv_msgs/CMakeFiles) by extension 'colcon_pkg'
[0.630s] Level 1:colcon.colcon_core.package_identification:_identify(ugv-integration/NGCP/build/ugv_msgs/CMakeFiles) by extensions ['colcon_meta']
[0.630s] Level 1:colcon.colcon_core.package_identification:_identify(ugv-integration/NGCP/build/ugv_msgs/CMakeFiles) by extension 'colcon_meta'
[0.630s] Level 1:colcon.colcon_core.package_identification:_identify(ugv-integration/NGCP/build/ugv_msgs/CMakeFiles) by extensions ['ros']
[0.631s] Level 1:colcon.colcon_core.package_identification:_identify(ugv-integration/NGCP/build/ugv_msgs/CMakeFiles) by extension 'ros'
[0.631s] Level 1:colcon.colcon_core.package_identification:_identify(ugv-integration/NGCP/build/ugv_msgs/CMakeFiles) by extensions ['cmake', 'python']
[0.631s] Level 1:colcon.colcon_core.package_identification:_identify(ugv-integration/NGCP/build/ugv_msgs/CMakeFiles) by extension 'cmake'
[0.631s] Level 1:colcon.colcon_core.package_identification:_identify(ugv-integration/NGCP/build/ugv_msgs/CMakeFiles) by extension 'python'
[0.631s] Level 1:colcon.colcon_core.package_identification:_identify(ugv-integration/NGCP/build/ugv_msgs/CMakeFiles) by extensions ['python_setup_py']
[0.631s] Level 1:colcon.colcon_core.package_identification:_identify(ugv-integration/NGCP/build/ugv_msgs/CMakeFiles) by extension 'python_setup_py'
[0.631s] Level 1:colcon.colcon_core.package_identification:_identify(ugv-integration/NGCP/build/ugv_msgs/CMakeFiles/3.22.1) by extensions ['ignore', 'ignore_ament_install']
[0.631s] Level 1:colcon.colcon_core.package_identification:_identify(ugv-integration/NGCP/build/ugv_msgs/CMakeFiles/3.22.1) by extension 'ignore'
[0.632s] Level 1:colcon.colcon_core.package_identification:_identify(ugv-integration/NGCP/build/ugv_msgs/CMakeFiles/3.22.1) by extension 'ignore_ament_install'
[0.632s] Level 1:colcon.colcon_core.package_identification:_identify(ugv-integration/NGCP/build/ugv_msgs/CMakeFiles/3.22.1) by extensions ['colcon_pkg']
[0.632s] Level 1:colcon.colcon_core.package_identification:_identify(ugv-integration/NGCP/build/ugv_msgs/CMakeFiles/3.22.1) by extension 'colcon_pkg'
[0.632s] Level 1:colcon.colcon_core.package_identification:_identify(ugv-integration/NGCP/build/ugv_msgs/CMakeFiles/3.22.1) by extensions ['colcon_meta']
[0.632s] Level 1:colcon.colcon_core.package_identification:_identify(ugv-integration/NGCP/build/ugv_msgs/CMakeFiles/3.22.1) by extension 'colcon_meta'
[0.632s] Level 1:colcon.colcon_core.package_identification:_identify(ugv-integration/NGCP/build/ugv_msgs/CMakeFiles/3.22.1) by extensions ['ros']
[0.632s] Level 1:colcon.colcon_core.package_identification:_identify(ugv-integration/NGCP/build/ugv_msgs/CMakeFiles/3.22.1) by extension 'ros'
[0.632s] Level 1:colcon.colcon_core.package_identification:_identify(ugv-integration/NGCP/build/ugv_msgs/CMakeFiles/3.22.1) by extensions ['cmake', 'python']
[0.632s] Level 1:colcon.colcon_core.package_identification:_identify(ugv-integration/NGCP/build/ugv_msgs/CMakeFiles/3.22.1) by extension 'cmake'
[0.632s] Level 1:colcon.colcon_core.package_identification:_identify(ugv-integration/NGCP/build/ugv_msgs/CMakeFiles/3.22.1) by extension 'python'
[0.632s] Level 1:colcon.colcon_core.package_identification:_identify(ugv-integration/NGCP/build/ugv_msgs/CMakeFiles/3.22.1) by extensions ['python_setup_py']
[0.633s] Level 1:colcon.colcon_core.package_identification:_identify(ugv-integration/NGCP/build/ugv_msgs/CMakeFiles/3.22.1) by extension 'python_setup_py'
[0.633s] Level 1:colcon.colcon_core.package_identification:_identify(ugv-integration/NGCP/build/ugv_msgs/CMakeFiles/3.22.1/CompilerIdC) by extensions ['ignore', 'ignore_ament_install']
[0.633s] Level 1:colcon.colcon_core.package_identification:_identify(ugv-integration/NGCP/build/ugv_msgs/CMakeFiles/3.22.1/CompilerIdC) by extension 'ignore'
[0.633s] Level 1:colcon.colcon_core.package_identification:_identify(ugv-integration/NGCP/build/ugv_msgs/CMakeFiles/3.22.1/CompilerIdC) by extension 'ignore_ament_install'
[0.633s] Level 1:colcon.colcon_core.package_identification:_identify(ugv-integration/NGCP/build/ugv_msgs/CMakeFiles/3.22.1/CompilerIdC) by extensions ['colcon_pkg']
[0.633s] Level 1:colcon.colcon_core.package_identification:_identify(ugv-integration/NGCP/build/ugv_msgs/CMakeFiles/3.22.1/CompilerIdC) by extension 'colcon_pkg'
[0.633s] Level 1:colcon.colcon_core.package_identification:_identify(ugv-integration/NGCP/build/ugv_msgs/CMakeFiles/3.22.1/CompilerIdC) by extensions ['colcon_meta']
[0.633s] Level 1:colcon.colcon_core.package_identification:_identify(ugv-integration/NGCP/build/ugv_msgs/CMakeFiles/3.22.1/CompilerIdC) by extension 'colcon_meta'
[0.634s] Level 1:colcon.colcon_core.package_identification:_identify(ugv-integration/NGCP/build/ugv_msgs/CMakeFiles/3.22.1/CompilerIdC) by extensions ['ros']
[0.634s] Level 1:colcon.colcon_core.package_identification:_identify(ugv-integration/NGCP/build/ugv_msgs/CMakeFiles/3.22.1/CompilerIdC) by extension 'ros'
[0.634s] Level 1:colcon.colcon_core.package_identification:_identify(ugv-integration/NGCP/build/ugv_msgs/CMakeFiles/3.22.1/CompilerIdC) by extensions ['cmake', 'python']
[0.634s] Level 1:colcon.colcon_core.package_identification:_identify(ugv-integration/NGCP/build/ugv_msgs/CMakeFiles/3.22.1/CompilerIdC) by extension 'cmake'
[0.634s] Level 1:colcon.colcon_core.package_identification:_identify(ugv-integration/NGCP/build/ugv_msgs/CMakeFiles/3.22.1/CompilerIdC) by extension 'python'
[0.634s] Level 1:colcon.colcon_core.package_identification:_identify(ugv-integration/NGCP/build/ugv_msgs/CMakeFiles/3.22.1/CompilerIdC) by extensions ['python_setup_py']
[0.634s] Level 1:colcon.colcon_core.package_identification:_identify(ugv-integration/NGCP/build/ugv_msgs/CMakeFiles/3.22.1/CompilerIdC) by extension 'python_setup_py'
[0.634s] Level 1:colcon.colcon_core.package_identification:_identify(ugv-integration/NGCP/build/ugv_msgs/CMakeFiles/3.22.1/CompilerIdC/tmp) by extensions ['ignore', 'ignore_ament_install']
[0.634s] Level 1:colcon.colcon_core.package_identification:_identify(ugv-integration/NGCP/build/ugv_msgs/CMakeFiles/3.22.1/CompilerIdC/tmp) by extension 'ignore'
[0.635s] Level 1:colcon.colcon_core.package_identification:_identify(ugv-integration/NGCP/build/ugv_msgs/CMakeFiles/3.22.1/CompilerIdC/tmp) by extension 'ignore_ament_install'
[0.635s] Level 1:colcon.colcon_core.package_identification:_identify(ugv-integration/NGCP/build/ugv_msgs/CMakeFiles/3.22.1/CompilerIdC/tmp) by extensions ['colcon_pkg']
[0.635s] Level 1:colcon.colcon_core.package_identification:_identify(ugv-integration/NGCP/build/ugv_msgs/CMakeFiles/3.22.1/CompilerIdC/tmp) by extension 'colcon_pkg'
[0.635s] Level 1:colcon.colcon_core.package_identification:_identify(ugv-integration/NGCP/build/ugv_msgs/CMakeFiles/3.22.1/CompilerIdC/tmp) by extensions ['colcon_meta']
[0.635s] Level 1:colcon.colcon_core.package_identification:_identify(ugv-integration/NGCP/build/ugv_msgs/CMakeFiles/3.22.1/CompilerIdC/tmp) by extension 'colcon_meta'
[0.635s] Level 1:colcon.colcon_core.package_identification:_identify(ugv-integration/NGCP/build/ugv_msgs/CMakeFiles/3.22.1/CompilerIdC/tmp) by extensions ['ros']
[0.635s] Level 1:colcon.colcon_core.package_identification:_identify(ugv-integration/NGCP/build/ugv_msgs/CMakeFiles/3.22.1/CompilerIdC/tmp) by extension 'ros'
[0.635s] Level 1:colcon.colcon_core.package_identification:_identify(ugv-integration/NGCP/build/ugv_msgs/CMakeFiles/3.22.1/CompilerIdC/tmp) by extensions ['cmake', 'python']
[0.635s] Level 1:colcon.colcon_core.package_identification:_identify(ugv-integration/NGCP/build/ugv_msgs/CMakeFiles/3.22.1/CompilerIdC/tmp) by extension 'cmake'
[0.635s] Level 1:colcon.colcon_core.package_identification:_identify(ugv-integration/NGCP/build/ugv_msgs/CMakeFiles/3.22.1/CompilerIdC/tmp) by extension 'python'
[0.635s] Level 1:colcon.colcon_core.package_identification:_identify(ugv-integration/NGCP/build/ugv_msgs/CMakeFiles/3.22.1/CompilerIdC/tmp) by extensions ['python_setup_py']
[0.636s] Level 1:colcon.colcon_core.package_identification:_identify(ugv-integration/NGCP/build/ugv_msgs/CMakeFiles/3.22.1/CompilerIdC/tmp) by extension 'python_setup_py'
[0.636s] Level 1:colcon.colcon_core.package_identification:_identify(ugv-integration/NGCP/build/ugv_msgs/CMakeFiles/3.22.1/CompilerIdCXX) by extensions ['ignore', 'ignore_ament_install']
[0.636s] Level 1:colcon.colcon_core.package_identification:_identify(ugv-integration/NGCP/build/ugv_msgs/CMakeFiles/3.22.1/CompilerIdCXX) by extension 'ignore'
[0.636s] Level 1:colcon.colcon_core.package_identification:_identify(ugv-integration/NGCP/build/ugv_msgs/CMakeFiles/3.22.1/CompilerIdCXX) by extension 'ignore_ament_install'
[0.636s] Level 1:colcon.colcon_core.package_identification:_identify(ugv-integration/NGCP/build/ugv_msgs/CMakeFiles/3.22.1/CompilerIdCXX) by extensions ['colcon_pkg']
[0.636s] Level 1:colcon.colcon_core.package_identification:_identify(ugv-integration/NGCP/build/ugv_msgs/CMakeFiles/3.22.1/CompilerIdCXX) by extension 'colcon_pkg'
[0.636s] Level 1:colcon.colcon_core.package_identification:_identify(ugv-integration/NGCP/build/ugv_msgs/CMakeFiles/3.22.1/CompilerIdCXX) by extensions ['colcon_meta']
[0.636s] Level 1:colcon.colcon_core.package_identification:_identify(ugv-integration/NGCP/build/ugv_msgs/CMakeFiles/3.22.1/CompilerIdCXX) by extension 'colcon_meta'
[0.637s] Level 1:colcon.colcon_core.package_identification:_identify(ugv-integration/NGCP/build/ugv_msgs/CMakeFiles/3.22.1/CompilerIdCXX) by extensions ['ros']
[0.637s] Level 1:colcon.colcon_core.package_identification:_identify(ugv-integration/NGCP/build/ugv_msgs/CMakeFiles/3.22.1/CompilerIdCXX) by extension 'ros'
[0.637s] Level 1:colcon.colcon_core.package_identification:_identify(ugv-integration/NGCP/build/ugv_msgs/CMakeFiles/3.22.1/CompilerIdCXX) by extensions ['cmake', 'python']
[0.637s] Level 1:colcon.colcon_core.package_identification:_identify(ugv-integration/NGCP/build/ugv_msgs/CMakeFiles/3.22.1/CompilerIdCXX) by extension 'cmake'
[0.637s] Level 1:colcon.colcon_core.package_identification:_identify(ugv-integration/NGCP/build/ugv_msgs/CMakeFiles/3.22.1/CompilerIdCXX) by extension 'python'
[0.637s] Level 1:colcon.colcon_core.package_identification:_identify(ugv-integration/NGCP/build/ugv_msgs/CMakeFiles/3.22.1/CompilerIdCXX) by extensions ['python_setup_py']
[0.637s] Level 1:colcon.colcon_core.package_identification:_identify(ugv-integration/NGCP/build/ugv_msgs/CMakeFiles/3.22.1/CompilerIdCXX) by extension 'python_setup_py'
[0.637s] Level 1:colcon.colcon_core.package_identification:_identify(ugv-integration/NGCP/build/ugv_msgs/CMakeFiles/3.22.1/CompilerIdCXX/tmp) by extensions ['ignore', 'ignore_ament_install']
[0.637s] Level 1:colcon.colcon_core.package_identification:_identify(ugv-integration/NGCP/build/ugv_msgs/CMakeFiles/3.22.1/CompilerIdCXX/tmp) by extension 'ignore'
[0.638s] Level 1:colcon.colcon_core.package_identification:_identify(ugv-integration/NGCP/build/ugv_msgs/CMakeFiles/3.22.1/CompilerIdCXX/tmp) by extension 'ignore_ament_install'
[0.638s] Level 1:colcon.colcon_core.package_identification:_identify(ugv-integration/NGCP/build/ugv_msgs/CMakeFiles/3.22.1/CompilerIdCXX/tmp) by extensions ['colcon_pkg']
[0.638s] Level 1:colcon.colcon_core.package_identification:_identify(ugv-integration/NGCP/build/ugv_msgs/CMakeFiles/3.22.1/CompilerIdCXX/tmp) by extension 'colcon_pkg'
[0.638s] Level 1:colcon.colcon_core.package_identification:_identify(ugv-integration/NGCP/build/ugv_msgs/CMakeFiles/3.22.1/CompilerIdCXX/tmp) by extensions ['colcon_meta']
[0.638s] Level 1:colcon.colcon_core.package_identification:_identify(ugv-integration/NGCP/build/ugv_msgs/CMakeFiles/3.22.1/CompilerIdCXX/tmp) by extension 'colcon_meta'
[0.638s] Level 1:colcon.colcon_core.package_identification:_identify(ugv-integration/NGCP/build/ugv_msgs/CMakeFiles/3.22.1/CompilerIdCXX/tmp) by extensions ['ros']
[0.638s] Level 1:colcon.colcon_core.package_identification:_identify(ugv-integration/NGCP/build/ugv_msgs/CMakeFiles/3.22.1/CompilerIdCXX/tmp) by extension 'ros'
[0.638s] Level 1:colcon.colcon_core.package_identification:_identify(ugv-integration/NGCP/build/ugv_msgs/CMakeFiles/3.22.1/CompilerIdCXX/tmp) by extensions ['cmake', 'python']
[0.638s] Level 1:colcon.colcon_core.package_identification:_identify(ugv-integration/NGCP/build/ugv_msgs/CMakeFiles/3.22.1/CompilerIdCXX/tmp) by extension 'cmake'
[0.638s] Level 1:colcon.colcon_core.package_identification:_identify(ugv-integration/NGCP/build/ugv_msgs/CMakeFiles/3.22.1/CompilerIdCXX/tmp) by extension 'python'
[0.639s] Level 1:colcon.colcon_core.package_identification:_identify(ugv-integration/NGCP/build/ugv_msgs/CMakeFiles/3.22.1/CompilerIdCXX/tmp) by extensions ['python_setup_py']
[0.639s] Level 1:colcon.colcon_core.package_identification:_identify(ugv-integration/NGCP/build/ugv_msgs/CMakeFiles/3.22.1/CompilerIdCXX/tmp) by extension 'python_setup_py'
[0.639s] Level 1:colcon.colcon_core.package_identification:_identify(ugv-integration/NGCP/build/ugv_msgs/CMakeFiles/CMakeTmp) by extensions ['ignore', 'ignore_ament_install']
[0.639s] Level 1:colcon.colcon_core.package_identification:_identify(ugv-integration/NGCP/build/ugv_msgs/CMakeFiles/CMakeTmp) by extension 'ignore'
[0.639s] Level 1:colcon.colcon_core.package_identification:_identify(ugv-integration/NGCP/build/ugv_msgs/CMakeFiles/CMakeTmp) by extension 'ignore_ament_install'
[0.639s] Level 1:colcon.colcon_core.package_identification:_identify(ugv-integration/NGCP/build/ugv_msgs/CMakeFiles/CMakeTmp) by extensions ['colcon_pkg']
[0.639s] Level 1:colcon.colcon_core.package_identification:_identify(ugv-integration/NGCP/build/ugv_msgs/CMakeFiles/CMakeTmp) by extension 'colcon_pkg'
[0.639s] Level 1:colcon.colcon_core.package_identification:_identify(ugv-integration/NGCP/build/ugv_msgs/CMakeFiles/CMakeTmp) by extensions ['colcon_meta']
[0.639s] Level 1:colcon.colcon_core.package_identification:_identify(ugv-integration/NGCP/build/ugv_msgs/CMakeFiles/CMakeTmp) by extension 'colcon_meta'
[0.639s] Level 1:colcon.colcon_core.package_identification:_identify(ugv-integration/NGCP/build/ugv_msgs/CMakeFiles/CMakeTmp) by extensions ['ros']
[0.640s] Level 1:colcon.colcon_core.package_identification:_identify(ugv-integration/NGCP/build/ugv_msgs/CMakeFiles/CMakeTmp) by extension 'ros'
[0.640s] Level 1:colcon.colcon_core.package_identification:_identify(ugv-integration/NGCP/build/ugv_msgs/CMakeFiles/CMakeTmp) by extensions ['cmake', 'python']
[0.640s] Level 1:colcon.colcon_core.package_identification:_identify(ugv-integration/NGCP/build/ugv_msgs/CMakeFiles/CMakeTmp) by extension 'cmake'
[0.640s] Level 1:colcon.colcon_core.package_identification:_identify(ugv-integration/NGCP/build/ugv_msgs/CMakeFiles/CMakeTmp) by extension 'python'
[0.640s] Level 1:colcon.colcon_core.package_identification:_identify(ugv-integration/NGCP/build/ugv_msgs/CMakeFiles/CMakeTmp) by extensions ['python_setup_py']
[0.640s] Level 1:colcon.colcon_core.package_identification:_identify(ugv-integration/NGCP/build/ugv_msgs/CMakeFiles/CMakeTmp) by extension 'python_setup_py'
[0.640s] Level 1:colcon.colcon_core.package_identification:_identify(ugv-integration/NGCP/build/ugv_msgs/ament_lint_cmake) by extensions ['ignore', 'ignore_ament_install']
[0.640s] Level 1:colcon.colcon_core.package_identification:_identify(ugv-integration/NGCP/build/ugv_msgs/ament_lint_cmake) by extension 'ignore'
[0.641s] Level 1:colcon.colcon_core.package_identification:_identify(ugv-integration/NGCP/build/ugv_msgs/ament_lint_cmake) by extension 'ignore_ament_install'
[0.641s] Level 1:colcon.colcon_core.package_identification:_identify(ugv-integration/NGCP/build/ugv_msgs/ament_lint_cmake) by extensions ['colcon_pkg']
[0.641s] Level 1:colcon.colcon_core.package_identification:_identify(ugv-integration/NGCP/build/ugv_msgs/ament_lint_cmake) by extension 'colcon_pkg'
[0.641s] Level 1:colcon.colcon_core.package_identification:_identify(ugv-integration/NGCP/build/ugv_msgs/ament_lint_cmake) by extensions ['colcon_meta']
[0.641s] Level 1:colcon.colcon_core.package_identification:_identify(ugv-integration/NGCP/build/ugv_msgs/ament_lint_cmake) by extension 'colcon_meta'
[0.641s] Level 1:colcon.colcon_core.package_identification:_identify(ugv-integration/NGCP/build/ugv_msgs/ament_lint_cmake) by extensions ['ros']
[0.641s] Level 1:colcon.colcon_core.package_identification:_identify(ugv-integration/NGCP/build/ugv_msgs/ament_lint_cmake) by extension 'ros'
[0.641s] Level 1:colcon.colcon_core.package_identification:_identify(ugv-integration/NGCP/build/ugv_msgs/ament_lint_cmake) by extensions ['cmake', 'python']
[0.641s] Level 1:colcon.colcon_core.package_identification:_identify(ugv-integration/NGCP/build/ugv_msgs/ament_lint_cmake) by extension 'cmake'
[0.641s] Level 1:colcon.colcon_core.package_identification:_identify(ugv-integration/NGCP/build/ugv_msgs/ament_lint_cmake) by extension 'python'
[0.641s] Level 1:colcon.colcon_core.package_identification:_identify(ugv-integration/NGCP/build/ugv_msgs/ament_lint_cmake) by extensions ['python_setup_py']
[0.641s] Level 1:colcon.colcon_core.package_identification:_identify(ugv-integration/NGCP/build/ugv_msgs/ament_lint_cmake) by extension 'python_setup_py'
[0.642s] Level 1:colcon.colcon_core.package_identification:_identify(ugv-integration/NGCP/build/ugv_msgs/ament_xmllint) by extensions ['ignore', 'ignore_ament_install']
[0.642s] Level 1:colcon.colcon_core.package_identification:_identify(ugv-integration/NGCP/build/ugv_msgs/ament_xmllint) by extension 'ignore'
[0.642s] Level 1:colcon.colcon_core.package_identification:_identify(ugv-integration/NGCP/build/ugv_msgs/ament_xmllint) by extension 'ignore_ament_install'
[0.642s] Level 1:colcon.colcon_core.package_identification:_identify(ugv-integration/NGCP/build/ugv_msgs/ament_xmllint) by extensions ['colcon_pkg']
[0.642s] Level 1:colcon.colcon_core.package_identification:_identify(ugv-integration/NGCP/build/ugv_msgs/ament_xmllint) by extension 'colcon_pkg'
[0.642s] Level 1:colcon.colcon_core.package_identification:_identify(ugv-integration/NGCP/build/ugv_msgs/ament_xmllint) by extensions ['colcon_meta']
[0.642s] Level 1:colcon.colcon_core.package_identification:_identify(ugv-integration/NGCP/build/ugv_msgs/ament_xmllint) by extension 'colcon_meta'
[0.642s] Level 1:colcon.colcon_core.package_identification:_identify(ugv-integration/NGCP/build/ugv_msgs/ament_xmllint) by extensions ['ros']
[0.642s] Level 1:colcon.colcon_core.package_identification:_identify(ugv-integration/NGCP/build/ugv_msgs/ament_xmllint) by extension 'ros'
[0.643s] Level 1:colcon.colcon_core.package_identification:_identify(ugv-integration/NGCP/build/ugv_msgs/ament_xmllint) by extensions ['cmake', 'python']
[0.643s] Level 1:colcon.colcon_core.package_identification:_identify(ugv-integration/NGCP/build/ugv_msgs/ament_xmllint) by extension 'cmake'
[0.643s] Level 1:colcon.colcon_core.package_identification:_identify(ugv-integration/NGCP/build/ugv_msgs/ament_xmllint) by extension 'python'
[0.643s] Level 1:colcon.colcon_core.package_identification:_identify(ugv-integration/NGCP/build/ugv_msgs/ament_xmllint) by extensions ['python_setup_py']
[0.643s] Level 1:colcon.colcon_core.package_identification:_identify(ugv-integration/NGCP/build/ugv_msgs/ament_xmllint) by extension 'python_setup_py'
[0.643s] Level 1:colcon.colcon_core.package_identification:_identify(ugv-integration/NGCP/install) by extensions ['ignore', 'ignore_ament_install']
[0.643s] Level 1:colcon.colcon_core.package_identification:_identify(ugv-integration/NGCP/install) by extension 'ignore'
[0.643s] Level 1:colcon.colcon_core.package_identification:_identify(ugv-integration/NGCP/install) by extension 'ignore_ament_install'
[0.643s] Level 1:colcon.colcon_core.package_identification:_identify(ugv-integration/NGCP/install) by extensions ['colcon_pkg']
[0.643s] Level 1:colcon.colcon_core.package_identification:_identify(ugv-integration/NGCP/install) by extension 'colcon_pkg'
[0.644s] Level 1:colcon.colcon_core.package_identification:_identify(ugv-integration/NGCP/install) by extensions ['colcon_meta']
[0.644s] Level 1:colcon.colcon_core.package_identification:_identify(ugv-integration/NGCP/install) by extension 'colcon_meta'
[0.644s] Level 1:colcon.colcon_core.package_identification:_identify(ugv-integration/NGCP/install) by extensions ['ros']
[0.644s] Level 1:colcon.colcon_core.package_identification:_identify(ugv-integration/NGCP/install) by extension 'ros'
[0.644s] Level 1:colcon.colcon_core.package_identification:_identify(ugv-integration/NGCP/install) by extensions ['cmake', 'python']
[0.644s] Level 1:colcon.colcon_core.package_identification:_identify(ugv-integration/NGCP/install) by extension 'cmake'
[0.644s] Level 1:colcon.colcon_core.package_identification:_identify(ugv-integration/NGCP/install) by extension 'python'
[0.644s] Level 1:colcon.colcon_core.package_identification:_identify(ugv-integration/NGCP/install) by extensions ['python_setup_py']
[0.644s] Level 1:colcon.colcon_core.package_identification:_identify(ugv-integration/NGCP/install) by extension 'python_setup_py'
[0.644s] Level 1:colcon.colcon_core.package_identification:_identify(ugv-integration/NGCP/install/ugv_msgs) by extensions ['ignore', 'ignore_ament_install']
[0.645s] Level 1:colcon.colcon_core.package_identification:_identify(ugv-integration/NGCP/install/ugv_msgs) by extension 'ignore'
[0.645s] Level 1:colcon.colcon_core.package_identification:_identify(ugv-integration/NGCP/install/ugv_msgs) by extension 'ignore_ament_install'
[0.645s] Level 1:colcon.colcon_core.package_identification:_identify(ugv-integration/NGCP/install/ugv_msgs) by extensions ['colcon_pkg']
[0.645s] Level 1:colcon.colcon_core.package_identification:_identify(ugv-integration/NGCP/install/ugv_msgs) by extension 'colcon_pkg'
[0.645s] Level 1:colcon.colcon_core.package_identification:_identify(ugv-integration/NGCP/install/ugv_msgs) by extensions ['colcon_meta']
[0.645s] Level 1:colcon.colcon_core.package_identification:_identify(ugv-integration/NGCP/install/ugv_msgs) by extension 'colcon_meta'
[0.645s] Level 1:colcon.colcon_core.package_identification:_identify(ugv-integration/NGCP/install/ugv_msgs) by extensions ['ros']
[0.645s] Level 1:colcon.colcon_core.package_identification:_identify(ugv-integration/NGCP/install/ugv_msgs) by extension 'ros'
[0.645s] Level 1:colcon.colcon_core.package_identification:_identify(ugv-integration/NGCP/install/ugv_msgs) by extensions ['cmake', 'python']
[0.645s] Level 1:colcon.colcon_core.package_identification:_identify(ugv-integration/NGCP/install/ugv_msgs) by extension 'cmake'
[0.646s] Level 1:colcon.colcon_core.package_identification:_identify(ugv-integration/NGCP/install/ugv_msgs) by extension 'python'
[0.646s] Level 1:colcon.colcon_core.package_identification:_identify(ugv-integration/NGCP/install/ugv_msgs) by extensions ['python_setup_py']
[0.646s] Level 1:colcon.colcon_core.package_identification:_identify(ugv-integration/NGCP/install/ugv_msgs) by extension 'python_setup_py'
[0.646s] Level 1:colcon.colcon_core.package_identification:_identify(ugv-integration/NGCP/install/ugv_msgs/include) by extensions ['ignore', 'ignore_ament_install']
[0.646s] Level 1:colcon.colcon_core.package_identification:_identify(ugv-integration/NGCP/install/ugv_msgs/include) by extension 'ignore'
[0.646s] Level 1:colcon.colcon_core.package_identification:_identify(ugv-integration/NGCP/install/ugv_msgs/include) by extension 'ignore_ament_install'
[0.646s] Level 1:colcon.colcon_core.package_identification:_identify(ugv-integration/NGCP/install/ugv_msgs/include) by extensions ['colcon_pkg']
[0.646s] Level 1:colcon.colcon_core.package_identification:_identify(ugv-integration/NGCP/install/ugv_msgs/include) by extension 'colcon_pkg'
[0.646s] Level 1:colcon.colcon_core.package_identification:_identify(ugv-integration/NGCP/install/ugv_msgs/include) by extensions ['colcon_meta']
[0.646s] Level 1:colcon.colcon_core.package_identification:_identify(ugv-integration/NGCP/install/ugv_msgs/include) by extension 'colcon_meta'
[0.647s] Level 1:colcon.colcon_core.package_identification:_identify(ugv-integration/NGCP/install/ugv_msgs/include) by extensions ['ros']
[0.647s] Level 1:colcon.colcon_core.package_identification:_identify(ugv-integration/NGCP/install/ugv_msgs/include) by extension 'ros'
[0.647s] Level 1:colcon.colcon_core.package_identification:_identify(ugv-integration/NGCP/install/ugv_msgs/include) by extensions ['cmake', 'python']
[0.647s] Level 1:colcon.colcon_core.package_identification:_identify(ugv-integration/NGCP/install/ugv_msgs/include) by extension 'cmake'
[0.647s] Level 1:colcon.colcon_core.package_identification:_identify(ugv-integration/NGCP/install/ugv_msgs/include) by extension 'python'
[0.647s] Level 1:colcon.colcon_core.package_identification:_identify(ugv-integration/NGCP/install/ugv_msgs/include) by extensions ['python_setup_py']
[0.647s] Level 1:colcon.colcon_core.package_identification:_identify(ugv-integration/NGCP/install/ugv_msgs/include) by extension 'python_setup_py'
[0.647s] Level 1:colcon.colcon_core.package_identification:_identify(ugv-integration/NGCP/install/ugv_msgs/include/ugv_msgs) by extensions ['ignore', 'ignore_ament_install']
[0.647s] Level 1:colcon.colcon_core.package_identification:_identify(ugv-integration/NGCP/install/ugv_msgs/include/ugv_msgs) by extension 'ignore'
[0.648s] Level 1:colcon.colcon_core.package_identification:_identify(ugv-integration/NGCP/install/ugv_msgs/include/ugv_msgs) by extension 'ignore_ament_install'
[0.648s] Level 1:colcon.colcon_core.package_identification:_identify(ugv-integration/NGCP/install/ugv_msgs/include/ugv_msgs) by extensions ['colcon_pkg']
[0.648s] Level 1:colcon.colcon_core.package_identification:_identify(ugv-integration/NGCP/install/ugv_msgs/include/ugv_msgs) by extension 'colcon_pkg'
[0.648s] Level 1:colcon.colcon_core.package_identification:_identify(ugv-integration/NGCP/install/ugv_msgs/include/ugv_msgs) by extensions ['colcon_meta']
[0.648s] Level 1:colcon.colcon_core.package_identification:_identify(ugv-integration/NGCP/install/ugv_msgs/include/ugv_msgs) by extension 'colcon_meta'
[0.648s] Level 1:colcon.colcon_core.package_identification:_identify(ugv-integration/NGCP/install/ugv_msgs/include/ugv_msgs) by extensions ['ros']
[0.648s] Level 1:colcon.colcon_core.package_identification:_identify(ugv-integration/NGCP/install/ugv_msgs/include/ugv_msgs) by extension 'ros'
[0.648s] Level 1:colcon.colcon_core.package_identification:_identify(ugv-integration/NGCP/install/ugv_msgs/include/ugv_msgs) by extensions ['cmake', 'python']
[0.648s] Level 1:colcon.colcon_core.package_identification:_identify(ugv-integration/NGCP/install/ugv_msgs/include/ugv_msgs) by extension 'cmake'
[0.648s] Level 1:colcon.colcon_core.package_identification:_identify(ugv-integration/NGCP/install/ugv_msgs/include/ugv_msgs) by extension 'python'
[0.649s] Level 1:colcon.colcon_core.package_identification:_identify(ugv-integration/NGCP/install/ugv_msgs/include/ugv_msgs) by extensions ['python_setup_py']
[0.649s] Level 1:colcon.colcon_core.package_identification:_identify(ugv-integration/NGCP/install/ugv_msgs/include/ugv_msgs) by extension 'python_setup_py'
[0.649s] Level 1:colcon.colcon_core.package_identification:_identify(ugv-integration/NGCP/install/ugv_msgs/include/ugv_msgs/ugv_msgs) by extensions ['ignore', 'ignore_ament_install']
[0.649s] Level 1:colcon.colcon_core.package_identification:_identify(ugv-integration/NGCP/install/ugv_msgs/include/ugv_msgs/ugv_msgs) by extension 'ignore'
[0.649s] Level 1:colcon.colcon_core.package_identification:_identify(ugv-integration/NGCP/install/ugv_msgs/include/ugv_msgs/ugv_msgs) by extension 'ignore_ament_install'
[0.649s] Level 1:colcon.colcon_core.package_identification:_identify(ugv-integration/NGCP/install/ugv_msgs/include/ugv_msgs/ugv_msgs) by extensions ['colcon_pkg']
[0.649s] Level 1:colcon.colcon_core.package_identification:_identify(ugv-integration/NGCP/install/ugv_msgs/include/ugv_msgs/ugv_msgs) by extension 'colcon_pkg'
[0.649s] Level 1:colcon.colcon_core.package_identification:_identify(ugv-integration/NGCP/install/ugv_msgs/include/ugv_msgs/ugv_msgs) by extensions ['colcon_meta']
[0.649s] Level 1:colcon.colcon_core.package_identification:_identify(ugv-integration/NGCP/install/ugv_msgs/include/ugv_msgs/ugv_msgs) by extension 'colcon_meta'
[0.650s] Level 1:colcon.colcon_core.package_identification:_identify(ugv-integration/NGCP/install/ugv_msgs/include/ugv_msgs/ugv_msgs) by extensions ['ros']
[0.650s] Level 1:colcon.colcon_core.package_identification:_identify(ugv-integration/NGCP/install/ugv_msgs/include/ugv_msgs/ugv_msgs) by extension 'ros'
[0.650s] Level 1:colcon.colcon_core.package_identification:_identify(ugv-integration/NGCP/install/ugv_msgs/include/ugv_msgs/ugv_msgs) by extensions ['cmake', 'python']
[0.650s] Level 1:colcon.colcon_core.package_identification:_identify(ugv-integration/NGCP/install/ugv_msgs/include/ugv_msgs/ugv_msgs) by extension 'cmake'
[0.650s] Level 1:colcon.colcon_core.package_identification:_identify(ugv-integration/NGCP/install/ugv_msgs/include/ugv_msgs/ugv_msgs) by extension 'python'
[0.650s] Level 1:colcon.colcon_core.package_identification:_identify(ugv-integration/NGCP/install/ugv_msgs/include/ugv_msgs/ugv_msgs) by extensions ['python_setup_py']
[0.650s] Level 1:colcon.colcon_core.package_identification:_identify(ugv-integration/NGCP/install/ugv_msgs/include/ugv_msgs/ugv_msgs) by extension 'python_setup_py'
[0.650s] Level 1:colcon.colcon_core.package_identification:_identify(ugv-integration/NGCP/install/ugv_msgs/include/ugv_msgs/ugv_msgs/msg) by extensions ['ignore', 'ignore_ament_install']
[0.650s] Level 1:colcon.colcon_core.package_identification:_identify(ugv-integration/NGCP/install/ugv_msgs/include/ugv_msgs/ugv_msgs/msg) by extension 'ignore'
[0.650s] Level 1:colcon.colcon_core.package_identification:_identify(ugv-integration/NGCP/install/ugv_msgs/include/ugv_msgs/ugv_msgs/msg) by extension 'ignore_ament_install'
[0.651s] Level 1:colcon.colcon_core.package_identification:_identify(ugv-integration/NGCP/install/ugv_msgs/include/ugv_msgs/ugv_msgs/msg) by extensions ['colcon_pkg']
[0.651s] Level 1:colcon.colcon_core.package_identification:_identify(ugv-integration/NGCP/install/ugv_msgs/include/ugv_msgs/ugv_msgs/msg) by extension 'colcon_pkg'
[0.651s] Level 1:colcon.colcon_core.package_identification:_identify(ugv-integration/NGCP/install/ugv_msgs/include/ugv_msgs/ugv_msgs/msg) by extensions ['colcon_meta']
[0.651s] Level 1:colcon.colcon_core.package_identification:_identify(ugv-integration/NGCP/install/ugv_msgs/include/ugv_msgs/ugv_msgs/msg) by extension 'colcon_meta'
[0.651s] Level 1:colcon.colcon_core.package_identification:_identify(ugv-integration/NGCP/install/ugv_msgs/include/ugv_msgs/ugv_msgs/msg) by extensions ['ros']
[0.651s] Level 1:colcon.colcon_core.package_identification:_identify(ugv-integration/NGCP/install/ugv_msgs/include/ugv_msgs/ugv_msgs/msg) by extension 'ros'
[0.651s] Level 1:colcon.colcon_core.package_identification:_identify(ugv-integration/NGCP/install/ugv_msgs/include/ugv_msgs/ugv_msgs/msg) by extensions ['cmake', 'python']
[0.651s] Level 1:colcon.colcon_core.package_identification:_identify(ugv-integration/NGCP/install/ugv_msgs/include/ugv_msgs/ugv_msgs/msg) by extension 'cmake'
[0.651s] Level 1:colcon.colcon_core.package_identification:_identify(ugv-integration/NGCP/install/ugv_msgs/include/ugv_msgs/ugv_msgs/msg) by extension 'python'
[0.651s] Level 1:colcon.colcon_core.package_identification:_identify(ugv-integration/NGCP/install/ugv_msgs/include/ugv_msgs/ugv_msgs/msg) by extensions ['python_setup_py']
[0.651s] Level 1:colcon.colcon_core.package_identification:_identify(ugv-integration/NGCP/install/ugv_msgs/include/ugv_msgs/ugv_msgs/msg) by extension 'python_setup_py'
[0.652s] Level 1:colcon.colcon_core.package_identification:_identify(ugv-integration/NGCP/install/ugv_msgs/include/ugv_msgs/ugv_msgs/msg/detail) by extensions ['ignore', 'ignore_ament_install']
[0.652s] Level 1:colcon.colcon_core.package_identification:_identify(ugv-integration/NGCP/install/ugv_msgs/include/ugv_msgs/ugv_msgs/msg/detail) by extension 'ignore'
[0.652s] Level 1:colcon.colcon_core.package_identification:_identify(ugv-integration/NGCP/install/ugv_msgs/include/ugv_msgs/ugv_msgs/msg/detail) by extension 'ignore_ament_install'
[0.652s] Level 1:colcon.colcon_core.package_identification:_identify(ugv-integration/NGCP/install/ugv_msgs/include/ugv_msgs/ugv_msgs/msg/detail) by extensions ['colcon_pkg']
[0.652s] Level 1:colcon.colcon_core.package_identification:_identify(ugv-integration/NGCP/install/ugv_msgs/include/ugv_msgs/ugv_msgs/msg/detail) by extension 'colcon_pkg'
[0.652s] Level 1:colcon.colcon_core.package_identification:_identify(ugv-integration/NGCP/install/ugv_msgs/include/ugv_msgs/ugv_msgs/msg/detail) by extensions ['colcon_meta']
[0.652s] Level 1:colcon.colcon_core.package_identification:_identify(ugv-integration/NGCP/install/ugv_msgs/include/ugv_msgs/ugv_msgs/msg/detail) by extension 'colcon_meta'
[0.652s] Level 1:colcon.colcon_core.package_identification:_identify(ugv-integration/NGCP/install/ugv_msgs/include/ugv_msgs/ugv_msgs/msg/detail) by extensions ['ros']
[0.653s] Level 1:colcon.colcon_core.package_identification:_identify(ugv-integration/NGCP/install/ugv_msgs/include/ugv_msgs/ugv_msgs/msg/detail) by extension 'ros'
[0.653s] Level 1:colcon.colcon_core.package_identification:_identify(ugv-integration/NGCP/install/ugv_msgs/include/ugv_msgs/ugv_msgs/msg/detail) by extensions ['cmake', 'python']
[0.653s] Level 1:colcon.colcon_core.package_identification:_identify(ugv-integration/NGCP/install/ugv_msgs/include/ugv_msgs/ugv_msgs/msg/detail) by extension 'cmake'
[0.653s] Level 1:colcon.colcon_core.package_identification:_identify(ugv-integration/NGCP/install/ugv_msgs/include/ugv_msgs/ugv_msgs/msg/detail) by extension 'python'
[0.653s] Level 1:colcon.colcon_core.package_identification:_identify(ugv-integration/NGCP/install/ugv_msgs/include/ugv_msgs/ugv_msgs/msg/detail) by extensions ['python_setup_py']
[0.653s] Level 1:colcon.colcon_core.package_identification:_identify(ugv-integration/NGCP/install/ugv_msgs/include/ugv_msgs/ugv_msgs/msg/detail) by extension 'python_setup_py'
[0.653s] Level 1:colcon.colcon_core.package_identification:_identify(ugv-integration/NGCP/install/ugv_msgs/include/ugv_msgs/ugv_msgs/msg/detail/dds_fastrtps) by extensions ['ignore', 'ignore_ament_install']
[0.653s] Level 1:colcon.colcon_core.package_identification:_identify(ugv-integration/NGCP/install/ugv_msgs/include/ugv_msgs/ugv_msgs/msg/detail/dds_fastrtps) by extension 'ignore'
[0.653s] Level 1:colcon.colcon_core.package_identification:_identify(ugv-integration/NGCP/install/ugv_msgs/include/ugv_msgs/ugv_msgs/msg/detail/dds_fastrtps) by extension 'ignore_ament_install'
[0.654s] Level 1:colcon.colcon_core.package_identification:_identify(ugv-integration/NGCP/install/ugv_msgs/include/ugv_msgs/ugv_msgs/msg/detail/dds_fastrtps) by extensions ['colcon_pkg']
[0.654s] Level 1:colcon.colcon_core.package_identification:_identify(ugv-integration/NGCP/install/ugv_msgs/include/ugv_msgs/ugv_msgs/msg/detail/dds_fastrtps) by extension 'colcon_pkg'
[0.654s] Level 1:colcon.colcon_core.package_identification:_identify(ugv-integration/NGCP/install/ugv_msgs/include/ugv_msgs/ugv_msgs/msg/detail/dds_fastrtps) by extensions ['colcon_meta']
[0.654s] Level 1:colcon.colcon_core.package_identification:_identify(ugv-integration/NGCP/install/ugv_msgs/include/ugv_msgs/ugv_msgs/msg/detail/dds_fastrtps) by extension 'colcon_meta'
[0.654s] Level 1:colcon.colcon_core.package_identification:_identify(ugv-integration/NGCP/install/ugv_msgs/include/ugv_msgs/ugv_msgs/msg/detail/dds_fastrtps) by extensions ['ros']
[0.654s] Level 1:colcon.colcon_core.package_identification:_identify(ugv-integration/NGCP/install/ugv_msgs/include/ugv_msgs/ugv_msgs/msg/detail/dds_fastrtps) by extension 'ros'
[0.654s] Level 1:colcon.colcon_core.package_identification:_identify(ugv-integration/NGCP/install/ugv_msgs/include/ugv_msgs/ugv_msgs/msg/detail/dds_fastrtps) by extensions ['cmake', 'python']
[0.654s] Level 1:colcon.colcon_core.package_identification:_identify(ugv-integration/NGCP/install/ugv_msgs/include/ugv_msgs/ugv_msgs/msg/detail/dds_fastrtps) by extension 'cmake'
[0.654s] Level 1:colcon.colcon_core.package_identification:_identify(ugv-integration/NGCP/install/ugv_msgs/include/ugv_msgs/ugv_msgs/msg/detail/dds_fastrtps) by extension 'python'
[0.654s] Level 1:colcon.colcon_core.package_identification:_identify(ugv-integration/NGCP/install/ugv_msgs/include/ugv_msgs/ugv_msgs/msg/detail/dds_fastrtps) by extensions ['python_setup_py']
[0.655s] Level 1:colcon.colcon_core.package_identification:_identify(ugv-integration/NGCP/install/ugv_msgs/include/ugv_msgs/ugv_msgs/msg/detail/dds_fastrtps) by extension 'python_setup_py'
[0.655s] Level 1:colcon.colcon_core.package_discovery:discover_packages(recursive) using defaults
[0.655s] Level 1:colcon.colcon_core.package_discovery:discover_packages(ignore) discover
[0.655s] Level 1:colcon.colcon_core.package_discovery:discover_packages(ignore) using defaults
[0.655s] Level 1:colcon.colcon_core.package_discovery:discover_packages(path) discover
[0.655s] Level 1:colcon.colcon_core.package_discovery:discover_packages(path) using defaults
[0.725s] Level 1:colcon.colcon_core.package_discovery:discover_packages(prefix_path) check parameters
[0.725s] Level 1:colcon.colcon_core.package_discovery:discover_packages(prefix_path) discover
[0.727s] WARNING:colcon.colcon_ros.prefix_path.ament:The path '/home/ugv/NGCP/NGCP_25_26/ugv-integration-2526/install/ngcp_ugv' in the environment variable AMENT_PREFIX_PATH doesn't exist
[0.728s] WARNING:colcon.colcon_ros.prefix_path.ament:The path '/home/ugv/NGCP/NGCP_25_26/ugv-integration-2526/install/ugv_msgs' in the environment variable AMENT_PREFIX_PATH doesn't exist
[0.728s] WARNING:colcon.colcon_ros.prefix_path.catkin:The path '/home/ugv/NGCP/NGCP_25_26/ugv-integration-2526/install/ugv_msgs' in the environment variable CMAKE_PREFIX_PATH doesn't exist
[0.729s] DEBUG:colcon.colcon_installed_package_information.package_discovery:Found 0 installed packages in /home/ugv/NGCP/NGCP_25_26/ugv-integration-2526/install
[0.731s] DEBUG:colcon.colcon_installed_package_information.package_discovery:Found 274 installed packages in /opt/ros/humble
[0.734s] Level 1:colcon.colcon_core.package_discovery:discover_packages(prefix_path) using defaults
[0.809s] Level 5:colcon.colcon_core.verb:set package 'ugv_msgs' build argument 'cmake_args' from command line to 'None'
[0.809s] Level 5:colcon.colcon_core.verb:set package 'ugv_msgs' build argument 'cmake_target' from command line to 'None'
[0.809s] Level 5:colcon.colcon_core.verb:set package 'ugv_msgs' build argument 'cmake_target_skip_unavailable' from command line to 'False'
[0.809s] Level 5:colcon.colcon_core.verb:set package 'ugv_msgs' build argument 'cmake_clean_cache' from command line to 'False'
[0.809s] Level 5:colcon.colcon_core.verb:set package 'ugv_msgs' build argument 'cmake_clean_first' from command line to 'False'
[0.810s] Level 5:colcon.colcon_core.verb:set package 'ugv_msgs' build argument 'cmake_force_configure' from command line to 'False'
[0.810s] Level 5:colcon.colcon_core.verb:set package 'ugv_msgs' build argument 'ament_cmake_args' from command line to 'None'
[0.810s] Level 5:colcon.colcon_core.verb:set package 'ugv_msgs' build argument 'catkin_cmake_args' from command line to 'None'
[0.810s] Level 5:colcon.colcon_core.verb:set package 'ugv_msgs' build argument 'catkin_skip_building_tests' from command line to 'False'
[0.810s] DEBUG:colcon.colcon_core.verb:Building package 'ugv_msgs' with the following arguments: {'ament_cmake_args': None, 'build_base': '/home/ugv/NGCP/NGCP_25_26/ugv-integration-2526/build/ugv_msgs', 'catkin_cmake_args': None, 'catkin_skip_building_tests': False, 'cmake_args': None, 'cmake_clean_cache': False, 'cmake_clean_first': False, 'cmake_force_configure': False, 'cmake_target': None, 'cmake_target_skip_unavailable': False, 'install_base': '/home/ugv/NGCP/NGCP_25_26/ugv-integration-2526/install/ugv_msgs', 'merge_install': False, 'path': '/home/ugv/NGCP/NGCP_25_26/ugv-integration-2526/src/ugv_msgs', 'symlink_install': False, 'test_result_base': None}
[0.810s] Level 5:colcon.colcon_core.verb:set package 'ngcp_ugv' build argument 'cmake_args' from command line to 'None'
[0.811s] Level 5:colcon.colcon_core.verb:set package 'ngcp_ugv' build argument 'cmake_target' from command line to 'None'
[0.811s] Level 5:colcon.colcon_core.verb:set package 'ngcp_ugv' build argument 'cmake_target_skip_unavailable' from command line to 'False'
[0.811s] Level 5:colcon.colcon_core.verb:set package 'ngcp_ugv' build argument 'cmake_clean_cache' from command line to 'False'
[0.811s] Level 5:colcon.colcon_core.verb:set package 'ngcp_ugv' build argument 'cmake_clean_first' from command line to 'False'
[0.811s] Level 5:colcon.colcon_core.verb:set package 'ngcp_ugv' build argument 'cmake_force_configure' from command line to 'False'
[0.811s] Level 5:colcon.colcon_core.verb:set package 'ngcp_ugv' build argument 'ament_cmake_args' from command line to 'None'
[0.811s] Level 5:colcon.colcon_core.verb:set package 'ngcp_ugv' build argument 'catkin_cmake_args' from command line to 'None'
[0.811s] Level 5:colcon.colcon_core.verb:set package 'ngcp_ugv' build argument 'catkin_skip_building_tests' from command line to 'False'
[0.811s] DEBUG:colcon.colcon_core.verb:Building package 'ngcp_ugv' with the following arguments: {'ament_cmake_args': None, 'build_base': '/home/ugv/NGCP/NGCP_25_26/ugv-integration-2526/build/ngcp_ugv', 'catkin_cmake_args': None, 'catkin_skip_building_tests': False, 'cmake_args': None, 'cmake_clean_cache': False, 'cmake_clean_first': False, 'cmake_force_configure': False, 'cmake_target': None, 'cmake_target_skip_unavailable': False, 'install_base': '/home/ugv/NGCP/NGCP_25_26/ugv-integration-2526/install/ngcp_ugv', 'merge_install': False, 'path': '/home/ugv/NGCP/NGCP_25_26/ugv-integration-2526/src/NGCP_UGV', 'symlink_install': False, 'test_result_base': None}
[0.811s] INFO:colcon.colcon_core.executor:Executing jobs using 'parallel' executor
[0.813s] DEBUG:colcon.colcon_parallel_executor.executor.parallel:run_until_complete
[0.814s] INFO:colcon.colcon_ros.task.ament_cmake.build:Building ROS package in '/home/ugv/NGCP/NGCP_25_26/ugv-integration-2526/src/ugv_msgs' with build type 'ament_cmake'
[0.815s] INFO:colcon.colcon_cmake.task.cmake.build:Building CMake package in '/home/ugv/NGCP/NGCP_25_26/ugv-integration-2526/src/ugv_msgs'
[0.819s] INFO:colcon.colcon_core.plugin_system:Skipping extension 'colcon_core.shell.bat': Not used on non-Windows systems
[0.820s] INFO:colcon.colcon_core.shell:Skip shell extension 'powershell' for command environment: Not usable outside of PowerShell
[0.820s] DEBUG:colcon.colcon_core.shell:Skip shell extension 'dsv' for command environment
[0.833s] DEBUG:colcon.colcon_core.event_handler.log_command:Invoking command in '/home/ugv/NGCP/NGCP_25_26/ugv-integration-2526/build/ugv_msgs': CMAKE_PREFIX_PATH=${CMAKE_PREFIX_PATH}:/home/ugv/NGCP/NGCP_25_26/ugv-integration-2526/install/ngcp_ugv:/opt/ros/humble /usr/bin/cmake /home/ugv/NGCP/NGCP_25_26/ugv-integration-2526/src/ugv_msgs -DCMAKE_INSTALL_PREFIX=/home/ugv/NGCP/NGCP_25_26/ugv-integration-2526/install/ugv_msgs
[4.173s] DEBUG:colcon.colcon_core.event_handler.log_command:Invoked command in '/home/ugv/NGCP/NGCP_25_26/ugv-integration-2526/build/ugv_msgs' returned '0': CMAKE_PREFIX_PATH=${CMAKE_PREFIX_PATH}:/home/ugv/NGCP/NGCP_25_26/ugv-integration-2526/install/ngcp_ugv:/opt/ros/humble /usr/bin/cmake /home/ugv/NGCP/NGCP_25_26/ugv-integration-2526/src/ugv_msgs -DCMAKE_INSTALL_PREFIX=/home/ugv/NGCP/NGCP_25_26/ugv-integration-2526/install/ugv_msgs
[4.174s] DEBUG:colcon.colcon_core.event_handler.log_command:Invoking command in '/home/ugv/NGCP/NGCP_25_26/ugv-integration-2526/build/ugv_msgs': CMAKE_PREFIX_PATH=${CMAKE_PREFIX_PATH}:/home/ugv/NGCP/NGCP_25_26/ugv-integration-2526/install/ngcp_ugv:/opt/ros/humble /usr/bin/cmake --build /home/ugv/NGCP/NGCP_25_26/ugv-integration-2526/build/ugv_msgs -- -j6 -l6
[9.153s] DEBUG:colcon.colcon_core.event_handler.log_command:Invoked command in '/home/ugv/NGCP/NGCP_25_26/ugv-integration-2526/build/ugv_msgs' returned '0': CMAKE_PREFIX_PATH=${CMAKE_PREFIX_PATH}:/home/ugv/NGCP/NGCP_25_26/ugv-integration-2526/install/ngcp_ugv:/opt/ros/humble /usr/bin/cmake --build /home/ugv/NGCP/NGCP_25_26/ugv-integration-2526/build/ugv_msgs -- -j6 -l6
[9.180s] DEBUG:colcon.colcon_core.event_handler.log_command:Invoking command in '/home/ugv/NGCP/NGCP_25_26/ugv-integration-2526/build/ugv_msgs': CMAKE_PREFIX_PATH=${CMAKE_PREFIX_PATH}:/home/ugv/NGCP/NGCP_25_26/ugv-integration-2526/install/ngcp_ugv:/opt/ros/humble /usr/bin/cmake --install /home/ugv/NGCP/NGCP_25_26/ugv-integration-2526/build/ugv_msgs
[9.337s] Level 1:colcon.colcon_core.environment:create_environment_scripts_only(ugv_msgs)
[9.338s] DEBUG:colcon.colcon_core.event_handler.log_command:Invoked command in '/home/ugv/NGCP/NGCP_25_26/ugv-integration-2526/build/ugv_msgs' returned '0': CMAKE_PREFIX_PATH=${CMAKE_PREFIX_PATH}:/home/ugv/NGCP/NGCP_25_26/ugv-integration-2526/install/ngcp_ugv:/opt/ros/humble /usr/bin/cmake --install /home/ugv/NGCP/NGCP_25_26/ugv-integration-2526/build/ugv_msgs
[9.343s] Level 1:colcon.colcon_core.environment:checking '/home/ugv/NGCP/NGCP_25_26/ugv-integration-2526/install/ugv_msgs' for CMake module files
[9.345s] Level 1:colcon.colcon_core.environment:checking '/home/ugv/NGCP/NGCP_25_26/ugv-integration-2526/install/ugv_msgs' for CMake config files
[9.346s] Level 1:colcon.colcon_core.shell:create_environment_hook('ugv_msgs', 'cmake_prefix_path')
[9.346s] INFO:colcon.colcon_core.shell:Creating environment hook '/home/ugv/NGCP/NGCP_25_26/ugv-integration-2526/install/ugv_msgs/share/ugv_msgs/hook/cmake_prefix_path.ps1'
[9.348s] INFO:colcon.colcon_core.shell:Creating environment descriptor '/home/ugv/NGCP/NGCP_25_26/ugv-integration-2526/install/ugv_msgs/share/ugv_msgs/hook/cmake_prefix_path.dsv'
[9.349s] INFO:colcon.colcon_core.shell:Creating environment hook '/home/ugv/NGCP/NGCP_25_26/ugv-integration-2526/install/ugv_msgs/share/ugv_msgs/hook/cmake_prefix_path.sh'
[9.351s] Level 1:colcon.colcon_core.environment:checking '/home/ugv/NGCP/NGCP_25_26/ugv-integration-2526/install/ugv_msgs/lib'
[9.352s] Level 1:colcon.colcon_core.shell:create_environment_hook('ugv_msgs', 'ld_library_path_lib')
[9.353s] INFO:colcon.colcon_core.shell:Creating environment hook '/home/ugv/NGCP/NGCP_25_26/ugv-integration-2526/install/ugv_msgs/share/ugv_msgs/hook/ld_library_path_lib.ps1'
[9.355s] INFO:colcon.colcon_core.shell:Creating environment descriptor '/home/ugv/NGCP/NGCP_25_26/ugv-integration-2526/install/ugv_msgs/share/ugv_msgs/hook/ld_library_path_lib.dsv'
[9.356s] INFO:colcon.colcon_core.shell:Creating environment hook '/home/ugv/NGCP/NGCP_25_26/ugv-integration-2526/install/ugv_msgs/share/ugv_msgs/hook/ld_library_path_lib.sh'
[9.358s] Level 1:colcon.colcon_core.environment:checking '/home/ugv/NGCP/NGCP_25_26/ugv-integration-2526/install/ugv_msgs/bin'
[9.358s] Level 1:colcon.colcon_core.environment:checking '/home/ugv/NGCP/NGCP_25_26/ugv-integration-2526/install/ugv_msgs/lib/pkgconfig/ugv_msgs.pc'
[9.359s] Level 1:colcon.colcon_core.environment:checking '/home/ugv/NGCP/NGCP_25_26/ugv-integration-2526/install/ugv_msgs/lib/python3.10/site-packages'
[9.360s] Level 1:colcon.colcon_core.environment:checking '/home/ugv/NGCP/NGCP_25_26/ugv-integration-2526/install/ugv_msgs/bin'
[9.361s] INFO:colcon.colcon_core.shell:Creating package script '/home/ugv/NGCP/NGCP_25_26/ugv-integration-2526/install/ugv_msgs/share/ugv_msgs/package.ps1'
[9.362s] INFO:colcon.colcon_core.shell:Creating package descriptor '/home/ugv/NGCP/NGCP_25_26/ugv-integration-2526/install/ugv_msgs/share/ugv_msgs/package.dsv'
[9.364s] INFO:colcon.colcon_core.shell:Creating package script '/home/ugv/NGCP/NGCP_25_26/ugv-integration-2526/install/ugv_msgs/share/ugv_msgs/package.sh'
[9.366s] INFO:colcon.colcon_core.shell:Creating package script '/home/ugv/NGCP/NGCP_25_26/ugv-integration-2526/install/ugv_msgs/share/ugv_msgs/package.bash'
[9.368s] INFO:colcon.colcon_core.shell:Creating package script '/home/ugv/NGCP/NGCP_25_26/ugv-integration-2526/install/ugv_msgs/share/ugv_msgs/package.zsh'
[9.371s] Level 1:colcon.colcon_core.environment:create_file_with_runtime_dependencies(/home/ugv/NGCP/NGCP_25_26/ugv-integration-2526/install/ugv_msgs/share/colcon-core/packages/ugv_msgs)
[9.373s] Level 1:colcon.colcon_core.environment:create_environment_scripts_only(ugv_msgs)
[9.374s] Level 1:colcon.colcon_core.environment:checking '/home/ugv/NGCP/NGCP_25_26/ugv-integration-2526/install/ugv_msgs' for CMake module files
[9.375s] Level 1:colcon.colcon_core.environment:checking '/home/ugv/NGCP/NGCP_25_26/ugv-integration-2526/install/ugv_msgs' for CMake config files
[9.376s] Level 1:colcon.colcon_core.shell:create_environment_hook('ugv_msgs', 'cmake_prefix_path')
[9.376s] INFO:colcon.colcon_core.shell:Creating environment hook '/home/ugv/NGCP/NGCP_25_26/ugv-integration-2526/install/ugv_msgs/share/ugv_msgs/hook/cmake_prefix_path.ps1'
[9.377s] INFO:colcon.colcon_core.shell:Creating environment descriptor '/home/ugv/NGCP/NGCP_25_26/ugv-integration-2526/install/ugv_msgs/share/ugv_msgs/hook/cmake_prefix_path.dsv'
[9.378s] INFO:colcon.colcon_core.shell:Creating environment hook '/home/ugv/NGCP/NGCP_25_26/ugv-integration-2526/install/ugv_msgs/share/ugv_msgs/hook/cmake_prefix_path.sh'
[9.380s] Level 1:colcon.colcon_core.environment:checking '/home/ugv/NGCP/NGCP_25_26/ugv-integration-2526/install/ugv_msgs/lib'
[9.380s] Level 1:colcon.colcon_core.shell:create_environment_hook('ugv_msgs', 'ld_library_path_lib')
[9.380s] INFO:colcon.colcon_core.shell:Creating environment hook '/home/ugv/NGCP/NGCP_25_26/ugv-integration-2526/install/ugv_msgs/share/ugv_msgs/hook/ld_library_path_lib.ps1'
[9.381s] INFO:colcon.colcon_core.shell:Creating environment descriptor '/home/ugv/NGCP/NGCP_25_26/ugv-integration-2526/install/ugv_msgs/share/ugv_msgs/hook/ld_library_path_lib.dsv'
[9.382s] INFO:colcon.colcon_core.shell:Creating environment hook '/home/ugv/NGCP/NGCP_25_26/ugv-integration-2526/install/ugv_msgs/share/ugv_msgs/hook/ld_library_path_lib.sh'
[9.383s] Level 1:colcon.colcon_core.environment:checking '/home/ugv/NGCP/NGCP_25_26/ugv-integration-2526/install/ugv_msgs/bin'
[9.383s] Level 1:colcon.colcon_core.environment:checking '/home/ugv/NGCP/NGCP_25_26/ugv-integration-2526/install/ugv_msgs/lib/pkgconfig/ugv_msgs.pc'
[9.383s] Level 1:colcon.colcon_core.environment:checking '/home/ugv/NGCP/NGCP_25_26/ugv-integration-2526/install/ugv_msgs/lib/python3.10/site-packages'
[9.384s] Level 1:colcon.colcon_core.environment:checking '/home/ugv/NGCP/NGCP_25_26/ugv-integration-2526/install/ugv_msgs/bin'
[9.385s] INFO:colcon.colcon_core.shell:Creating package script '/home/ugv/NGCP/NGCP_25_26/ugv-integration-2526/install/ugv_msgs/share/ugv_msgs/package.ps1'
[9.387s] INFO:colcon.colcon_core.shell:Creating package descriptor '/home/ugv/NGCP/NGCP_25_26/ugv-integration-2526/install/ugv_msgs/share/ugv_msgs/package.dsv'
[9.389s] INFO:colcon.colcon_core.shell:Creating package script '/home/ugv/NGCP/NGCP_25_26/ugv-integration-2526/install/ugv_msgs/share/ugv_msgs/package.sh'
[9.390s] INFO:colcon.colcon_core.shell:Creating package script '/home/ugv/NGCP/NGCP_25_26/ugv-integration-2526/install/ugv_msgs/share/ugv_msgs/package.bash'
[9.391s] INFO:colcon.colcon_core.shell:Creating package script '/home/ugv/NGCP/NGCP_25_26/ugv-integration-2526/install/ugv_msgs/share/ugv_msgs/package.zsh'
[9.392s] Level 1:colcon.colcon_core.environment:create_file_with_runtime_dependencies(/home/ugv/NGCP/NGCP_25_26/ugv-integration-2526/install/ugv_msgs/share/colcon-core/packages/ugv_msgs)
[9.393s] INFO:colcon.colcon_ros.task.ament_python.build:Building ROS package in '/home/ugv/NGCP/NGCP_25_26/ugv-integration-2526/src/NGCP_UGV' with build type 'ament_python'
[9.394s] Level 1:colcon.colcon_core.shell:create_environment_hook('ngcp_ugv', 'ament_prefix_path')
[9.394s] INFO:colcon.colcon_core.shell:Creating environment hook '/home/ugv/NGCP/NGCP_25_26/ugv-integration-2526/install/ngcp_ugv/share/ngcp_ugv/hook/ament_prefix_path.ps1'
[9.396s] INFO:colcon.colcon_core.shell:Creating environment descriptor '/home/ugv/NGCP/NGCP_25_26/ugv-integration-2526/install/ngcp_ugv/share/ngcp_ugv/hook/ament_prefix_path.dsv'
[9.397s] INFO:colcon.colcon_core.shell:Creating environment hook '/home/ugv/NGCP/NGCP_25_26/ugv-integration-2526/install/ngcp_ugv/share/ngcp_ugv/hook/ament_prefix_path.sh'
[9.398s] INFO:colcon.colcon_core.shell:Skip shell extension 'powershell' for command environment: Not usable outside of PowerShell
[9.398s] DEBUG:colcon.colcon_core.shell:Skip shell extension 'dsv' for command environment
[10.014s] INFO:colcon.colcon_core.task.python.build:Building Python package in '/home/ugv/NGCP/NGCP_25_26/ugv-integration-2526/src/NGCP_UGV'
[10.015s] INFO:colcon.colcon_core.shell:Skip shell extension 'powershell' for command environment: Not usable outside of PowerShell
[10.015s] DEBUG:colcon.colcon_core.shell:Skip shell extension 'dsv' for command environment
[10.775s] DEBUG:colcon.colcon_core.event_handler.log_command:Invoking command in '/home/ugv/NGCP/NGCP_25_26/ugv-integration-2526/src/NGCP_UGV': PYTHONPATH=/home/ugv/NGCP/NGCP_25_26/ugv-integration-2526/build/ngcp_ugv/prefix_override:/usr/lib/python3/dist-packages/colcon_core/task/python/colcon_distutils_commands:/home/ugv/NGCP/NGCP_25_26/ugv-integration-2526/install/ngcp_ugv/lib/python3.10/site-packages:${PYTHONPATH} /usr/bin/python3 -W ignore:setup.py install is deprecated -W ignore:easy_install command is deprecated setup.py egg_info --egg-base ../../build/ngcp_ugv build --build-base /home/ugv/NGCP/NGCP_25_26/ugv-integration-2526/build/ngcp_ugv/build install --record /home/ugv/NGCP/NGCP_25_26/ugv-integration-2526/build/ngcp_ugv/install.log --single-version-externally-managed install_data
[11.449s] Level 1:colcon.colcon_core.environment:checking '/home/ugv/NGCP/NGCP_25_26/ugv-integration-2526/install/ngcp_ugv' for CMake module files
[11.451s] DEBUG:colcon.colcon_core.event_handler.log_command:Invoked command in '/home/ugv/NGCP/NGCP_25_26/ugv-integration-2526/src/NGCP_UGV' returned '0': PYTHONPATH=/home/ugv/NGCP/NGCP_25_26/ugv-integration-2526/build/ngcp_ugv/prefix_override:/usr/lib/python3/dist-packages/colcon_core/task/python/colcon_distutils_commands:/home/ugv/NGCP/NGCP_25_26/ugv-integration-2526/install/ngcp_ugv/lib/python3.10/site-packages:${PYTHONPATH} /usr/bin/python3 -W ignore:setup.py install is deprecated -W ignore:easy_install command is deprecated setup.py egg_info --egg-base ../../build/ngcp_ugv build --build-base /home/ugv/NGCP/NGCP_25_26/ugv-integration-2526/build/ngcp_ugv/build install --record /home/ugv/NGCP/NGCP_25_26/ugv-integration-2526/build/ngcp_ugv/install.log --single-version-externally-managed install_data
[11.452s] Level 1:colcon.colcon_core.environment:checking '/home/ugv/NGCP/NGCP_25_26/ugv-integration-2526/install/ngcp_ugv' for CMake config files
[11.454s] Level 1:colcon.colcon_core.environment:checking '/home/ugv/NGCP/NGCP_25_26/ugv-integration-2526/install/ngcp_ugv/lib'
[11.454s] Level 1:colcon.colcon_core.environment:checking '/home/ugv/NGCP/NGCP_25_26/ugv-integration-2526/install/ngcp_ugv/bin'
[11.454s] Level 1:colcon.colcon_core.environment:checking '/home/ugv/NGCP/NGCP_25_26/ugv-integration-2526/install/ngcp_ugv/lib/pkgconfig/ngcp_ugv.pc'
[11.455s] Level 1:colcon.colcon_core.environment:checking '/home/ugv/NGCP/NGCP_25_26/ugv-integration-2526/install/ngcp_ugv/lib/python3.10/site-packages'
[11.455s] Level 1:colcon.colcon_core.shell:create_environment_hook('ngcp_ugv', 'pythonpath')
[11.456s] INFO:colcon.colcon_core.shell:Creating environment hook '/home/ugv/NGCP/NGCP_25_26/ugv-integration-2526/install/ngcp_ugv/share/ngcp_ugv/hook/pythonpath.ps1'
[11.458s] INFO:colcon.colcon_core.shell:Creating environment descriptor '/home/ugv/NGCP/NGCP_25_26/ugv-integration-2526/install/ngcp_ugv/share/ngcp_ugv/hook/pythonpath.dsv'
[11.459s] INFO:colcon.colcon_core.shell:Creating environment hook '/home/ugv/NGCP/NGCP_25_26/ugv-integration-2526/install/ngcp_ugv/share/ngcp_ugv/hook/pythonpath.sh'
[11.461s] Level 1:colcon.colcon_core.environment:checking '/home/ugv/NGCP/NGCP_25_26/ugv-integration-2526/install/ngcp_ugv/bin'
[11.461s] Level 1:colcon.colcon_core.environment:create_environment_scripts_only(ngcp_ugv)
[11.462s] INFO:colcon.colcon_core.shell:Creating package script '/home/ugv/NGCP/NGCP_25_26/ugv-integration-2526/install/ngcp_ugv/share/ngcp_ugv/package.ps1'
[11.464s] INFO:colcon.colcon_core.shell:Creating package descriptor '/home/ugv/NGCP/NGCP_25_26/ugv-integration-2526/install/ngcp_ugv/share/ngcp_ugv/package.dsv'
[11.465s] INFO:colcon.colcon_core.shell:Creating package script '/home/ugv/NGCP/NGCP_25_26/ugv-integration-2526/install/ngcp_ugv/share/ngcp_ugv/package.sh'
[11.466s] INFO:colcon.colcon_core.shell:Creating package script '/home/ugv/NGCP/NGCP_25_26/ugv-integration-2526/install/ngcp_ugv/share/ngcp_ugv/package.bash'
[11.467s] INFO:colcon.colcon_core.shell:Creating package script '/home/ugv/NGCP/NGCP_25_26/ugv-integration-2526/install/ngcp_ugv/share/ngcp_ugv/package.zsh'
[11.468s] Level 1:colcon.colcon_core.environment:create_file_with_runtime_dependencies(/home/ugv/NGCP/NGCP_25_26/ugv-integration-2526/install/ngcp_ugv/share/colcon-core/packages/ngcp_ugv)
[11.469s] DEBUG:colcon.colcon_parallel_executor.executor.parallel:closing loop
[11.470s] DEBUG:colcon.colcon_parallel_executor.executor.parallel:loop closed
[11.470s] DEBUG:colcon.colcon_parallel_executor.executor.parallel:run_until_complete finished with '0'
[11.470s] DEBUG:colcon.colcon_core.event_reactor:joining thread
[11.482s] INFO:colcon.colcon_core.plugin_system:Skipping extension 'colcon_notification.desktop_notification.terminal_notifier': Not used on non-Darwin systems
[11.482s] INFO:colcon.colcon_core.plugin_system:Skipping extension 'colcon_notification.desktop_notification.win32': Not used on non-Windows systems
[11.483s] INFO:colcon.colcon_notification.desktop_notification:Sending desktop notification using 'notify2'
[11.524s] DEBUG:colcon.colcon_core.event_reactor:joined thread
[11.525s] INFO:colcon.colcon_core.shell:Creating prefix script '/home/ugv/NGCP/NGCP_25_26/ugv-integration-2526/install/local_setup.ps1'
[11.528s] INFO:colcon.colcon_core.shell:Creating prefix util module '/home/ugv/NGCP/NGCP_25_26/ugv-integration-2526/install/_local_setup_util_ps1.py'
[11.545s] INFO:colcon.colcon_core.shell:Creating prefix chain script '/home/ugv/NGCP/NGCP_25_26/ugv-integration-2526/install/setup.ps1'
[11.552s] INFO:colcon.colcon_core.shell:Creating prefix script '/home/ugv/NGCP/NGCP_25_26/ugv-integration-2526/install/local_setup.sh'
[11.554s] INFO:colcon.colcon_core.shell:Creating prefix util module '/home/ugv/NGCP/NGCP_25_26/ugv-integration-2526/install/_local_setup_util_sh.py'
[11.556s] INFO:colcon.colcon_core.shell:Creating prefix chain script '/home/ugv/NGCP/NGCP_25_26/ugv-integration-2526/install/setup.sh'
[11.560s] INFO:colcon.colcon_core.shell:Creating prefix script '/home/ugv/NGCP/NGCP_25_26/ugv-integration-2526/install/local_setup.bash'
[11.562s] INFO:colcon.colcon_core.shell:Creating prefix chain script '/home/ugv/NGCP/NGCP_25_26/ugv-integration-2526/install/setup.bash'
[11.565s] INFO:colcon.colcon_core.shell:Creating prefix script '/home/ugv/NGCP/NGCP_25_26/ugv-integration-2526/install/local_setup.zsh'
[11.567s] INFO:colcon.colcon_core.shell:Creating prefix chain script '/home/ugv/NGCP/NGCP_25_26/ugv-integration-2526/install/setup.zsh'
