[0.630s] DEBUG:colcon:Command line arguments: ['/usr/bin/colcon', 'build', '--symlink-install']
[0.632s] DEBUG:colcon:Parsed command line arguments: Namespace(log_base=None, log_level=None, verb_name='build', build_base='build', install_base='install', merge_install=False, symlink_install=True, test_result_base=None, continue_on_error=False, executor='parallel', parallel_workers=4, event_handlers=None, ignore_user_meta=False, metas=['./colcon.meta'], base_paths=['.'], packages_ignore=None, packages_ignore_regex=None, paths=None, packages_up_to=None, packages_up_to_regex=None, packages_above=None, packages_above_and_dependencies=None, packages_above_depth=None, packages_select_by_dep=None, packages_skip_by_dep=None, packages_skip_up_to=None, packages_select_build_failed=False, packages_skip_build_finished=False, packages_select_test_failures=False, packages_skip_test_passed=False, packages_select=None, packages_skip=None, packages_select_regex=None, packages_skip_regex=None, packages_start=None, packages_end=None, allow_overriding=[], cmake_args=None, cmake_target=None, cmake_target_skip_unavailable=False, cmake_clean_cache=False, cmake_clean_first=False, cmake_force_configure=False, ament_cmake_args=None, catkin_cmake_args=None, catkin_skip_building_tests=False, mixin_files=None, mixin=None, verb_parser=<colcon_mixin.mixin.mixin_argument.MixinArgumentDecorator object at 0xffffa5239f00>, verb_extension=<colcon_core.verb.build.BuildVerb object at 0xffffa53dee90>, main=<bound method BuildVerb.main of <colcon_core.verb.build.BuildVerb object at 0xffffa53dee90>>, mixin_verb=('build',))
[2.008s] Level 1:colcon.colcon_core.package_discovery:discover_packages(colcon_meta) check parameters
[2.008s] Level 1:colcon.colcon_core.package_discovery:discover_packages(recursive) check parameters
[2.009s] Level 1:colcon.colcon_core.package_discovery:discover_packages(ignore) check parameters
[2.009s] Level 1:colcon.colcon_core.package_discovery:discover_packages(path) check parameters
[2.009s] Level 1:colcon.colcon_core.package_discovery:discover_packages(colcon_meta) discover
[2.009s] Level 1:colcon.colcon_core.package_discovery:discover_packages(recursive) discover
[2.009s] INFO:colcon.colcon_core.package_discovery:Crawling recursively for packages in '/home/kayla/NGCP'
[2.010s] Level 1:colcon.colcon_core.package_identification:_identify(.) by extensions ['ignore', 'ignore_ament_install']
[2.011s] Level 1:colcon.colcon_core.package_identification:_identify(.) by extension 'ignore'
[2.011s] Level 1:colcon.colcon_core.package_identification:_identify(.) by extension 'ignore_ament_install'
[2.012s] Level 1:colcon.colcon_core.package_identification:_identify(.) by extensions ['colcon_pkg']
[2.012s] Level 1:colcon.colcon_core.package_identification:_identify(.) by extension 'colcon_pkg'
[2.012s] Level 1:colcon.colcon_core.package_identification:_identify(.) by extensions ['colcon_meta']
[2.012s] Level 1:colcon.colcon_core.package_identification:_identify(.) by extension 'colcon_meta'
[2.012s] Level 1:colcon.colcon_core.package_identification:_identify(.) by extensions ['ros']
[2.012s] Level 1:colcon.colcon_core.package_identification:_identify(.) by extension 'ros'
[2.075s] Level 1:colcon.colcon_core.package_identification:_identify(.) by extensions ['cmake', 'python']
[2.076s] Level 1:colcon.colcon_core.package_identification:_identify(.) by extension 'cmake'
[2.076s] Level 1:colcon.colcon_core.package_identification:_identify(.) by extension 'python'
[2.076s] Level 1:colcon.colcon_core.package_identification:_identify(.) by extensions ['python_setup_py']
[2.076s] Level 1:colcon.colcon_core.package_identification:_identify(.) by extension 'python_setup_py'
[2.077s] Level 1:colcon.colcon_core.package_identification:_identify(build) by extensions ['ignore', 'ignore_ament_install']
[2.077s] Level 1:colcon.colcon_core.package_identification:_identify(build) by extension 'ignore'
[2.077s] Level 1:colcon.colcon_core.package_identification:_identify(build) ignored
[2.078s] Level 1:colcon.colcon_core.package_identification:_identify(install) by extensions ['ignore', 'ignore_ament_install']
[2.078s] Level 1:colcon.colcon_core.package_identification:_identify(install) by extension 'ignore'
[2.078s] Level 1:colcon.colcon_core.package_identification:_identify(install) ignored
[2.079s] Level 1:colcon.colcon_core.package_identification:_identify(log) by extensions ['ignore', 'ignore_ament_install']
[2.079s] Level 1:colcon.colcon_core.package_identification:_identify(log) by extension 'ignore'
[2.079s] Level 1:colcon.colcon_core.package_identification:_identify(log) ignored
[2.080s] Level 1:colcon.colcon_core.package_identification:_identify(src) by extensions ['ignore', 'ignore_ament_install']
[2.080s] Level 1:colcon.colcon_core.package_identification:_identify(src) by extension 'ignore'
[2.080s] Level 1:colcon.colcon_core.package_identification:_identify(src) by extension 'ignore_ament_install'
[2.081s] Level 1:colcon.colcon_core.package_identification:_identify(src) by extensions ['colcon_pkg']
[2.081s] Level 1:colcon.colcon_core.package_identification:_identify(src) by extension 'colcon_pkg'
[2.081s] Level 1:colcon.colcon_core.package_identification:_identify(src) by extensions ['colcon_meta']
[2.081s] Level 1:colcon.colcon_core.package_identification:_identify(src) by extension 'colcon_meta'
[2.081s] Level 1:colcon.colcon_core.package_identification:_identify(src) by extensions ['ros']
[2.081s] Level 1:colcon.colcon_core.package_identification:_identify(src) by extension 'ros'
[2.082s] Level 1:colcon.colcon_core.package_identification:_identify(src) by extensions ['cmake', 'python']
[2.082s] Level 1:colcon.colcon_core.package_identification:_identify(src) by extension 'cmake'
[2.082s] Level 1:colcon.colcon_core.package_identification:_identify(src) by extension 'python'
[2.082s] Level 1:colcon.colcon_core.package_identification:_identify(src) by extensions ['python_setup_py']
[2.083s] Level 1:colcon.colcon_core.package_identification:_identify(src) by extension 'python_setup_py'
[2.083s] Level 1:colcon.colcon_core.package_identification:_identify(src/build) by extensions ['ignore', 'ignore_ament_install']
[2.083s] Level 1:colcon.colcon_core.package_identification:_identify(src/build) by extension 'ignore'
[2.084s] Level 1:colcon.colcon_core.package_identification:_identify(src/build) ignored
[2.084s] Level 1:colcon.colcon_core.package_identification:_identify(src/install) by extensions ['ignore', 'ignore_ament_install']
[2.084s] Level 1:colcon.colcon_core.package_identification:_identify(src/install) by extension 'ignore'
[2.085s] Level 1:colcon.colcon_core.package_identification:_identify(src/install) ignored
[2.085s] Level 1:colcon.colcon_core.package_identification:_identify(src/log) by extensions ['ignore', 'ignore_ament_install']
[2.085s] Level 1:colcon.colcon_core.package_identification:_identify(src/log) by extension 'ignore'
[2.085s] Level 1:colcon.colcon_core.package_identification:_identify(src/log) ignored
[2.086s] Level 1:colcon.colcon_core.package_identification:_identify(src/ugv_control) by extensions ['ignore', 'ignore_ament_install']
[2.086s] Level 1:colcon.colcon_core.package_identification:_identify(src/ugv_control) by extension 'ignore'
[2.086s] Level 1:colcon.colcon_core.package_identification:_identify(src/ugv_control) by extension 'ignore_ament_install'
[2.087s] Level 1:colcon.colcon_core.package_identification:_identify(src/ugv_control) by extensions ['colcon_pkg']
[2.087s] Level 1:colcon.colcon_core.package_identification:_identify(src/ugv_control) by extension 'colcon_pkg'
[2.087s] Level 1:colcon.colcon_core.package_identification:_identify(src/ugv_control) by extensions ['colcon_meta']
[2.087s] Level 1:colcon.colcon_core.package_identification:_identify(src/ugv_control) by extension 'colcon_meta'
[2.087s] Level 1:colcon.colcon_core.package_identification:_identify(src/ugv_control) by extensions ['ros']
[2.087s] Level 1:colcon.colcon_core.package_identification:_identify(src/ugv_control) by extension 'ros'
[2.096s] DEBUG:colcon.colcon_core.package_identification:Package 'src/ugv_control' with type 'ros.ament_python' and name 'ugv_control'
[2.097s] Level 1:colcon.colcon_core.package_identification:_identify(src/ugv_msgs) by extensions ['ignore', 'ignore_ament_install']
[2.097s] Level 1:colcon.colcon_core.package_identification:_identify(src/ugv_msgs) by extension 'ignore'
[2.098s] Level 1:colcon.colcon_core.package_identification:_identify(src/ugv_msgs) by extension 'ignore_ament_install'
[2.098s] Level 1:colcon.colcon_core.package_identification:_identify(src/ugv_msgs) by extensions ['colcon_pkg']
[2.098s] Level 1:colcon.colcon_core.package_identification:_identify(src/ugv_msgs) by extension 'colcon_pkg'
[2.098s] Level 1:colcon.colcon_core.package_identification:_identify(src/ugv_msgs) by extensions ['colcon_meta']
[2.098s] Level 1:colcon.colcon_core.package_identification:_identify(src/ugv_msgs) by extension 'colcon_meta'
[2.099s] Level 1:colcon.colcon_core.package_identification:_identify(src/ugv_msgs) by extensions ['ros']
[2.099s] Level 1:colcon.colcon_core.package_identification:_identify(src/ugv_msgs) by extension 'ros'
[2.101s] DEBUG:colcon.colcon_core.package_identification:Package 'src/ugv_msgs' with type 'ros.ament_cmake' and name 'ugv_msgs'
[2.101s] Level 1:colcon.colcon_core.package_discovery:discover_packages(recursive) using defaults
[2.101s] Level 1:colcon.colcon_core.package_discovery:discover_packages(ignore) discover
[2.101s] Level 1:colcon.colcon_core.package_discovery:discover_packages(ignore) using defaults
[2.101s] Level 1:colcon.colcon_core.package_discovery:discover_packages(path) discover
[2.102s] Level 1:colcon.colcon_core.package_discovery:discover_packages(path) using defaults
[2.227s] Level 1:colcon.colcon_core.package_discovery:discover_packages(prefix_path) check parameters
[2.227s] Level 1:colcon.colcon_core.package_discovery:discover_packages(prefix_path) discover
[2.232s] WARNING:colcon.colcon_ros.prefix_path.ament:The path '/home/kayla/NGCP/install/ugv_control' in the environment variable AMENT_PREFIX_PATH doesn't exist
[2.232s] WARNING:colcon.colcon_ros.prefix_path.ament:The path '/home/kayla/NGCP/install/ugv_msgs' in the environment variable AMENT_PREFIX_PATH doesn't exist
[2.233s] WARNING:colcon.colcon_ros.prefix_path.catkin:The path '/home/kayla/NGCP/install/ugv_msgs' in the environment variable CMAKE_PREFIX_PATH doesn't exist
[2.238s] DEBUG:colcon.colcon_installed_package_information.package_discovery:Found 0 installed packages in /home/kayla/NGCP/install
[2.240s] DEBUG:colcon.colcon_installed_package_information.package_discovery:Found 1 installed packages in /home/kayla/NGCP/src/install
[2.249s] DEBUG:colcon.colcon_installed_package_information.package_discovery:Found 271 installed packages in /opt/ros/humble
[2.256s] Level 1:colcon.colcon_core.package_discovery:discover_packages(prefix_path) using defaults
[2.449s] Level 5:colcon.colcon_core.verb:set package 'ugv_msgs' build argument 'cmake_args' from command line to 'None'
[2.449s] Level 5:colcon.colcon_core.verb:set package 'ugv_msgs' build argument 'cmake_target' from command line to 'None'
[2.449s] Level 5:colcon.colcon_core.verb:set package 'ugv_msgs' build argument 'cmake_target_skip_unavailable' from command line to 'False'
[2.450s] Level 5:colcon.colcon_core.verb:set package 'ugv_msgs' build argument 'cmake_clean_cache' from command line to 'False'
[2.450s] Level 5:colcon.colcon_core.verb:set package 'ugv_msgs' build argument 'cmake_clean_first' from command line to 'False'
[2.450s] Level 5:colcon.colcon_core.verb:set package 'ugv_msgs' build argument 'cmake_force_configure' from command line to 'False'
[2.450s] Level 5:colcon.colcon_core.verb:set package 'ugv_msgs' build argument 'ament_cmake_args' from command line to 'None'
[2.450s] Level 5:colcon.colcon_core.verb:set package 'ugv_msgs' build argument 'catkin_cmake_args' from command line to 'None'
[2.451s] Level 5:colcon.colcon_core.verb:set package 'ugv_msgs' build argument 'catkin_skip_building_tests' from command line to 'False'
[2.451s] DEBUG:colcon.colcon_core.verb:Building package 'ugv_msgs' with the following arguments: {'ament_cmake_args': None, 'build_base': '/home/kayla/NGCP/build/ugv_msgs', 'catkin_cmake_args': None, 'catkin_skip_building_tests': False, 'cmake_args': None, 'cmake_clean_cache': False, 'cmake_clean_first': False, 'cmake_force_configure': False, 'cmake_target': None, 'cmake_target_skip_unavailable': False, 'install_base': '/home/kayla/NGCP/install/ugv_msgs', 'merge_install': False, 'path': '/home/kayla/NGCP/src/ugv_msgs', 'symlink_install': True, 'test_result_base': None}
[2.453s] Level 5:colcon.colcon_core.verb:set package 'ugv_control' build argument 'cmake_args' from command line to 'None'
[2.453s] Level 5:colcon.colcon_core.verb:set package 'ugv_control' build argument 'cmake_target' from command line to 'None'
[2.454s] Level 5:colcon.colcon_core.verb:set package 'ugv_control' build argument 'cmake_target_skip_unavailable' from command line to 'False'
[2.454s] Level 5:colcon.colcon_core.verb:set package 'ugv_control' build argument 'cmake_clean_cache' from command line to 'False'
[2.454s] Level 5:colcon.colcon_core.verb:set package 'ugv_control' build argument 'cmake_clean_first' from command line to 'False'
[2.454s] Level 5:colcon.colcon_core.verb:set package 'ugv_control' build argument 'cmake_force_configure' from command line to 'False'
[2.454s] Level 5:colcon.colcon_core.verb:set package 'ugv_control' build argument 'ament_cmake_args' from command line to 'None'
[2.454s] Level 5:colcon.colcon_core.verb:set package 'ugv_control' build argument 'catkin_cmake_args' from command line to 'None'
[2.454s] Level 5:colcon.colcon_core.verb:set package 'ugv_control' build argument 'catkin_skip_building_tests' from command line to 'False'
[2.455s] DEBUG:colcon.colcon_core.verb:Building package 'ugv_control' with the following arguments: {'ament_cmake_args': None, 'build_base': '/home/kayla/NGCP/build/ugv_control', 'catkin_cmake_args': None, 'catkin_skip_building_tests': False, 'cmake_args': None, 'cmake_clean_cache': False, 'cmake_clean_first': False, 'cmake_force_configure': False, 'cmake_target': None, 'cmake_target_skip_unavailable': False, 'install_base': '/home/kayla/NGCP/install/ugv_control', 'merge_install': False, 'path': '/home/kayla/NGCP/src/ugv_control', 'symlink_install': True, 'test_result_base': None}
[2.455s] INFO:colcon.colcon_core.executor:Executing jobs using 'parallel' executor
[2.460s] DEBUG:colcon.colcon_parallel_executor.executor.parallel:run_until_complete
[2.462s] INFO:colcon.colcon_ros.task.ament_cmake.build:Building ROS package in '/home/kayla/NGCP/src/ugv_msgs' with build type 'ament_cmake'
[2.462s] INFO:colcon.colcon_cmake.task.cmake.build:Building CMake package in '/home/kayla/NGCP/src/ugv_msgs'
[2.476s] INFO:colcon.colcon_core.plugin_system:Skipping extension 'colcon_core.shell.bat': Not used on non-Windows systems
[2.477s] INFO:colcon.colcon_core.shell:Skip shell extension 'powershell' for command environment: Not usable outside of PowerShell
[2.478s] DEBUG:colcon.colcon_core.shell:Skip shell extension 'dsv' for command environment
[2.541s] DEBUG:colcon.colcon_core.event_handler.log_command:Invoking command in '/home/kayla/NGCP/build/ugv_msgs': CMAKE_PREFIX_PATH=${CMAKE_PREFIX_PATH}:/home/kayla/NGCP/install/ugv_control:/home/kayla/NGCP/src/install/ugv_control:/opt/ros/humble /usr/bin/cmake /home/kayla/NGCP/src/ugv_msgs -DAMENT_CMAKE_SYMLINK_INSTALL=1 -DCMAKE_INSTALL_PREFIX=/home/kayla/NGCP/install/ugv_msgs
[12.770s] DEBUG:colcon.colcon_core.event_handler.log_command:Invoked command in '/home/kayla/NGCP/build/ugv_msgs' returned '0': CMAKE_PREFIX_PATH=${CMAKE_PREFIX_PATH}:/home/kayla/NGCP/install/ugv_control:/home/kayla/NGCP/src/install/ugv_control:/opt/ros/humble /usr/bin/cmake /home/kayla/NGCP/src/ugv_msgs -DAMENT_CMAKE_SYMLINK_INSTALL=1 -DCMAKE_INSTALL_PREFIX=/home/kayla/NGCP/install/ugv_msgs
[12.797s] DEBUG:colcon.colcon_core.event_handler.log_command:Invoking command in '/home/kayla/NGCP/build/ugv_msgs': CMAKE_PREFIX_PATH=${CMAKE_PREFIX_PATH}:/home/kayla/NGCP/install/ugv_control:/home/kayla/NGCP/src/install/ugv_control:/opt/ros/humble /usr/bin/cmake --build /home/kayla/NGCP/build/ugv_msgs -- -j4 -l4
[40.390s] DEBUG:colcon.colcon_core.event_handler.log_command:Invoked command in '/home/kayla/NGCP/build/ugv_msgs' returned '0': CMAKE_PREFIX_PATH=${CMAKE_PREFIX_PATH}:/home/kayla/NGCP/install/ugv_control:/home/kayla/NGCP/src/install/ugv_control:/opt/ros/humble /usr/bin/cmake --build /home/kayla/NGCP/build/ugv_msgs -- -j4 -l4
[40.434s] DEBUG:colcon.colcon_core.event_handler.log_command:Invoking command in '/home/kayla/NGCP/build/ugv_msgs': CMAKE_PREFIX_PATH=${CMAKE_PREFIX_PATH}:/home/kayla/NGCP/install/ugv_control:/home/kayla/NGCP/src/install/ugv_control:/opt/ros/humble /usr/bin/cmake --install /home/kayla/NGCP/build/ugv_msgs
[44.402s] Level 1:colcon.colcon_core.environment:create_environment_scripts_only(ugv_msgs)
[44.403s] DEBUG:colcon.colcon_core.event_handler.log_command:Invoked command in '/home/kayla/NGCP/build/ugv_msgs' returned '0': CMAKE_PREFIX_PATH=${CMAKE_PREFIX_PATH}:/home/kayla/NGCP/install/ugv_control:/home/kayla/NGCP/src/install/ugv_control:/opt/ros/humble /usr/bin/cmake --install /home/kayla/NGCP/build/ugv_msgs
[44.413s] Level 1:colcon.colcon_core.environment:checking '/home/kayla/NGCP/install/ugv_msgs' for CMake module files
[44.417s] Level 1:colcon.colcon_core.environment:checking '/home/kayla/NGCP/install/ugv_msgs' for CMake config files
[44.425s] Level 1:colcon.colcon_core.shell:create_environment_hook('ugv_msgs', 'cmake_prefix_path')
[44.426s] INFO:colcon.colcon_core.shell:Creating environment hook '/home/kayla/NGCP/install/ugv_msgs/share/ugv_msgs/hook/cmake_prefix_path.ps1'
[44.429s] INFO:colcon.colcon_core.shell:Creating environment descriptor '/home/kayla/NGCP/install/ugv_msgs/share/ugv_msgs/hook/cmake_prefix_path.dsv'
[44.431s] INFO:colcon.colcon_core.shell:Creating environment hook '/home/kayla/NGCP/install/ugv_msgs/share/ugv_msgs/hook/cmake_prefix_path.sh'
[44.434s] Level 1:colcon.colcon_core.environment:checking '/home/kayla/NGCP/install/ugv_msgs/lib'
[44.435s] Level 1:colcon.colcon_core.shell:create_environment_hook('ugv_msgs', 'ld_library_path_lib')
[44.436s] INFO:colcon.colcon_core.shell:Creating environment hook '/home/kayla/NGCP/install/ugv_msgs/share/ugv_msgs/hook/ld_library_path_lib.ps1'
[44.438s] INFO:colcon.colcon_core.shell:Creating environment descriptor '/home/kayla/NGCP/install/ugv_msgs/share/ugv_msgs/hook/ld_library_path_lib.dsv'
[44.440s] INFO:colcon.colcon_core.shell:Creating environment hook '/home/kayla/NGCP/install/ugv_msgs/share/ugv_msgs/hook/ld_library_path_lib.sh'
[44.442s] Level 1:colcon.colcon_core.environment:checking '/home/kayla/NGCP/install/ugv_msgs/bin'
[44.442s] Level 1:colcon.colcon_core.environment:checking '/home/kayla/NGCP/install/ugv_msgs/lib/pkgconfig/ugv_msgs.pc'
[44.443s] Level 1:colcon.colcon_core.environment:checking '/home/kayla/NGCP/install/ugv_msgs/lib/python3.10/site-packages'
[44.444s] Level 1:colcon.colcon_core.environment:checking '/home/kayla/NGCP/install/ugv_msgs/bin'
[44.445s] INFO:colcon.colcon_core.shell:Creating package script '/home/kayla/NGCP/install/ugv_msgs/share/ugv_msgs/package.ps1'
[44.449s] INFO:colcon.colcon_core.shell:Creating package descriptor '/home/kayla/NGCP/install/ugv_msgs/share/ugv_msgs/package.dsv'
[44.451s] INFO:colcon.colcon_core.shell:Creating package script '/home/kayla/NGCP/install/ugv_msgs/share/ugv_msgs/package.sh'
[44.454s] INFO:colcon.colcon_core.shell:Creating package script '/home/kayla/NGCP/install/ugv_msgs/share/ugv_msgs/package.bash'
[44.457s] INFO:colcon.colcon_core.shell:Creating package script '/home/kayla/NGCP/install/ugv_msgs/share/ugv_msgs/package.zsh'
[44.460s] Level 1:colcon.colcon_core.environment:create_file_with_runtime_dependencies(/home/kayla/NGCP/install/ugv_msgs/share/colcon-core/packages/ugv_msgs)
[44.463s] Level 1:colcon.colcon_core.environment:create_environment_scripts_only(ugv_msgs)
[44.464s] Level 1:colcon.colcon_core.environment:checking '/home/kayla/NGCP/install/ugv_msgs' for CMake module files
[44.468s] Level 1:colcon.colcon_core.environment:checking '/home/kayla/NGCP/install/ugv_msgs' for CMake config files
[44.475s] Level 1:colcon.colcon_core.shell:create_environment_hook('ugv_msgs', 'cmake_prefix_path')
[44.477s] INFO:colcon.colcon_core.shell:Creating environment hook '/home/kayla/NGCP/install/ugv_msgs/share/ugv_msgs/hook/cmake_prefix_path.ps1'
[44.480s] INFO:colcon.colcon_core.shell:Creating environment descriptor '/home/kayla/NGCP/install/ugv_msgs/share/ugv_msgs/hook/cmake_prefix_path.dsv'
[44.482s] INFO:colcon.colcon_core.shell:Creating environment hook '/home/kayla/NGCP/install/ugv_msgs/share/ugv_msgs/hook/cmake_prefix_path.sh'
[44.486s] Level 1:colcon.colcon_core.environment:checking '/home/kayla/NGCP/install/ugv_msgs/lib'
[44.487s] Level 1:colcon.colcon_core.shell:create_environment_hook('ugv_msgs', 'ld_library_path_lib')
[44.488s] INFO:colcon.colcon_core.shell:Creating environment hook '/home/kayla/NGCP/install/ugv_msgs/share/ugv_msgs/hook/ld_library_path_lib.ps1'
[44.490s] INFO:colcon.colcon_core.shell:Creating environment descriptor '/home/kayla/NGCP/install/ugv_msgs/share/ugv_msgs/hook/ld_library_path_lib.dsv'
[44.492s] INFO:colcon.colcon_core.shell:Creating environment hook '/home/kayla/NGCP/install/ugv_msgs/share/ugv_msgs/hook/ld_library_path_lib.sh'
[44.494s] Level 1:colcon.colcon_core.environment:checking '/home/kayla/NGCP/install/ugv_msgs/bin'
[44.495s] Level 1:colcon.colcon_core.environment:checking '/home/kayla/NGCP/install/ugv_msgs/lib/pkgconfig/ugv_msgs.pc'
[44.495s] Level 1:colcon.colcon_core.environment:checking '/home/kayla/NGCP/install/ugv_msgs/lib/python3.10/site-packages'
[44.496s] Level 1:colcon.colcon_core.environment:checking '/home/kayla/NGCP/install/ugv_msgs/bin'
[44.498s] INFO:colcon.colcon_core.shell:Creating package script '/home/kayla/NGCP/install/ugv_msgs/share/ugv_msgs/package.ps1'
[44.500s] INFO:colcon.colcon_core.shell:Creating package descriptor '/home/kayla/NGCP/install/ugv_msgs/share/ugv_msgs/package.dsv'
[44.503s] INFO:colcon.colcon_core.shell:Creating package script '/home/kayla/NGCP/install/ugv_msgs/share/ugv_msgs/package.sh'
[44.505s] INFO:colcon.colcon_core.shell:Creating package script '/home/kayla/NGCP/install/ugv_msgs/share/ugv_msgs/package.bash'
[44.508s] INFO:colcon.colcon_core.shell:Creating package script '/home/kayla/NGCP/install/ugv_msgs/share/ugv_msgs/package.zsh'
[44.510s] Level 1:colcon.colcon_core.environment:create_file_with_runtime_dependencies(/home/kayla/NGCP/install/ugv_msgs/share/colcon-core/packages/ugv_msgs)
[44.511s] INFO:colcon.colcon_ros.task.ament_python.build:Building ROS package in '/home/kayla/NGCP/src/ugv_control' with build type 'ament_python'
[44.512s] Level 1:colcon.colcon_core.shell:create_environment_hook('ugv_control', 'ament_prefix_path')
[44.513s] INFO:colcon.colcon_core.shell:Creating environment hook '/home/kayla/NGCP/install/ugv_control/share/ugv_control/hook/ament_prefix_path.ps1'
[44.516s] INFO:colcon.colcon_core.shell:Creating environment descriptor '/home/kayla/NGCP/install/ugv_control/share/ugv_control/hook/ament_prefix_path.dsv'
[44.518s] INFO:colcon.colcon_core.shell:Creating environment hook '/home/kayla/NGCP/install/ugv_control/share/ugv_control/hook/ament_prefix_path.sh'
[44.521s] INFO:colcon.colcon_core.shell:Skip shell extension 'powershell' for command environment: Not usable outside of PowerShell
[44.521s] DEBUG:colcon.colcon_core.shell:Skip shell extension 'dsv' for command environment
[46.726s] INFO:colcon.colcon_core.task.python.build:Building Python package in '/home/kayla/NGCP/src/ugv_control'
[46.728s] INFO:colcon.colcon_core.shell:Skip shell extension 'powershell' for command environment: Not usable outside of PowerShell
[46.728s] DEBUG:colcon.colcon_core.shell:Skip shell extension 'dsv' for command environment
[48.452s] DEBUG:colcon.colcon_core.event_handler.log_command:Invoking command in '/home/kayla/NGCP/build/ugv_control': LD_LIBRARY_PATH=/home/kayla/NGCP/install/ugv_msgs/lib:${LD_LIBRARY_PATH} PYTHONPATH=/home/kayla/NGCP/build/ugv_control/prefix_override:/usr/lib/python3/dist-packages/colcon_core/task/python/colcon_distutils_commands:/home/kayla/NGCP/install/ugv_control/lib/python3.10/site-packages:/home/kayla/NGCP/install/ugv_msgs/local/lib/python3.10/dist-packages:${PYTHONPATH} /usr/bin/python3 -W ignore:setup.py install is deprecated -W ignore:easy_install command is deprecated setup.py develop --editable --build-directory /home/kayla/NGCP/build/ugv_control/build --no-deps symlink_data
[50.736s] Level 1:colcon.colcon_core.shell:create_environment_hook('ugv_control', 'pythonpath_develop')
[50.737s] INFO:colcon.colcon_core.shell:Creating environment hook '/home/kayla/NGCP/build/ugv_control/share/ugv_control/hook/pythonpath_develop.ps1'
[50.739s] DEBUG:colcon.colcon_core.event_handler.log_command:Invoked command in '/home/kayla/NGCP/build/ugv_control' returned '0': LD_LIBRARY_PATH=/home/kayla/NGCP/install/ugv_msgs/lib:${LD_LIBRARY_PATH} PYTHONPATH=/home/kayla/NGCP/build/ugv_control/prefix_override:/usr/lib/python3/dist-packages/colcon_core/task/python/colcon_distutils_commands:/home/kayla/NGCP/install/ugv_control/lib/python3.10/site-packages:/home/kayla/NGCP/install/ugv_msgs/local/lib/python3.10/dist-packages:${PYTHONPATH} /usr/bin/python3 -W ignore:setup.py install is deprecated -W ignore:easy_install command is deprecated setup.py develop --editable --build-directory /home/kayla/NGCP/build/ugv_control/build --no-deps symlink_data
[50.741s] INFO:colcon.colcon_core.shell:Creating environment descriptor '/home/kayla/NGCP/build/ugv_control/share/ugv_control/hook/pythonpath_develop.dsv'
[50.744s] INFO:colcon.colcon_core.shell:Creating environment hook '/home/kayla/NGCP/build/ugv_control/share/ugv_control/hook/pythonpath_develop.sh'
[50.747s] Level 1:colcon.colcon_core.environment:checking '/home/kayla/NGCP/install/ugv_control' for CMake module files
[50.752s] Level 1:colcon.colcon_core.environment:checking '/home/kayla/NGCP/install/ugv_control' for CMake config files
[50.756s] Level 1:colcon.colcon_core.environment:checking '/home/kayla/NGCP/install/ugv_control/lib'
[50.757s] Level 1:colcon.colcon_core.environment:checking '/home/kayla/NGCP/install/ugv_control/bin'
[50.757s] Level 1:colcon.colcon_core.environment:checking '/home/kayla/NGCP/install/ugv_control/lib/pkgconfig/ugv_control.pc'
[50.758s] Level 1:colcon.colcon_core.environment:checking '/home/kayla/NGCP/install/ugv_control/lib/python3.10/site-packages'
[50.759s] Level 1:colcon.colcon_core.shell:create_environment_hook('ugv_control', 'pythonpath')
[50.760s] INFO:colcon.colcon_core.shell:Creating environment hook '/home/kayla/NGCP/install/ugv_control/share/ugv_control/hook/pythonpath.ps1'
[50.761s] INFO:colcon.colcon_core.shell:Creating environment descriptor '/home/kayla/NGCP/install/ugv_control/share/ugv_control/hook/pythonpath.dsv'
[50.763s] INFO:colcon.colcon_core.shell:Creating environment hook '/home/kayla/NGCP/install/ugv_control/share/ugv_control/hook/pythonpath.sh'
[50.765s] Level 1:colcon.colcon_core.environment:checking '/home/kayla/NGCP/install/ugv_control/bin'
[50.766s] Level 1:colcon.colcon_core.environment:create_environment_scripts_only(ugv_control)
[50.767s] INFO:colcon.colcon_core.shell:Creating package script '/home/kayla/NGCP/install/ugv_control/share/ugv_control/package.ps1'
[50.769s] INFO:colcon.colcon_core.shell:Creating package descriptor '/home/kayla/NGCP/install/ugv_control/share/ugv_control/package.dsv'
[50.771s] INFO:colcon.colcon_core.shell:Creating package script '/home/kayla/NGCP/install/ugv_control/share/ugv_control/package.sh'
[50.773s] INFO:colcon.colcon_core.shell:Creating package script '/home/kayla/NGCP/install/ugv_control/share/ugv_control/package.bash'
[50.775s] INFO:colcon.colcon_core.shell:Creating package script '/home/kayla/NGCP/install/ugv_control/share/ugv_control/package.zsh'
[50.776s] Level 1:colcon.colcon_core.environment:create_file_with_runtime_dependencies(/home/kayla/NGCP/install/ugv_control/share/colcon-core/packages/ugv_control)
[50.778s] DEBUG:colcon.colcon_parallel_executor.executor.parallel:closing loop
[50.779s] DEBUG:colcon.colcon_parallel_executor.executor.parallel:loop closed
[50.779s] DEBUG:colcon.colcon_parallel_executor.executor.parallel:run_until_complete finished with '0'
[50.780s] DEBUG:colcon.colcon_core.event_reactor:joining thread
[50.813s] INFO:colcon.colcon_core.plugin_system:Skipping extension 'colcon_notification.desktop_notification.terminal_notifier': Not used on non-Darwin systems
[50.815s] INFO:colcon.colcon_core.plugin_system:Skipping extension 'colcon_notification.desktop_notification.win32': Not used on non-Windows systems
[50.815s] INFO:colcon.colcon_notification.desktop_notification:Sending desktop notification using 'notify2'
[50.883s] DEBUG:colcon.colcon_core.event_reactor:joined thread
[50.884s] INFO:colcon.colcon_core.shell:Creating prefix script '/home/kayla/NGCP/install/local_setup.ps1'
[50.889s] INFO:colcon.colcon_core.shell:Creating prefix util module '/home/kayla/NGCP/install/_local_setup_util_ps1.py'
[50.897s] INFO:colcon.colcon_core.shell:Creating prefix chain script '/home/kayla/NGCP/install/setup.ps1'
[50.903s] INFO:colcon.colcon_core.shell:Creating prefix script '/home/kayla/NGCP/install/local_setup.sh'
[50.907s] INFO:colcon.colcon_core.shell:Creating prefix util module '/home/kayla/NGCP/install/_local_setup_util_sh.py'
[50.910s] INFO:colcon.colcon_core.shell:Creating prefix chain script '/home/kayla/NGCP/install/setup.sh'
[50.916s] INFO:colcon.colcon_core.shell:Creating prefix script '/home/kayla/NGCP/install/local_setup.bash'
[50.919s] INFO:colcon.colcon_core.shell:Creating prefix chain script '/home/kayla/NGCP/install/setup.bash'
[50.925s] INFO:colcon.colcon_core.shell:Creating prefix script '/home/kayla/NGCP/install/local_setup.zsh'
[50.928s] INFO:colcon.colcon_core.shell:Creating prefix chain script '/home/kayla/NGCP/install/setup.zsh'
