[0.060s] Invoking command in '/home/ugv/NGCP/NGCP_25_26/ugv-integration-2526/src/build/ugv_msgs': CMAKE_PREFIX_PATH=${CMAKE_PREFIX_PATH}:/home/ugv/NGCP/NGCP_25_26/ugv-integration-2526/src/install/ngcp_ugv:/opt/ros/humble /usr/bin/cmake /home/ugv/NGCP/NGCP_25_26/ugv-integration-2526/src/ugv_msgs -DCMAKE_INSTALL_PREFIX=/home/ugv/NGCP/NGCP_25_26/ugv-integration-2526/src/install/ugv_msgs
[0.141s] -- Found ament_cmake: 1.3.12 (/opt/ros/humble/share/ament_cmake/cmake)
[0.436s] -- Override CMake install command with custom implementation using symlinks instead of copying resources
[0.463s] -- Found rosidl_default_generators: 1.2.0 (/opt/ros/humble/share/rosidl_default_generators/cmake)
[0.466s] -- Using all available rosidl_typesupport_c: rosidl_typesupport_fastrtps_c;rosidl_typesupport_introspection_c
[0.471s] -- Found rosidl_adapter: 3.1.7 (/opt/ros/humble/share/rosidl_adapter/cmake)
[0.540s] -- Using all available rosidl_typesupport_cpp: rosidl_typesupport_fastrtps_cpp;rosidl_typesupport_introspection_cpp
[1.219s] -- Found ament_cmake_ros: 0.10.0 (/opt/ros/humble/share/ament_cmake_ros/cmake)
[1.663s] -- Using all available rosidl_typesupport_c: rosidl_typesupport_fastrtps_c;rosidl_typesupport_introspection_c
[2.286s] -- Using all available rosidl_typesupport_cpp: rosidl_typesupport_fastrtps_cpp;rosidl_typesupport_introspection_cpp
[2.352s] -- Found python_cmake_module: 0.10.0 (/opt/ros/humble/share/python_cmake_module/cmake)
[2.410s] -- Using PYTHON_EXECUTABLE: /usr/bin/python3
[2.410s] -- Using PYTHON_INCLUDE_DIRS: /usr/include/python3.10
[2.411s] -- Using PYTHON_LIBRARIES: /usr/lib/aarch64-linux-gnu/libpython3.10.so
[2.445s] -- Found ament_lint_auto: 0.12.14 (/opt/ros/humble/share/ament_lint_auto/cmake)
[2.481s] -- Added test 'lint_cmake' to check CMake code style
[2.482s] -- Added test 'xmllint' to check XML markup files
[2.497s] -- Configuring done
[2.633s] -- Generating done
[2.662s] -- Build files have been written to: /home/ugv/NGCP/NGCP_25_26/ugv-integration-2526/src/build/ugv_msgs
[2.686s] Invoked command in '/home/ugv/NGCP/NGCP_25_26/ugv-integration-2526/src/build/ugv_msgs' returned '0': CMAKE_PREFIX_PATH=${CMAKE_PREFIX_PATH}:/home/ugv/NGCP/NGCP_25_26/ugv-integration-2526/src/install/ngcp_ugv:/opt/ros/humble /usr/bin/cmake /home/ugv/NGCP/NGCP_25_26/ugv-integration-2526/src/ugv_msgs -DCMAKE_INSTALL_PREFIX=/home/ugv/NGCP/NGCP_25_26/ugv-integration-2526/src/install/ugv_msgs
[2.692s] Invoking command in '/home/ugv/NGCP/NGCP_25_26/ugv-integration-2526/src/build/ugv_msgs': CMAKE_PREFIX_PATH=${CMAKE_PREFIX_PATH}:/home/ugv/NGCP/NGCP_25_26/ugv-integration-2526/src/install/ngcp_ugv:/opt/ros/humble /usr/bin/cmake --build /home/ugv/NGCP/NGCP_25_26/ugv-integration-2526/src/build/ugv_msgs -- -j6 -l6
[2.795s] [35m[1mConsolidate compiler generated dependencies of target ugv_msgs__rosidl_generator_c[0m
[2.815s] [  2%] Built target ugv_msgs__cpp
[2.828s] [ 12%] Built target ugv_msgs__rosidl_generator_c
[2.837s] [35m[1mConsolidate compiler generated dependencies of target ugv_msgs__rosidl_typesupport_fastrtps_cpp[0m
[2.843s] [35m[1mConsolidate compiler generated dependencies of target ugv_msgs__rosidl_typesupport_introspection_cpp[0m
[2.843s] [ 12%] Built target ament_cmake_python_symlink_ugv_msgs
[2.845s] [35m[1mConsolidate compiler generated dependencies of target ugv_msgs__rosidl_typesupport_cpp[0m
[2.866s] [35m[1mConsolidate compiler generated dependencies of target ugv_msgs__rosidl_typesupport_introspection_c[0m
[2.869s] [35m[1mConsolidate compiler generated dependencies of target ugv_msgs__rosidl_typesupport_fastrtps_c[0m
[2.881s] [35m[1mConsolidate compiler generated dependencies of target ugv_msgs__rosidl_typesupport_c[0m
[2.883s] [ 23%] Built target ugv_msgs__rosidl_typesupport_introspection_cpp
[2.884s] [ 33%] Built target ugv_msgs__rosidl_typesupport_cpp
[2.892s] [ 43%] Built target ugv_msgs__rosidl_typesupport_introspection_c
[2.894s] [ 53%] Built target ugv_msgs__rosidl_typesupport_fastrtps_cpp
[2.910s] [ 64%] Built target ugv_msgs__rosidl_typesupport_fastrtps_c
[2.911s] [ 74%] Built target ugv_msgs__rosidl_typesupport_c
[2.954s] [ 74%] Built target ugv_msgs
[2.997s] [ 76%] Built target ugv_msgs__py
[3.023s] [35m[1mConsolidate compiler generated dependencies of target ugv_msgs__rosidl_generator_py[0m
[3.054s] [ 84%] Built target ugv_msgs__rosidl_generator_py
[3.075s] [35m[1mConsolidate compiler generated dependencies of target ugv_msgs__rosidl_typesupport_introspection_c__pyext[0m
[3.075s] [35m[1mConsolidate compiler generated dependencies of target ugv_msgs__rosidl_typesupport_fastrtps_c__pyext[0m
[3.076s] [35m[1mConsolidate compiler generated dependencies of target ugv_msgs__rosidl_typesupport_c__pyext[0m
[3.105s] [ 94%] Built target ugv_msgs__rosidl_typesupport_introspection_c__pyext
[3.106s] [ 94%] Built target ugv_msgs__rosidl_typesupport_c__pyext
[3.113s] [100%] Built target ugv_msgs__rosidl_typesupport_fastrtps_c__pyext
[3.413s] running egg_info
[3.415s] writing ugv_msgs.egg-info/PKG-INFO
[3.415s] writing dependency_links to ugv_msgs.egg-info/dependency_links.txt
[3.415s] writing top-level names to ugv_msgs.egg-info/top_level.txt
[3.421s] reading manifest file 'ugv_msgs.egg-info/SOURCES.txt'
[3.423s] writing manifest file 'ugv_msgs.egg-info/SOURCES.txt'
[3.507s] [100%] Built target ament_cmake_python_build_ugv_msgs_egg
[3.540s] Invoked command in '/home/ugv/NGCP/NGCP_25_26/ugv-integration-2526/src/build/ugv_msgs' returned '0': CMAKE_PREFIX_PATH=${CMAKE_PREFIX_PATH}:/home/ugv/NGCP/NGCP_25_26/ugv-integration-2526/src/install/ngcp_ugv:/opt/ros/humble /usr/bin/cmake --build /home/ugv/NGCP/NGCP_25_26/ugv-integration-2526/src/build/ugv_msgs -- -j6 -l6
[3.568s] Invoking command in '/home/ugv/NGCP/NGCP_25_26/ugv-integration-2526/src/build/ugv_msgs': CMAKE_PREFIX_PATH=${CMAKE_PREFIX_PATH}:/home/ugv/NGCP/NGCP_25_26/ugv-integration-2526/src/install/ngcp_ugv:/opt/ros/humble /usr/bin/cmake --install /home/ugv/NGCP/NGCP_25_26/ugv-integration-2526/src/build/ugv_msgs
[3.587s] -- Install configuration: ""
[3.588s] -- Execute custom install script
[3.591s] -- Up-to-date symlink: /home/ugv/NGCP/NGCP_25_26/ugv-integration-2526/src/install/ugv_msgs/share/ament_index/resource_index/rosidl_interfaces/ugv_msgs
[3.592s] -- Up-to-date symlink: /home/ugv/NGCP/NGCP_25_26/ugv-integration-2526/src/install/ugv_msgs/include/ugv_msgs/ugv_msgs/msg/auto_ctrl.h
[3.593s] -- Up-to-date symlink: /home/ugv/NGCP/NGCP_25_26/ugv-integration-2526/src/install/ugv_msgs/include/ugv_msgs/ugv_msgs/msg/detail/auto_ctrl__functions.h
[3.593s] -- Up-to-date symlink: /home/ugv/NGCP/NGCP_25_26/ugv-integration-2526/src/install/ugv_msgs/include/ugv_msgs/ugv_msgs/msg/detail/auto_ctrl__struct.h
[3.594s] -- Up-to-date symlink: /home/ugv/NGCP/NGCP_25_26/ugv-integration-2526/src/install/ugv_msgs/include/ugv_msgs/ugv_msgs/msg/detail/auto_ctrl__type_support.h
[3.595s] -- Up-to-date symlink: /home/ugv/NGCP/NGCP_25_26/ugv-integration-2526/src/install/ugv_msgs/include/ugv_msgs/ugv_msgs/msg/detail/man_ctrl__functions.h
[3.595s] -- Up-to-date symlink: /home/ugv/NGCP/NGCP_25_26/ugv-integration-2526/src/install/ugv_msgs/include/ugv_msgs/ugv_msgs/msg/detail/man_ctrl__struct.h
[3.596s] -- Up-to-date symlink: /home/ugv/NGCP/NGCP_25_26/ugv-integration-2526/src/install/ugv_msgs/include/ugv_msgs/ugv_msgs/msg/detail/man_ctrl__type_support.h
[3.597s] -- Up-to-date symlink: /home/ugv/NGCP/NGCP_25_26/ugv-integration-2526/src/install/ugv_msgs/include/ugv_msgs/ugv_msgs/msg/man_ctrl.h
[3.597s] -- Up-to-date symlink: /home/ugv/NGCP/NGCP_25_26/ugv-integration-2526/src/install/ugv_msgs/include/ugv_msgs/ugv_msgs/msg/rosidl_generator_c__visibility_control.h
[3.598s] -- Up-to-date symlink: /home/ugv/NGCP/NGCP_25_26/ugv-integration-2526/src/install/ugv_msgs/share/ugv_msgs/environment/library_path.sh
[3.599s] -- Up-to-date symlink: /home/ugv/NGCP/NGCP_25_26/ugv-integration-2526/src/install/ugv_msgs/share/ugv_msgs/environment/library_path.dsv
[3.600s] -- Up-to-date symlink: /home/ugv/NGCP/NGCP_25_26/ugv-integration-2526/src/install/ugv_msgs/include/ugv_msgs/ugv_msgs/msg/detail/auto_ctrl__rosidl_typesupport_fastrtps_c.h
[3.601s] -- Up-to-date symlink: /home/ugv/NGCP/NGCP_25_26/ugv-integration-2526/src/install/ugv_msgs/include/ugv_msgs/ugv_msgs/msg/detail/man_ctrl__rosidl_typesupport_fastrtps_c.h
[3.602s] -- Up-to-date symlink: /home/ugv/NGCP/NGCP_25_26/ugv-integration-2526/src/install/ugv_msgs/include/ugv_msgs/ugv_msgs/msg/rosidl_typesupport_fastrtps_c__visibility_control.h
[3.603s] -- Up-to-date symlink: /home/ugv/NGCP/NGCP_25_26/ugv-integration-2526/src/install/ugv_msgs/include/ugv_msgs/ugv_msgs/msg/detail/auto_ctrl__rosidl_typesupport_introspection_c.h
[3.604s] -- Up-to-date symlink: /home/ugv/NGCP/NGCP_25_26/ugv-integration-2526/src/install/ugv_msgs/include/ugv_msgs/ugv_msgs/msg/detail/man_ctrl__rosidl_typesupport_introspection_c.h
[3.604s] -- Up-to-date symlink: /home/ugv/NGCP/NGCP_25_26/ugv-integration-2526/src/install/ugv_msgs/include/ugv_msgs/ugv_msgs/msg/rosidl_typesupport_introspection_c__visibility_control.h
[3.606s] -- Up-to-date symlink: /home/ugv/NGCP/NGCP_25_26/ugv-integration-2526/src/install/ugv_msgs/include/ugv_msgs/ugv_msgs/msg/auto_ctrl.hpp
[3.606s] -- Up-to-date symlink: /home/ugv/NGCP/NGCP_25_26/ugv-integration-2526/src/install/ugv_msgs/include/ugv_msgs/ugv_msgs/msg/detail/auto_ctrl__builder.hpp
[3.607s] -- Up-to-date symlink: /home/ugv/NGCP/NGCP_25_26/ugv-integration-2526/src/install/ugv_msgs/include/ugv_msgs/ugv_msgs/msg/detail/auto_ctrl__struct.hpp
[3.607s] -- Up-to-date symlink: /home/ugv/NGCP/NGCP_25_26/ugv-integration-2526/src/install/ugv_msgs/include/ugv_msgs/ugv_msgs/msg/detail/auto_ctrl__traits.hpp
[3.608s] -- Up-to-date symlink: /home/ugv/NGCP/NGCP_25_26/ugv-integration-2526/src/install/ugv_msgs/include/ugv_msgs/ugv_msgs/msg/detail/auto_ctrl__type_support.hpp
[3.609s] -- Up-to-date symlink: /home/ugv/NGCP/NGCP_25_26/ugv-integration-2526/src/install/ugv_msgs/include/ugv_msgs/ugv_msgs/msg/detail/man_ctrl__builder.hpp
[3.609s] -- Up-to-date symlink: /home/ugv/NGCP/NGCP_25_26/ugv-integration-2526/src/install/ugv_msgs/include/ugv_msgs/ugv_msgs/msg/detail/man_ctrl__struct.hpp
[3.610s] -- Up-to-date symlink: /home/ugv/NGCP/NGCP_25_26/ugv-integration-2526/src/install/ugv_msgs/include/ugv_msgs/ugv_msgs/msg/detail/man_ctrl__traits.hpp
[3.611s] -- Up-to-date symlink: /home/ugv/NGCP/NGCP_25_26/ugv-integration-2526/src/install/ugv_msgs/include/ugv_msgs/ugv_msgs/msg/detail/man_ctrl__type_support.hpp
[3.612s] -- Up-to-date symlink: /home/ugv/NGCP/NGCP_25_26/ugv-integration-2526/src/install/ugv_msgs/include/ugv_msgs/ugv_msgs/msg/man_ctrl.hpp
[3.613s] -- Up-to-date symlink: /home/ugv/NGCP/NGCP_25_26/ugv-integration-2526/src/install/ugv_msgs/include/ugv_msgs/ugv_msgs/msg/rosidl_generator_cpp__visibility_control.hpp
[3.615s] -- Up-to-date symlink: /home/ugv/NGCP/NGCP_25_26/ugv-integration-2526/src/install/ugv_msgs/include/ugv_msgs/ugv_msgs/msg/detail/auto_ctrl__rosidl_typesupport_fastrtps_cpp.hpp
[3.616s] -- Up-to-date symlink: /home/ugv/NGCP/NGCP_25_26/ugv-integration-2526/src/install/ugv_msgs/include/ugv_msgs/ugv_msgs/msg/detail/man_ctrl__rosidl_typesupport_fastrtps_cpp.hpp
[3.617s] -- Up-to-date symlink: /home/ugv/NGCP/NGCP_25_26/ugv-integration-2526/src/install/ugv_msgs/include/ugv_msgs/ugv_msgs/msg/rosidl_typesupport_fastrtps_cpp__visibility_control.h
[3.618s] -- Up-to-date symlink: /home/ugv/NGCP/NGCP_25_26/ugv-integration-2526/src/install/ugv_msgs/include/ugv_msgs/ugv_msgs/msg/detail/auto_ctrl__rosidl_typesupport_introspection_cpp.hpp
[3.619s] -- Up-to-date symlink: /home/ugv/NGCP/NGCP_25_26/ugv-integration-2526/src/install/ugv_msgs/include/ugv_msgs/ugv_msgs/msg/detail/man_ctrl__rosidl_typesupport_introspection_cpp.hpp
[3.621s] -- Up-to-date symlink: /home/ugv/NGCP/NGCP_25_26/ugv-integration-2526/src/install/ugv_msgs/share/ugv_msgs/environment/pythonpath.sh
[3.622s] -- Up-to-date symlink: /home/ugv/NGCP/NGCP_25_26/ugv-integration-2526/src/install/ugv_msgs/share/ugv_msgs/environment/pythonpath.dsv
[3.623s] -- Up-to-date symlink: /home/ugv/NGCP/NGCP_25_26/ugv-integration-2526/src/install/ugv_msgs/local/lib/python3.10/dist-packages/ugv_msgs-0.0.0-py3.10.egg-info/PKG-INFO
[3.623s] -- Up-to-date symlink: /home/ugv/NGCP/NGCP_25_26/ugv-integration-2526/src/install/ugv_msgs/local/lib/python3.10/dist-packages/ugv_msgs-0.0.0-py3.10.egg-info/SOURCES.txt
[3.624s] -- Up-to-date symlink: /home/ugv/NGCP/NGCP_25_26/ugv-integration-2526/src/install/ugv_msgs/local/lib/python3.10/dist-packages/ugv_msgs-0.0.0-py3.10.egg-info/dependency_links.txt
[3.624s] -- Up-to-date symlink: /home/ugv/NGCP/NGCP_25_26/ugv-integration-2526/src/install/ugv_msgs/local/lib/python3.10/dist-packages/ugv_msgs-0.0.0-py3.10.egg-info/top_level.txt
[3.626s] -- Up-to-date symlink: /home/ugv/NGCP/NGCP_25_26/ugv-integration-2526/src/install/ugv_msgs/local/lib/python3.10/dist-packages/ugv_msgs/__init__.py
[3.626s] -- Up-to-date symlink: /home/ugv/NGCP/NGCP_25_26/ugv-integration-2526/src/install/ugv_msgs/local/lib/python3.10/dist-packages/ugv_msgs/_ugv_msgs_s.ep.rosidl_typesupport_c.c
[3.627s] -- Up-to-date symlink: /home/ugv/NGCP/NGCP_25_26/ugv-integration-2526/src/install/ugv_msgs/local/lib/python3.10/dist-packages/ugv_msgs/_ugv_msgs_s.ep.rosidl_typesupport_fastrtps_c.c
[3.627s] -- Up-to-date symlink: /home/ugv/NGCP/NGCP_25_26/ugv-integration-2526/src/install/ugv_msgs/local/lib/python3.10/dist-packages/ugv_msgs/_ugv_msgs_s.ep.rosidl_typesupport_introspection_c.c
[3.628s] -- Up-to-date symlink: /home/ugv/NGCP/NGCP_25_26/ugv-integration-2526/src/install/ugv_msgs/local/lib/python3.10/dist-packages/ugv_msgs/libugv_msgs__rosidl_generator_py.so
[3.628s] -- Up-to-date symlink: /home/ugv/NGCP/NGCP_25_26/ugv-integration-2526/src/install/ugv_msgs/local/lib/python3.10/dist-packages/ugv_msgs/msg/__init__.py
[3.629s] -- Up-to-date symlink: /home/ugv/NGCP/NGCP_25_26/ugv-integration-2526/src/install/ugv_msgs/local/lib/python3.10/dist-packages/ugv_msgs/msg/_auto_ctrl.py
[3.629s] -- Up-to-date symlink: /home/ugv/NGCP/NGCP_25_26/ugv-integration-2526/src/install/ugv_msgs/local/lib/python3.10/dist-packages/ugv_msgs/msg/_auto_ctrl_s.c
[3.629s] -- Up-to-date symlink: /home/ugv/NGCP/NGCP_25_26/ugv-integration-2526/src/install/ugv_msgs/local/lib/python3.10/dist-packages/ugv_msgs/msg/_man_ctrl.py
[3.630s] -- Up-to-date symlink: /home/ugv/NGCP/NGCP_25_26/ugv-integration-2526/src/install/ugv_msgs/local/lib/python3.10/dist-packages/ugv_msgs/msg/_man_ctrl_s.c
[3.630s] -- Up-to-date symlink: /home/ugv/NGCP/NGCP_25_26/ugv-integration-2526/src/install/ugv_msgs/local/lib/python3.10/dist-packages/ugv_msgs/ugv_msgs_s__rosidl_typesupport_c.cpython-310-aarch64-linux-gnu.so
[3.631s] -- Up-to-date symlink: /home/ugv/NGCP/NGCP_25_26/ugv-integration-2526/src/install/ugv_msgs/local/lib/python3.10/dist-packages/ugv_msgs/ugv_msgs_s__rosidl_typesupport_fastrtps_c.cpython-310-aarch64-linux-gnu.so
[3.631s] -- Up-to-date symlink: /home/ugv/NGCP/NGCP_25_26/ugv-integration-2526/src/install/ugv_msgs/local/lib/python3.10/dist-packages/ugv_msgs/ugv_msgs_s__rosidl_typesupport_introspection_c.cpython-310-aarch64-linux-gnu.so
[3.632s] -- Up-to-date symlink: /home/ugv/NGCP/NGCP_25_26/ugv-integration-2526/src/install/ugv_msgs/local/lib/python3.10/dist-packages/ugv_msgs/ugv_msgs_s__rosidl_typesupport_fastrtps_c.cpython-310-aarch64-linux-gnu.so
[3.632s] -- Up-to-date symlink: /home/ugv/NGCP/NGCP_25_26/ugv-integration-2526/src/install/ugv_msgs/local/lib/python3.10/dist-packages/ugv_msgs/ugv_msgs_s__rosidl_typesupport_introspection_c.cpython-310-aarch64-linux-gnu.so
[3.633s] -- Up-to-date symlink: /home/ugv/NGCP/NGCP_25_26/ugv-integration-2526/src/install/ugv_msgs/local/lib/python3.10/dist-packages/ugv_msgs/ugv_msgs_s__rosidl_typesupport_c.cpython-310-aarch64-linux-gnu.so
[3.634s] -- Up-to-date symlink: /home/ugv/NGCP/NGCP_25_26/ugv-integration-2526/src/install/ugv_msgs/share/ugv_msgs/msg/ManCtrl.idl
[3.635s] -- Up-to-date symlink: /home/ugv/NGCP/NGCP_25_26/ugv-integration-2526/src/install/ugv_msgs/share/ugv_msgs/msg/AutoCtrl.idl
[3.636s] -- Up-to-date symlink: /home/ugv/NGCP/NGCP_25_26/ugv-integration-2526/src/install/ugv_msgs/share/ugv_msgs/msg/ManCtrl.msg
[3.636s] -- Up-to-date symlink: /home/ugv/NGCP/NGCP_25_26/ugv-integration-2526/src/install/ugv_msgs/share/ugv_msgs/msg/AutoCtrl.msg
[3.637s] -- Up-to-date symlink: /home/ugv/NGCP/NGCP_25_26/ugv-integration-2526/src/install/ugv_msgs/share/ament_index/resource_index/package_run_dependencies/ugv_msgs
[3.638s] -- Up-to-date symlink: /home/ugv/NGCP/NGCP_25_26/ugv-integration-2526/src/install/ugv_msgs/share/ament_index/resource_index/parent_prefix_path/ugv_msgs
[3.639s] -- Up-to-date symlink: /home/ugv/NGCP/NGCP_25_26/ugv-integration-2526/src/install/ugv_msgs/share/ugv_msgs/environment/ament_prefix_path.sh
[3.639s] -- Up-to-date symlink: /home/ugv/NGCP/NGCP_25_26/ugv-integration-2526/src/install/ugv_msgs/share/ugv_msgs/environment/ament_prefix_path.dsv
[3.640s] -- Up-to-date symlink: /home/ugv/NGCP/NGCP_25_26/ugv-integration-2526/src/install/ugv_msgs/share/ugv_msgs/environment/path.sh
[3.641s] -- Up-to-date symlink: /home/ugv/NGCP/NGCP_25_26/ugv-integration-2526/src/install/ugv_msgs/share/ugv_msgs/environment/path.dsv
[3.641s] -- Up-to-date symlink: /home/ugv/NGCP/NGCP_25_26/ugv-integration-2526/src/install/ugv_msgs/share/ugv_msgs/local_setup.bash
[3.642s] -- Up-to-date symlink: /home/ugv/NGCP/NGCP_25_26/ugv-integration-2526/src/install/ugv_msgs/share/ugv_msgs/local_setup.sh
[3.643s] -- Up-to-date symlink: /home/ugv/NGCP/NGCP_25_26/ugv-integration-2526/src/install/ugv_msgs/share/ugv_msgs/local_setup.zsh
[3.643s] -- Up-to-date symlink: /home/ugv/NGCP/NGCP_25_26/ugv-integration-2526/src/install/ugv_msgs/share/ugv_msgs/local_setup.dsv
[3.644s] -- Symlinking: /home/ugv/NGCP/NGCP_25_26/ugv-integration-2526/src/install/ugv_msgs/share/ugv_msgs/package.dsv
[3.663s] -- Up-to-date symlink: /home/ugv/NGCP/NGCP_25_26/ugv-integration-2526/src/install/ugv_msgs/share/ament_index/resource_index/packages/ugv_msgs
[3.664s] -- Up-to-date symlink: /home/ugv/NGCP/NGCP_25_26/ugv-integration-2526/src/install/ugv_msgs/share/ugv_msgs/cmake/rosidl_cmake-extras.cmake
[3.664s] -- Up-to-date symlink: /home/ugv/NGCP/NGCP_25_26/ugv-integration-2526/src/install/ugv_msgs/share/ugv_msgs/cmake/ament_cmake_export_include_directories-extras.cmake
[3.665s] -- Up-to-date symlink: /home/ugv/NGCP/NGCP_25_26/ugv-integration-2526/src/install/ugv_msgs/share/ugv_msgs/cmake/ament_cmake_export_libraries-extras.cmake
[3.666s] -- Up-to-date symlink: /home/ugv/NGCP/NGCP_25_26/ugv-integration-2526/src/install/ugv_msgs/share/ugv_msgs/cmake/ament_cmake_export_targets-extras.cmake
[3.666s] -- Up-to-date symlink: /home/ugv/NGCP/NGCP_25_26/ugv-integration-2526/src/install/ugv_msgs/share/ugv_msgs/cmake/rosidl_cmake_export_typesupport_targets-extras.cmake
[3.667s] -- Up-to-date symlink: /home/ugv/NGCP/NGCP_25_26/ugv-integration-2526/src/install/ugv_msgs/share/ugv_msgs/cmake/ament_cmake_export_dependencies-extras.cmake
[3.668s] -- Up-to-date symlink: /home/ugv/NGCP/NGCP_25_26/ugv-integration-2526/src/install/ugv_msgs/share/ugv_msgs/cmake/rosidl_cmake_export_typesupport_libraries-extras.cmake
[3.669s] -- Up-to-date symlink: /home/ugv/NGCP/NGCP_25_26/ugv-integration-2526/src/install/ugv_msgs/share/ugv_msgs/cmake/ugv_msgsConfig.cmake
[3.669s] -- Up-to-date symlink: /home/ugv/NGCP/NGCP_25_26/ugv-integration-2526/src/install/ugv_msgs/share/ugv_msgs/cmake/ugv_msgsConfig-version.cmake
[3.670s] -- Up-to-date symlink: /home/ugv/NGCP/NGCP_25_26/ugv-integration-2526/src/install/ugv_msgs/share/ugv_msgs/package.xml
[3.671s] -- Up-to-date: /home/ugv/NGCP/NGCP_25_26/ugv-integration-2526/src/install/ugv_msgs/lib/libugv_msgs__rosidl_generator_c.so
[3.671s] -- Up-to-date: /home/ugv/NGCP/NGCP_25_26/ugv-integration-2526/src/install/ugv_msgs/lib/libugv_msgs__rosidl_typesupport_fastrtps_c.so
[3.672s] -- Up-to-date: /home/ugv/NGCP/NGCP_25_26/ugv-integration-2526/src/install/ugv_msgs/lib/libugv_msgs__rosidl_typesupport_introspection_c.so
[3.672s] -- Up-to-date: /home/ugv/NGCP/NGCP_25_26/ugv-integration-2526/src/install/ugv_msgs/lib/libugv_msgs__rosidl_typesupport_c.so
[3.673s] -- Up-to-date: /home/ugv/NGCP/NGCP_25_26/ugv-integration-2526/src/install/ugv_msgs/lib/libugv_msgs__rosidl_typesupport_fastrtps_cpp.so
[3.674s] -- Up-to-date: /home/ugv/NGCP/NGCP_25_26/ugv-integration-2526/src/install/ugv_msgs/lib/libugv_msgs__rosidl_typesupport_introspection_cpp.so
[3.674s] -- Up-to-date: /home/ugv/NGCP/NGCP_25_26/ugv-integration-2526/src/install/ugv_msgs/lib/libugv_msgs__rosidl_typesupport_cpp.so
[3.755s] Listing '/home/ugv/NGCP/NGCP_25_26/ugv-integration-2526/src/install/ugv_msgs/local/lib/python3.10/dist-packages/ugv_msgs'...
[3.755s] Compiling '/home/ugv/NGCP/NGCP_25_26/ugv-integration-2526/src/install/ugv_msgs/local/lib/python3.10/dist-packages/ugv_msgs/__init__.py'...
[3.756s] Listing '/home/ugv/NGCP/NGCP_25_26/ugv-integration-2526/src/install/ugv_msgs/local/lib/python3.10/dist-packages/ugv_msgs/msg'...
[3.768s] -- Up-to-date: /home/ugv/NGCP/NGCP_25_26/ugv-integration-2526/src/install/ugv_msgs/lib/libugv_msgs__rosidl_generator_py.so
[3.769s] -- Up-to-date: /home/ugv/NGCP/NGCP_25_26/ugv-integration-2526/src/install/ugv_msgs/share/ugv_msgs/cmake/export_ugv_msgs__rosidl_generator_cExport.cmake
[3.769s] -- Up-to-date: /home/ugv/NGCP/NGCP_25_26/ugv-integration-2526/src/install/ugv_msgs/share/ugv_msgs/cmake/export_ugv_msgs__rosidl_generator_cExport-noconfig.cmake
[3.770s] -- Up-to-date: /home/ugv/NGCP/NGCP_25_26/ugv-integration-2526/src/install/ugv_msgs/share/ugv_msgs/cmake/export_ugv_msgs__rosidl_typesupport_fastrtps_cExport.cmake
[3.770s] -- Up-to-date: /home/ugv/NGCP/NGCP_25_26/ugv-integration-2526/src/install/ugv_msgs/share/ugv_msgs/cmake/export_ugv_msgs__rosidl_typesupport_fastrtps_cExport-noconfig.cmake
[3.771s] -- Up-to-date: /home/ugv/NGCP/NGCP_25_26/ugv-integration-2526/src/install/ugv_msgs/share/ugv_msgs/cmake/ugv_msgs__rosidl_typesupport_introspection_cExport.cmake
[3.771s] -- Up-to-date: /home/ugv/NGCP/NGCP_25_26/ugv-integration-2526/src/install/ugv_msgs/share/ugv_msgs/cmake/ugv_msgs__rosidl_typesupport_introspection_cExport-noconfig.cmake
[3.772s] -- Up-to-date: /home/ugv/NGCP/NGCP_25_26/ugv-integration-2526/src/install/ugv_msgs/share/ugv_msgs/cmake/ugv_msgs__rosidl_typesupport_cExport.cmake
[3.773s] -- Up-to-date: /home/ugv/NGCP/NGCP_25_26/ugv-integration-2526/src/install/ugv_msgs/share/ugv_msgs/cmake/ugv_msgs__rosidl_typesupport_cExport-noconfig.cmake
[3.773s] -- Up-to-date: /home/ugv/NGCP/NGCP_25_26/ugv-integration-2526/src/install/ugv_msgs/share/ugv_msgs/cmake/export_ugv_msgs__rosidl_generator_cppExport.cmake
[3.774s] -- Up-to-date: /home/ugv/NGCP/NGCP_25_26/ugv-integration-2526/src/install/ugv_msgs/share/ugv_msgs/cmake/export_ugv_msgs__rosidl_typesupport_fastrtps_cppExport.cmake
[3.774s] -- Up-to-date: /home/ugv/NGCP/NGCP_25_26/ugv-integration-2526/src/install/ugv_msgs/share/ugv_msgs/cmake/export_ugv_msgs__rosidl_typesupport_fastrtps_cppExport-noconfig.cmake
[3.775s] -- Up-to-date: /home/ugv/NGCP/NGCP_25_26/ugv-integration-2526/src/install/ugv_msgs/share/ugv_msgs/cmake/ugv_msgs__rosidl_typesupport_introspection_cppExport.cmake
[3.775s] -- Up-to-date: /home/ugv/NGCP/NGCP_25_26/ugv-integration-2526/src/install/ugv_msgs/share/ugv_msgs/cmake/ugv_msgs__rosidl_typesupport_introspection_cppExport-noconfig.cmake
[3.776s] -- Up-to-date: /home/ugv/NGCP/NGCP_25_26/ugv-integration-2526/src/install/ugv_msgs/share/ugv_msgs/cmake/ugv_msgs__rosidl_typesupport_cppExport.cmake
[3.776s] -- Up-to-date: /home/ugv/NGCP/NGCP_25_26/ugv-integration-2526/src/install/ugv_msgs/share/ugv_msgs/cmake/ugv_msgs__rosidl_typesupport_cppExport-noconfig.cmake
[3.777s] -- Up-to-date: /home/ugv/NGCP/NGCP_25_26/ugv-integration-2526/src/install/ugv_msgs/share/ugv_msgs/cmake/export_ugv_msgs__rosidl_generator_pyExport.cmake
[3.777s] -- Up-to-date: /home/ugv/NGCP/NGCP_25_26/ugv-integration-2526/src/install/ugv_msgs/share/ugv_msgs/cmake/export_ugv_msgs__rosidl_generator_pyExport-noconfig.cmake
[3.786s] Invoked command in '/home/ugv/NGCP/NGCP_25_26/ugv-integration-2526/src/build/ugv_msgs' returned '0': CMAKE_PREFIX_PATH=${CMAKE_PREFIX_PATH}:/home/ugv/NGCP/NGCP_25_26/ugv-integration-2526/src/install/ngcp_ugv:/opt/ros/humble /usr/bin/cmake --install /home/ugv/NGCP/NGCP_25_26/ugv-integration-2526/src/build/ugv_msgs
