[1.289s] DEBUG:colcon:Command line arguments: ['/usr/bin/colcon', 'build']
[1.290s] DEBUG:colcon:Parsed command line arguments: Namespace(log_base=None, log_level=None, verb_name='build', build_base='build', install_base='install', merge_install=False, symlink_install=False, test_result_base=None, continue_on_error=False, executor='parallel', parallel_workers=4, event_handlers=None, ignore_user_meta=False, metas=['./colcon.meta'], base_paths=['.'], packages_ignore=None, packages_ignore_regex=None, paths=None, packages_up_to=None, packages_up_to_regex=None, packages_above=None, packages_above_and_dependencies=None, packages_above_depth=None, packages_select_by_dep=None, packages_skip_by_dep=None, packages_skip_up_to=None, packages_select_build_failed=False, packages_skip_build_finished=False, packages_select_test_failures=False, packages_skip_test_passed=False, packages_select=None, packages_skip=None, packages_select_regex=None, packages_skip_regex=None, packages_start=None, packages_end=None, allow_overriding=[], cmake_args=None, cmake_target=None, cmake_target_skip_unavailable=False, cmake_clean_cache=False, cmake_clean_first=False, cmake_force_configure=False, ament_cmake_args=None, catkin_cmake_args=None, catkin_skip_building_tests=False, mixin_files=None, mixin=None, verb_parser=<colcon_mixin.mixin.mixin_argument.MixinArgumentDecorator object at 0xffffa8806740>, verb_extension=<colcon_core.verb.build.BuildVerb object at 0xffffa89a36d0>, main=<bound method BuildVerb.main of <colcon_core.verb.build.BuildVerb object at 0xffffa89a36d0>>, mixin_verb=('build',))
[2.482s] Level 1:colcon.colcon_core.package_discovery:discover_packages(colcon_meta) check parameters
[2.483s] Level 1:colcon.colcon_core.package_discovery:discover_packages(recursive) check parameters
[2.483s] Level 1:colcon.colcon_core.package_discovery:discover_packages(ignore) check parameters
[2.483s] Level 1:colcon.colcon_core.package_discovery:discover_packages(path) check parameters
[2.483s] Level 1:colcon.colcon_core.package_discovery:discover_packages(colcon_meta) discover
[2.484s] Level 1:colcon.colcon_core.package_discovery:discover_packages(recursive) discover
[2.484s] INFO:colcon.colcon_core.package_discovery:Crawling recursively for packages in '/home/kayla/NGCP'
[2.484s] Level 1:colcon.colcon_core.package_identification:_identify(.) by extensions ['ignore', 'ignore_ament_install']
[2.485s] Level 1:colcon.colcon_core.package_identification:_identify(.) by extension 'ignore'
[2.485s] Level 1:colcon.colcon_core.package_identification:_identify(.) by extension 'ignore_ament_install'
[2.485s] Level 1:colcon.colcon_core.package_identification:_identify(.) by extensions ['colcon_pkg']
[2.485s] Level 1:colcon.colcon_core.package_identification:_identify(.) by extension 'colcon_pkg'
[2.486s] Level 1:colcon.colcon_core.package_identification:_identify(.) by extensions ['colcon_meta']
[2.486s] Level 1:colcon.colcon_core.package_identification:_identify(.) by extension 'colcon_meta'
[2.486s] Level 1:colcon.colcon_core.package_identification:_identify(.) by extensions ['ros']
[2.486s] Level 1:colcon.colcon_core.package_identification:_identify(.) by extension 'ros'
[2.561s] Level 1:colcon.colcon_core.package_identification:_identify(.) by extensions ['cmake', 'python']
[2.562s] Level 1:colcon.colcon_core.package_identification:_identify(.) by extension 'cmake'
[2.562s] Level 1:colcon.colcon_core.package_identification:_identify(.) by extension 'python'
[2.562s] Level 1:colcon.colcon_core.package_identification:_identify(.) by extensions ['python_setup_py']
[2.562s] Level 1:colcon.colcon_core.package_identification:_identify(.) by extension 'python_setup_py'
[2.563s] Level 1:colcon.colcon_core.package_identification:_identify(Xsens_MTi_ROS_Driver_and_Ntrip_Client) by extensions ['ignore', 'ignore_ament_install']
[2.563s] Level 1:colcon.colcon_core.package_identification:_identify(Xsens_MTi_ROS_Driver_and_Ntrip_Client) by extension 'ignore'
[2.564s] Level 1:colcon.colcon_core.package_identification:_identify(Xsens_MTi_ROS_Driver_and_Ntrip_Client) by extension 'ignore_ament_install'
[2.564s] Level 1:colcon.colcon_core.package_identification:_identify(Xsens_MTi_ROS_Driver_and_Ntrip_Client) by extensions ['colcon_pkg']
[2.564s] Level 1:colcon.colcon_core.package_identification:_identify(Xsens_MTi_ROS_Driver_and_Ntrip_Client) by extension 'colcon_pkg'
[2.564s] Level 1:colcon.colcon_core.package_identification:_identify(Xsens_MTi_ROS_Driver_and_Ntrip_Client) by extensions ['colcon_meta']
[2.565s] Level 1:colcon.colcon_core.package_identification:_identify(Xsens_MTi_ROS_Driver_and_Ntrip_Client) by extension 'colcon_meta'
[2.565s] Level 1:colcon.colcon_core.package_identification:_identify(Xsens_MTi_ROS_Driver_and_Ntrip_Client) by extensions ['ros']
[2.565s] Level 1:colcon.colcon_core.package_identification:_identify(Xsens_MTi_ROS_Driver_and_Ntrip_Client) by extension 'ros'
[2.565s] Level 1:colcon.colcon_core.package_identification:_identify(Xsens_MTi_ROS_Driver_and_Ntrip_Client) by extensions ['cmake', 'python']
[2.565s] Level 1:colcon.colcon_core.package_identification:_identify(Xsens_MTi_ROS_Driver_and_Ntrip_Client) by extension 'cmake'
[2.566s] Level 1:colcon.colcon_core.package_identification:_identify(Xsens_MTi_ROS_Driver_and_Ntrip_Client) by extension 'python'
[2.566s] Level 1:colcon.colcon_core.package_identification:_identify(Xsens_MTi_ROS_Driver_and_Ntrip_Client) by extensions ['python_setup_py']
[2.566s] Level 1:colcon.colcon_core.package_identification:_identify(Xsens_MTi_ROS_Driver_and_Ntrip_Client) by extension 'python_setup_py'
[2.568s] Level 1:colcon.colcon_core.package_identification:_identify(Xsens_MTi_ROS_Driver_and_Ntrip_Client/src) by extensions ['ignore', 'ignore_ament_install']
[2.568s] Level 1:colcon.colcon_core.package_identification:_identify(Xsens_MTi_ROS_Driver_and_Ntrip_Client/src) by extension 'ignore'
[2.569s] Level 1:colcon.colcon_core.package_identification:_identify(Xsens_MTi_ROS_Driver_and_Ntrip_Client/src) by extension 'ignore_ament_install'
[2.569s] Level 1:colcon.colcon_core.package_identification:_identify(Xsens_MTi_ROS_Driver_and_Ntrip_Client/src) by extensions ['colcon_pkg']
[2.569s] Level 1:colcon.colcon_core.package_identification:_identify(Xsens_MTi_ROS_Driver_and_Ntrip_Client/src) by extension 'colcon_pkg'
[2.569s] Level 1:colcon.colcon_core.package_identification:_identify(Xsens_MTi_ROS_Driver_and_Ntrip_Client/src) by extensions ['colcon_meta']
[2.569s] Level 1:colcon.colcon_core.package_identification:_identify(Xsens_MTi_ROS_Driver_and_Ntrip_Client/src) by extension 'colcon_meta'
[2.570s] Level 1:colcon.colcon_core.package_identification:_identify(Xsens_MTi_ROS_Driver_and_Ntrip_Client/src) by extensions ['ros']
[2.570s] Level 1:colcon.colcon_core.package_identification:_identify(Xsens_MTi_ROS_Driver_and_Ntrip_Client/src) by extension 'ros'
[2.570s] Level 1:colcon.colcon_core.package_identification:_identify(Xsens_MTi_ROS_Driver_and_Ntrip_Client/src) by extensions ['cmake', 'python']
[2.571s] Level 1:colcon.colcon_core.package_identification:_identify(Xsens_MTi_ROS_Driver_and_Ntrip_Client/src) by extension 'cmake'
[2.571s] Level 1:colcon.colcon_core.package_identification:_identify(Xsens_MTi_ROS_Driver_and_Ntrip_Client/src) by extension 'python'
[2.572s] Level 1:colcon.colcon_core.package_identification:_identify(Xsens_MTi_ROS_Driver_and_Ntrip_Client/src) by extensions ['python_setup_py']
[2.572s] Level 1:colcon.colcon_core.package_identification:_identify(Xsens_MTi_ROS_Driver_and_Ntrip_Client/src) by extension 'python_setup_py'
[2.573s] Level 1:colcon.colcon_core.package_identification:_identify(Xsens_MTi_ROS_Driver_and_Ntrip_Client/src/ntrip) by extensions ['ignore', 'ignore_ament_install']
[2.573s] Level 1:colcon.colcon_core.package_identification:_identify(Xsens_MTi_ROS_Driver_and_Ntrip_Client/src/ntrip) by extension 'ignore'
[2.574s] Level 1:colcon.colcon_core.package_identification:_identify(Xsens_MTi_ROS_Driver_and_Ntrip_Client/src/ntrip) by extension 'ignore_ament_install'
[2.574s] Level 1:colcon.colcon_core.package_identification:_identify(Xsens_MTi_ROS_Driver_and_Ntrip_Client/src/ntrip) by extensions ['colcon_pkg']
[2.574s] Level 1:colcon.colcon_core.package_identification:_identify(Xsens_MTi_ROS_Driver_and_Ntrip_Client/src/ntrip) by extension 'colcon_pkg'
[2.574s] Level 1:colcon.colcon_core.package_identification:_identify(Xsens_MTi_ROS_Driver_and_Ntrip_Client/src/ntrip) by extensions ['colcon_meta']
[2.574s] Level 1:colcon.colcon_core.package_identification:_identify(Xsens_MTi_ROS_Driver_and_Ntrip_Client/src/ntrip) by extension 'colcon_meta'
[2.575s] Level 1:colcon.colcon_core.package_identification:_identify(Xsens_MTi_ROS_Driver_and_Ntrip_Client/src/ntrip) by extensions ['ros']
[2.575s] Level 1:colcon.colcon_core.package_identification:_identify(Xsens_MTi_ROS_Driver_and_Ntrip_Client/src/ntrip) by extension 'ros'
[2.589s] DEBUG:colcon.colcon_core.package_identification:Package 'Xsens_MTi_ROS_Driver_and_Ntrip_Client/src/ntrip' with type 'ros.ament_cmake' and name 'ntrip'
[2.590s] Level 1:colcon.colcon_core.package_identification:_identify(Xsens_MTi_ROS_Driver_and_Ntrip_Client/src/xsens_mti_ros2_driver) by extensions ['ignore', 'ignore_ament_install']
[2.591s] Level 1:colcon.colcon_core.package_identification:_identify(Xsens_MTi_ROS_Driver_and_Ntrip_Client/src/xsens_mti_ros2_driver) by extension 'ignore'
[2.591s] Level 1:colcon.colcon_core.package_identification:_identify(Xsens_MTi_ROS_Driver_and_Ntrip_Client/src/xsens_mti_ros2_driver) by extension 'ignore_ament_install'
[2.591s] Level 1:colcon.colcon_core.package_identification:_identify(Xsens_MTi_ROS_Driver_and_Ntrip_Client/src/xsens_mti_ros2_driver) by extensions ['colcon_pkg']
[2.591s] Level 1:colcon.colcon_core.package_identification:_identify(Xsens_MTi_ROS_Driver_and_Ntrip_Client/src/xsens_mti_ros2_driver) by extension 'colcon_pkg'
[2.592s] Level 1:colcon.colcon_core.package_identification:_identify(Xsens_MTi_ROS_Driver_and_Ntrip_Client/src/xsens_mti_ros2_driver) by extensions ['colcon_meta']
[2.592s] Level 1:colcon.colcon_core.package_identification:_identify(Xsens_MTi_ROS_Driver_and_Ntrip_Client/src/xsens_mti_ros2_driver) by extension 'colcon_meta'
[2.592s] Level 1:colcon.colcon_core.package_identification:_identify(Xsens_MTi_ROS_Driver_and_Ntrip_Client/src/xsens_mti_ros2_driver) by extensions ['ros']
[2.592s] Level 1:colcon.colcon_core.package_identification:_identify(Xsens_MTi_ROS_Driver_and_Ntrip_Client/src/xsens_mti_ros2_driver) by extension 'ros'
[2.597s] DEBUG:colcon.colcon_core.package_identification:Package 'Xsens_MTi_ROS_Driver_and_Ntrip_Client/src/xsens_mti_ros2_driver' with type 'ros.ament_cmake' and name 'xsens_mti_ros2_driver'
[2.598s] Level 1:colcon.colcon_core.package_identification:_identify(build) by extensions ['ignore', 'ignore_ament_install']
[2.598s] Level 1:colcon.colcon_core.package_identification:_identify(build) by extension 'ignore'
[2.598s] Level 1:colcon.colcon_core.package_identification:_identify(build) ignored
[2.599s] Level 1:colcon.colcon_core.package_identification:_identify(install) by extensions ['ignore', 'ignore_ament_install']
[2.599s] Level 1:colcon.colcon_core.package_identification:_identify(install) by extension 'ignore'
[2.599s] Level 1:colcon.colcon_core.package_identification:_identify(install) ignored
[2.600s] Level 1:colcon.colcon_core.package_identification:_identify(log) by extensions ['ignore', 'ignore_ament_install']
[2.600s] Level 1:colcon.colcon_core.package_identification:_identify(log) by extension 'ignore'
[2.600s] Level 1:colcon.colcon_core.package_identification:_identify(log) ignored
[2.601s] Level 1:colcon.colcon_core.package_identification:_identify(src) by extensions ['ignore', 'ignore_ament_install']
[2.601s] Level 1:colcon.colcon_core.package_identification:_identify(src) by extension 'ignore'
[2.601s] Level 1:colcon.colcon_core.package_identification:_identify(src) by extension 'ignore_ament_install'
[2.602s] Level 1:colcon.colcon_core.package_identification:_identify(src) by extensions ['colcon_pkg']
[2.602s] Level 1:colcon.colcon_core.package_identification:_identify(src) by extension 'colcon_pkg'
[2.602s] Level 1:colcon.colcon_core.package_identification:_identify(src) by extensions ['colcon_meta']
[2.602s] Level 1:colcon.colcon_core.package_identification:_identify(src) by extension 'colcon_meta'
[2.602s] Level 1:colcon.colcon_core.package_identification:_identify(src) by extensions ['ros']
[2.602s] Level 1:colcon.colcon_core.package_identification:_identify(src) by extension 'ros'
[2.603s] Level 1:colcon.colcon_core.package_identification:_identify(src) by extensions ['cmake', 'python']
[2.603s] Level 1:colcon.colcon_core.package_identification:_identify(src) by extension 'cmake'
[2.603s] Level 1:colcon.colcon_core.package_identification:_identify(src) by extension 'python'
[2.603s] Level 1:colcon.colcon_core.package_identification:_identify(src) by extensions ['python_setup_py']
[2.603s] Level 1:colcon.colcon_core.package_identification:_identify(src) by extension 'python_setup_py'
[2.604s] Level 1:colcon.colcon_core.package_identification:_identify(src/ugv_control) by extensions ['ignore', 'ignore_ament_install']
[2.604s] Level 1:colcon.colcon_core.package_identification:_identify(src/ugv_control) by extension 'ignore'
[2.604s] Level 1:colcon.colcon_core.package_identification:_identify(src/ugv_control) by extension 'ignore_ament_install'
[2.605s] Level 1:colcon.colcon_core.package_identification:_identify(src/ugv_control) by extensions ['colcon_pkg']
[2.605s] Level 1:colcon.colcon_core.package_identification:_identify(src/ugv_control) by extension 'colcon_pkg'
[2.605s] Level 1:colcon.colcon_core.package_identification:_identify(src/ugv_control) by extensions ['colcon_meta']
[2.605s] Level 1:colcon.colcon_core.package_identification:_identify(src/ugv_control) by extension 'colcon_meta'
[2.605s] Level 1:colcon.colcon_core.package_identification:_identify(src/ugv_control) by extensions ['ros']
[2.606s] Level 1:colcon.colcon_core.package_identification:_identify(src/ugv_control) by extension 'ros'
[2.609s] DEBUG:colcon.colcon_core.package_identification:Package 'src/ugv_control' with type 'ros.ament_python' and name 'ugv_control'
[2.609s] Level 1:colcon.colcon_core.package_identification:_identify(src/ugv_msgs) by extensions ['ignore', 'ignore_ament_install']
[2.610s] Level 1:colcon.colcon_core.package_identification:_identify(src/ugv_msgs) by extension 'ignore'
[2.610s] Level 1:colcon.colcon_core.package_identification:_identify(src/ugv_msgs) by extension 'ignore_ament_install'
[2.610s] Level 1:colcon.colcon_core.package_identification:_identify(src/ugv_msgs) by extensions ['colcon_pkg']
[2.610s] Level 1:colcon.colcon_core.package_identification:_identify(src/ugv_msgs) by extension 'colcon_pkg'
[2.611s] Level 1:colcon.colcon_core.package_identification:_identify(src/ugv_msgs) by extensions ['colcon_meta']
[2.611s] Level 1:colcon.colcon_core.package_identification:_identify(src/ugv_msgs) by extension 'colcon_meta'
[2.611s] Level 1:colcon.colcon_core.package_identification:_identify(src/ugv_msgs) by extensions ['ros']
[2.611s] Level 1:colcon.colcon_core.package_identification:_identify(src/ugv_msgs) by extension 'ros'
[2.614s] DEBUG:colcon.colcon_core.package_identification:Package 'src/ugv_msgs' with type 'ros.ament_cmake' and name 'ugv_msgs'
[2.615s] Level 1:colcon.colcon_core.package_discovery:discover_packages(recursive) using defaults
[2.615s] Level 1:colcon.colcon_core.package_discovery:discover_packages(ignore) discover
[2.615s] Level 1:colcon.colcon_core.package_discovery:discover_packages(ignore) using defaults
[2.615s] Level 1:colcon.colcon_core.package_discovery:discover_packages(path) discover
[2.615s] Level 1:colcon.colcon_core.package_discovery:discover_packages(path) using defaults
[2.791s] Level 1:colcon.colcon_core.package_discovery:discover_packages(prefix_path) check parameters
[2.791s] Level 1:colcon.colcon_core.package_discovery:discover_packages(prefix_path) discover
[2.809s] DEBUG:colcon.colcon_installed_package_information.package_discovery:Found 3 installed packages in /home/kayla/NGCP/install
[2.823s] DEBUG:colcon.colcon_installed_package_information.package_discovery:Found 274 installed packages in /opt/ros/humble
[2.830s] Level 1:colcon.colcon_core.package_discovery:discover_packages(prefix_path) using defaults
[3.024s] Level 5:colcon.colcon_core.verb:set package 'ntrip' build argument 'cmake_args' from command line to 'None'
[3.025s] Level 5:colcon.colcon_core.verb:set package 'ntrip' build argument 'cmake_target' from command line to 'None'
[3.025s] Level 5:colcon.colcon_core.verb:set package 'ntrip' build argument 'cmake_target_skip_unavailable' from command line to 'False'
[3.025s] Level 5:colcon.colcon_core.verb:set package 'ntrip' build argument 'cmake_clean_cache' from command line to 'False'
[3.025s] Level 5:colcon.colcon_core.verb:set package 'ntrip' build argument 'cmake_clean_first' from command line to 'False'
[3.025s] Level 5:colcon.colcon_core.verb:set package 'ntrip' build argument 'cmake_force_configure' from command line to 'False'
[3.025s] Level 5:colcon.colcon_core.verb:set package 'ntrip' build argument 'ament_cmake_args' from command line to 'None'
[3.025s] Level 5:colcon.colcon_core.verb:set package 'ntrip' build argument 'catkin_cmake_args' from command line to 'None'
[3.025s] Level 5:colcon.colcon_core.verb:set package 'ntrip' build argument 'catkin_skip_building_tests' from command line to 'False'
[3.026s] DEBUG:colcon.colcon_core.verb:Building package 'ntrip' with the following arguments: {'ament_cmake_args': None, 'build_base': '/home/kayla/NGCP/build/ntrip', 'catkin_cmake_args': None, 'catkin_skip_building_tests': False, 'cmake_args': None, 'cmake_clean_cache': False, 'cmake_clean_first': False, 'cmake_force_configure': False, 'cmake_target': None, 'cmake_target_skip_unavailable': False, 'install_base': '/home/kayla/NGCP/install/ntrip', 'merge_install': False, 'path': '/home/kayla/NGCP/Xsens_MTi_ROS_Driver_and_Ntrip_Client/src/ntrip', 'symlink_install': False, 'test_result_base': None}
[3.027s] Level 5:colcon.colcon_core.verb:set package 'ugv_msgs' build argument 'cmake_args' from command line to 'None'
[3.027s] Level 5:colcon.colcon_core.verb:set package 'ugv_msgs' build argument 'cmake_target' from command line to 'None'
[3.028s] Level 5:colcon.colcon_core.verb:set package 'ugv_msgs' build argument 'cmake_target_skip_unavailable' from command line to 'False'
[3.028s] Level 5:colcon.colcon_core.verb:set package 'ugv_msgs' build argument 'cmake_clean_cache' from command line to 'False'
[3.028s] Level 5:colcon.colcon_core.verb:set package 'ugv_msgs' build argument 'cmake_clean_first' from command line to 'False'
[3.028s] Level 5:colcon.colcon_core.verb:set package 'ugv_msgs' build argument 'cmake_force_configure' from command line to 'False'
[3.028s] Level 5:colcon.colcon_core.verb:set package 'ugv_msgs' build argument 'ament_cmake_args' from command line to 'None'
[3.028s] Level 5:colcon.colcon_core.verb:set package 'ugv_msgs' build argument 'catkin_cmake_args' from command line to 'None'
[3.028s] Level 5:colcon.colcon_core.verb:set package 'ugv_msgs' build argument 'catkin_skip_building_tests' from command line to 'False'
[3.028s] DEBUG:colcon.colcon_core.verb:Building package 'ugv_msgs' with the following arguments: {'ament_cmake_args': None, 'build_base': '/home/kayla/NGCP/build/ugv_msgs', 'catkin_cmake_args': None, 'catkin_skip_building_tests': False, 'cmake_args': None, 'cmake_clean_cache': False, 'cmake_clean_first': False, 'cmake_force_configure': False, 'cmake_target': None, 'cmake_target_skip_unavailable': False, 'install_base': '/home/kayla/NGCP/install/ugv_msgs', 'merge_install': False, 'path': '/home/kayla/NGCP/src/ugv_msgs', 'symlink_install': False, 'test_result_base': None}
[3.030s] Level 5:colcon.colcon_core.verb:set package 'xsens_mti_ros2_driver' build argument 'cmake_args' from command line to 'None'
[3.030s] Level 5:colcon.colcon_core.verb:set package 'xsens_mti_ros2_driver' build argument 'cmake_target' from command line to 'None'
[3.030s] Level 5:colcon.colcon_core.verb:set package 'xsens_mti_ros2_driver' build argument 'cmake_target_skip_unavailable' from command line to 'False'
[3.030s] Level 5:colcon.colcon_core.verb:set package 'xsens_mti_ros2_driver' build argument 'cmake_clean_cache' from command line to 'False'
[3.030s] Level 5:colcon.colcon_core.verb:set package 'xsens_mti_ros2_driver' build argument 'cmake_clean_first' from command line to 'False'
[3.030s] Level 5:colcon.colcon_core.verb:set package 'xsens_mti_ros2_driver' build argument 'cmake_force_configure' from command line to 'False'
[3.030s] Level 5:colcon.colcon_core.verb:set package 'xsens_mti_ros2_driver' build argument 'ament_cmake_args' from command line to 'None'
[3.030s] Level 5:colcon.colcon_core.verb:set package 'xsens_mti_ros2_driver' build argument 'catkin_cmake_args' from command line to 'None'
[3.031s] Level 5:colcon.colcon_core.verb:set package 'xsens_mti_ros2_driver' build argument 'catkin_skip_building_tests' from command line to 'False'
[3.031s] DEBUG:colcon.colcon_core.verb:Building package 'xsens_mti_ros2_driver' with the following arguments: {'ament_cmake_args': None, 'build_base': '/home/kayla/NGCP/build/xsens_mti_ros2_driver', 'catkin_cmake_args': None, 'catkin_skip_building_tests': False, 'cmake_args': None, 'cmake_clean_cache': False, 'cmake_clean_first': False, 'cmake_force_configure': False, 'cmake_target': None, 'cmake_target_skip_unavailable': False, 'install_base': '/home/kayla/NGCP/install/xsens_mti_ros2_driver', 'merge_install': False, 'path': '/home/kayla/NGCP/Xsens_MTi_ROS_Driver_and_Ntrip_Client/src/xsens_mti_ros2_driver', 'symlink_install': False, 'test_result_base': None}
[3.032s] Level 5:colcon.colcon_core.verb:set package 'ugv_control' build argument 'cmake_args' from command line to 'None'
[3.032s] Level 5:colcon.colcon_core.verb:set package 'ugv_control' build argument 'cmake_target' from command line to 'None'
[3.032s] Level 5:colcon.colcon_core.verb:set package 'ugv_control' build argument 'cmake_target_skip_unavailable' from command line to 'False'
[3.032s] Level 5:colcon.colcon_core.verb:set package 'ugv_control' build argument 'cmake_clean_cache' from command line to 'False'
[3.033s] Level 5:colcon.colcon_core.verb:set package 'ugv_control' build argument 'cmake_clean_first' from command line to 'False'
[3.033s] Level 5:colcon.colcon_core.verb:set package 'ugv_control' build argument 'cmake_force_configure' from command line to 'False'
[3.033s] Level 5:colcon.colcon_core.verb:set package 'ugv_control' build argument 'ament_cmake_args' from command line to 'None'
[3.033s] Level 5:colcon.colcon_core.verb:set package 'ugv_control' build argument 'catkin_cmake_args' from command line to 'None'
[3.033s] Level 5:colcon.colcon_core.verb:set package 'ugv_control' build argument 'catkin_skip_building_tests' from command line to 'False'
[3.033s] DEBUG:colcon.colcon_core.verb:Building package 'ugv_control' with the following arguments: {'ament_cmake_args': None, 'build_base': '/home/kayla/NGCP/build/ugv_control', 'catkin_cmake_args': None, 'catkin_skip_building_tests': False, 'cmake_args': None, 'cmake_clean_cache': False, 'cmake_clean_first': False, 'cmake_force_configure': False, 'cmake_target': None, 'cmake_target_skip_unavailable': False, 'install_base': '/home/kayla/NGCP/install/ugv_control', 'merge_install': False, 'path': '/home/kayla/NGCP/src/ugv_control', 'symlink_install': False, 'test_result_base': None}
[3.033s] INFO:colcon.colcon_core.executor:Executing jobs using 'parallel' executor
[3.037s] DEBUG:colcon.colcon_parallel_executor.executor.parallel:run_until_complete
[3.038s] INFO:colcon.colcon_ros.task.ament_cmake.build:Building ROS package in '/home/kayla/NGCP/src/ugv_msgs' with build type 'ament_cmake'
[3.038s] INFO:colcon.colcon_cmake.task.cmake.build:Building CMake package in '/home/kayla/NGCP/src/ugv_msgs'
[3.058s] INFO:colcon.colcon_core.plugin_system:Skipping extension 'colcon_core.shell.bat': Not used on non-Windows systems
[3.059s] INFO:colcon.colcon_core.shell:Skip shell extension 'powershell' for command environment: Not usable outside of PowerShell
[3.059s] DEBUG:colcon.colcon_core.shell:Skip shell extension 'dsv' for command environment
[3.090s] INFO:colcon.colcon_ros.task.ament_cmake.build:Building ROS package in '/home/kayla/NGCP/Xsens_MTi_ROS_Driver_and_Ntrip_Client/src/ntrip' with build type 'ament_cmake'
[3.090s] INFO:colcon.colcon_cmake.task.cmake.build:Building CMake package in '/home/kayla/NGCP/Xsens_MTi_ROS_Driver_and_Ntrip_Client/src/ntrip'
[3.092s] INFO:colcon.colcon_core.shell:Skip shell extension 'powershell' for command environment: Not usable outside of PowerShell
[3.092s] DEBUG:colcon.colcon_core.shell:Skip shell extension 'dsv' for command environment
[3.117s] INFO:colcon.colcon_ros.task.ament_cmake.build:Building ROS package in '/home/kayla/NGCP/Xsens_MTi_ROS_Driver_and_Ntrip_Client/src/xsens_mti_ros2_driver' with build type 'ament_cmake'
[3.118s] INFO:colcon.colcon_cmake.task.cmake.build:Building CMake package in '/home/kayla/NGCP/Xsens_MTi_ROS_Driver_and_Ntrip_Client/src/xsens_mti_ros2_driver'
[3.120s] INFO:colcon.colcon_core.shell:Skip shell extension 'powershell' for command environment: Not usable outside of PowerShell
[3.120s] DEBUG:colcon.colcon_core.shell:Skip shell extension 'dsv' for command environment
[3.169s] DEBUG:colcon.colcon_core.event_handler.log_command:Invoking command in '/home/kayla/NGCP/build/ugv_msgs': CMAKE_PREFIX_PATH=${CMAKE_PREFIX_PATH}:/opt/ros/humble:/home/kayla/NGCP/install/ugv_control /usr/bin/cmake --build /home/kayla/NGCP/build/ugv_msgs -- -j4 -l4
[3.207s] DEBUG:colcon.colcon_core.event_handler.log_command:Invoking command in '/home/kayla/NGCP/build/ntrip': CMAKE_PREFIX_PATH=${CMAKE_PREFIX_PATH}:/opt/ros/humble:/home/kayla/NGCP/install/ugv_control /usr/bin/cmake --build /home/kayla/NGCP/build/ntrip -- -j4 -l4
[3.241s] DEBUG:colcon.colcon_core.event_handler.log_command:Invoking command in '/home/kayla/NGCP/build/xsens_mti_ros2_driver': CMAKE_PREFIX_PATH=${CMAKE_PREFIX_PATH}:/opt/ros/humble:/home/kayla/NGCP/install/ugv_control /usr/bin/cmake /home/kayla/NGCP/Xsens_MTi_ROS_Driver_and_Ntrip_Client/src/xsens_mti_ros2_driver -DCMAKE_INSTALL_PREFIX=/home/kayla/NGCP/install/xsens_mti_ros2_driver
[4.043s] DEBUG:colcon.colcon_core.event_handler.log_command:Invoked command in '/home/kayla/NGCP/build/ntrip' returned '0': CMAKE_PREFIX_PATH=${CMAKE_PREFIX_PATH}:/opt/ros/humble:/home/kayla/NGCP/install/ugv_control /usr/bin/cmake --build /home/kayla/NGCP/build/ntrip -- -j4 -l4
[4.094s] DEBUG:colcon.colcon_core.event_handler.log_command:Invoking command in '/home/kayla/NGCP/build/ntrip': CMAKE_PREFIX_PATH=${CMAKE_PREFIX_PATH}:/opt/ros/humble:/home/kayla/NGCP/install/ugv_control /usr/bin/cmake --install /home/kayla/NGCP/build/ntrip
[4.176s] Level 1:colcon.colcon_core.environment:create_environment_scripts_only(ntrip)
[4.227s] Level 1:colcon.colcon_core.environment:checking '/home/kayla/NGCP/install/ntrip' for CMake module files
[4.229s] DEBUG:colcon.colcon_core.event_handler.log_command:Invoked command in '/home/kayla/NGCP/build/ntrip' returned '0': CMAKE_PREFIX_PATH=${CMAKE_PREFIX_PATH}:/opt/ros/humble:/home/kayla/NGCP/install/ugv_control /usr/bin/cmake --install /home/kayla/NGCP/build/ntrip
[4.233s] Level 1:colcon.colcon_core.environment:checking '/home/kayla/NGCP/install/ntrip' for CMake config files
[4.235s] Level 1:colcon.colcon_core.shell:create_environment_hook('ntrip', 'cmake_prefix_path')
[4.237s] INFO:colcon.colcon_core.shell:Creating environment hook '/home/kayla/NGCP/install/ntrip/share/ntrip/hook/cmake_prefix_path.ps1'
[4.240s] INFO:colcon.colcon_core.shell:Creating environment descriptor '/home/kayla/NGCP/install/ntrip/share/ntrip/hook/cmake_prefix_path.dsv'
[4.243s] INFO:colcon.colcon_core.shell:Creating environment hook '/home/kayla/NGCP/install/ntrip/share/ntrip/hook/cmake_prefix_path.sh'
[4.247s] Level 1:colcon.colcon_core.environment:checking '/home/kayla/NGCP/install/ntrip/lib'
[4.248s] Level 1:colcon.colcon_core.environment:checking '/home/kayla/NGCP/install/ntrip/bin'
[4.249s] Level 1:colcon.colcon_core.environment:checking '/home/kayla/NGCP/install/ntrip/lib/pkgconfig/ntrip.pc'
[4.250s] Level 1:colcon.colcon_core.environment:checking '/home/kayla/NGCP/install/ntrip/lib/python3.10/site-packages'
[4.251s] Level 1:colcon.colcon_core.environment:checking '/home/kayla/NGCP/install/ntrip/bin'
[4.252s] INFO:colcon.colcon_core.shell:Creating package script '/home/kayla/NGCP/install/ntrip/share/ntrip/package.ps1'
[4.257s] INFO:colcon.colcon_core.shell:Creating package descriptor '/home/kayla/NGCP/install/ntrip/share/ntrip/package.dsv'
[4.260s] INFO:colcon.colcon_core.shell:Creating package script '/home/kayla/NGCP/install/ntrip/share/ntrip/package.sh'
[4.264s] INFO:colcon.colcon_core.shell:Creating package script '/home/kayla/NGCP/install/ntrip/share/ntrip/package.bash'
[4.268s] INFO:colcon.colcon_core.shell:Creating package script '/home/kayla/NGCP/install/ntrip/share/ntrip/package.zsh'
[4.272s] Level 1:colcon.colcon_core.environment:create_file_with_runtime_dependencies(/home/kayla/NGCP/install/ntrip/share/colcon-core/packages/ntrip)
[4.276s] Level 1:colcon.colcon_core.environment:create_environment_scripts_only(ntrip)
[4.277s] Level 1:colcon.colcon_core.environment:checking '/home/kayla/NGCP/install/ntrip' for CMake module files
[4.280s] Level 1:colcon.colcon_core.environment:checking '/home/kayla/NGCP/install/ntrip' for CMake config files
[4.282s] Level 1:colcon.colcon_core.shell:create_environment_hook('ntrip', 'cmake_prefix_path')
[4.284s] INFO:colcon.colcon_core.shell:Creating environment hook '/home/kayla/NGCP/install/ntrip/share/ntrip/hook/cmake_prefix_path.ps1'
[4.287s] INFO:colcon.colcon_core.shell:Creating environment descriptor '/home/kayla/NGCP/install/ntrip/share/ntrip/hook/cmake_prefix_path.dsv'
[4.290s] INFO:colcon.colcon_core.shell:Creating environment hook '/home/kayla/NGCP/install/ntrip/share/ntrip/hook/cmake_prefix_path.sh'
[4.295s] Level 1:colcon.colcon_core.environment:checking '/home/kayla/NGCP/install/ntrip/lib'
[4.295s] Level 1:colcon.colcon_core.environment:checking '/home/kayla/NGCP/install/ntrip/bin'
[4.296s] Level 1:colcon.colcon_core.environment:checking '/home/kayla/NGCP/install/ntrip/lib/pkgconfig/ntrip.pc'
[4.297s] Level 1:colcon.colcon_core.environment:checking '/home/kayla/NGCP/install/ntrip/lib/python3.10/site-packages'
[4.298s] Level 1:colcon.colcon_core.environment:checking '/home/kayla/NGCP/install/ntrip/bin'
[4.300s] INFO:colcon.colcon_core.shell:Creating package script '/home/kayla/NGCP/install/ntrip/share/ntrip/package.ps1'
[4.303s] INFO:colcon.colcon_core.shell:Creating package descriptor '/home/kayla/NGCP/install/ntrip/share/ntrip/package.dsv'
[4.305s] INFO:colcon.colcon_core.shell:Creating package script '/home/kayla/NGCP/install/ntrip/share/ntrip/package.sh'
[4.309s] INFO:colcon.colcon_core.shell:Creating package script '/home/kayla/NGCP/install/ntrip/share/ntrip/package.bash'
[4.313s] INFO:colcon.colcon_core.shell:Creating package script '/home/kayla/NGCP/install/ntrip/share/ntrip/package.zsh'
[4.316s] Level 1:colcon.colcon_core.environment:create_file_with_runtime_dependencies(/home/kayla/NGCP/install/ntrip/share/colcon-core/packages/ntrip)
[11.505s] DEBUG:colcon.colcon_core.event_handler.log_command:Invoked command in '/home/kayla/NGCP/build/ugv_msgs' returned '0': CMAKE_PREFIX_PATH=${CMAKE_PREFIX_PATH}:/opt/ros/humble:/home/kayla/NGCP/install/ugv_control /usr/bin/cmake --build /home/kayla/NGCP/build/ugv_msgs -- -j4 -l4
[11.517s] DEBUG:colcon.colcon_core.event_handler.log_command:Invoking command in '/home/kayla/NGCP/build/ugv_msgs': CMAKE_PREFIX_PATH=${CMAKE_PREFIX_PATH}:/opt/ros/humble:/home/kayla/NGCP/install/ugv_control /usr/bin/cmake --install /home/kayla/NGCP/build/ugv_msgs
[12.092s] Level 1:colcon.colcon_core.environment:create_environment_scripts_only(ugv_msgs)
[12.094s] Level 1:colcon.colcon_core.environment:checking '/home/kayla/NGCP/install/ugv_msgs' for CMake module files
[12.096s] DEBUG:colcon.colcon_core.event_handler.log_command:Invoked command in '/home/kayla/NGCP/build/ugv_msgs' returned '0': CMAKE_PREFIX_PATH=${CMAKE_PREFIX_PATH}:/opt/ros/humble:/home/kayla/NGCP/install/ugv_control /usr/bin/cmake --install /home/kayla/NGCP/build/ugv_msgs
[12.100s] Level 1:colcon.colcon_core.environment:checking '/home/kayla/NGCP/install/ugv_msgs' for CMake config files
[12.108s] Level 1:colcon.colcon_core.shell:create_environment_hook('ugv_msgs', 'cmake_prefix_path')
[12.109s] INFO:colcon.colcon_core.shell:Creating environment hook '/home/kayla/NGCP/install/ugv_msgs/share/ugv_msgs/hook/cmake_prefix_path.ps1'
[12.112s] INFO:colcon.colcon_core.shell:Creating environment descriptor '/home/kayla/NGCP/install/ugv_msgs/share/ugv_msgs/hook/cmake_prefix_path.dsv'
[12.114s] INFO:colcon.colcon_core.shell:Creating environment hook '/home/kayla/NGCP/install/ugv_msgs/share/ugv_msgs/hook/cmake_prefix_path.sh'
[12.118s] Level 1:colcon.colcon_core.environment:checking '/home/kayla/NGCP/install/ugv_msgs/lib'
[12.118s] Level 1:colcon.colcon_core.shell:create_environment_hook('ugv_msgs', 'ld_library_path_lib')
[12.120s] INFO:colcon.colcon_core.shell:Creating environment hook '/home/kayla/NGCP/install/ugv_msgs/share/ugv_msgs/hook/ld_library_path_lib.ps1'
[12.125s] INFO:colcon.colcon_core.shell:Creating environment descriptor '/home/kayla/NGCP/install/ugv_msgs/share/ugv_msgs/hook/ld_library_path_lib.dsv'
[12.129s] INFO:colcon.colcon_core.shell:Creating environment hook '/home/kayla/NGCP/install/ugv_msgs/share/ugv_msgs/hook/ld_library_path_lib.sh'
[12.135s] Level 1:colcon.colcon_core.environment:checking '/home/kayla/NGCP/install/ugv_msgs/bin'
[12.136s] Level 1:colcon.colcon_core.environment:checking '/home/kayla/NGCP/install/ugv_msgs/lib/pkgconfig/ugv_msgs.pc'
[12.138s] Level 1:colcon.colcon_core.environment:checking '/home/kayla/NGCP/install/ugv_msgs/lib/python3.10/site-packages'
[12.141s] Level 1:colcon.colcon_core.environment:checking '/home/kayla/NGCP/install/ugv_msgs/bin'
[12.143s] INFO:colcon.colcon_core.shell:Creating package script '/home/kayla/NGCP/install/ugv_msgs/share/ugv_msgs/package.ps1'
[12.148s] INFO:colcon.colcon_core.shell:Creating package descriptor '/home/kayla/NGCP/install/ugv_msgs/share/ugv_msgs/package.dsv'
[12.154s] INFO:colcon.colcon_core.shell:Creating package script '/home/kayla/NGCP/install/ugv_msgs/share/ugv_msgs/package.sh'
[12.158s] INFO:colcon.colcon_core.shell:Creating package script '/home/kayla/NGCP/install/ugv_msgs/share/ugv_msgs/package.bash'
[12.161s] INFO:colcon.colcon_core.shell:Creating package script '/home/kayla/NGCP/install/ugv_msgs/share/ugv_msgs/package.zsh'
[12.165s] Level 1:colcon.colcon_core.environment:create_file_with_runtime_dependencies(/home/kayla/NGCP/install/ugv_msgs/share/colcon-core/packages/ugv_msgs)
[12.171s] Level 1:colcon.colcon_core.environment:create_environment_scripts_only(ugv_msgs)
[12.173s] Level 1:colcon.colcon_core.environment:checking '/home/kayla/NGCP/install/ugv_msgs' for CMake module files
[12.178s] Level 1:colcon.colcon_core.environment:checking '/home/kayla/NGCP/install/ugv_msgs' for CMake config files
[12.186s] Level 1:colcon.colcon_core.shell:create_environment_hook('ugv_msgs', 'cmake_prefix_path')
[12.187s] INFO:colcon.colcon_core.shell:Creating environment hook '/home/kayla/NGCP/install/ugv_msgs/share/ugv_msgs/hook/cmake_prefix_path.ps1'
[12.189s] INFO:colcon.colcon_core.shell:Creating environment descriptor '/home/kayla/NGCP/install/ugv_msgs/share/ugv_msgs/hook/cmake_prefix_path.dsv'
[12.192s] INFO:colcon.colcon_core.shell:Creating environment hook '/home/kayla/NGCP/install/ugv_msgs/share/ugv_msgs/hook/cmake_prefix_path.sh'
[12.195s] Level 1:colcon.colcon_core.environment:checking '/home/kayla/NGCP/install/ugv_msgs/lib'
[12.196s] Level 1:colcon.colcon_core.shell:create_environment_hook('ugv_msgs', 'ld_library_path_lib')
[12.197s] INFO:colcon.colcon_core.shell:Creating environment hook '/home/kayla/NGCP/install/ugv_msgs/share/ugv_msgs/hook/ld_library_path_lib.ps1'
[12.199s] INFO:colcon.colcon_core.shell:Creating environment descriptor '/home/kayla/NGCP/install/ugv_msgs/share/ugv_msgs/hook/ld_library_path_lib.dsv'
[12.202s] INFO:colcon.colcon_core.shell:Creating environment hook '/home/kayla/NGCP/install/ugv_msgs/share/ugv_msgs/hook/ld_library_path_lib.sh'
[12.204s] Level 1:colcon.colcon_core.environment:checking '/home/kayla/NGCP/install/ugv_msgs/bin'
[12.204s] Level 1:colcon.colcon_core.environment:checking '/home/kayla/NGCP/install/ugv_msgs/lib/pkgconfig/ugv_msgs.pc'
[12.205s] Level 1:colcon.colcon_core.environment:checking '/home/kayla/NGCP/install/ugv_msgs/lib/python3.10/site-packages'
[12.206s] Level 1:colcon.colcon_core.environment:checking '/home/kayla/NGCP/install/ugv_msgs/bin'
[12.208s] INFO:colcon.colcon_core.shell:Creating package script '/home/kayla/NGCP/install/ugv_msgs/share/ugv_msgs/package.ps1'
[12.211s] INFO:colcon.colcon_core.shell:Creating package descriptor '/home/kayla/NGCP/install/ugv_msgs/share/ugv_msgs/package.dsv'
[12.214s] INFO:colcon.colcon_core.shell:Creating package script '/home/kayla/NGCP/install/ugv_msgs/share/ugv_msgs/package.sh'
[12.216s] INFO:colcon.colcon_core.shell:Creating package script '/home/kayla/NGCP/install/ugv_msgs/share/ugv_msgs/package.bash'
[12.219s] INFO:colcon.colcon_core.shell:Creating package script '/home/kayla/NGCP/install/ugv_msgs/share/ugv_msgs/package.zsh'
[12.221s] Level 1:colcon.colcon_core.environment:create_file_with_runtime_dependencies(/home/kayla/NGCP/install/ugv_msgs/share/colcon-core/packages/ugv_msgs)
[12.223s] INFO:colcon.colcon_ros.task.ament_python.build:Building ROS package in '/home/kayla/NGCP/src/ugv_control' with build type 'ament_python'
[12.223s] Level 1:colcon.colcon_core.shell:create_environment_hook('ugv_control', 'ament_prefix_path')
[12.225s] INFO:colcon.colcon_core.shell:Creating environment hook '/home/kayla/NGCP/install/ugv_control/share/ugv_control/hook/ament_prefix_path.ps1'
[12.229s] INFO:colcon.colcon_core.shell:Creating environment descriptor '/home/kayla/NGCP/install/ugv_control/share/ugv_control/hook/ament_prefix_path.dsv'
[12.232s] INFO:colcon.colcon_core.shell:Creating environment hook '/home/kayla/NGCP/install/ugv_control/share/ugv_control/hook/ament_prefix_path.sh'
[12.237s] INFO:colcon.colcon_core.shell:Skip shell extension 'powershell' for command environment: Not usable outside of PowerShell
[12.237s] DEBUG:colcon.colcon_core.shell:Skip shell extension 'dsv' for command environment
[13.936s] INFO:colcon.colcon_core.task.python.build:Building Python package in '/home/kayla/NGCP/src/ugv_control'
[13.937s] INFO:colcon.colcon_core.shell:Skip shell extension 'powershell' for command environment: Not usable outside of PowerShell
[13.938s] DEBUG:colcon.colcon_core.shell:Skip shell extension 'dsv' for command environment
[16.275s] DEBUG:colcon.colcon_core.event_handler.log_command:Invoking command in '/home/kayla/NGCP/build/ugv_control': LD_LIBRARY_PATH=/home/kayla/NGCP/install/ugv_msgs/lib:/opt/ros/humble/opt/rviz_ogre_vendor/lib:/opt/ros/humble/lib/aarch64-linux-gnu:/opt/ros/humble/lib PYTHONPATH=/home/kayla/NGCP/build/ugv_control/prefix_override:/usr/lib/python3/dist-packages/colcon_core/task/python/colcon_distutils_commands:/home/kayla/NGCP/install/ugv_control/lib/python3.10/site-packages:${PYTHONPATH} /usr/bin/python3 -W ignore:setup.py install is deprecated -W ignore:easy_install command is deprecated setup.py develop --uninstall --editable --build-directory /home/kayla/NGCP/build/ugv_control/build
[16.759s] DEBUG:colcon.colcon_core.event_handler.log_command:Invoked command in '/home/kayla/NGCP/build/xsens_mti_ros2_driver' returned '0': CMAKE_PREFIX_PATH=${CMAKE_PREFIX_PATH}:/opt/ros/humble:/home/kayla/NGCP/install/ugv_control /usr/bin/cmake /home/kayla/NGCP/Xsens_MTi_ROS_Driver_and_Ntrip_Client/src/xsens_mti_ros2_driver -DCMAKE_INSTALL_PREFIX=/home/kayla/NGCP/install/xsens_mti_ros2_driver
[16.772s] DEBUG:colcon.colcon_core.event_handler.log_command:Invoking command in '/home/kayla/NGCP/build/xsens_mti_ros2_driver': CMAKE_PREFIX_PATH=${CMAKE_PREFIX_PATH}:/opt/ros/humble:/home/kayla/NGCP/install/ugv_control /usr/bin/cmake --build /home/kayla/NGCP/build/xsens_mti_ros2_driver -- -j4 -l4
[20.911s] DEBUG:colcon.colcon_core.event_handler.log_command:Invoked command in '/home/kayla/NGCP/build/ugv_control' returned '0': LD_LIBRARY_PATH=/home/kayla/NGCP/install/ugv_msgs/lib:/opt/ros/humble/opt/rviz_ogre_vendor/lib:/opt/ros/humble/lib/aarch64-linux-gnu:/opt/ros/humble/lib PYTHONPATH=/home/kayla/NGCP/build/ugv_control/prefix_override:/usr/lib/python3/dist-packages/colcon_core/task/python/colcon_distutils_commands:/home/kayla/NGCP/install/ugv_control/lib/python3.10/site-packages:${PYTHONPATH} /usr/bin/python3 -W ignore:setup.py install is deprecated -W ignore:easy_install command is deprecated setup.py develop --uninstall --editable --build-directory /home/kayla/NGCP/build/ugv_control/build
[20.913s] DEBUG:colcon.colcon_core.event_handler.log_command:Invoking command in '/home/kayla/NGCP/src/ugv_control': LD_LIBRARY_PATH=/home/kayla/NGCP/install/ugv_msgs/lib:/opt/ros/humble/opt/rviz_ogre_vendor/lib:/opt/ros/humble/lib/aarch64-linux-gnu:/opt/ros/humble/lib PYTHONPATH=/home/kayla/NGCP/build/ugv_control/prefix_override:/usr/lib/python3/dist-packages/colcon_core/task/python/colcon_distutils_commands:/home/kayla/NGCP/install/ugv_control/lib/python3.10/site-packages:${PYTHONPATH} /usr/bin/python3 -W ignore:setup.py install is deprecated -W ignore:easy_install command is deprecated setup.py egg_info --egg-base ../../build/ugv_control build --build-base /home/kayla/NGCP/build/ugv_control/build install --record /home/kayla/NGCP/build/ugv_control/install.log --single-version-externally-managed install_data --force
[27.196s] Level 1:colcon.colcon_core.environment:checking '/home/kayla/NGCP/install/ugv_control' for CMake module files
[27.200s] DEBUG:colcon.colcon_core.event_handler.log_command:Invoked command in '/home/kayla/NGCP/src/ugv_control' returned '0': LD_LIBRARY_PATH=/home/kayla/NGCP/install/ugv_msgs/lib:/opt/ros/humble/opt/rviz_ogre_vendor/lib:/opt/ros/humble/lib/aarch64-linux-gnu:/opt/ros/humble/lib PYTHONPATH=/home/kayla/NGCP/build/ugv_control/prefix_override:/usr/lib/python3/dist-packages/colcon_core/task/python/colcon_distutils_commands:/home/kayla/NGCP/install/ugv_control/lib/python3.10/site-packages:${PYTHONPATH} /usr/bin/python3 -W ignore:setup.py install is deprecated -W ignore:easy_install command is deprecated setup.py egg_info --egg-base ../../build/ugv_control build --build-base /home/kayla/NGCP/build/ugv_control/build install --record /home/kayla/NGCP/build/ugv_control/install.log --single-version-externally-managed install_data --force
[27.204s] Level 1:colcon.colcon_core.environment:checking '/home/kayla/NGCP/install/ugv_control' for CMake config files
[27.211s] Level 1:colcon.colcon_core.environment:checking '/home/kayla/NGCP/install/ugv_control/lib'
[27.216s] Level 1:colcon.colcon_core.environment:checking '/home/kayla/NGCP/install/ugv_control/bin'
[27.218s] Level 1:colcon.colcon_core.environment:checking '/home/kayla/NGCP/install/ugv_control/lib/pkgconfig/ugv_control.pc'
[27.228s] Level 1:colcon.colcon_core.environment:checking '/home/kayla/NGCP/install/ugv_control/lib/python3.10/site-packages'
[27.231s] Level 1:colcon.colcon_core.shell:create_environment_hook('ugv_control', 'pythonpath')
[27.233s] INFO:colcon.colcon_core.shell:Creating environment hook '/home/kayla/NGCP/install/ugv_control/share/ugv_control/hook/pythonpath.ps1'
[27.244s] INFO:colcon.colcon_core.shell:Creating environment descriptor '/home/kayla/NGCP/install/ugv_control/share/ugv_control/hook/pythonpath.dsv'
[27.254s] INFO:colcon.colcon_core.shell:Creating environment hook '/home/kayla/NGCP/install/ugv_control/share/ugv_control/hook/pythonpath.sh'
[27.268s] Level 1:colcon.colcon_core.environment:checking '/home/kayla/NGCP/install/ugv_control/bin'
[27.269s] Level 1:colcon.colcon_core.environment:create_environment_scripts_only(ugv_control)
[27.272s] INFO:colcon.colcon_core.shell:Creating package script '/home/kayla/NGCP/install/ugv_control/share/ugv_control/package.ps1'
[27.279s] INFO:colcon.colcon_core.shell:Creating package descriptor '/home/kayla/NGCP/install/ugv_control/share/ugv_control/package.dsv'
[27.284s] INFO:colcon.colcon_core.shell:Creating package script '/home/kayla/NGCP/install/ugv_control/share/ugv_control/package.sh'
[27.288s] INFO:colcon.colcon_core.shell:Creating package script '/home/kayla/NGCP/install/ugv_control/share/ugv_control/package.bash'
[27.291s] INFO:colcon.colcon_core.shell:Creating package script '/home/kayla/NGCP/install/ugv_control/share/ugv_control/package.zsh'
[27.294s] Level 1:colcon.colcon_core.environment:create_file_with_runtime_dependencies(/home/kayla/NGCP/install/ugv_control/share/colcon-core/packages/ugv_control)
[314.225s] DEBUG:colcon.colcon_core.event_handler.log_command:Invoked command in '/home/kayla/NGCP/build/xsens_mti_ros2_driver' returned '0': CMAKE_PREFIX_PATH=${CMAKE_PREFIX_PATH}:/opt/ros/humble:/home/kayla/NGCP/install/ugv_control /usr/bin/cmake --build /home/kayla/NGCP/build/xsens_mti_ros2_driver -- -j4 -l4
[314.269s] DEBUG:colcon.colcon_core.event_handler.log_command:Invoking command in '/home/kayla/NGCP/build/xsens_mti_ros2_driver': CMAKE_PREFIX_PATH=${CMAKE_PREFIX_PATH}:/opt/ros/humble:/home/kayla/NGCP/install/ugv_control /usr/bin/cmake --install /home/kayla/NGCP/build/xsens_mti_ros2_driver
[315.373s] Level 1:colcon.colcon_core.environment:create_environment_scripts_only(xsens_mti_ros2_driver)
[315.383s] Level 1:colcon.colcon_core.environment:checking '/home/kayla/NGCP/install/xsens_mti_ros2_driver' for CMake module files
[315.384s] DEBUG:colcon.colcon_core.event_handler.log_command:Invoked command in '/home/kayla/NGCP/build/xsens_mti_ros2_driver' returned '0': CMAKE_PREFIX_PATH=${CMAKE_PREFIX_PATH}:/opt/ros/humble:/home/kayla/NGCP/install/ugv_control /usr/bin/cmake --install /home/kayla/NGCP/build/xsens_mti_ros2_driver
[315.390s] Level 1:colcon.colcon_core.environment:checking '/home/kayla/NGCP/install/xsens_mti_ros2_driver' for CMake config files
[315.397s] Level 1:colcon.colcon_core.shell:create_environment_hook('xsens_mti_ros2_driver', 'cmake_prefix_path')
[315.399s] INFO:colcon.colcon_core.shell:Creating environment hook '/home/kayla/NGCP/install/xsens_mti_ros2_driver/share/xsens_mti_ros2_driver/hook/cmake_prefix_path.ps1'
[315.410s] INFO:colcon.colcon_core.shell:Creating environment descriptor '/home/kayla/NGCP/install/xsens_mti_ros2_driver/share/xsens_mti_ros2_driver/hook/cmake_prefix_path.dsv'
[315.415s] INFO:colcon.colcon_core.shell:Creating environment hook '/home/kayla/NGCP/install/xsens_mti_ros2_driver/share/xsens_mti_ros2_driver/hook/cmake_prefix_path.sh'
[315.421s] Level 1:colcon.colcon_core.environment:checking '/home/kayla/NGCP/install/xsens_mti_ros2_driver/lib'
[315.422s] Level 1:colcon.colcon_core.shell:create_environment_hook('xsens_mti_ros2_driver', 'ld_library_path_lib')
[315.424s] INFO:colcon.colcon_core.shell:Creating environment hook '/home/kayla/NGCP/install/xsens_mti_ros2_driver/share/xsens_mti_ros2_driver/hook/ld_library_path_lib.ps1'
[315.426s] INFO:colcon.colcon_core.shell:Creating environment descriptor '/home/kayla/NGCP/install/xsens_mti_ros2_driver/share/xsens_mti_ros2_driver/hook/ld_library_path_lib.dsv'
[315.428s] INFO:colcon.colcon_core.shell:Creating environment hook '/home/kayla/NGCP/install/xsens_mti_ros2_driver/share/xsens_mti_ros2_driver/hook/ld_library_path_lib.sh'
[315.430s] Level 1:colcon.colcon_core.environment:checking '/home/kayla/NGCP/install/xsens_mti_ros2_driver/bin'
[315.430s] Level 1:colcon.colcon_core.environment:checking '/home/kayla/NGCP/install/xsens_mti_ros2_driver/lib/pkgconfig/xsens_mti_ros2_driver.pc'
[315.434s] Level 1:colcon.colcon_core.environment:checking '/home/kayla/NGCP/install/xsens_mti_ros2_driver/lib/python3.10/site-packages'
[315.435s] Level 1:colcon.colcon_core.environment:checking '/home/kayla/NGCP/install/xsens_mti_ros2_driver/bin'
[315.437s] INFO:colcon.colcon_core.shell:Creating package script '/home/kayla/NGCP/install/xsens_mti_ros2_driver/share/xsens_mti_ros2_driver/package.ps1'
[315.441s] INFO:colcon.colcon_core.shell:Creating package descriptor '/home/kayla/NGCP/install/xsens_mti_ros2_driver/share/xsens_mti_ros2_driver/package.dsv'
[315.444s] INFO:colcon.colcon_core.shell:Creating package script '/home/kayla/NGCP/install/xsens_mti_ros2_driver/share/xsens_mti_ros2_driver/package.sh'
[315.447s] INFO:colcon.colcon_core.shell:Creating package script '/home/kayla/NGCP/install/xsens_mti_ros2_driver/share/xsens_mti_ros2_driver/package.bash'
[315.454s] INFO:colcon.colcon_core.shell:Creating package script '/home/kayla/NGCP/install/xsens_mti_ros2_driver/share/xsens_mti_ros2_driver/package.zsh'
[315.461s] Level 1:colcon.colcon_core.environment:create_file_with_runtime_dependencies(/home/kayla/NGCP/install/xsens_mti_ros2_driver/share/colcon-core/packages/xsens_mti_ros2_driver)
[315.467s] Level 1:colcon.colcon_core.environment:create_environment_scripts_only(xsens_mti_ros2_driver)
[315.469s] Level 1:colcon.colcon_core.environment:checking '/home/kayla/NGCP/install/xsens_mti_ros2_driver' for CMake module files
[315.475s] Level 1:colcon.colcon_core.environment:checking '/home/kayla/NGCP/install/xsens_mti_ros2_driver' for CMake config files
[315.482s] Level 1:colcon.colcon_core.shell:create_environment_hook('xsens_mti_ros2_driver', 'cmake_prefix_path')
[315.483s] INFO:colcon.colcon_core.shell:Creating environment hook '/home/kayla/NGCP/install/xsens_mti_ros2_driver/share/xsens_mti_ros2_driver/hook/cmake_prefix_path.ps1'
[315.485s] INFO:colcon.colcon_core.shell:Creating environment descriptor '/home/kayla/NGCP/install/xsens_mti_ros2_driver/share/xsens_mti_ros2_driver/hook/cmake_prefix_path.dsv'
[315.487s] INFO:colcon.colcon_core.shell:Creating environment hook '/home/kayla/NGCP/install/xsens_mti_ros2_driver/share/xsens_mti_ros2_driver/hook/cmake_prefix_path.sh'
[315.491s] Level 1:colcon.colcon_core.environment:checking '/home/kayla/NGCP/install/xsens_mti_ros2_driver/lib'
[315.491s] Level 1:colcon.colcon_core.shell:create_environment_hook('xsens_mti_ros2_driver', 'ld_library_path_lib')
[315.492s] INFO:colcon.colcon_core.shell:Creating environment hook '/home/kayla/NGCP/install/xsens_mti_ros2_driver/share/xsens_mti_ros2_driver/hook/ld_library_path_lib.ps1'
[315.494s] INFO:colcon.colcon_core.shell:Creating environment descriptor '/home/kayla/NGCP/install/xsens_mti_ros2_driver/share/xsens_mti_ros2_driver/hook/ld_library_path_lib.dsv'
[315.496s] INFO:colcon.colcon_core.shell:Creating environment hook '/home/kayla/NGCP/install/xsens_mti_ros2_driver/share/xsens_mti_ros2_driver/hook/ld_library_path_lib.sh'
[315.498s] Level 1:colcon.colcon_core.environment:checking '/home/kayla/NGCP/install/xsens_mti_ros2_driver/bin'
[315.499s] Level 1:colcon.colcon_core.environment:checking '/home/kayla/NGCP/install/xsens_mti_ros2_driver/lib/pkgconfig/xsens_mti_ros2_driver.pc'
[315.500s] Level 1:colcon.colcon_core.environment:checking '/home/kayla/NGCP/install/xsens_mti_ros2_driver/lib/python3.10/site-packages'
[315.501s] Level 1:colcon.colcon_core.environment:checking '/home/kayla/NGCP/install/xsens_mti_ros2_driver/bin'
[315.502s] INFO:colcon.colcon_core.shell:Creating package script '/home/kayla/NGCP/install/xsens_mti_ros2_driver/share/xsens_mti_ros2_driver/package.ps1'
[315.504s] INFO:colcon.colcon_core.shell:Creating package descriptor '/home/kayla/NGCP/install/xsens_mti_ros2_driver/share/xsens_mti_ros2_driver/package.dsv'
[315.507s] INFO:colcon.colcon_core.shell:Creating package script '/home/kayla/NGCP/install/xsens_mti_ros2_driver/share/xsens_mti_ros2_driver/package.sh'
[315.510s] INFO:colcon.colcon_core.shell:Creating package script '/home/kayla/NGCP/install/xsens_mti_ros2_driver/share/xsens_mti_ros2_driver/package.bash'
[315.512s] INFO:colcon.colcon_core.shell:Creating package script '/home/kayla/NGCP/install/xsens_mti_ros2_driver/share/xsens_mti_ros2_driver/package.zsh'
[315.514s] Level 1:colcon.colcon_core.environment:create_file_with_runtime_dependencies(/home/kayla/NGCP/install/xsens_mti_ros2_driver/share/colcon-core/packages/xsens_mti_ros2_driver)
[315.516s] DEBUG:colcon.colcon_parallel_executor.executor.parallel:closing loop
[315.521s] DEBUG:colcon.colcon_parallel_executor.executor.parallel:loop closed
[315.521s] DEBUG:colcon.colcon_parallel_executor.executor.parallel:run_until_complete finished with '0'
[315.522s] DEBUG:colcon.colcon_core.event_reactor:joining thread
[315.649s] INFO:colcon.colcon_core.plugin_system:Skipping extension 'colcon_notification.desktop_notification.terminal_notifier': Not used on non-Darwin systems
[315.649s] INFO:colcon.colcon_core.plugin_system:Skipping extension 'colcon_notification.desktop_notification.win32': Not used on non-Windows systems
[315.661s] INFO:colcon.colcon_notification.desktop_notification:Sending desktop notification using 'notify2'
[315.909s] DEBUG:colcon.colcon_core.event_reactor:joined thread
[315.913s] INFO:colcon.colcon_core.shell:Creating prefix script '/home/kayla/NGCP/install/local_setup.ps1'
[315.922s] INFO:colcon.colcon_core.shell:Creating prefix util module '/home/kayla/NGCP/install/_local_setup_util_ps1.py'
[315.933s] INFO:colcon.colcon_core.shell:Creating prefix chain script '/home/kayla/NGCP/install/setup.ps1'
[315.947s] INFO:colcon.colcon_core.shell:Creating prefix script '/home/kayla/NGCP/install/local_setup.sh'
[315.954s] INFO:colcon.colcon_core.shell:Creating prefix util module '/home/kayla/NGCP/install/_local_setup_util_sh.py'
[315.959s] INFO:colcon.colcon_core.shell:Creating prefix chain script '/home/kayla/NGCP/install/setup.sh'
[315.968s] INFO:colcon.colcon_core.shell:Creating prefix script '/home/kayla/NGCP/install/local_setup.bash'
[315.975s] INFO:colcon.colcon_core.shell:Creating prefix chain script '/home/kayla/NGCP/install/setup.bash'
[315.987s] INFO:colcon.colcon_core.shell:Creating prefix script '/home/kayla/NGCP/install/local_setup.zsh'
[315.992s] INFO:colcon.colcon_core.shell:Creating prefix chain script '/home/kayla/NGCP/install/setup.zsh'
