[1.041s] DEBUG:colcon:Command line arguments: ['/usr/bin/colcon', 'build', '--packages-select', 'ntrip']
[1.041s] DEBUG:colcon:Parsed command line arguments: Namespace(log_base=None, log_level=None, verb_name='build', build_base='build', install_base='install', merge_install=False, symlink_install=False, test_result_base=None, continue_on_error=False, executor='parallel', parallel_workers=4, event_handlers=None, ignore_user_meta=False, metas=['./colcon.meta'], base_paths=['.'], packages_ignore=None, packages_ignore_regex=None, paths=None, packages_up_to=None, packages_up_to_regex=None, packages_above=None, packages_above_and_dependencies=None, packages_above_depth=None, packages_select_by_dep=None, packages_skip_by_dep=None, packages_skip_up_to=None, packages_select_build_failed=False, packages_skip_build_finished=False, packages_select_test_failures=False, packages_skip_test_passed=False, packages_select=['ntrip'], packages_skip=None, packages_select_regex=None, packages_skip_regex=None, packages_start=None, packages_end=None, allow_overriding=[], cmake_args=None, cmake_target=None, cmake_target_skip_unavailable=False, cmake_clean_cache=False, cmake_clean_first=False, cmake_force_configure=False, ament_cmake_args=None, catkin_cmake_args=None, catkin_skip_building_tests=False, mixin_files=None, mixin=None, verb_parser=<colcon_mixin.mixin.mixin_argument.MixinArgumentDecorator object at 0xffff94ca50c0>, verb_extension=<colcon_core.verb.build.BuildVerb object at 0xffff94dc5fc0>, main=<bound method BuildVerb.main of <colcon_core.verb.build.BuildVerb object at 0xffff94dc5fc0>>, mixin_verb=('build',))
[2.074s] Level 1:colcon.colcon_core.package_discovery:discover_packages(colcon_meta) check parameters
[2.075s] Level 1:colcon.colcon_core.package_discovery:discover_packages(recursive) check parameters
[2.075s] Level 1:colcon.colcon_core.package_discovery:discover_packages(ignore) check parameters
[2.075s] Level 1:colcon.colcon_core.package_discovery:discover_packages(path) check parameters
[2.075s] Level 1:colcon.colcon_core.package_discovery:discover_packages(colcon_meta) discover
[2.076s] Level 1:colcon.colcon_core.package_discovery:discover_packages(recursive) discover
[2.076s] INFO:colcon.colcon_core.package_discovery:Crawling recursively for packages in '/home/kayla/NGCP'
[2.076s] Level 1:colcon.colcon_core.package_identification:_identify(.) by extensions ['ignore', 'ignore_ament_install']
[2.077s] Level 1:colcon.colcon_core.package_identification:_identify(.) by extension 'ignore'
[2.077s] Level 1:colcon.colcon_core.package_identification:_identify(.) by extension 'ignore_ament_install'
[2.077s] Level 1:colcon.colcon_core.package_identification:_identify(.) by extensions ['colcon_pkg']
[2.077s] Level 1:colcon.colcon_core.package_identification:_identify(.) by extension 'colcon_pkg'
[2.078s] Level 1:colcon.colcon_core.package_identification:_identify(.) by extensions ['colcon_meta']
[2.078s] Level 1:colcon.colcon_core.package_identification:_identify(.) by extension 'colcon_meta'
[2.078s] Level 1:colcon.colcon_core.package_identification:_identify(.) by extensions ['ros']
[2.078s] Level 1:colcon.colcon_core.package_identification:_identify(.) by extension 'ros'
[2.154s] Level 1:colcon.colcon_core.package_identification:_identify(.) by extensions ['cmake', 'python']
[2.154s] Level 1:colcon.colcon_core.package_identification:_identify(.) by extension 'cmake'
[2.154s] Level 1:colcon.colcon_core.package_identification:_identify(.) by extension 'python'
[2.154s] Level 1:colcon.colcon_core.package_identification:_identify(.) by extensions ['python_setup_py']
[2.154s] Level 1:colcon.colcon_core.package_identification:_identify(.) by extension 'python_setup_py'
[2.155s] Level 1:colcon.colcon_core.package_identification:_identify(Xsens_MTi_ROS_Driver_and_Ntrip_Client) by extensions ['ignore', 'ignore_ament_install']
[2.155s] Level 1:colcon.colcon_core.package_identification:_identify(Xsens_MTi_ROS_Driver_and_Ntrip_Client) by extension 'ignore'
[2.156s] Level 1:colcon.colcon_core.package_identification:_identify(Xsens_MTi_ROS_Driver_and_Ntrip_Client) by extension 'ignore_ament_install'
[2.156s] Level 1:colcon.colcon_core.package_identification:_identify(Xsens_MTi_ROS_Driver_and_Ntrip_Client) by extensions ['colcon_pkg']
[2.156s] Level 1:colcon.colcon_core.package_identification:_identify(Xsens_MTi_ROS_Driver_and_Ntrip_Client) by extension 'colcon_pkg'
[2.156s] Level 1:colcon.colcon_core.package_identification:_identify(Xsens_MTi_ROS_Driver_and_Ntrip_Client) by extensions ['colcon_meta']
[2.156s] Level 1:colcon.colcon_core.package_identification:_identify(Xsens_MTi_ROS_Driver_and_Ntrip_Client) by extension 'colcon_meta'
[2.157s] Level 1:colcon.colcon_core.package_identification:_identify(Xsens_MTi_ROS_Driver_and_Ntrip_Client) by extensions ['ros']
[2.157s] Level 1:colcon.colcon_core.package_identification:_identify(Xsens_MTi_ROS_Driver_and_Ntrip_Client) by extension 'ros'
[2.157s] Level 1:colcon.colcon_core.package_identification:_identify(Xsens_MTi_ROS_Driver_and_Ntrip_Client) by extensions ['cmake', 'python']
[2.157s] Level 1:colcon.colcon_core.package_identification:_identify(Xsens_MTi_ROS_Driver_and_Ntrip_Client) by extension 'cmake'
[2.157s] Level 1:colcon.colcon_core.package_identification:_identify(Xsens_MTi_ROS_Driver_and_Ntrip_Client) by extension 'python'
[2.158s] Level 1:colcon.colcon_core.package_identification:_identify(Xsens_MTi_ROS_Driver_and_Ntrip_Client) by extensions ['python_setup_py']
[2.158s] Level 1:colcon.colcon_core.package_identification:_identify(Xsens_MTi_ROS_Driver_and_Ntrip_Client) by extension 'python_setup_py'
[2.158s] Level 1:colcon.colcon_core.package_identification:_identify(Xsens_MTi_ROS_Driver_and_Ntrip_Client/src) by extensions ['ignore', 'ignore_ament_install']
[2.159s] Level 1:colcon.colcon_core.package_identification:_identify(Xsens_MTi_ROS_Driver_and_Ntrip_Client/src) by extension 'ignore'
[2.159s] Level 1:colcon.colcon_core.package_identification:_identify(Xsens_MTi_ROS_Driver_and_Ntrip_Client/src) by extension 'ignore_ament_install'
[2.159s] Level 1:colcon.colcon_core.package_identification:_identify(Xsens_MTi_ROS_Driver_and_Ntrip_Client/src) by extensions ['colcon_pkg']
[2.159s] Level 1:colcon.colcon_core.package_identification:_identify(Xsens_MTi_ROS_Driver_and_Ntrip_Client/src) by extension 'colcon_pkg'
[2.159s] Level 1:colcon.colcon_core.package_identification:_identify(Xsens_MTi_ROS_Driver_and_Ntrip_Client/src) by extensions ['colcon_meta']
[2.159s] Level 1:colcon.colcon_core.package_identification:_identify(Xsens_MTi_ROS_Driver_and_Ntrip_Client/src) by extension 'colcon_meta'
[2.160s] Level 1:colcon.colcon_core.package_identification:_identify(Xsens_MTi_ROS_Driver_and_Ntrip_Client/src) by extensions ['ros']
[2.160s] Level 1:colcon.colcon_core.package_identification:_identify(Xsens_MTi_ROS_Driver_and_Ntrip_Client/src) by extension 'ros'
[2.160s] Level 1:colcon.colcon_core.package_identification:_identify(Xsens_MTi_ROS_Driver_and_Ntrip_Client/src) by extensions ['cmake', 'python']
[2.160s] Level 1:colcon.colcon_core.package_identification:_identify(Xsens_MTi_ROS_Driver_and_Ntrip_Client/src) by extension 'cmake'
[2.161s] Level 1:colcon.colcon_core.package_identification:_identify(Xsens_MTi_ROS_Driver_and_Ntrip_Client/src) by extension 'python'
[2.161s] Level 1:colcon.colcon_core.package_identification:_identify(Xsens_MTi_ROS_Driver_and_Ntrip_Client/src) by extensions ['python_setup_py']
[2.161s] Level 1:colcon.colcon_core.package_identification:_identify(Xsens_MTi_ROS_Driver_and_Ntrip_Client/src) by extension 'python_setup_py'
[2.161s] Level 1:colcon.colcon_core.package_identification:_identify(Xsens_MTi_ROS_Driver_and_Ntrip_Client/src/ntrip) by extensions ['ignore', 'ignore_ament_install']
[2.162s] Level 1:colcon.colcon_core.package_identification:_identify(Xsens_MTi_ROS_Driver_and_Ntrip_Client/src/ntrip) by extension 'ignore'
[2.162s] Level 1:colcon.colcon_core.package_identification:_identify(Xsens_MTi_ROS_Driver_and_Ntrip_Client/src/ntrip) by extension 'ignore_ament_install'
[2.162s] Level 1:colcon.colcon_core.package_identification:_identify(Xsens_MTi_ROS_Driver_and_Ntrip_Client/src/ntrip) by extensions ['colcon_pkg']
[2.162s] Level 1:colcon.colcon_core.package_identification:_identify(Xsens_MTi_ROS_Driver_and_Ntrip_Client/src/ntrip) by extension 'colcon_pkg'
[2.163s] Level 1:colcon.colcon_core.package_identification:_identify(Xsens_MTi_ROS_Driver_and_Ntrip_Client/src/ntrip) by extensions ['colcon_meta']
[2.163s] Level 1:colcon.colcon_core.package_identification:_identify(Xsens_MTi_ROS_Driver_and_Ntrip_Client/src/ntrip) by extension 'colcon_meta'
[2.163s] Level 1:colcon.colcon_core.package_identification:_identify(Xsens_MTi_ROS_Driver_and_Ntrip_Client/src/ntrip) by extensions ['ros']
[2.163s] Level 1:colcon.colcon_core.package_identification:_identify(Xsens_MTi_ROS_Driver_and_Ntrip_Client/src/ntrip) by extension 'ros'
[2.177s] DEBUG:colcon.colcon_core.package_identification:Package 'Xsens_MTi_ROS_Driver_and_Ntrip_Client/src/ntrip' with type 'ros.ament_cmake' and name 'ntrip'
[2.178s] Level 1:colcon.colcon_core.package_identification:_identify(Xsens_MTi_ROS_Driver_and_Ntrip_Client/src/xsens_mti_ros2_driver) by extensions ['ignore', 'ignore_ament_install']
[2.179s] Level 1:colcon.colcon_core.package_identification:_identify(Xsens_MTi_ROS_Driver_and_Ntrip_Client/src/xsens_mti_ros2_driver) by extension 'ignore'
[2.179s] Level 1:colcon.colcon_core.package_identification:_identify(Xsens_MTi_ROS_Driver_and_Ntrip_Client/src/xsens_mti_ros2_driver) by extension 'ignore_ament_install'
[2.179s] Level 1:colcon.colcon_core.package_identification:_identify(Xsens_MTi_ROS_Driver_and_Ntrip_Client/src/xsens_mti_ros2_driver) by extensions ['colcon_pkg']
[2.179s] Level 1:colcon.colcon_core.package_identification:_identify(Xsens_MTi_ROS_Driver_and_Ntrip_Client/src/xsens_mti_ros2_driver) by extension 'colcon_pkg'
[2.180s] Level 1:colcon.colcon_core.package_identification:_identify(Xsens_MTi_ROS_Driver_and_Ntrip_Client/src/xsens_mti_ros2_driver) by extensions ['colcon_meta']
[2.180s] Level 1:colcon.colcon_core.package_identification:_identify(Xsens_MTi_ROS_Driver_and_Ntrip_Client/src/xsens_mti_ros2_driver) by extension 'colcon_meta'
[2.180s] Level 1:colcon.colcon_core.package_identification:_identify(Xsens_MTi_ROS_Driver_and_Ntrip_Client/src/xsens_mti_ros2_driver) by extensions ['ros']
[2.180s] Level 1:colcon.colcon_core.package_identification:_identify(Xsens_MTi_ROS_Driver_and_Ntrip_Client/src/xsens_mti_ros2_driver) by extension 'ros'
[2.193s] DEBUG:colcon.colcon_core.package_identification:Package 'Xsens_MTi_ROS_Driver_and_Ntrip_Client/src/xsens_mti_ros2_driver' with type 'ros.ament_cmake' and name 'xsens_mti_ros2_driver'
[2.194s] Level 1:colcon.colcon_core.package_identification:_identify(build) by extensions ['ignore', 'ignore_ament_install']
[2.194s] Level 1:colcon.colcon_core.package_identification:_identify(build) by extension 'ignore'
[2.194s] Level 1:colcon.colcon_core.package_identification:_identify(build) ignored
[2.195s] Level 1:colcon.colcon_core.package_identification:_identify(install) by extensions ['ignore', 'ignore_ament_install']
[2.195s] Level 1:colcon.colcon_core.package_identification:_identify(install) by extension 'ignore'
[2.196s] Level 1:colcon.colcon_core.package_identification:_identify(install) ignored
[2.196s] Level 1:colcon.colcon_core.package_identification:_identify(log) by extensions ['ignore', 'ignore_ament_install']
[2.197s] Level 1:colcon.colcon_core.package_identification:_identify(log) by extension 'ignore'
[2.197s] Level 1:colcon.colcon_core.package_identification:_identify(log) ignored
[2.197s] Level 1:colcon.colcon_core.package_identification:_identify(src) by extensions ['ignore', 'ignore_ament_install']
[2.198s] Level 1:colcon.colcon_core.package_identification:_identify(src) by extension 'ignore'
[2.198s] Level 1:colcon.colcon_core.package_identification:_identify(src) by extension 'ignore_ament_install'
[2.198s] Level 1:colcon.colcon_core.package_identification:_identify(src) by extensions ['colcon_pkg']
[2.198s] Level 1:colcon.colcon_core.package_identification:_identify(src) by extension 'colcon_pkg'
[2.198s] Level 1:colcon.colcon_core.package_identification:_identify(src) by extensions ['colcon_meta']
[2.199s] Level 1:colcon.colcon_core.package_identification:_identify(src) by extension 'colcon_meta'
[2.199s] Level 1:colcon.colcon_core.package_identification:_identify(src) by extensions ['ros']
[2.199s] Level 1:colcon.colcon_core.package_identification:_identify(src) by extension 'ros'
[2.199s] Level 1:colcon.colcon_core.package_identification:_identify(src) by extensions ['cmake', 'python']
[2.199s] Level 1:colcon.colcon_core.package_identification:_identify(src) by extension 'cmake'
[2.200s] Level 1:colcon.colcon_core.package_identification:_identify(src) by extension 'python'
[2.200s] Level 1:colcon.colcon_core.package_identification:_identify(src) by extensions ['python_setup_py']
[2.200s] Level 1:colcon.colcon_core.package_identification:_identify(src) by extension 'python_setup_py'
[2.201s] Level 1:colcon.colcon_core.package_identification:_identify(src/ugv_control) by extensions ['ignore', 'ignore_ament_install']
[2.201s] Level 1:colcon.colcon_core.package_identification:_identify(src/ugv_control) by extension 'ignore'
[2.201s] Level 1:colcon.colcon_core.package_identification:_identify(src/ugv_control) by extension 'ignore_ament_install'
[2.202s] Level 1:colcon.colcon_core.package_identification:_identify(src/ugv_control) by extensions ['colcon_pkg']
[2.202s] Level 1:colcon.colcon_core.package_identification:_identify(src/ugv_control) by extension 'colcon_pkg'
[2.202s] Level 1:colcon.colcon_core.package_identification:_identify(src/ugv_control) by extensions ['colcon_meta']
[2.202s] Level 1:colcon.colcon_core.package_identification:_identify(src/ugv_control) by extension 'colcon_meta'
[2.202s] Level 1:colcon.colcon_core.package_identification:_identify(src/ugv_control) by extensions ['ros']
[2.202s] Level 1:colcon.colcon_core.package_identification:_identify(src/ugv_control) by extension 'ros'
[2.206s] DEBUG:colcon.colcon_core.package_identification:Package 'src/ugv_control' with type 'ros.ament_python' and name 'ugv_control'
[2.207s] Level 1:colcon.colcon_core.package_identification:_identify(src/ugv_msgs) by extensions ['ignore', 'ignore_ament_install']
[2.207s] Level 1:colcon.colcon_core.package_identification:_identify(src/ugv_msgs) by extension 'ignore'
[2.207s] Level 1:colcon.colcon_core.package_identification:_identify(src/ugv_msgs) by extension 'ignore_ament_install'
[2.208s] Level 1:colcon.colcon_core.package_identification:_identify(src/ugv_msgs) by extensions ['colcon_pkg']
[2.208s] Level 1:colcon.colcon_core.package_identification:_identify(src/ugv_msgs) by extension 'colcon_pkg'
[2.208s] Level 1:colcon.colcon_core.package_identification:_identify(src/ugv_msgs) by extensions ['colcon_meta']
[2.208s] Level 1:colcon.colcon_core.package_identification:_identify(src/ugv_msgs) by extension 'colcon_meta'
[2.208s] Level 1:colcon.colcon_core.package_identification:_identify(src/ugv_msgs) by extensions ['ros']
[2.208s] Level 1:colcon.colcon_core.package_identification:_identify(src/ugv_msgs) by extension 'ros'
[2.212s] DEBUG:colcon.colcon_core.package_identification:Package 'src/ugv_msgs' with type 'ros.ament_cmake' and name 'ugv_msgs'
[2.212s] Level 1:colcon.colcon_core.package_discovery:discover_packages(recursive) using defaults
[2.212s] Level 1:colcon.colcon_core.package_discovery:discover_packages(ignore) discover
[2.212s] Level 1:colcon.colcon_core.package_discovery:discover_packages(ignore) using defaults
[2.212s] Level 1:colcon.colcon_core.package_discovery:discover_packages(path) discover
[2.212s] Level 1:colcon.colcon_core.package_discovery:discover_packages(path) using defaults
[2.350s] INFO:colcon.colcon_core.package_selection:Skipping not selected package 'ugv_msgs' in 'src/ugv_msgs'
[2.350s] INFO:colcon.colcon_core.package_selection:Skipping not selected package 'xsens_mti_ros2_driver' in 'Xsens_MTi_ROS_Driver_and_Ntrip_Client/src/xsens_mti_ros2_driver'
[2.350s] INFO:colcon.colcon_core.package_selection:Skipping not selected package 'ugv_control' in 'src/ugv_control'
[2.353s] Level 1:colcon.colcon_core.package_discovery:discover_packages(prefix_path) check parameters
[2.353s] Level 1:colcon.colcon_core.package_discovery:discover_packages(prefix_path) discover
[2.361s] Level 1:colcon.colcon_core.package_discovery:discover_packages(prefix_path) using defaults
[2.369s] Level 5:colcon.colcon_core.verb:set package 'ntrip' build argument 'cmake_args' from command line to 'None'
[2.369s] Level 5:colcon.colcon_core.verb:set package 'ntrip' build argument 'cmake_target' from command line to 'None'
[2.369s] Level 5:colcon.colcon_core.verb:set package 'ntrip' build argument 'cmake_target_skip_unavailable' from command line to 'False'
[2.369s] Level 5:colcon.colcon_core.verb:set package 'ntrip' build argument 'cmake_clean_cache' from command line to 'False'
[2.370s] Level 5:colcon.colcon_core.verb:set package 'ntrip' build argument 'cmake_clean_first' from command line to 'False'
[2.370s] Level 5:colcon.colcon_core.verb:set package 'ntrip' build argument 'cmake_force_configure' from command line to 'False'
[2.370s] Level 5:colcon.colcon_core.verb:set package 'ntrip' build argument 'ament_cmake_args' from command line to 'None'
[2.370s] Level 5:colcon.colcon_core.verb:set package 'ntrip' build argument 'catkin_cmake_args' from command line to 'None'
[2.370s] Level 5:colcon.colcon_core.verb:set package 'ntrip' build argument 'catkin_skip_building_tests' from command line to 'False'
[2.370s] DEBUG:colcon.colcon_core.verb:Building package 'ntrip' with the following arguments: {'ament_cmake_args': None, 'build_base': '/home/kayla/NGCP/build/ntrip', 'catkin_cmake_args': None, 'catkin_skip_building_tests': False, 'cmake_args': None, 'cmake_clean_cache': False, 'cmake_clean_first': False, 'cmake_force_configure': False, 'cmake_target': None, 'cmake_target_skip_unavailable': False, 'install_base': '/home/kayla/NGCP/install/ntrip', 'merge_install': False, 'path': '/home/kayla/NGCP/Xsens_MTi_ROS_Driver_and_Ntrip_Client/src/ntrip', 'symlink_install': False, 'test_result_base': None}
[2.371s] INFO:colcon.colcon_core.executor:Executing jobs using 'parallel' executor
[2.375s] DEBUG:colcon.colcon_parallel_executor.executor.parallel:run_until_complete
[2.375s] INFO:colcon.colcon_ros.task.ament_cmake.build:Building ROS package in '/home/kayla/NGCP/Xsens_MTi_ROS_Driver_and_Ntrip_Client/src/ntrip' with build type 'ament_cmake'
[2.376s] INFO:colcon.colcon_cmake.task.cmake.build:Building CMake package in '/home/kayla/NGCP/Xsens_MTi_ROS_Driver_and_Ntrip_Client/src/ntrip'
[2.401s] INFO:colcon.colcon_core.plugin_system:Skipping extension 'colcon_core.shell.bat': Not used on non-Windows systems
[2.402s] INFO:colcon.colcon_core.shell:Skip shell extension 'powershell' for command environment: Not usable outside of PowerShell
[2.402s] DEBUG:colcon.colcon_core.shell:Skip shell extension 'dsv' for command environment
[2.433s] DEBUG:colcon.colcon_core.event_handler.log_command:Invoking command in '/home/kayla/NGCP/build/ntrip': /usr/bin/cmake /home/kayla/NGCP/Xsens_MTi_ROS_Driver_and_Ntrip_Client/src/ntrip -DCMAKE_INSTALL_PREFIX=/home/kayla/NGCP/install/ntrip
[5.323s] DEBUG:colcon.colcon_core.event_handler.log_command:Invoked command in '/home/kayla/NGCP/build/ntrip' returned '1': /usr/bin/cmake /home/kayla/NGCP/Xsens_MTi_ROS_Driver_and_Ntrip_Client/src/ntrip -DCMAKE_INSTALL_PREFIX=/home/kayla/NGCP/install/ntrip
[5.368s] Level 1:colcon.colcon_core.environment:create_environment_scripts_only(ntrip)
[5.396s] Level 1:colcon.colcon_core.environment:checking '/home/kayla/NGCP/install/ntrip' for CMake module files
[5.398s] Level 1:colcon.colcon_core.environment:checking '/home/kayla/NGCP/install/ntrip' for CMake config files
[5.400s] Level 1:colcon.colcon_core.environment:checking '/home/kayla/NGCP/install/ntrip/bin'
[5.400s] Level 1:colcon.colcon_core.environment:checking '/home/kayla/NGCP/install/ntrip/lib/pkgconfig/ntrip.pc'
[5.410s] Level 1:colcon.colcon_core.environment:checking '/home/kayla/NGCP/install/ntrip/lib/python3.10/site-packages'
[5.411s] Level 1:colcon.colcon_core.environment:checking '/home/kayla/NGCP/install/ntrip/bin'
[5.412s] INFO:colcon.colcon_core.shell:Creating package script '/home/kayla/NGCP/install/ntrip/share/ntrip/package.ps1'
[5.417s] INFO:colcon.colcon_core.shell:Creating package descriptor '/home/kayla/NGCP/install/ntrip/share/ntrip/package.dsv'
[5.420s] INFO:colcon.colcon_core.shell:Creating package script '/home/kayla/NGCP/install/ntrip/share/ntrip/package.sh'
[5.423s] INFO:colcon.colcon_core.shell:Creating package script '/home/kayla/NGCP/install/ntrip/share/ntrip/package.bash'
[5.428s] INFO:colcon.colcon_core.shell:Creating package script '/home/kayla/NGCP/install/ntrip/share/ntrip/package.zsh'
[5.434s] Level 1:colcon.colcon_core.environment:create_file_with_runtime_dependencies(/home/kayla/NGCP/install/ntrip/share/colcon-core/packages/ntrip)
[5.447s] DEBUG:colcon.colcon_parallel_executor.executor.parallel:closing loop
[5.448s] DEBUG:colcon.colcon_parallel_executor.executor.parallel:loop closed
[5.449s] DEBUG:colcon.colcon_parallel_executor.executor.parallel:run_until_complete finished with '1'
[5.449s] DEBUG:colcon.colcon_core.event_reactor:joining thread
[5.486s] INFO:colcon.colcon_core.plugin_system:Skipping extension 'colcon_notification.desktop_notification.terminal_notifier': Not used on non-Darwin systems
[5.487s] INFO:colcon.colcon_core.plugin_system:Skipping extension 'colcon_notification.desktop_notification.win32': Not used on non-Windows systems
[5.487s] INFO:colcon.colcon_notification.desktop_notification:Sending desktop notification using 'notify2'
[5.561s] DEBUG:colcon.colcon_core.event_reactor:joined thread
[5.563s] INFO:colcon.colcon_core.shell:Creating prefix script '/home/kayla/NGCP/install/local_setup.ps1'
[5.571s] INFO:colcon.colcon_core.shell:Creating prefix util module '/home/kayla/NGCP/install/_local_setup_util_ps1.py'
[5.580s] INFO:colcon.colcon_core.shell:Creating prefix chain script '/home/kayla/NGCP/install/setup.ps1'
[5.593s] INFO:colcon.colcon_core.shell:Creating prefix script '/home/kayla/NGCP/install/local_setup.sh'
[5.599s] INFO:colcon.colcon_core.shell:Creating prefix util module '/home/kayla/NGCP/install/_local_setup_util_sh.py'
[5.604s] INFO:colcon.colcon_core.shell:Creating prefix chain script '/home/kayla/NGCP/install/setup.sh'
[5.611s] INFO:colcon.colcon_core.shell:Creating prefix script '/home/kayla/NGCP/install/local_setup.bash'
[5.616s] INFO:colcon.colcon_core.shell:Creating prefix chain script '/home/kayla/NGCP/install/setup.bash'
[5.623s] INFO:colcon.colcon_core.shell:Creating prefix script '/home/kayla/NGCP/install/local_setup.zsh'
[5.629s] INFO:colcon.colcon_core.shell:Creating prefix chain script '/home/kayla/NGCP/install/setup.zsh'
