-- Found ament_cmake: 1.3.12 (/opt/ros/humble/share/ament_cmake/cmake)
-- Found Python3: /usr/bin/python3 (found version "3.10.12") found components: Interpreter 
-- Found rclcpp: 16.0.15 (/opt/ros/humble/share/rclcpp/cmake)
-- Found rosidl_generator_c: 3.1.7 (/opt/ros/humble/share/rosidl_generator_c/cmake)
-- Found rosidl_adapter: 3.1.7 (/opt/ros/humble/share/rosidl_adapter/cmake)
-- Found rosidl_generator_cpp: 3.1.7 (/opt/ros/humble/share/rosidl_generator_cpp/cmake)
-- Using all available rosidl_typesupport_c: rosidl_typesupport_fastrtps_c;rosidl_typesupport_introspection_c
-- Using all available rosidl_typesupport_cpp: rosidl_typesupport_fastrtps_cpp;rosidl_typesupport_introspection_cpp
-- Found rmw_implementation_cmake: 6.1.2 (/opt/ros/humble/share/rmw_implementation_cmake/cmake)
-- Found rmw_fastrtps_cpp: 6.2.8 (/opt/ros/humble/share/rmw_fastrtps_cpp/cmake)
-- Found OpenSSL: /usr/lib/aarch64-linux-gnu/libcrypto.so (found version "3.0.2")  
-- Found FastRTPS: /opt/ros/humble/include  
-- Using RMW implementation 'rmw_fastrtps_cpp' as default
-- Looking for pthread.h
-- Looking for pthread.h - found
-- Performing Test CMAKE_HAVE_LIBC_PTHREAD
-- Performing Test CMAKE_HAVE_LIBC_PTHREAD - Success
-- Found Threads: TRUE  
-- Found nmea_msgs: 2.0.0 (/opt/ros/humble/share/nmea_msgs/cmake)
-- Found mavros_msgs: 2.12.0 (/opt/ros/humble/share/mavros_msgs/cmake)
-- Found diagnostic_msgs: 4.9.0 (/opt/ros/humble/share/diagnostic_msgs/cmake)
-- Found Boost: /usr/lib/aarch64-linux-gnu/cmake/Boost-1.74.0/BoostConfig.cmake (found version "1.74.0") found components: system thread 
-- Configuring done
-- Generating done
-- Build files have been written to: /home/kayla/NGCP/build/ntrip
[ 20%] [32mBuilding CXX object CMakeFiles/ntrip_lib.dir/src/ntrip_client.cpp.o[0m
[ 40%] [32mBuilding CXX object CMakeFiles/ntrip_lib.dir/src/rtcm_parser.cpp.o[0m
[ 60%] [32m[1mLinking CXX static library libntrip_lib.a[0m
[ 60%] Built target ntrip_lib
[ 80%] [32mBuilding CXX object CMakeFiles/ntrip.dir/src/ntrip_client_node.cpp.o[0m
[100%] [32m[1mLinking CXX executable ntrip[0m
[100%] Built target ntrip
-- Install configuration: ""
-- Installing: /home/kayla/NGCP/install/ntrip/lib/libntrip_lib.a
-- Installing: /home/kayla/NGCP/install/ntrip/lib/ntrip/ntrip
-- Set runtime path of "/home/kayla/NGCP/install/ntrip/lib/ntrip/ntrip" to ""
-- Installing: /home/kayla/NGCP/install/ntrip/share/ntrip/config
-- Installing: /home/kayla/NGCP/install/ntrip/share/ntrip/config/ntrip-param.yaml
-- Installing: /home/kayla/NGCP/install/ntrip/share/ntrip/launch
-- Installing: /home/kayla/NGCP/install/ntrip/share/ntrip/launch/ntrip_launch.py
-- Installing: /home/kayla/NGCP/install/ntrip/include/
-- Installing: /home/kayla/NGCP/install/ntrip/include//ntrip_client
-- Installing: /home/kayla/NGCP/install/ntrip/include//ntrip_client/rtcm_parser.h
-- Installing: /home/kayla/NGCP/install/ntrip/include//ntrip_client/ntrip_client.h
-- Installing: /home/kayla/NGCP/install/ntrip/share/ament_index/resource_index/package_run_dependencies/ntrip
-- Installing: /home/kayla/NGCP/install/ntrip/share/ament_index/resource_index/parent_prefix_path/ntrip
-- Installing: /home/kayla/NGCP/install/ntrip/share/ntrip/environment/ament_prefix_path.sh
-- Installing: /home/kayla/NGCP/install/ntrip/share/ntrip/environment/ament_prefix_path.dsv
-- Installing: /home/kayla/NGCP/install/ntrip/share/ntrip/environment/path.sh
-- Installing: /home/kayla/NGCP/install/ntrip/share/ntrip/environment/path.dsv
-- Installing: /home/kayla/NGCP/install/ntrip/share/ntrip/local_setup.bash
-- Installing: /home/kayla/NGCP/install/ntrip/share/ntrip/local_setup.sh
-- Installing: /home/kayla/NGCP/install/ntrip/share/ntrip/local_setup.zsh
-- Installing: /home/kayla/NGCP/install/ntrip/share/ntrip/local_setup.dsv
-- Installing: /home/kayla/NGCP/install/ntrip/share/ntrip/package.dsv
-- Installing: /home/kayla/NGCP/install/ntrip/share/ament_index/resource_index/packages/ntrip
-- Installing: /home/kayla/NGCP/install/ntrip/share/ntrip/cmake/ntripConfig.cmake
-- Installing: /home/kayla/NGCP/install/ntrip/share/ntrip/cmake/ntripConfig-version.cmake
-- Installing: /home/kayla/NGCP/install/ntrip/share/ntrip/package.xml
