[0.048s] Invoking command in '/home/kayla/NGCP/build/ntrip': CMAKE_PREFIX_PATH=${CMAKE_PREFIX_PATH}:/opt/ros/humble:/home/kayla/NGCP/install/ugv_control /usr/bin/cmake /home/kayla/NGCP/Xsens_MTi_ROS_Driver_and_Ntrip_Client/src/ntrip -DCMAKE_INSTALL_PREFIX=/home/kayla/NGCP/install/ntrip
[0.162s] -- Found ament_cmake: 1.3.12 (/opt/ros/humble/share/ament_cmake/cmake)
[0.966s] -- Found Python3: /usr/bin/python3 (found version "3.10.12") found components: Interpreter 
[1.644s] -- Found rclcpp: 16.0.15 (/opt/ros/humble/share/rclcpp/cmake)
[2.103s] -- Found rosidl_generator_c: 3.1.7 (/opt/ros/humble/share/rosidl_generator_c/cmake)
[2.160s] -- Found rosidl_adapter: 3.1.7 (/opt/ros/humble/share/rosidl_adapter/cmake)
[2.237s] -- Found rosidl_generator_cpp: 3.1.7 (/opt/ros/humble/share/rosidl_generator_cpp/cmake)
[2.341s] -- Using all available rosidl_typesupport_c: rosidl_typesupport_fastrtps_c;rosidl_typesupport_introspection_c
[2.475s] -- Using all available rosidl_typesupport_cpp: rosidl_typesupport_fastrtps_cpp;rosidl_typesupport_introspection_cpp
[2.854s] -- Found rmw_implementation_cmake: 6.1.2 (/opt/ros/humble/share/rmw_implementation_cmake/cmake)
[2.884s] -- Found rmw_fastrtps_cpp: 6.2.8 (/opt/ros/humble/share/rmw_fastrtps_cpp/cmake)
[3.617s] -- Found OpenSSL: /usr/lib/aarch64-linux-gnu/libcrypto.so (found version "3.0.2")  
[3.898s] -- Found FastRTPS: /opt/ros/humble/include  
[4.333s] -- Using RMW implementation 'rmw_fastrtps_cpp' as default
[4.422s] -- Looking for pthread.h
[4.823s] -- Looking for pthread.h - found
[4.825s] -- Performing Test CMAKE_HAVE_LIBC_PTHREAD
[5.208s] -- Performing Test CMAKE_HAVE_LIBC_PTHREAD - Success
[5.213s] -- Found Threads: TRUE  
[5.573s] -- Found nmea_msgs: 2.0.0 (/opt/ros/humble/share/nmea_msgs/cmake)
[5.661s] -- Found mavros_msgs: 2.12.0 (/opt/ros/humble/share/mavros_msgs/cmake)
[6.183s] -- Found diagnostic_msgs: 4.9.0 (/opt/ros/humble/share/diagnostic_msgs/cmake)
[6.469s] -- Found Boost: /usr/lib/aarch64-linux-gnu/cmake/Boost-1.74.0/BoostConfig.cmake (found version "1.74.0") found components: system thread 
[6.828s] -- Configuring done
[6.938s] -- Generating done
[6.960s] -- Build files have been written to: /home/kayla/NGCP/build/ntrip
[6.996s] Invoked command in '/home/kayla/NGCP/build/ntrip' returned '0': CMAKE_PREFIX_PATH=${CMAKE_PREFIX_PATH}:/opt/ros/humble:/home/kayla/NGCP/install/ugv_control /usr/bin/cmake /home/kayla/NGCP/Xsens_MTi_ROS_Driver_and_Ntrip_Client/src/ntrip -DCMAKE_INSTALL_PREFIX=/home/kayla/NGCP/install/ntrip
[7.007s] Invoking command in '/home/kayla/NGCP/build/ntrip': CMAKE_PREFIX_PATH=${CMAKE_PREFIX_PATH}:/opt/ros/humble:/home/kayla/NGCP/install/ugv_control /usr/bin/cmake --build /home/kayla/NGCP/build/ntrip -- -j4 -l4
[7.234s] [ 20%] [32mBuilding CXX object CMakeFiles/ntrip_lib.dir/src/ntrip_client.cpp.o[0m
[7.237s] [ 40%] [32mBuilding CXX object CMakeFiles/ntrip_lib.dir/src/rtcm_parser.cpp.o[0m
[75.329s] [ 60%] [32m[1mLinking CXX static library libntrip_lib.a[0m
[79.948s] [ 60%] Built target ntrip_lib
[80.071s] [ 80%] [32mBuilding CXX object CMakeFiles/ntrip.dir/src/ntrip_client_node.cpp.o[0m
[107.065s] [100%] [32m[1mLinking CXX executable ntrip[0m
[111.066s] [100%] Built target ntrip
[111.148s] Invoked command in '/home/kayla/NGCP/build/ntrip' returned '0': CMAKE_PREFIX_PATH=${CMAKE_PREFIX_PATH}:/opt/ros/humble:/home/kayla/NGCP/install/ugv_control /usr/bin/cmake --build /home/kayla/NGCP/build/ntrip -- -j4 -l4
[111.213s] Invoking command in '/home/kayla/NGCP/build/ntrip': CMAKE_PREFIX_PATH=${CMAKE_PREFIX_PATH}:/opt/ros/humble:/home/kayla/NGCP/install/ugv_control /usr/bin/cmake --install /home/kayla/NGCP/build/ntrip
[111.243s] -- Install configuration: ""
[111.246s] -- Installing: /home/kayla/NGCP/install/ntrip/lib/libntrip_lib.a
[111.358s] -- Installing: /home/kayla/NGCP/install/ntrip/lib/ntrip/ntrip
[111.397s] -- Set runtime path of "/home/kayla/NGCP/install/ntrip/lib/ntrip/ntrip" to ""
[111.398s] -- Installing: /home/kayla/NGCP/install/ntrip/share/ntrip/config
[111.398s] -- Installing: /home/kayla/NGCP/install/ntrip/share/ntrip/config/ntrip-param.yaml
[111.399s] -- Installing: /home/kayla/NGCP/install/ntrip/share/ntrip/launch
[111.400s] -- Installing: /home/kayla/NGCP/install/ntrip/share/ntrip/launch/ntrip_launch.py
[111.401s] -- Installing: /home/kayla/NGCP/install/ntrip/include/
[111.402s] -- Installing: /home/kayla/NGCP/install/ntrip/include//ntrip_client
[111.402s] -- Installing: /home/kayla/NGCP/install/ntrip/include//ntrip_client/rtcm_parser.h
[111.403s] -- Installing: /home/kayla/NGCP/install/ntrip/include//ntrip_client/ntrip_client.h
[111.405s] -- Installing: /home/kayla/NGCP/install/ntrip/share/ament_index/resource_index/package_run_dependencies/ntrip
[111.407s] -- Installing: /home/kayla/NGCP/install/ntrip/share/ament_index/resource_index/parent_prefix_path/ntrip
[111.412s] -- Installing: /home/kayla/NGCP/install/ntrip/share/ntrip/environment/ament_prefix_path.sh
[111.414s] -- Installing: /home/kayla/NGCP/install/ntrip/share/ntrip/environment/ament_prefix_path.dsv
[111.416s] -- Installing: /home/kayla/NGCP/install/ntrip/share/ntrip/environment/path.sh
[111.418s] -- Installing: /home/kayla/NGCP/install/ntrip/share/ntrip/environment/path.dsv
[111.420s] -- Installing: /home/kayla/NGCP/install/ntrip/share/ntrip/local_setup.bash
[111.422s] -- Installing: /home/kayla/NGCP/install/ntrip/share/ntrip/local_setup.sh
[111.424s] -- Installing: /home/kayla/NGCP/install/ntrip/share/ntrip/local_setup.zsh
[111.426s] -- Installing: /home/kayla/NGCP/install/ntrip/share/ntrip/local_setup.dsv
[111.428s] -- Installing: /home/kayla/NGCP/install/ntrip/share/ntrip/package.dsv
[111.430s] -- Installing: /home/kayla/NGCP/install/ntrip/share/ament_index/resource_index/packages/ntrip
[111.433s] -- Installing: /home/kayla/NGCP/install/ntrip/share/ntrip/cmake/ntripConfig.cmake
[111.434s] -- Installing: /home/kayla/NGCP/install/ntrip/share/ntrip/cmake/ntripConfig-version.cmake
[111.439s] -- Installing: /home/kayla/NGCP/install/ntrip/share/ntrip/package.xml
[111.452s] Invoked command in '/home/kayla/NGCP/build/ntrip' returned '0': CMAKE_PREFIX_PATH=${CMAKE_PREFIX_PATH}:/opt/ros/humble:/home/kayla/NGCP/install/ugv_control /usr/bin/cmake --install /home/kayla/NGCP/build/ntrip
