[0.055s] Invoking command in '/home/ugv/ugv_ros2_ws/src/build/ugv_msgs': CMAKE_PREFIX_PATH=${CMAKE_PREFIX_PATH}:/home/ugv/NGCP/NGCP_25_26/install/ngcp_ugv:/opt/ros/humble /usr/bin/cmake /home/ugv/ugv_ros2_ws/src/ugv_msgs -DCMAKE_INSTALL_PREFIX=/home/ugv/ugv_ros2_ws/src/install/ugv_msgs
[0.458s] -- The C compiler identification is GNU 11.4.0
[0.935s] -- The CXX compiler identification is GNU 11.4.0
[0.968s] -- Detecting C compiler ABI info
[1.190s] -- Detecting C compiler ABI info - done
[1.196s] -- Check for working C compiler: /usr/bin/cc - skipped
[1.197s] -- Detecting C compile features
[1.197s] -- Detecting C compile features - done
[1.203s] -- Detecting CXX compiler ABI info
[1.393s] -- Detecting CXX compiler ABI info - done
[1.403s] -- Check for working CXX compiler: /usr/bin/c++ - skipped
[1.404s] -- Detecting CXX compile features
[1.405s] -- Detecting CXX compile features - done
[1.411s] -- Found ament_cmake: 1.3.13 (/opt/ros/humble/share/ament_cmake/cmake)
[1.790s] -- Found Python3: /usr/bin/python3 (found version "3.10.12") found components: Interpreter 
[2.003s] -- Found rosidl_default_generators: 1.2.0 (/opt/ros/humble/share/rosidl_default_generators/cmake)
[2.012s] -- Using all available rosidl_typesupport_c: rosidl_typesupport_fastrtps_c;rosidl_typesupport_introspection_c
[2.029s] -- Found rosidl_adapter: 3.1.8 (/opt/ros/humble/share/rosidl_adapter/cmake)
[2.114s] -- Using all available rosidl_typesupport_cpp: rosidl_typesupport_fastrtps_cpp;rosidl_typesupport_introspection_cpp
[3.023s] -- Found ament_cmake_ros: 0.10.0 (/opt/ros/humble/share/ament_cmake_ros/cmake)
[3.664s] -- Using all available rosidl_typesupport_c: rosidl_typesupport_fastrtps_c;rosidl_typesupport_introspection_c
[4.235s] -- Using all available rosidl_typesupport_cpp: rosidl_typesupport_fastrtps_cpp;rosidl_typesupport_introspection_cpp
[4.288s] -- Found PythonInterp: /usr/bin/python3 (found suitable version "3.10.12", minimum required is "3.6") 
[4.294s] -- Found python_cmake_module: 0.10.0 (/opt/ros/humble/share/python_cmake_module/cmake)
[4.362s] -- Found PythonLibs: /usr/lib/aarch64-linux-gnu/libpython3.10.so (found suitable version "3.10.12", minimum required is "3.5") 
[4.362s] -- Using PYTHON_EXECUTABLE: /usr/bin/python3
[4.362s] -- Using PYTHON_INCLUDE_DIRS: /usr/include/python3.10
[4.362s] -- Using PYTHON_LIBRARIES: /usr/lib/aarch64-linux-gnu/libpython3.10.so
[4.408s] -- Found PythonExtra: .so  
[6.287s] -- Configuring done
[6.373s] -- Generating done
[6.396s] -- Build files have been written to: /home/ugv/ugv_ros2_ws/src/build/ugv_msgs
[6.425s] Invoked command in '/home/ugv/ugv_ros2_ws/src/build/ugv_msgs' returned '0': CMAKE_PREFIX_PATH=${CMAKE_PREFIX_PATH}:/home/ugv/NGCP/NGCP_25_26/install/ngcp_ugv:/opt/ros/humble /usr/bin/cmake /home/ugv/ugv_ros2_ws/src/ugv_msgs -DCMAKE_INSTALL_PREFIX=/home/ugv/ugv_ros2_ws/src/install/ugv_msgs
[6.428s] Invoking command in '/home/ugv/ugv_ros2_ws/src/build/ugv_msgs': CMAKE_PREFIX_PATH=${CMAKE_PREFIX_PATH}:/home/ugv/NGCP/NGCP_25_26/install/ngcp_ugv:/opt/ros/humble /usr/bin/cmake --build /home/ugv/ugv_ros2_ws/src/build/ugv_msgs -- -j6 -l6
[6.519s] [  2%] [34m[1mGenerating C code for ROS interfaces[0m
[6.526s] [  4%] [34m[1mGenerating C++ code for ROS interfaces[0m
[6.551s] [  4%] Built target ament_cmake_python_copy_ugv_msgs
[7.297s] running egg_info
[7.299s] creating ugv_msgs.egg-info
[7.300s] writing ugv_msgs.egg-info/PKG-INFO
[7.300s] writing dependency_links to ugv_msgs.egg-info/dependency_links.txt
[7.301s] writing top-level names to ugv_msgs.egg-info/top_level.txt
[7.301s] writing manifest file 'ugv_msgs.egg-info/SOURCES.txt'
[7.306s] reading manifest file 'ugv_msgs.egg-info/SOURCES.txt'
[7.308s] writing manifest file 'ugv_msgs.egg-info/SOURCES.txt'
[7.426s] [  4%] Built target ament_cmake_python_build_ugv_msgs_egg
[8.155s] [  6%] [32mBuilding C object CMakeFiles/ugv_msgs__rosidl_generator_c.dir/rosidl_generator_c/ugv_msgs/msg/detail/auto_ctrl__functions.c.o[0m
[8.160s] [  8%] [32mBuilding C object CMakeFiles/ugv_msgs__rosidl_generator_c.dir/rosidl_generator_c/ugv_msgs/msg/detail/ugv_telemetry__functions.c.o[0m
[8.162s] [ 10%] [32mBuilding C object CMakeFiles/ugv_msgs__rosidl_generator_c.dir/rosidl_generator_c/ugv_msgs/msg/detail/man_ctrl__functions.c.o[0m
[8.191s] [ 10%] Built target ugv_msgs__cpp
[8.263s] [ 12%] [34m[1mGenerating C++ type support for eProsima Fast-RTPS[0m
[8.280s] [ 14%] [34m[1mGenerating C++ type support dispatch for ROS interfaces[0m
[8.306s] [ 17%] [34m[1mGenerating C++ introspection for ROS interfaces[0m
[8.471s] [ 19%] [32m[1mLinking C shared library libugv_msgs__rosidl_generator_c.so[0m
[8.678s] [ 19%] Built target ugv_msgs__rosidl_generator_c
[8.750s] [ 21%] [34m[1mGenerating C type support for eProsima Fast-RTPS[0m
[8.775s] [ 23%] [34m[1mGenerating C introspection for ROS interfaces[0m
[8.784s] [ 25%] [34m[1mGenerating C type support dispatch for ROS interfaces[0m
[10.062s] [ 27%] [32mBuilding CXX object CMakeFiles/ugv_msgs__rosidl_typesupport_cpp.dir/rosidl_typesupport_cpp/ugv_msgs/msg/man_ctrl__type_support.cpp.o[0m
[10.135s] [ 29%] [32mBuilding CXX object CMakeFiles/ugv_msgs__rosidl_typesupport_fastrtps_cpp.dir/rosidl_typesupport_fastrtps_cpp/ugv_msgs/msg/detail/dds_fastrtps/man_ctrl__type_support.cpp.o[0m
[10.151s] [ 31%] [32mBuilding CXX object CMakeFiles/ugv_msgs__rosidl_typesupport_c.dir/rosidl_typesupport_c/ugv_msgs/msg/man_ctrl__type_support.cpp.o[0m
[10.233s] [ 34%] [32mBuilding CXX object CMakeFiles/ugv_msgs__rosidl_typesupport_introspection_cpp.dir/rosidl_typesupport_introspection_cpp/ugv_msgs/msg/detail/man_ctrl__type_support.cpp.o[0m
[13.307s] [ 36%] [32mBuilding CXX object CMakeFiles/ugv_msgs__rosidl_typesupport_c.dir/rosidl_typesupport_c/ugv_msgs/msg/auto_ctrl__type_support.cpp.o[0m
[13.480s] [ 38%] [32mBuilding CXX object CMakeFiles/ugv_msgs__rosidl_typesupport_c.dir/rosidl_typesupport_c/ugv_msgs/msg/ugv_telemetry__type_support.cpp.o[0m
[13.610s] [ 40%] [32mBuilding CXX object CMakeFiles/ugv_msgs__rosidl_typesupport_fastrtps_c.dir/rosidl_typesupport_fastrtps_c/ugv_msgs/msg/detail/man_ctrl__type_support_c.cpp.o[0m
[13.847s] [ 42%] [32m[1mLinking CXX shared library libugv_msgs__rosidl_typesupport_c.so[0m
[14.000s] [ 44%] [32mBuilding C object CMakeFiles/ugv_msgs__rosidl_typesupport_introspection_c.dir/rosidl_typesupport_introspection_c/ugv_msgs/msg/detail/man_ctrl__type_support.c.o[0m
[14.151s] [ 46%] [32mBuilding CXX object CMakeFiles/ugv_msgs__rosidl_typesupport_cpp.dir/rosidl_typesupport_cpp/ugv_msgs/msg/auto_ctrl__type_support.cpp.o[0m
[14.180s] [ 48%] Built target ugv_msgs__rosidl_typesupport_c
[14.183s] [ 48%] [32mBuilding C object CMakeFiles/ugv_msgs__rosidl_typesupport_introspection_c.dir/rosidl_typesupport_introspection_c/ugv_msgs/msg/detail/auto_ctrl__type_support.c.o[0m
[14.262s] [ 51%] [32mBuilding C object CMakeFiles/ugv_msgs__rosidl_typesupport_introspection_c.dir/rosidl_typesupport_introspection_c/ugv_msgs/msg/detail/ugv_telemetry__type_support.c.o[0m
[14.274s] gmake[2]: *** [CMakeFiles/ugv_msgs__rosidl_typesupport_introspection_c.dir/build.make:119: CMakeFiles/ugv_msgs__rosidl_typesupport_introspection_c.dir/rosidl_typesupport_introspection_c/ugv_msgs/msg/detail/auto_ctrl__type_support.c.o] Interrupt
[14.288s] gmake[2]: *** [CMakeFiles/ugv_msgs__rosidl_typesupport_introspection_c.dir/build.make:133: CMakeFiles/ugv_msgs__rosidl_typesupport_introspection_c.dir/rosidl_typesupport_introspection_c/ugv_msgs/msg/detail/ugv_telemetry__type_support.c.o] Interrupt
[14.288s] gmake[2]: *** [CMakeFiles/ugv_msgs__rosidl_typesupport_fastrtps_cpp.dir/build.make:105: CMakeFiles/ugv_msgs__rosidl_typesupport_fastrtps_cpp.dir/rosidl_typesupport_fastrtps_cpp/ugv_msgs/msg/detail/dds_fastrtps/man_ctrl__type_support.cpp.o] Interrupt
[14.288s] gmake[1]: *** [CMakeFiles/Makefile2:343: CMakeFiles/ugv_msgs__rosidl_typesupport_fastrtps_cpp.dir/all] Interrupt
[14.329s] gmake[1]: *** [CMakeFiles/Makefile2:265: CMakeFiles/ugv_msgs__rosidl_typesupport_introspection_c.dir/all] Interrupt
[14.330s] gmake[2]: *** [CMakeFiles/ugv_msgs__rosidl_typesupport_cpp.dir/build.make:108: CMakeFiles/ugv_msgs__rosidl_typesupport_cpp.dir/rosidl_typesupport_cpp/ugv_msgs/msg/auto_ctrl__type_support.cpp.o] Interrupt
[14.330s] gmake[2]: *** [CMakeFiles/ugv_msgs__rosidl_typesupport_introspection_cpp.dir/build.make:105: CMakeFiles/ugv_msgs__rosidl_typesupport_introspection_cpp.dir/rosidl_typesupport_introspection_cpp/ugv_msgs/msg/detail/man_ctrl__type_support.cpp.o] Interrupt
[14.330s] gmake[2]: *** [CMakeFiles/ugv_msgs__rosidl_typesupport_fastrtps_c.dir/build.make:105: CMakeFiles/ugv_msgs__rosidl_typesupport_fastrtps_c.dir/rosidl_typesupport_fastrtps_c/ugv_msgs/msg/detail/man_ctrl__type_support_c.cpp.o] Interrupt
[14.330s] gmake[1]: *** [CMakeFiles/Makefile2:395: CMakeFiles/ugv_msgs__rosidl_typesupport_cpp.dir/all] Interrupt
[14.330s] gmake[1]: *** [CMakeFiles/Makefile2:369: CMakeFiles/ugv_msgs__rosidl_typesupport_introspection_cpp.dir/all] Interrupt
[14.331s] gmake[1]: *** [CMakeFiles/Makefile2:239: CMakeFiles/ugv_msgs__rosidl_typesupport_fastrtps_c.dir/all] Interrupt
[14.331s] gmake: *** [Makefile:146: all] Interrupt
