make[3]: warning: jobserver unavailable: using -j1.  Add '+' to parent make rule.
gmake[2]: *** [CMakeFiles/xsens_mti_ros2_driver__rosidl_typesupport_introspection_cpp.dir/build.make:130: CMakeFiles/xsens_mti_ros2_driver__rosidl_typesupport_introspection_cpp.dir/rosidl_typesupport_introspection_cpp/xsens_mti_ros2_driver/msg/detail/xs_status_word__type_support.cpp.o] Interrupt
gmake[2]: *** [CMakeFiles/xsens_mti_ros2_driver__rosidl_typesupport_fastrtps_cpp.dir/build.make:130: CMakeFiles/xsens_mti_ros2_driver__rosidl_typesupport_fastrtps_cpp.dir/rosidl_typesupport_fastrtps_cpp/xsens_mti_ros2_driver/msg/detail/dds_fastrtps/xs_status_word__type_support.cpp.o] Interrupt
gmake[1]: *** [CMakeFiles/Makefile2:295: CMakeFiles/xsens_mti_ros2_driver__rosidl_typesupport_fastrtps_cpp.dir/all] Interrupt
gmake[2]: *** wait: No child processes.  Stop.
gmake[2]: *** Waiting for unfinished jobs....
gmake[2]: *** wait: No child processes.  Stop.
Traceback (most recent call last):
  File "<frozen importlib._bootstrap_external>", line 153, in _path_is_mode_type
gmake[2]: *** [CMakeFiles/xsens_mti_ros2_driver__rosidl_typesupport_cpp.dir/build.make:136: CMakeFiles/xsens_mti_ros2_driver__rosidl_typesupport_cpp.dir/rosidl_typesupport_cpp/xsens_mti_ros2_driver/msg/ship_motion__type_support.cpp.o] Interrupt
  File "<frozen importlib._bootstrap_external>", line 147, in _path_stat
gmake[2]: *** wait: No child processes.  Stop.
gmake[2]: *** Waiting for unfinished jobs....
gmake[2]: *** wait: No child processes.  Stop.
gmake[1]: *** [CMakeFiles/Makefile2:373: CMakeFiles/xsens_mti_ros2_driver__rosidl_typesupport_introspection_cpp.dir/all] Error 2
gmake[1]: *** [CMakeFiles/Makefile2:399: CMakeFiles/xsens_mti_ros2_driver__rosidl_typesupport_cpp.dir/all] Error 2
FileNotFoundError: [Errno 2] No such file or directory: '/opt/ros/humble/local/lib/python3.10/dist-packages/rosidl_parser/__init__.cpython-310-aarch64-linux-gnu.so'

During handling of the above exception, another exception occurred:

Traceback (most recent call last):
  File "/opt/ros/humble/lib/rosidl_typesupport_fastrtps_c/rosidl_typesupport_fastrtps_c", line 7, in <module>
    from rosidl_typesupport_fastrtps_c import generate_typesupport_fastrtps_c
  File "/opt/ros/humble/local/lib/python3.10/dist-packages/rosidl_typesupport_fastrtps_c/__init__.py", line 15, in <module>
    from rosidl_cmake import generate_files
  File "/opt/ros/humble/local/lib/python3.10/dist-packages/rosidl_cmake/__init__.py", line 23, in <module>
    from rosidl_parser.definition import IdlLocator
  File "<frozen importlib._bootstrap>", line 1027, in _find_and_load
  File "<frozen importlib._bootstrap>", line 1002, in _find_and_load_unlocked
  File "<frozen importlib._bootstrap>", line 945, in _find_spec
  File "<frozen importlib._bootstrap_external>", line 1439, in find_spec
  File "<frozen importlib._bootstrap_external>", line 1411, in _get_spec
  File "<frozen importlib._bootstrap_external>", line 1563, in find_spec
  File "<frozen importlib._bootstrap_external>", line 161, in _path_isfile
  File "<frozen importlib._bootstrap_external>", line 153, in _path_is_mode_type
KeyboardInterrupt
gmake[2]: *** [CMakeFiles/xsens_mti_ros2_driver__rosidl_typesupport_fastrtps_c.dir/build.make:115: rosidl_typesupport_fastrtps_c/xsens_mti_ros2_driver/msg/detail/xs_status_word__rosidl_typesupport_fastrtps_c.h] Interrupt
gmake[1]: *** [CMakeFiles/Makefile2:242: CMakeFiles/xsens_mti_ros2_driver__rosidl_typesupport_fastrtps_c.dir/all] Interrupt
gmake: *** [Makefile:146: all] Interrupt
