-- The C compiler identification is GNU 11.4.0
-- The CXX compiler identification is GNU 11.4.0
-- Detecting C compiler ABI info
-- Detecting C compiler ABI info - done
-- Check for working C compiler: /usr/bin/cc - skipped
-- Detecting C compile features
-- Detecting C compile features - done
-- Detecting CXX compiler ABI info
-- Detecting CXX compiler ABI info - done
-- Check for working CXX compiler: /usr/bin/c++ - skipped
-- Detecting CXX compile features
-- Detecting CXX compile features - done
-- Found ament_cmake: 1.3.13 (/opt/ros/humble/share/ament_cmake/cmake)
-- Found Python3: /usr/bin/python3 (found version "3.10.12") found components: Interpreter 
-- Found rclcpp: 16.0.18 (/opt/ros/humble/share/rclcpp/cmake)
-- Found rosidl_generator_c: 3.1.8 (/opt/ros/humble/share/rosidl_generator_c/cmake)
-- Found rosidl_adapter: 3.1.8 (/opt/ros/humble/share/rosidl_adapter/cmake)
-- Found rosidl_generator_cpp: 3.1.8 (/opt/ros/humble/share/rosidl_generator_cpp/cmake)
-- Using all available rosidl_typesupport_c: rosidl_typesupport_fastrtps_c;rosidl_typesupport_introspection_c
-- Using all available rosidl_typesupport_cpp: rosidl_typesupport_fastrtps_cpp;rosidl_typesupport_introspection_cpp
-- Found rmw_implementation_cmake: 6.1.2 (/opt/ros/humble/share/rmw_implementation_cmake/cmake)
-- Found rmw_fastrtps_cpp: 6.2.10 (/opt/ros/humble/share/rmw_fastrtps_cpp/cmake)
-- Found OpenSSL: /usr/lib/aarch64-linux-gnu/libcrypto.so (found version "3.0.2")  
-- Found FastRTPS: /opt/ros/humble/include  
-- Using RMW implementation 'rmw_fastrtps_cpp' as default
-- Looking for pthread.h
-- Looking for pthread.h - found
-- Performing Test CMAKE_HAVE_LIBC_PTHREAD
-- Performing Test CMAKE_HAVE_LIBC_PTHREAD - Success
-- Found Threads: TRUE  
-- Found tf2: 0.25.19 (/opt/ros/humble/share/tf2/cmake)
-- Found tf2_ros: 0.25.19 (/opt/ros/humble/share/tf2_ros/cmake)
-- Found sensor_msgs: 4.9.1 (/opt/ros/humble/share/sensor_msgs/cmake)
-- Found nav_msgs: 4.9.1 (/opt/ros/humble/share/nav_msgs/cmake)
-- Found nmea_msgs: 2.0.0 (/opt/ros/humble/share/nmea_msgs/cmake)
-- Found mavros_msgs: 2.14.0 (/opt/ros/humble/share/mavros_msgs/cmake)
-- Found rosidl_default_generators: 1.2.0 (/opt/ros/humble/share/rosidl_default_generators/cmake)
-- Detected ROS_DISTRO: humble
-- Found ament_cmake_ros: 0.10.0 (/opt/ros/humble/share/ament_cmake_ros/cmake)
-- Using all available rosidl_typesupport_c: rosidl_typesupport_fastrtps_c;rosidl_typesupport_introspection_c
-- Using all available rosidl_typesupport_cpp: rosidl_typesupport_fastrtps_cpp;rosidl_typesupport_introspection_cpp
-- Found PythonInterp: /usr/bin/python3 (found suitable version "3.10.12", minimum required is "3.6") 
-- Found python_cmake_module: 0.10.0 (/opt/ros/humble/share/python_cmake_module/cmake)
-- Found PythonLibs: /usr/lib/aarch64-linux-gnu/libpython3.10.so (found suitable version "3.10.12", minimum required is "3.5") 
-- Using PYTHON_EXECUTABLE: /usr/bin/python3
-- Using PYTHON_INCLUDE_DIRS: /usr/include/python3.10
-- Using PYTHON_LIBRARIES: /usr/lib/aarch64-linux-gnu/libpython3.10.so
-- Found PythonExtra: .so  
-- Configuring done
-- Generating done
-- Build files have been written to: /home/ugv/ugv_ros2_ws/src/build/xsens_mti_ros2_driver
[  1%] [34m[1mGenerating C code for ROS interfaces[0m
[  3%] [34m[1mGenerating C++ code for ROS interfaces[0m
[  5%] [34m[1mCreating directories for 'xspublic'[0m
[  5%] Built target ament_cmake_python_copy_xsens_mti_ros2_driver
[  7%] [34m[1mNo download step for 'xspublic'[0m
[  9%] [34m[1mNo update step for 'xspublic'[0m
[ 10%] [34m[1mNo patch step for 'xspublic'[0m
[ 12%] [34m[1mNo configure step for 'xspublic'[0m
[ 14%] [34m[1mPerforming build step for 'xspublic'[0m
make[3]: warning: jobserver unavailable: using -j1.  Add '+' to parent make rule.
[ 16%] [34m[1mNo install step for 'xspublic'[0m
[ 18%] [34m[1mCompleted 'xspublic'[0m
running egg_info
creating xsens_mti_ros2_driver.egg-info
writing xsens_mti_ros2_driver.egg-info/PKG-INFO
writing dependency_links to xsens_mti_ros2_driver.egg-info/dependency_links.txt
writing top-level names to xsens_mti_ros2_driver.egg-info/top_level.txt
writing manifest file 'xsens_mti_ros2_driver.egg-info/SOURCES.txt'
reading manifest file 'xsens_mti_ros2_driver.egg-info/SOURCES.txt'
writing manifest file 'xsens_mti_ros2_driver.egg-info/SOURCES.txt'
[ 18%] Built target ament_cmake_python_build_xsens_mti_ros2_driver_egg
[ 20%] [32mBuilding C object CMakeFiles/xsens_mti_ros2_driver__rosidl_generator_c.dir/rosidl_generator_c/xsens_mti_ros2_driver/msg/detail/xs_status_word__functions.c.o[0m
[ 20%] Built target xspublic
[ 21%] [32mBuilding C object CMakeFiles/xsens_mti_ros2_driver__rosidl_generator_c.dir/rosidl_generator_c/xsens_mti_ros2_driver/msg/detail/ship_motion__functions.c.o[0m
[ 21%] Built target xsens_mti_ros2_driver__cpp
[ 23%] [34m[1mGenerating C++ type support dispatch for ROS interfaces[0m
[ 25%] [34m[1mGenerating C++ type support for eProsima Fast-RTPS[0m
[ 27%] [34m[1mGenerating C++ introspection for ROS interfaces[0m
[ 29%] [32mBuilding CXX object CMakeFiles/xsens_mti_ros2_driver__rosidl_typesupport_cpp.dir/rosidl_typesupport_cpp/xsens_mti_ros2_driver/msg/xs_status_word__type_support.cpp.o[0m
[ 30%] [32m[1mLinking C shared library libxsens_mti_ros2_driver__rosidl_generator_c.so[0m
[ 32%] [32mBuilding CXX object CMakeFiles/xsens_mti_ros2_driver__rosidl_typesupport_introspection_cpp.dir/rosidl_typesupport_introspection_cpp/xsens_mti_ros2_driver/msg/detail/ship_motion__type_support.cpp.o[0m
[ 34%] [32mBuilding CXX object CMakeFiles/xsens_mti_ros2_driver__rosidl_typesupport_cpp.dir/rosidl_typesupport_cpp/xsens_mti_ros2_driver/msg/ship_motion__type_support.cpp.o[0m
[ 36%] [32mBuilding CXX object CMakeFiles/xsens_mti_ros2_driver__rosidl_typesupport_introspection_cpp.dir/rosidl_typesupport_introspection_cpp/xsens_mti_ros2_driver/msg/detail/xs_status_word__type_support.cpp.o[0m
[ 38%] [32mBuilding CXX object CMakeFiles/xsens_mti_ros2_driver__rosidl_typesupport_fastrtps_cpp.dir/rosidl_typesupport_fastrtps_cpp/xsens_mti_ros2_driver/msg/detail/dds_fastrtps/xs_status_word__type_support.cpp.o[0m
[ 38%] Built target xsens_mti_ros2_driver__rosidl_generator_c
[ 40%] [34m[1mGenerating C type support for eProsima Fast-RTPS[0m
gmake[2]: *** [CMakeFiles/xsens_mti_ros2_driver__rosidl_typesupport_introspection_cpp.dir/build.make:130: CMakeFiles/xsens_mti_ros2_driver__rosidl_typesupport_introspection_cpp.dir/rosidl_typesupport_introspection_cpp/xsens_mti_ros2_driver/msg/detail/xs_status_word__type_support.cpp.o] Interrupt
gmake[2]: *** [CMakeFiles/xsens_mti_ros2_driver__rosidl_typesupport_fastrtps_cpp.dir/build.make:130: CMakeFiles/xsens_mti_ros2_driver__rosidl_typesupport_fastrtps_cpp.dir/rosidl_typesupport_fastrtps_cpp/xsens_mti_ros2_driver/msg/detail/dds_fastrtps/xs_status_word__type_support.cpp.o] Interrupt
gmake[1]: *** [CMakeFiles/Makefile2:295: CMakeFiles/xsens_mti_ros2_driver__rosidl_typesupport_fastrtps_cpp.dir/all] Interrupt
gmake[2]: *** wait: No child processes.  Stop.
gmake[2]: *** Waiting for unfinished jobs....
gmake[2]: *** wait: No child processes.  Stop.
Traceback (most recent call last):
  File "<frozen importlib._bootstrap_external>", line 153, in _path_is_mode_type
gmake[2]: *** [CMakeFiles/xsens_mti_ros2_driver__rosidl_typesupport_cpp.dir/build.make:136: CMakeFiles/xsens_mti_ros2_driver__rosidl_typesupport_cpp.dir/rosidl_typesupport_cpp/xsens_mti_ros2_driver/msg/ship_motion__type_support.cpp.o] Interrupt
  File "<frozen importlib._bootstrap_external>", line 147, in _path_stat
gmake[2]: *** wait: No child processes.  Stop.
gmake[2]: *** Waiting for unfinished jobs....
gmake[2]: *** wait: No child processes.  Stop.
gmake[1]: *** [CMakeFiles/Makefile2:373: CMakeFiles/xsens_mti_ros2_driver__rosidl_typesupport_introspection_cpp.dir/all] Error 2
gmake[1]: *** [CMakeFiles/Makefile2:399: CMakeFiles/xsens_mti_ros2_driver__rosidl_typesupport_cpp.dir/all] Error 2
FileNotFoundError: [Errno 2] No such file or directory: '/opt/ros/humble/local/lib/python3.10/dist-packages/rosidl_parser/__init__.cpython-310-aarch64-linux-gnu.so'

During handling of the above exception, another exception occurred:

Traceback (most recent call last):
  File "/opt/ros/humble/lib/rosidl_typesupport_fastrtps_c/rosidl_typesupport_fastrtps_c", line 7, in <module>
    from rosidl_typesupport_fastrtps_c import generate_typesupport_fastrtps_c
  File "/opt/ros/humble/local/lib/python3.10/dist-packages/rosidl_typesupport_fastrtps_c/__init__.py", line 15, in <module>
    from rosidl_cmake import generate_files
  File "/opt/ros/humble/local/lib/python3.10/dist-packages/rosidl_cmake/__init__.py", line 23, in <module>
    from rosidl_parser.definition import IdlLocator
  File "<frozen importlib._bootstrap>", line 1027, in _find_and_load
  File "<frozen importlib._bootstrap>", line 1002, in _find_and_load_unlocked
  File "<frozen importlib._bootstrap>", line 945, in _find_spec
  File "<frozen importlib._bootstrap_external>", line 1439, in find_spec
  File "<frozen importlib._bootstrap_external>", line 1411, in _get_spec
  File "<frozen importlib._bootstrap_external>", line 1563, in find_spec
  File "<frozen importlib._bootstrap_external>", line 161, in _path_isfile
  File "<frozen importlib._bootstrap_external>", line 153, in _path_is_mode_type
KeyboardInterrupt
gmake[2]: *** [CMakeFiles/xsens_mti_ros2_driver__rosidl_typesupport_fastrtps_c.dir/build.make:115: rosidl_typesupport_fastrtps_c/xsens_mti_ros2_driver/msg/detail/xs_status_word__rosidl_typesupport_fastrtps_c.h] Interrupt
gmake[1]: *** [CMakeFiles/Makefile2:242: CMakeFiles/xsens_mti_ros2_driver__rosidl_typesupport_fastrtps_c.dir/all] Interrupt
gmake: *** [Makefile:146: all] Interrupt
