[0.070s] Invoking command in '/home/ugv/ugv_ros2_ws/src/build/xsens_mti_ros2_driver': CMAKE_PREFIX_PATH=${CMAKE_PREFIX_PATH}:/home/ugv/NGCP/NGCP_25_26/install/ngcp_ugv:/opt/ros/humble /usr/bin/cmake /home/ugv/ugv_ros2_ws/src/xsens_mti_ros2_driver -DCMAKE_INSTALL_PREFIX=/home/ugv/ugv_ros2_ws/src/install/xsens_mti_ros2_driver
[0.445s] -- The C compiler identification is GNU 11.4.0
[0.936s] -- The CXX compiler identification is GNU 11.4.0
[0.951s] -- Detecting C compiler ABI info
[1.164s] -- Detecting C compiler ABI info - done
[1.208s] -- Check for working C compiler: /usr/bin/cc - skipped
[1.209s] -- Detecting C compile features
[1.210s] -- Detecting C compile features - done
[1.217s] -- Detecting CXX compiler ABI info
[1.433s] -- Detecting CXX compiler ABI info - done
[1.445s] -- Check for working CXX compiler: /usr/bin/c++ - skipped
[1.445s] -- Detecting CXX compile features
[1.446s] -- Detecting CXX compile features - done
[1.452s] -- Found ament_cmake: 1.3.13 (/opt/ros/humble/share/ament_cmake/cmake)
[1.838s] -- Found Python3: /usr/bin/python3 (found version "3.10.12") found components: Interpreter 
[2.070s] -- Found rclcpp: 16.0.18 (/opt/ros/humble/share/rclcpp/cmake)
[2.158s] -- Found rosidl_generator_c: 3.1.8 (/opt/ros/humble/share/rosidl_generator_c/cmake)
[2.170s] -- Found rosidl_adapter: 3.1.8 (/opt/ros/humble/share/rosidl_adapter/cmake)
[2.198s] -- Found rosidl_generator_cpp: 3.1.8 (/opt/ros/humble/share/rosidl_generator_cpp/cmake)
[2.230s] -- Using all available rosidl_typesupport_c: rosidl_typesupport_fastrtps_c;rosidl_typesupport_introspection_c
[2.265s] -- Using all available rosidl_typesupport_cpp: rosidl_typesupport_fastrtps_cpp;rosidl_typesupport_introspection_cpp
[2.354s] -- Found rmw_implementation_cmake: 6.1.2 (/opt/ros/humble/share/rmw_implementation_cmake/cmake)
[2.359s] -- Found rmw_fastrtps_cpp: 6.2.10 (/opt/ros/humble/share/rmw_fastrtps_cpp/cmake)
[2.608s] -- Found OpenSSL: /usr/lib/aarch64-linux-gnu/libcrypto.so (found version "3.0.2")  
[2.696s] -- Found FastRTPS: /opt/ros/humble/include  
[2.804s] -- Using RMW implementation 'rmw_fastrtps_cpp' as default
[2.822s] -- Looking for pthread.h
[3.149s] -- Looking for pthread.h - found
[3.149s] -- Performing Test CMAKE_HAVE_LIBC_PTHREAD
[3.460s] -- Performing Test CMAKE_HAVE_LIBC_PTHREAD - Success
[3.462s] -- Found Threads: TRUE  
[3.719s] -- Found tf2: 0.25.19 (/opt/ros/humble/share/tf2/cmake)
[3.841s] -- Found tf2_ros: 0.25.19 (/opt/ros/humble/share/tf2_ros/cmake)
[4.123s] -- Found sensor_msgs: 4.9.1 (/opt/ros/humble/share/sensor_msgs/cmake)
[4.160s] -- Found nav_msgs: 4.9.1 (/opt/ros/humble/share/nav_msgs/cmake)
[4.205s] -- Found nmea_msgs: 2.0.0 (/opt/ros/humble/share/nmea_msgs/cmake)
[4.236s] -- Found mavros_msgs: 2.14.0 (/opt/ros/humble/share/mavros_msgs/cmake)
[4.334s] -- Found rosidl_default_generators: 1.2.0 (/opt/ros/humble/share/rosidl_default_generators/cmake)
[4.376s] -- Detected ROS_DISTRO: humble
[5.080s] -- Found ament_cmake_ros: 0.10.0 (/opt/ros/humble/share/ament_cmake_ros/cmake)
[5.962s] -- Using all available rosidl_typesupport_c: rosidl_typesupport_fastrtps_c;rosidl_typesupport_introspection_c
[6.358s] -- Using all available rosidl_typesupport_cpp: rosidl_typesupport_fastrtps_cpp;rosidl_typesupport_introspection_cpp
[6.414s] -- Found PythonInterp: /usr/bin/python3 (found suitable version "3.10.12", minimum required is "3.6") 
[6.419s] -- Found python_cmake_module: 0.10.0 (/opt/ros/humble/share/python_cmake_module/cmake)
[6.480s] -- Found PythonLibs: /usr/lib/aarch64-linux-gnu/libpython3.10.so (found suitable version "3.10.12", minimum required is "3.5") 
[6.488s] -- Using PYTHON_EXECUTABLE: /usr/bin/python3
[6.488s] -- Using PYTHON_INCLUDE_DIRS: /usr/include/python3.10
[6.488s] -- Using PYTHON_LIBRARIES: /usr/lib/aarch64-linux-gnu/libpython3.10.so
[6.555s] -- Found PythonExtra: .so  
[6.876s] -- Configuring done
[7.241s] -- Generating done
[7.324s] -- Build files have been written to: /home/ugv/ugv_ros2_ws/src/build/xsens_mti_ros2_driver
[7.391s] Invoked command in '/home/ugv/ugv_ros2_ws/src/build/xsens_mti_ros2_driver' returned '0': CMAKE_PREFIX_PATH=${CMAKE_PREFIX_PATH}:/home/ugv/NGCP/NGCP_25_26/install/ngcp_ugv:/opt/ros/humble /usr/bin/cmake /home/ugv/ugv_ros2_ws/src/xsens_mti_ros2_driver -DCMAKE_INSTALL_PREFIX=/home/ugv/ugv_ros2_ws/src/install/xsens_mti_ros2_driver
[7.392s] Invoking command in '/home/ugv/ugv_ros2_ws/src/build/xsens_mti_ros2_driver': CMAKE_PREFIX_PATH=${CMAKE_PREFIX_PATH}:/home/ugv/NGCP/NGCP_25_26/install/ngcp_ugv:/opt/ros/humble /usr/bin/cmake --build /home/ugv/ugv_ros2_ws/src/build/xsens_mti_ros2_driver -- -j6 -l6
[7.605s] [  1%] [34m[1mGenerating C code for ROS interfaces[0m
[7.640s] [  3%] [34m[1mGenerating C++ code for ROS interfaces[0m
[7.697s] [  5%] [34m[1mCreating directories for 'xspublic'[0m
[7.719s] [  5%] Built target ament_cmake_python_copy_xsens_mti_ros2_driver
[8.109s] [  7%] [34m[1mNo download step for 'xspublic'[0m
[8.285s] [  9%] [34m[1mNo update step for 'xspublic'[0m
[8.454s] [ 10%] [34m[1mNo patch step for 'xspublic'[0m
[8.592s] [ 12%] [34m[1mNo configure step for 'xspublic'[0m
[8.759s] [ 14%] [34m[1mPerforming build step for 'xspublic'[0m
[8.810s] make[3]: warning: jobserver unavailable: using -j1.  Add '+' to parent make rule.
[9.075s] [ 16%] [34m[1mNo install step for 'xspublic'[0m
[9.425s] [ 18%] [34m[1mCompleted 'xspublic'[0m
[9.480s] running egg_info
[9.482s] creating xsens_mti_ros2_driver.egg-info
[9.483s] writing xsens_mti_ros2_driver.egg-info/PKG-INFO
[9.483s] writing dependency_links to xsens_mti_ros2_driver.egg-info/dependency_links.txt
[9.483s] writing top-level names to xsens_mti_ros2_driver.egg-info/top_level.txt
[9.483s] writing manifest file 'xsens_mti_ros2_driver.egg-info/SOURCES.txt'
[9.489s] reading manifest file 'xsens_mti_ros2_driver.egg-info/SOURCES.txt'
[9.489s] writing manifest file 'xsens_mti_ros2_driver.egg-info/SOURCES.txt'
[9.643s] [ 18%] Built target ament_cmake_python_build_xsens_mti_ros2_driver_egg
[9.674s] [ 20%] [32mBuilding C object CMakeFiles/xsens_mti_ros2_driver__rosidl_generator_c.dir/rosidl_generator_c/xsens_mti_ros2_driver/msg/detail/xs_status_word__functions.c.o[0m
[9.705s] [ 20%] Built target xspublic
[9.719s] [ 21%] [32mBuilding C object CMakeFiles/xsens_mti_ros2_driver__rosidl_generator_c.dir/rosidl_generator_c/xsens_mti_ros2_driver/msg/detail/ship_motion__functions.c.o[0m
[9.729s] [ 21%] Built target xsens_mti_ros2_driver__cpp
[9.805s] [ 23%] [34m[1mGenerating C++ type support dispatch for ROS interfaces[0m
[9.826s] [ 25%] [34m[1mGenerating C++ type support for eProsima Fast-RTPS[0m
[9.861s] [ 27%] [34m[1mGenerating C++ introspection for ROS interfaces[0m
[13.353s] [ 29%] [32mBuilding CXX object CMakeFiles/xsens_mti_ros2_driver__rosidl_typesupport_cpp.dir/rosidl_typesupport_cpp/xsens_mti_ros2_driver/msg/xs_status_word__type_support.cpp.o[0m
[13.376s] [ 30%] [32m[1mLinking C shared library libxsens_mti_ros2_driver__rosidl_generator_c.so[0m
[13.413s] [ 32%] [32mBuilding CXX object CMakeFiles/xsens_mti_ros2_driver__rosidl_typesupport_introspection_cpp.dir/rosidl_typesupport_introspection_cpp/xsens_mti_ros2_driver/msg/detail/ship_motion__type_support.cpp.o[0m
[13.417s] [ 34%] [32mBuilding CXX object CMakeFiles/xsens_mti_ros2_driver__rosidl_typesupport_cpp.dir/rosidl_typesupport_cpp/xsens_mti_ros2_driver/msg/ship_motion__type_support.cpp.o[0m
[13.436s] [ 36%] [32mBuilding CXX object CMakeFiles/xsens_mti_ros2_driver__rosidl_typesupport_introspection_cpp.dir/rosidl_typesupport_introspection_cpp/xsens_mti_ros2_driver/msg/detail/xs_status_word__type_support.cpp.o[0m
[13.481s] [ 38%] [32mBuilding CXX object CMakeFiles/xsens_mti_ros2_driver__rosidl_typesupport_fastrtps_cpp.dir/rosidl_typesupport_fastrtps_cpp/xsens_mti_ros2_driver/msg/detail/dds_fastrtps/xs_status_word__type_support.cpp.o[0m
[13.753s] [ 38%] Built target xsens_mti_ros2_driver__rosidl_generator_c
[13.854s] [ 40%] [34m[1mGenerating C type support for eProsima Fast-RTPS[0m
[14.295s] gmake[2]: *** [CMakeFiles/xsens_mti_ros2_driver__rosidl_typesupport_introspection_cpp.dir/build.make:130: CMakeFiles/xsens_mti_ros2_driver__rosidl_typesupport_introspection_cpp.dir/rosidl_typesupport_introspection_cpp/xsens_mti_ros2_driver/msg/detail/xs_status_word__type_support.cpp.o] Interrupt
[14.296s] gmake[2]: *** [CMakeFiles/xsens_mti_ros2_driver__rosidl_typesupport_fastrtps_cpp.dir/build.make:130: CMakeFiles/xsens_mti_ros2_driver__rosidl_typesupport_fastrtps_cpp.dir/rosidl_typesupport_fastrtps_cpp/xsens_mti_ros2_driver/msg/detail/dds_fastrtps/xs_status_word__type_support.cpp.o] Interrupt
[14.297s] gmake[1]: *** [CMakeFiles/Makefile2:295: CMakeFiles/xsens_mti_ros2_driver__rosidl_typesupport_fastrtps_cpp.dir/all] Interrupt
[14.297s] gmake[2]: *** wait: No child processes.  Stop.
[14.298s] gmake[2]: *** Waiting for unfinished jobs....
[14.298s] gmake[2]: *** wait: No child processes.  Stop.
[14.299s] Traceback (most recent call last):
[14.299s]   File "<frozen importlib._bootstrap_external>", line 153, in _path_is_mode_type
[14.300s] gmake[2]: *** [CMakeFiles/xsens_mti_ros2_driver__rosidl_typesupport_cpp.dir/build.make:136: CMakeFiles/xsens_mti_ros2_driver__rosidl_typesupport_cpp.dir/rosidl_typesupport_cpp/xsens_mti_ros2_driver/msg/ship_motion__type_support.cpp.o] Interrupt
[14.301s]   File "<frozen importlib._bootstrap_external>", line 147, in _path_stat
[14.301s] gmake[2]: *** wait: No child processes.  Stop.
[14.302s] gmake[2]: *** Waiting for unfinished jobs....
[14.303s] gmake[2]: *** wait: No child processes.  Stop.
[14.303s] gmake[1]: *** [CMakeFiles/Makefile2:373: CMakeFiles/xsens_mti_ros2_driver__rosidl_typesupport_introspection_cpp.dir/all] Error 2
[14.305s] gmake[1]: *** [CMakeFiles/Makefile2:399: CMakeFiles/xsens_mti_ros2_driver__rosidl_typesupport_cpp.dir/all] Error 2
[14.306s] FileNotFoundError: [Errno 2] No such file or directory: '/opt/ros/humble/local/lib/python3.10/dist-packages/rosidl_parser/__init__.cpython-310-aarch64-linux-gnu.so'
[14.306s] 
[14.307s] During handling of the above exception, another exception occurred:
[14.307s] 
[14.308s] Traceback (most recent call last):
[14.309s]   File "/opt/ros/humble/lib/rosidl_typesupport_fastrtps_c/rosidl_typesupport_fastrtps_c", line 7, in <module>
[14.311s]     from rosidl_typesupport_fastrtps_c import generate_typesupport_fastrtps_c
[14.311s]   File "/opt/ros/humble/local/lib/python3.10/dist-packages/rosidl_typesupport_fastrtps_c/__init__.py", line 15, in <module>
[14.311s]     from rosidl_cmake import generate_files
[14.311s]   File "/opt/ros/humble/local/lib/python3.10/dist-packages/rosidl_cmake/__init__.py", line 23, in <module>
[14.311s]     from rosidl_parser.definition import IdlLocator
[14.312s]   File "<frozen importlib._bootstrap>", line 1027, in _find_and_load
[14.312s]   File "<frozen importlib._bootstrap>", line 1002, in _find_and_load_unlocked
[14.314s]   File "<frozen importlib._bootstrap>", line 945, in _find_spec
[14.314s]   File "<frozen importlib._bootstrap_external>", line 1439, in find_spec
[14.314s]   File "<frozen importlib._bootstrap_external>", line 1411, in _get_spec
[14.315s]   File "<frozen importlib._bootstrap_external>", line 1563, in find_spec
[14.315s]   File "<frozen importlib._bootstrap_external>", line 161, in _path_isfile
[14.315s]   File "<frozen importlib._bootstrap_external>", line 153, in _path_is_mode_type
[14.315s] KeyboardInterrupt
[14.317s] gmake[2]: *** [CMakeFiles/xsens_mti_ros2_driver__rosidl_typesupport_fastrtps_c.dir/build.make:115: rosidl_typesupport_fastrtps_c/xsens_mti_ros2_driver/msg/detail/xs_status_word__rosidl_typesupport_fastrtps_c.h] Interrupt
[14.317s] gmake[1]: *** [CMakeFiles/Makefile2:242: CMakeFiles/xsens_mti_ros2_driver__rosidl_typesupport_fastrtps_c.dir/all] Interrupt
[14.317s] gmake: *** [Makefile:146: all] Interrupt
