[0.043s] Invoking command in '/home/ugv/ugv_ros2_ws/build/depthai_examples': CMAKE_PREFIX_PATH=/home/ugv/ugv_ros2_ws/install/depthai_descriptions:/home/ugv/ugv_ros2_ws/install/ugv_msgs:/home/ugv/ugv_ros2_ws/install/depthai_ros_driver:/home/ugv/ugv_ros2_ws/install/depthai_bridge:/home/ugv/ugv_ros2_ws/install/depthai_ros_msgs:/home/ugv/NGCP/NGCP_25_26/install/ugv_msgs:/home/ugv/xsens_ros2_ws/install/xsens_mti_ros2_driver:/home/ugv/xsens_ros2_ws/install/ntrip:/home/ugv/ugv_ros2_ws/install/ugv_teleop:/home/ugv/ugv_ros2_ws/install/ugv_telemetry:/home/ugv/install/ugv_telemetry:/home/ugv/NGCP/NGCP_25_26/install/ngcp_ugv:/opt/ros/humble GAZEBO_MODEL_PATH=/home/ugv/ugv_ros2_ws/install/depthai_descriptions:${GAZEBO_MODEL_PATH} GAZEBO_RESOURCE_PATH=/home/ugv/ugv_ros2_ws/install/depthai_descriptions:${GAZEBO_RESOURCE_PATH} IGN_GAZEBO_MODEL_PATH=/home/ugv/ugv_ros2_ws/install/depthai_descriptions:${IGN_GAZEBO_MODEL_PATH} IGN_GAZEBO_RESOURCE_PATH=/home/ugv/ugv_ros2_ws/install/depthai_descriptions:${IGN_GAZEBO_RESOURCE_PATH} /usr/bin/cmake /home/ugv/ugv_ros2_ws/src/depthai-ros/depthai_examples -DAMENT_CMAKE_SYMLINK_INSTALL=1 -DCMAKE_INSTALL_PREFIX=/home/ugv/ugv_ros2_ws/install/depthai_examples
[0.188s] -- The CXX compiler identification is GNU 11.4.0
[0.353s] -- The C compiler identification is GNU 11.4.0
[0.379s] -- Detecting CXX compiler ABI info
[0.720s] -- Detecting CXX compiler ABI info - done
[0.746s] -- Check for working CXX compiler: /usr/bin/c++ - skipped
[0.747s] -- Detecting CXX compile features
[0.747s] -- Detecting CXX compile features - done
[0.763s] -- Detecting C compiler ABI info
[1.255s] -- Detecting C compiler ABI info - done
[1.286s] -- Check for working C compiler: /usr/bin/cc - skipped
[1.286s] -- Detecting C compile features
[1.289s] -- Detecting C compile features - done
[1.719s] -- Found ament_cmake: 1.3.13 (/opt/ros/humble/share/ament_cmake/cmake)
[2.608s] -- Found Python3: /usr/bin/python3 (found version "3.10.12") found components: Interpreter 
[2.944s] -- Override CMake install command with custom implementation using symlinks instead of copying resources
[3.051s] -- ------------------------------------------
[3.052s] -- Depthai Bridge is being built using AMENT.
[3.052s] -- ------------------------------------------
[3.059s] -- Found camera_info_manager: 3.1.12 (/opt/ros/humble/share/camera_info_manager/cmake)
[3.266s] -- Found rosidl_generator_c: 3.1.8 (/opt/ros/humble/share/rosidl_generator_c/cmake)
[3.291s] -- Found rosidl_adapter: 3.1.8 (/opt/ros/humble/share/rosidl_adapter/cmake)
[3.325s] -- Found rosidl_generator_cpp: 3.1.8 (/opt/ros/humble/share/rosidl_generator_cpp/cmake)
[3.377s] -- Using all available rosidl_typesupport_c: rosidl_typesupport_fastrtps_c;rosidl_typesupport_introspection_c
[3.460s] -- Using all available rosidl_typesupport_cpp: rosidl_typesupport_fastrtps_cpp;rosidl_typesupport_introspection_cpp
[3.677s] -- Found rmw_implementation_cmake: 6.1.2 (/opt/ros/humble/share/rmw_implementation_cmake/cmake)
[3.684s] -- Found rmw_fastrtps_cpp: 6.2.10 (/opt/ros/humble/share/rmw_fastrtps_cpp/cmake)
[4.351s] -- Found OpenSSL: /usr/lib/aarch64-linux-gnu/libcrypto.so (found version "3.0.2")  
[4.489s] -- Found FastRTPS: /opt/ros/humble/include  
[4.694s] -- Using RMW implementation 'rmw_fastrtps_cpp' as default
[4.743s] -- Looking for pthread.h
[5.131s] -- Looking for pthread.h - found
[5.131s] -- Performing Test CMAKE_HAVE_LIBC_PTHREAD
[5.574s] -- Performing Test CMAKE_HAVE_LIBC_PTHREAD - Success
[5.577s] -- Found Threads: TRUE  
[6.069s] -- Found cv_bridge: 3.2.1 (/opt/ros/humble/share/cv_bridge/cmake)
[6.177s] -- Found depthai_ros_msgs: 2.12.2 (/opt/ros/humble/share/depthai_ros_msgs/cmake)
[6.343s] -- Found depthai_bridge: 2.12.2 (/opt/ros/humble/share/depthai_bridge/cmake)
[7.186s] -- Found eigen3_cmake_module: 0.1.1 (/opt/ros/humble/share/eigen3_cmake_module/cmake)
[7.194s] -- Found Eigen3: TRUE (found version "3.4.0") 
[7.195s] -- Ensuring Eigen3 include directory is part of orocos-kdl CMake target
[7.820s] -- Configuring done
[8.127s] -- Generating done
[8.235s] -- Build files have been written to: /home/ugv/ugv_ros2_ws/build/depthai_examples
[8.817s] Invoked command in '/home/ugv/ugv_ros2_ws/build/depthai_examples' returned '0': CMAKE_PREFIX_PATH=/home/ugv/ugv_ros2_ws/install/depthai_descriptions:/home/ugv/ugv_ros2_ws/install/ugv_msgs:/home/ugv/ugv_ros2_ws/install/depthai_ros_driver:/home/ugv/ugv_ros2_ws/install/depthai_bridge:/home/ugv/ugv_ros2_ws/install/depthai_ros_msgs:/home/ugv/NGCP/NGCP_25_26/install/ugv_msgs:/home/ugv/xsens_ros2_ws/install/xsens_mti_ros2_driver:/home/ugv/xsens_ros2_ws/install/ntrip:/home/ugv/ugv_ros2_ws/install/ugv_teleop:/home/ugv/ugv_ros2_ws/install/ugv_telemetry:/home/ugv/install/ugv_telemetry:/home/ugv/NGCP/NGCP_25_26/install/ngcp_ugv:/opt/ros/humble GAZEBO_MODEL_PATH=/home/ugv/ugv_ros2_ws/install/depthai_descriptions:${GAZEBO_MODEL_PATH} GAZEBO_RESOURCE_PATH=/home/ugv/ugv_ros2_ws/install/depthai_descriptions:${GAZEBO_RESOURCE_PATH} IGN_GAZEBO_MODEL_PATH=/home/ugv/ugv_ros2_ws/install/depthai_descriptions:${IGN_GAZEBO_MODEL_PATH} IGN_GAZEBO_RESOURCE_PATH=/home/ugv/ugv_ros2_ws/install/depthai_descriptions:${IGN_GAZEBO_RESOURCE_PATH} /usr/bin/cmake /home/ugv/ugv_ros2_ws/src/depthai-ros/depthai_examples -DAMENT_CMAKE_SYMLINK_INSTALL=1 -DCMAKE_INSTALL_PREFIX=/home/ugv/ugv_ros2_ws/install/depthai_examples
[8.818s] Invoking command in '/home/ugv/ugv_ros2_ws/build/depthai_examples': CMAKE_PREFIX_PATH=/home/ugv/ugv_ros2_ws/install/depthai_descriptions:/home/ugv/ugv_ros2_ws/install/ugv_msgs:/home/ugv/ugv_ros2_ws/install/depthai_ros_driver:/home/ugv/ugv_ros2_ws/install/depthai_bridge:/home/ugv/ugv_ros2_ws/install/depthai_ros_msgs:/home/ugv/NGCP/NGCP_25_26/install/ugv_msgs:/home/ugv/xsens_ros2_ws/install/xsens_mti_ros2_driver:/home/ugv/xsens_ros2_ws/install/ntrip:/home/ugv/ugv_ros2_ws/install/ugv_teleop:/home/ugv/ugv_ros2_ws/install/ugv_telemetry:/home/ugv/install/ugv_telemetry:/home/ugv/NGCP/NGCP_25_26/install/ngcp_ugv:/opt/ros/humble GAZEBO_MODEL_PATH=/home/ugv/ugv_ros2_ws/install/depthai_descriptions:${GAZEBO_MODEL_PATH} GAZEBO_RESOURCE_PATH=/home/ugv/ugv_ros2_ws/install/depthai_descriptions:${GAZEBO_RESOURCE_PATH} IGN_GAZEBO_MODEL_PATH=/home/ugv/ugv_ros2_ws/install/depthai_descriptions:${IGN_GAZEBO_MODEL_PATH} IGN_GAZEBO_RESOURCE_PATH=/home/ugv/ugv_ros2_ws/install/depthai_descriptions:${IGN_GAZEBO_RESOURCE_PATH} /usr/bin/cmake --build /home/ugv/ugv_ros2_ws/build/depthai_examples -- -j6 -l6
[9.198s] [  5%] [32mBuilding CXX object CMakeFiles/crop_control_service.dir/src/crop_control_service.cpp.o[0m
[9.230s] [ 10%] [32mBuilding CXX object CMakeFiles/mobilenet_node.dir/src/mobilenet_publisher.cpp.o[0m
[9.246s] [ 15%] [32mBuilding CXX object CMakeFiles/stereo_inertial_node.dir/src/stereo_inertial_publisher.cpp.o[0m
[9.256s] [ 20%] [32mBuilding CXX object CMakeFiles/rgb_stereo_node.dir/src/rgb_stereo_node.cpp.o[0m
[9.268s] [ 30%] [32mBuilding CXX object CMakeFiles/stereo_node.dir/src/stereo_publisher.cpp.o[0m
[9.270s] [ 25%] [32mBuilding CXX object CMakeFiles/feature_tracker.dir/src/feature_tracker_publisher.cpp.o[0m
[37.435s] [ 35%] [32m[1mLinking CXX executable crop_control_service[0m
[40.188s] [ 35%] Built target crop_control_service
