[1.314s] Invoking command in '/home/ugv/NGCP/NGCP_25_26/ugv-integration-2526/src/NGCP_UGV': PYTHONPATH=/home/ugv/NGCP/NGCP_25_26/ugv-integration-2526/build/ngcp_ugv/prefix_override:/usr/lib/python3/dist-packages/colcon_core/task/python/colcon_distutils_commands:/home/ugv/NGCP/NGCP_25_26/ugv-integration-2526/install/ngcp_ugv/lib/python3.10/site-packages:${PYTHONPATH} /usr/bin/python3 -W ignore:setup.py install is deprecated -W ignore:easy_install command is deprecated setup.py egg_info --egg-base ../../build/ngcp_ugv build --build-base /home/ugv/NGCP/NGCP_25_26/ugv-integration-2526/build/ngcp_ugv/build install --record /home/ugv/NGCP/NGCP_25_26/ugv-integration-2526/build/ngcp_ugv/install.log --single-version-externally-managed install_data
[1.816s] running egg_info
[1.817s] writing ../../build/ngcp_ugv/ngcp_ugv.egg-info/PKG-INFO
[1.817s] writing dependency_links to ../../build/ngcp_ugv/ngcp_ugv.egg-info/dependency_links.txt
[1.818s] writing entry points to ../../build/ngcp_ugv/ngcp_ugv.egg-info/entry_points.txt
[1.818s] writing requirements to ../../build/ngcp_ugv/ngcp_ugv.egg-info/requires.txt
[1.819s] writing top-level names to ../../build/ngcp_ugv/ngcp_ugv.egg-info/top_level.txt
[1.823s] reading manifest file '../../build/ngcp_ugv/ngcp_ugv.egg-info/SOURCES.txt'
[1.825s] writing manifest file '../../build/ngcp_ugv/ngcp_ugv.egg-info/SOURCES.txt'
[1.825s] running build
[1.825s] running build_py
[1.826s] copying ngcp_ugv/ugv_control_sub.py -> /home/ugv/NGCP/NGCP_25_26/ugv-integration-2526/build/ngcp_ugv/build/lib/ngcp_ugv
[1.826s] running install
[1.827s] running install_lib
[1.831s] copying /home/ugv/NGCP/NGCP_25_26/ugv-integration-2526/build/ngcp_ugv/build/lib/ngcp_ugv/ugv_control_sub.py -> /home/ugv/NGCP/NGCP_25_26/ugv-integration-2526/install/ngcp_ugv/lib/python3.10/site-packages/ngcp_ugv
[1.832s] byte-compiling /home/ugv/NGCP/NGCP_25_26/ugv-integration-2526/install/ngcp_ugv/lib/python3.10/site-packages/ngcp_ugv/ugv_control_sub.py to ugv_control_sub.cpython-310.pyc
[1.835s] running install_data
[1.835s] running install_egg_info
[1.839s] removing '/home/ugv/NGCP/NGCP_25_26/ugv-integration-2526/install/ngcp_ugv/lib/python3.10/site-packages/ngcp_ugv-0.0.0-py3.10.egg-info' (and everything under it)
[1.839s] Copying ../../build/ngcp_ugv/ngcp_ugv.egg-info to /home/ugv/NGCP/NGCP_25_26/ugv-integration-2526/install/ngcp_ugv/lib/python3.10/site-packages/ngcp_ugv-0.0.0-py3.10.egg-info
[1.841s] running install_scripts
[1.883s] Installing ugv_arm_sub script to /home/ugv/NGCP/NGCP_25_26/ugv-integration-2526/install/ngcp_ugv/lib/ngcp_ugv
[1.884s] Installing ugv_control_pub script to /home/ugv/NGCP/NGCP_25_26/ugv-integration-2526/install/ngcp_ugv/lib/ngcp_ugv
[1.884s] Installing ugv_control_sub script to /home/ugv/NGCP/NGCP_25_26/ugv-integration-2526/install/ngcp_ugv/lib/ngcp_ugv
[1.885s] writing list of installed files to '/home/ugv/NGCP/NGCP_25_26/ugv-integration-2526/build/ngcp_ugv/install.log'
[1.957s] Invoked command in '/home/ugv/NGCP/NGCP_25_26/ugv-integration-2526/src/NGCP_UGV' returned '0': PYTHONPATH=/home/ugv/NGCP/NGCP_25_26/ugv-integration-2526/build/ngcp_ugv/prefix_override:/usr/lib/python3/dist-packages/colcon_core/task/python/colcon_distutils_commands:/home/ugv/NGCP/NGCP_25_26/ugv-integration-2526/install/ngcp_ugv/lib/python3.10/site-packages:${PYTHONPATH} /usr/bin/python3 -W ignore:setup.py install is deprecated -W ignore:easy_install command is deprecated setup.py egg_info --egg-base ../../build/ngcp_ugv build --build-base /home/ugv/NGCP/NGCP_25_26/ugv-integration-2526/build/ngcp_ugv/build install --record /home/ugv/NGCP/NGCP_25_26/ugv-integration-2526/build/ngcp_ugv/install.log --single-version-externally-managed install_data
