[0.183s] Invoking command in '/home/kayla/NGCP/build/ugv_msgs': /usr/bin/cmake /home/kayla/NGCP/src/ugv_msgs -DCMAKE_INSTALL_PREFIX=/home/kayla/NGCP/install/ugv_msgs
[0.468s] -- Found ament_cmake: 1.3.12 (/opt/ros/humble/share/ament_cmake/cmake)
[3.329s] Traceback (most recent call last):
[3.334s]   File "/opt/ros/humble/share/ament_cmake_core/cmake/package_templates/templates_2_cmake.py", line 21, in <module>
[3.336s]     from ament_package.templates import get_environment_hook_template_path
[3.338s] ModuleNotFoundError: No module named 'ament_package'
[3.553s] [31mCMake Error at /opt/ros/humble/share/ament_cmake_core/cmake/ament_cmake_package_templates-extras.cmake:41 (message):
[3.554s]   execute_process(/usr/bin/python3
[3.558s]   /opt/ros/humble/share/ament_cmake_core/cmake/package_templates/templates_2_cmake.py
[3.560s]   /home/kayla/NGCP/build/ugv_msgs/ament_cmake_package_templates/templates.cmake)
[3.565s]   returned error code 1
[3.570s] Call Stack (most recent call first):
[3.573s]   /opt/ros/humble/share/ament_cmake_core/cmake/ament_cmake_coreConfig.cmake:41 (include)
[3.575s]   /opt/ros/humble/share/ament_cmake/cmake/ament_cmake_export_dependencies-extras.cmake:15 (find_package)
[3.588s]   /opt/ros/humble/share/ament_cmake/cmake/ament_cmakeConfig.cmake:41 (include)
[3.590s]   CMakeLists.txt:9 (find_package)
[3.593s] 
[3.600s] [0m
[3.607s] -- Configuring incomplete, errors occurred!
[3.610s] See also "/home/kayla/NGCP/build/ugv_msgs/CMakeFiles/CMakeOutput.log".
