[0.002s] Invoking command in '/home/lev/ngcp_ws/build/ugv_msgs': CMAKE_PREFIX_PATH=${CMAKE_PREFIX_PATH}:/home/lev/ngcp_ws/install/NGCP_UGV:/home/lev/ros2_ws/install/my_robot_controller:/opt/ros/humble /usr/bin/cmake /home/lev/ngcp_ws/src/ugv_msgs -DAMENT_CMAKE_SYMLINK_INSTALL=1 -DCMAKE_INSTALL_PREFIX=/home/lev/ngcp_ws/install/ugv_msgs
[0.034s] -- The C compiler identification is GNU 11.4.0
[0.060s] -- The CXX compiler identification is GNU 11.4.0
[0.063s] -- Detecting C compiler ABI info
[0.089s] -- Detecting C compiler ABI info - done
[0.092s] -- Check for working C compiler: /usr/bin/cc - skipped
[0.092s] -- Detecting C compile features
[0.092s] -- Detecting C compile features - done
[0.093s] -- Detecting CXX compiler ABI info
[0.125s] -- Detecting CXX compiler ABI info - done
[0.128s] -- Check for working CXX compiler: /usr/bin/c++ - skipped
[0.128s] -- Detecting CXX compile features
[0.128s] -- Detecting CXX compile features - done
[0.129s] -- Found ament_cmake: 1.3.12 (/opt/ros/humble/share/ament_cmake/cmake)
[0.186s] -- Found Python3: /usr/bin/python3 (found version "3.10.12") found components: Interpreter 
[0.211s] -- Override CMake install command with custom implementation using symlinks instead of copying resources
[0.221s] -- Found rosidl_default_generators: 1.2.0 (/opt/ros/humble/share/rosidl_default_generators/cmake)
[0.223s] -- Using all available rosidl_typesupport_c: rosidl_typesupport_fastrtps_c;rosidl_typesupport_introspection_c
[0.225s] -- Found rosidl_adapter: 3.1.7 (/opt/ros/humble/share/rosidl_adapter/cmake)
[0.240s] -- Using all available rosidl_typesupport_cpp: rosidl_typesupport_fastrtps_cpp;rosidl_typesupport_introspection_cpp
[0.349s] -- Found ament_cmake_ros: 0.10.0 (/opt/ros/humble/share/ament_cmake_ros/cmake)
[0.418s] -- Using all available rosidl_typesupport_c: rosidl_typesupport_fastrtps_c;rosidl_typesupport_introspection_c
[0.510s] -- Using all available rosidl_typesupport_cpp: rosidl_typesupport_fastrtps_cpp;rosidl_typesupport_introspection_cpp
[0.520s] -- Found PythonInterp: /usr/bin/python3 (found suitable version "3.10.12", minimum required is "3.6") 
[0.521s] -- Found python_cmake_module: 0.10.0 (/opt/ros/humble/share/python_cmake_module/cmake)
[0.531s] -- Found PythonLibs: /usr/lib/aarch64-linux-gnu/libpython3.10.so (found suitable version "3.10.12", minimum required is "3.5") 
[0.531s] -- Using PYTHON_EXECUTABLE: /usr/bin/python3
[0.531s] -- Using PYTHON_INCLUDE_DIRS: /usr/include/python3.10
[0.531s] -- Using PYTHON_LIBRARIES: /usr/lib/aarch64-linux-gnu/libpython3.10.so
[0.540s] -- Found PythonExtra: .so  
[0.553s] -- Found ament_lint_auto: 0.12.14 (/opt/ros/humble/share/ament_lint_auto/cmake)
[0.560s] -- Added test 'lint_cmake' to check CMake code style
[0.560s] -- Added test 'xmllint' to check XML markup files
[0.562s] -- Configuring done
[0.572s] -- Generating done
[0.575s] -- Build files have been written to: /home/lev/ngcp_ws/build/ugv_msgs
[0.578s] Invoked command in '/home/lev/ngcp_ws/build/ugv_msgs' returned '0': CMAKE_PREFIX_PATH=${CMAKE_PREFIX_PATH}:/home/lev/ngcp_ws/install/NGCP_UGV:/home/lev/ros2_ws/install/my_robot_controller:/opt/ros/humble /usr/bin/cmake /home/lev/ngcp_ws/src/ugv_msgs -DAMENT_CMAKE_SYMLINK_INSTALL=1 -DCMAKE_INSTALL_PREFIX=/home/lev/ngcp_ws/install/ugv_msgs
[0.579s] Invoking command in '/home/lev/ngcp_ws/build/ugv_msgs': CMAKE_PREFIX_PATH=${CMAKE_PREFIX_PATH}:/home/lev/ngcp_ws/install/NGCP_UGV:/home/lev/ros2_ws/install/my_robot_controller:/opt/ros/humble /usr/bin/cmake --build /home/lev/ngcp_ws/build/ugv_msgs -- -j4 -l4
[0.591s] [  2%] [34m[1mGenerating C code for ROS interfaces[0m
[0.594s] [  5%] [34m[1mGenerating C++ code for ROS interfaces[0m
[0.597s] [  5%] Built target ament_cmake_python_symlink_ugv_msgs
[0.700s] running egg_info
[0.700s] creating ugv_msgs.egg-info
[0.700s] writing ugv_msgs.egg-info/PKG-INFO
[0.700s] writing dependency_links to ugv_msgs.egg-info/dependency_links.txt
[0.700s] writing top-level names to ugv_msgs.egg-info/top_level.txt
[0.700s] writing manifest file 'ugv_msgs.egg-info/SOURCES.txt'
[0.701s] reading manifest file 'ugv_msgs.egg-info/SOURCES.txt'
[0.701s] writing manifest file 'ugv_msgs.egg-info/SOURCES.txt'
[0.715s] [  5%] Built target ament_cmake_python_build_ugv_msgs_egg
[0.725s] [  5%] Built target ugv_msgs__cpp
[0.728s] [  7%] [34m[1mGenerating C++ type support dispatch for ROS interfaces[0m
[0.730s] [ 10%] [34m[1mGenerating C++ type support for eProsima Fast-RTPS[0m
[0.730s] [ 12%] [34m[1mGenerating C++ introspection for ROS interfaces[0m
[0.736s] [ 15%] [32mBuilding C object CMakeFiles/ugv_msgs__rosidl_generator_c.dir/rosidl_generator_c/ugv_msgs/msg/detail/man_ctrl__functions.c.o[0m
[0.759s] [ 17%] [32mBuilding C object CMakeFiles/ugv_msgs__rosidl_generator_c.dir/rosidl_generator_c/ugv_msgs/msg/detail/auto_ctrl__functions.c.o[0m
[0.778s] [ 20%] [32m[1mLinking C shared library libugv_msgs__rosidl_generator_c.so[0m
[0.791s] [ 20%] Built target ugv_msgs__rosidl_generator_c
[0.794s] [ 23%] [34m[1mGenerating C type support for eProsima Fast-RTPS[0m
[0.842s] [ 25%] [32mBuilding CXX object CMakeFiles/ugv_msgs__rosidl_typesupport_cpp.dir/rosidl_typesupport_cpp/ugv_msgs/msg/man_ctrl__type_support.cpp.o[0m
[0.854s] [ 28%] [32mBuilding CXX object CMakeFiles/ugv_msgs__rosidl_typesupport_introspection_cpp.dir/rosidl_typesupport_introspection_cpp/ugv_msgs/msg/detail/man_ctrl__type_support.cpp.o[0m
[0.857s] [ 30%] [32mBuilding CXX object CMakeFiles/ugv_msgs__rosidl_typesupport_fastrtps_cpp.dir/rosidl_typesupport_fastrtps_cpp/ugv_msgs/msg/detail/dds_fastrtps/man_ctrl__type_support.cpp.o[0m
[0.939s] [ 33%] [32mBuilding CXX object CMakeFiles/ugv_msgs__rosidl_typesupport_fastrtps_c.dir/rosidl_typesupport_fastrtps_c/ugv_msgs/msg/detail/man_ctrl__type_support_c.cpp.o[0m
[0.960s] [ 35%] [32mBuilding CXX object CMakeFiles/ugv_msgs__rosidl_typesupport_cpp.dir/rosidl_typesupport_cpp/ugv_msgs/msg/auto_ctrl__type_support.cpp.o[0m
[1.045s] [ 38%] [32mBuilding CXX object CMakeFiles/ugv_msgs__rosidl_typesupport_fastrtps_cpp.dir/rosidl_typesupport_fastrtps_cpp/ugv_msgs/msg/detail/dds_fastrtps/auto_ctrl__type_support.cpp.o[0m
[1.047s] [ 41%] [32mBuilding CXX object CMakeFiles/ugv_msgs__rosidl_typesupport_introspection_cpp.dir/rosidl_typesupport_introspection_cpp/ugv_msgs/msg/detail/auto_ctrl__type_support.cpp.o[0m
[1.081s] [ 43%] [32m[1mLinking CXX shared library libugv_msgs__rosidl_typesupport_cpp.so[0m
[1.092s] [ 46%] [32mBuilding CXX object CMakeFiles/ugv_msgs__rosidl_typesupport_fastrtps_c.dir/rosidl_typesupport_fastrtps_c/ugv_msgs/msg/detail/auto_ctrl__type_support_c.cpp.o[0m
[1.097s] [ 46%] Built target ugv_msgs__rosidl_typesupport_cpp
[1.101s] [ 48%] [34m[1mGenerating C introspection for ROS interfaces[0m
[1.185s] [ 51%] [32m[1mLinking CXX shared library libugv_msgs__rosidl_typesupport_introspection_cpp.so[0m
[1.199s] [ 53%] [32m[1mLinking CXX shared library libugv_msgs__rosidl_typesupport_fastrtps_cpp.so[0m
[1.214s] [ 53%] Built target ugv_msgs__rosidl_typesupport_introspection_cpp
[1.219s] [ 56%] [34m[1mGenerating C type support dispatch for ROS interfaces[0m
[1.229s] [ 58%] [32m[1mLinking CXX shared library libugv_msgs__rosidl_typesupport_fastrtps_c.so[0m
[1.230s] [ 58%] Built target ugv_msgs__rosidl_typesupport_fastrtps_cpp
[1.233s] [ 61%] [32mBuilding C object CMakeFiles/ugv_msgs__rosidl_typesupport_introspection_c.dir/rosidl_typesupport_introspection_c/ugv_msgs/msg/detail/man_ctrl__type_support.c.o[0m
[1.235s] [ 64%] [32mBuilding C object CMakeFiles/ugv_msgs__rosidl_typesupport_introspection_c.dir/rosidl_typesupport_introspection_c/ugv_msgs/msg/detail/auto_ctrl__type_support.c.o[0m
[1.259s] [ 66%] [32m[1mLinking C shared library libugv_msgs__rosidl_typesupport_introspection_c.so[0m
[1.261s] [ 66%] Built target ugv_msgs__rosidl_typesupport_fastrtps_c
[1.269s] [ 66%] Built target ugv_msgs__rosidl_typesupport_introspection_c
[1.315s] [ 71%] [32mBuilding CXX object CMakeFiles/ugv_msgs__rosidl_typesupport_c.dir/rosidl_typesupport_c/ugv_msgs/msg/man_ctrl__type_support.cpp.o[0m
[1.316s] [ 71%] [32mBuilding CXX object CMakeFiles/ugv_msgs__rosidl_typesupport_c.dir/rosidl_typesupport_c/ugv_msgs/msg/auto_ctrl__type_support.cpp.o[0m
[1.328s] [ 74%] [32m[1mLinking CXX shared library libugv_msgs__rosidl_typesupport_c.so[0m
[1.342s] [ 74%] Built target ugv_msgs__rosidl_typesupport_c
[1.348s] [ 74%] Built target ugv_msgs
[1.354s] [ 76%] [34m[1mGenerating Python code for ROS interfaces[0m
[1.496s] [ 76%] Built target ugv_msgs__py
[1.502s] [ 79%] [32mBuilding C object CMakeFiles/ugv_msgs__rosidl_generator_py.dir/rosidl_generator_py/ugv_msgs/msg/_man_ctrl_s.c.o[0m
[1.502s] [ 82%] [32mBuilding C object CMakeFiles/ugv_msgs__rosidl_generator_py.dir/rosidl_generator_py/ugv_msgs/msg/_auto_ctrl_s.c.o[0m
[1.543s] [ 84%] [32m[1mLinking C shared library rosidl_generator_py/ugv_msgs/libugv_msgs__rosidl_generator_py.so[0m
[1.555s] [ 84%] Built target ugv_msgs__rosidl_generator_py
[1.562s] [ 92%] [32mBuilding C object CMakeFiles/ugv_msgs__rosidl_typesupport_c__pyext.dir/rosidl_generator_py/ugv_msgs/_ugv_msgs_s.ep.rosidl_typesupport_c.c.o[0m
[1.562s] [ 92%] [32mBuilding C object CMakeFiles/ugv_msgs__rosidl_typesupport_fastrtps_c__pyext.dir/rosidl_generator_py/ugv_msgs/_ugv_msgs_s.ep.rosidl_typesupport_fastrtps_c.c.o[0m
[1.562s] [ 92%] [32mBuilding C object CMakeFiles/ugv_msgs__rosidl_typesupport_introspection_c__pyext.dir/rosidl_generator_py/ugv_msgs/_ugv_msgs_s.ep.rosidl_typesupport_introspection_c.c.o[0m
[1.598s] [ 97%] [32m[1mLinking C shared library rosidl_generator_py/ugv_msgs/ugv_msgs_s__rosidl_typesupport_c.cpython-310-aarch64-linux-gnu.so[0m
[1.598s] [ 97%] [32m[1mLinking C shared library rosidl_generator_py/ugv_msgs/ugv_msgs_s__rosidl_typesupport_introspection_c.cpython-310-aarch64-linux-gnu.so[0m
[1.598s] [100%] [32m[1mLinking C shared library rosidl_generator_py/ugv_msgs/ugv_msgs_s__rosidl_typesupport_fastrtps_c.cpython-310-aarch64-linux-gnu.so[0m
[1.610s] [100%] Built target ugv_msgs__rosidl_typesupport_c__pyext
[1.610s] [100%] Built target ugv_msgs__rosidl_typesupport_introspection_c__pyext
[1.610s] [100%] Built target ugv_msgs__rosidl_typesupport_fastrtps_c__pyext
[1.614s] Invoked command in '/home/lev/ngcp_ws/build/ugv_msgs' returned '0': CMAKE_PREFIX_PATH=${CMAKE_PREFIX_PATH}:/home/lev/ngcp_ws/install/NGCP_UGV:/home/lev/ros2_ws/install/my_robot_controller:/opt/ros/humble /usr/bin/cmake --build /home/lev/ngcp_ws/build/ugv_msgs -- -j4 -l4
[1.617s] Invoking command in '/home/lev/ngcp_ws/build/ugv_msgs': CMAKE_PREFIX_PATH=${CMAKE_PREFIX_PATH}:/home/lev/ngcp_ws/install/NGCP_UGV:/home/lev/ros2_ws/install/my_robot_controller:/opt/ros/humble /usr/bin/cmake --install /home/lev/ngcp_ws/build/ugv_msgs
[1.620s] -- Install configuration: ""
[1.620s] -- Execute custom install script
[1.620s] -- Symlinking: /home/lev/ngcp_ws/install/ugv_msgs/share/ament_index/resource_index/rosidl_interfaces/ugv_msgs
[1.623s] -- Symlinking: /home/lev/ngcp_ws/install/ugv_msgs/include/ugv_msgs/ugv_msgs/msg/auto_ctrl.h
[1.625s] -- Symlinking: /home/lev/ngcp_ws/install/ugv_msgs/include/ugv_msgs/ugv_msgs/msg/detail/auto_ctrl__functions.h
[1.628s] -- Symlinking: /home/lev/ngcp_ws/install/ugv_msgs/include/ugv_msgs/ugv_msgs/msg/detail/auto_ctrl__struct.h
[1.630s] -- Symlinking: /home/lev/ngcp_ws/install/ugv_msgs/include/ugv_msgs/ugv_msgs/msg/detail/auto_ctrl__type_support.h
[1.632s] -- Symlinking: /home/lev/ngcp_ws/install/ugv_msgs/include/ugv_msgs/ugv_msgs/msg/detail/man_ctrl__functions.h
[1.635s] -- Symlinking: /home/lev/ngcp_ws/install/ugv_msgs/include/ugv_msgs/ugv_msgs/msg/detail/man_ctrl__struct.h
[1.637s] -- Symlinking: /home/lev/ngcp_ws/install/ugv_msgs/include/ugv_msgs/ugv_msgs/msg/detail/man_ctrl__type_support.h
[1.639s] -- Symlinking: /home/lev/ngcp_ws/install/ugv_msgs/include/ugv_msgs/ugv_msgs/msg/man_ctrl.h
[1.642s] -- Symlinking: /home/lev/ngcp_ws/install/ugv_msgs/include/ugv_msgs/ugv_msgs/msg/rosidl_generator_c__visibility_control.h
[1.644s] -- Symlinking: /home/lev/ngcp_ws/install/ugv_msgs/share/ugv_msgs/environment/library_path.sh
[1.647s] -- Symlinking: /home/lev/ngcp_ws/install/ugv_msgs/share/ugv_msgs/environment/library_path.dsv
[1.650s] -- Symlinking: /home/lev/ngcp_ws/install/ugv_msgs/include/ugv_msgs/ugv_msgs/msg/detail/auto_ctrl__rosidl_typesupport_fastrtps_c.h
[1.652s] -- Symlinking: /home/lev/ngcp_ws/install/ugv_msgs/include/ugv_msgs/ugv_msgs/msg/detail/man_ctrl__rosidl_typesupport_fastrtps_c.h
[1.654s] -- Symlinking: /home/lev/ngcp_ws/install/ugv_msgs/include/ugv_msgs/ugv_msgs/msg/rosidl_typesupport_fastrtps_c__visibility_control.h
[1.657s] -- Symlinking: /home/lev/ngcp_ws/install/ugv_msgs/include/ugv_msgs/ugv_msgs/msg/detail/auto_ctrl__rosidl_typesupport_introspection_c.h
[1.659s] -- Symlinking: /home/lev/ngcp_ws/install/ugv_msgs/include/ugv_msgs/ugv_msgs/msg/detail/man_ctrl__rosidl_typesupport_introspection_c.h
[1.662s] -- Symlinking: /home/lev/ngcp_ws/install/ugv_msgs/include/ugv_msgs/ugv_msgs/msg/rosidl_typesupport_introspection_c__visibility_control.h
[1.665s] -- Symlinking: /home/lev/ngcp_ws/install/ugv_msgs/include/ugv_msgs/ugv_msgs/msg/auto_ctrl.hpp
[1.667s] -- Symlinking: /home/lev/ngcp_ws/install/ugv_msgs/include/ugv_msgs/ugv_msgs/msg/detail/auto_ctrl__builder.hpp
[1.669s] -- Symlinking: /home/lev/ngcp_ws/install/ugv_msgs/include/ugv_msgs/ugv_msgs/msg/detail/auto_ctrl__struct.hpp
[1.671s] -- Symlinking: /home/lev/ngcp_ws/install/ugv_msgs/include/ugv_msgs/ugv_msgs/msg/detail/auto_ctrl__traits.hpp
[1.674s] -- Symlinking: /home/lev/ngcp_ws/install/ugv_msgs/include/ugv_msgs/ugv_msgs/msg/detail/auto_ctrl__type_support.hpp
[1.676s] -- Symlinking: /home/lev/ngcp_ws/install/ugv_msgs/include/ugv_msgs/ugv_msgs/msg/detail/man_ctrl__builder.hpp
[1.678s] -- Symlinking: /home/lev/ngcp_ws/install/ugv_msgs/include/ugv_msgs/ugv_msgs/msg/detail/man_ctrl__struct.hpp
[1.681s] -- Symlinking: /home/lev/ngcp_ws/install/ugv_msgs/include/ugv_msgs/ugv_msgs/msg/detail/man_ctrl__traits.hpp
[1.683s] -- Symlinking: /home/lev/ngcp_ws/install/ugv_msgs/include/ugv_msgs/ugv_msgs/msg/detail/man_ctrl__type_support.hpp
[1.685s] -- Symlinking: /home/lev/ngcp_ws/install/ugv_msgs/include/ugv_msgs/ugv_msgs/msg/man_ctrl.hpp
[1.687s] -- Symlinking: /home/lev/ngcp_ws/install/ugv_msgs/include/ugv_msgs/ugv_msgs/msg/rosidl_generator_cpp__visibility_control.hpp
[1.690s] -- Symlinking: /home/lev/ngcp_ws/install/ugv_msgs/include/ugv_msgs/ugv_msgs/msg/detail/auto_ctrl__rosidl_typesupport_fastrtps_cpp.hpp
[1.692s] -- Symlinking: /home/lev/ngcp_ws/install/ugv_msgs/include/ugv_msgs/ugv_msgs/msg/detail/man_ctrl__rosidl_typesupport_fastrtps_cpp.hpp
[1.695s] -- Symlinking: /home/lev/ngcp_ws/install/ugv_msgs/include/ugv_msgs/ugv_msgs/msg/rosidl_typesupport_fastrtps_cpp__visibility_control.h
[1.697s] -- Symlinking: /home/lev/ngcp_ws/install/ugv_msgs/include/ugv_msgs/ugv_msgs/msg/detail/auto_ctrl__rosidl_typesupport_introspection_cpp.hpp
[1.699s] -- Symlinking: /home/lev/ngcp_ws/install/ugv_msgs/include/ugv_msgs/ugv_msgs/msg/detail/man_ctrl__rosidl_typesupport_introspection_cpp.hpp
[1.702s] -- Symlinking: /home/lev/ngcp_ws/install/ugv_msgs/share/ugv_msgs/environment/pythonpath.sh
[1.704s] -- Symlinking: /home/lev/ngcp_ws/install/ugv_msgs/share/ugv_msgs/environment/pythonpath.dsv
[1.706s] -- Symlinking: /home/lev/ngcp_ws/install/ugv_msgs/local/lib/python3.10/dist-packages/ugv_msgs-0.0.0-py3.10.egg-info/PKG-INFO
[1.710s] -- Symlinking: /home/lev/ngcp_ws/install/ugv_msgs/local/lib/python3.10/dist-packages/ugv_msgs-0.0.0-py3.10.egg-info/SOURCES.txt
[1.713s] -- Symlinking: /home/lev/ngcp_ws/install/ugv_msgs/local/lib/python3.10/dist-packages/ugv_msgs-0.0.0-py3.10.egg-info/dependency_links.txt
[1.715s] -- Symlinking: /home/lev/ngcp_ws/install/ugv_msgs/local/lib/python3.10/dist-packages/ugv_msgs-0.0.0-py3.10.egg-info/top_level.txt
[1.718s] -- Symlinking: /home/lev/ngcp_ws/install/ugv_msgs/local/lib/python3.10/dist-packages/ugv_msgs/__init__.py
[1.721s] -- Symlinking: /home/lev/ngcp_ws/install/ugv_msgs/local/lib/python3.10/dist-packages/ugv_msgs/_ugv_msgs_s.ep.rosidl_typesupport_c.c
[1.723s] -- Symlinking: /home/lev/ngcp_ws/install/ugv_msgs/local/lib/python3.10/dist-packages/ugv_msgs/_ugv_msgs_s.ep.rosidl_typesupport_fastrtps_c.c
[1.725s] -- Symlinking: /home/lev/ngcp_ws/install/ugv_msgs/local/lib/python3.10/dist-packages/ugv_msgs/_ugv_msgs_s.ep.rosidl_typesupport_introspection_c.c
[1.728s] -- Symlinking: /home/lev/ngcp_ws/install/ugv_msgs/local/lib/python3.10/dist-packages/ugv_msgs/libugv_msgs__rosidl_generator_py.so
[1.731s] -- Symlinking: /home/lev/ngcp_ws/install/ugv_msgs/local/lib/python3.10/dist-packages/ugv_msgs/msg/__init__.py
[1.734s] -- Symlinking: /home/lev/ngcp_ws/install/ugv_msgs/local/lib/python3.10/dist-packages/ugv_msgs/msg/_auto_ctrl.py
[1.736s] -- Symlinking: /home/lev/ngcp_ws/install/ugv_msgs/local/lib/python3.10/dist-packages/ugv_msgs/msg/_auto_ctrl_s.c
[1.738s] -- Symlinking: /home/lev/ngcp_ws/install/ugv_msgs/local/lib/python3.10/dist-packages/ugv_msgs/msg/_man_ctrl.py
[1.741s] -- Symlinking: /home/lev/ngcp_ws/install/ugv_msgs/local/lib/python3.10/dist-packages/ugv_msgs/msg/_man_ctrl_s.c
[1.743s] -- Symlinking: /home/lev/ngcp_ws/install/ugv_msgs/local/lib/python3.10/dist-packages/ugv_msgs/ugv_msgs_s__rosidl_typesupport_c.cpython-310-aarch64-linux-gnu.so
[1.746s] -- Symlinking: /home/lev/ngcp_ws/install/ugv_msgs/local/lib/python3.10/dist-packages/ugv_msgs/ugv_msgs_s__rosidl_typesupport_fastrtps_c.cpython-310-aarch64-linux-gnu.so
[1.748s] -- Symlinking: /home/lev/ngcp_ws/install/ugv_msgs/local/lib/python3.10/dist-packages/ugv_msgs/ugv_msgs_s__rosidl_typesupport_introspection_c.cpython-310-aarch64-linux-gnu.so
[1.750s] -- Up-to-date symlink: /home/lev/ngcp_ws/install/ugv_msgs/local/lib/python3.10/dist-packages/ugv_msgs/ugv_msgs_s__rosidl_typesupport_fastrtps_c.cpython-310-aarch64-linux-gnu.so
[1.750s] -- Up-to-date symlink: /home/lev/ngcp_ws/install/ugv_msgs/local/lib/python3.10/dist-packages/ugv_msgs/ugv_msgs_s__rosidl_typesupport_introspection_c.cpython-310-aarch64-linux-gnu.so
[1.750s] -- Up-to-date symlink: /home/lev/ngcp_ws/install/ugv_msgs/local/lib/python3.10/dist-packages/ugv_msgs/ugv_msgs_s__rosidl_typesupport_c.cpython-310-aarch64-linux-gnu.so
[1.751s] -- Symlinking: /home/lev/ngcp_ws/install/ugv_msgs/share/ugv_msgs/msg/ManCtrl.idl
[1.753s] -- Symlinking: /home/lev/ngcp_ws/install/ugv_msgs/share/ugv_msgs/msg/AutoCtrl.idl
[1.755s] -- Symlinking: /home/lev/ngcp_ws/install/ugv_msgs/share/ugv_msgs/msg/ManCtrl.msg
[1.758s] -- Symlinking: /home/lev/ngcp_ws/install/ugv_msgs/share/ugv_msgs/msg/AutoCtrl.msg
[1.760s] -- Symlinking: /home/lev/ngcp_ws/install/ugv_msgs/share/ament_index/resource_index/package_run_dependencies/ugv_msgs
[1.762s] -- Symlinking: /home/lev/ngcp_ws/install/ugv_msgs/share/ament_index/resource_index/parent_prefix_path/ugv_msgs
[1.765s] -- Symlinking: /home/lev/ngcp_ws/install/ugv_msgs/share/ugv_msgs/environment/ament_prefix_path.sh
[1.767s] -- Symlinking: /home/lev/ngcp_ws/install/ugv_msgs/share/ugv_msgs/environment/ament_prefix_path.dsv
[1.770s] -- Symlinking: /home/lev/ngcp_ws/install/ugv_msgs/share/ugv_msgs/environment/path.sh
[1.772s] -- Symlinking: /home/lev/ngcp_ws/install/ugv_msgs/share/ugv_msgs/environment/path.dsv
[1.774s] -- Symlinking: /home/lev/ngcp_ws/install/ugv_msgs/share/ugv_msgs/local_setup.bash
[1.776s] -- Symlinking: /home/lev/ngcp_ws/install/ugv_msgs/share/ugv_msgs/local_setup.sh
[1.779s] -- Symlinking: /home/lev/ngcp_ws/install/ugv_msgs/share/ugv_msgs/local_setup.zsh
[1.781s] -- Symlinking: /home/lev/ngcp_ws/install/ugv_msgs/share/ugv_msgs/local_setup.dsv
[1.783s] -- Symlinking: /home/lev/ngcp_ws/install/ugv_msgs/share/ugv_msgs/package.dsv
[1.786s] -- Symlinking: /home/lev/ngcp_ws/install/ugv_msgs/share/ament_index/resource_index/packages/ugv_msgs
[1.788s] -- Symlinking: /home/lev/ngcp_ws/install/ugv_msgs/share/ugv_msgs/cmake/rosidl_cmake-extras.cmake
[1.790s] -- Symlinking: /home/lev/ngcp_ws/install/ugv_msgs/share/ugv_msgs/cmake/ament_cmake_export_include_directories-extras.cmake
[1.792s] -- Symlinking: /home/lev/ngcp_ws/install/ugv_msgs/share/ugv_msgs/cmake/ament_cmake_export_libraries-extras.cmake
[1.794s] -- Symlinking: /home/lev/ngcp_ws/install/ugv_msgs/share/ugv_msgs/cmake/ament_cmake_export_targets-extras.cmake
[1.797s] -- Symlinking: /home/lev/ngcp_ws/install/ugv_msgs/share/ugv_msgs/cmake/rosidl_cmake_export_typesupport_targets-extras.cmake
[1.799s] -- Symlinking: /home/lev/ngcp_ws/install/ugv_msgs/share/ugv_msgs/cmake/ament_cmake_export_dependencies-extras.cmake
[1.802s] -- Symlinking: /home/lev/ngcp_ws/install/ugv_msgs/share/ugv_msgs/cmake/rosidl_cmake_export_typesupport_libraries-extras.cmake
[1.804s] -- Symlinking: /home/lev/ngcp_ws/install/ugv_msgs/share/ugv_msgs/cmake/ugv_msgsConfig.cmake
[1.807s] -- Symlinking: /home/lev/ngcp_ws/install/ugv_msgs/share/ugv_msgs/cmake/ugv_msgsConfig-version.cmake
[1.811s] -- Symlinking: /home/lev/ngcp_ws/install/ugv_msgs/share/ugv_msgs/package.xml
[1.813s] -- Installing: /home/lev/ngcp_ws/install/ugv_msgs/lib/libugv_msgs__rosidl_generator_c.so
[1.813s] -- Set runtime path of "/home/lev/ngcp_ws/install/ugv_msgs/lib/libugv_msgs__rosidl_generator_c.so" to ""
[1.813s] -- Installing: /home/lev/ngcp_ws/install/ugv_msgs/lib/libugv_msgs__rosidl_typesupport_fastrtps_c.so
[1.814s] -- Set runtime path of "/home/lev/ngcp_ws/install/ugv_msgs/lib/libugv_msgs__rosidl_typesupport_fastrtps_c.so" to ""
[1.814s] -- Installing: /home/lev/ngcp_ws/install/ugv_msgs/lib/libugv_msgs__rosidl_typesupport_introspection_c.so
[1.814s] -- Set runtime path of "/home/lev/ngcp_ws/install/ugv_msgs/lib/libugv_msgs__rosidl_typesupport_introspection_c.so" to ""
[1.814s] -- Installing: /home/lev/ngcp_ws/install/ugv_msgs/lib/libugv_msgs__rosidl_typesupport_c.so
[1.814s] -- Set runtime path of "/home/lev/ngcp_ws/install/ugv_msgs/lib/libugv_msgs__rosidl_typesupport_c.so" to ""
[1.814s] -- Installing: /home/lev/ngcp_ws/install/ugv_msgs/lib/libugv_msgs__rosidl_typesupport_fastrtps_cpp.so
[1.814s] -- Set runtime path of "/home/lev/ngcp_ws/install/ugv_msgs/lib/libugv_msgs__rosidl_typesupport_fastrtps_cpp.so" to ""
[1.814s] -- Installing: /home/lev/ngcp_ws/install/ugv_msgs/lib/libugv_msgs__rosidl_typesupport_introspection_cpp.so
[1.814s] -- Set runtime path of "/home/lev/ngcp_ws/install/ugv_msgs/lib/libugv_msgs__rosidl_typesupport_introspection_cpp.so" to ""
[1.814s] -- Installing: /home/lev/ngcp_ws/install/ugv_msgs/lib/libugv_msgs__rosidl_typesupport_cpp.so
[1.814s] -- Set runtime path of "/home/lev/ngcp_ws/install/ugv_msgs/lib/libugv_msgs__rosidl_typesupport_cpp.so" to ""
[1.828s] Listing '/home/lev/ngcp_ws/install/ugv_msgs/local/lib/python3.10/dist-packages/ugv_msgs'...
[1.828s] Compiling '/home/lev/ngcp_ws/install/ugv_msgs/local/lib/python3.10/dist-packages/ugv_msgs/__init__.py'...
[1.828s] Listing '/home/lev/ngcp_ws/install/ugv_msgs/local/lib/python3.10/dist-packages/ugv_msgs/msg'...
[1.828s] Compiling '/home/lev/ngcp_ws/install/ugv_msgs/local/lib/python3.10/dist-packages/ugv_msgs/msg/__init__.py'...
[1.828s] Compiling '/home/lev/ngcp_ws/install/ugv_msgs/local/lib/python3.10/dist-packages/ugv_msgs/msg/_auto_ctrl.py'...
[1.828s] Compiling '/home/lev/ngcp_ws/install/ugv_msgs/local/lib/python3.10/dist-packages/ugv_msgs/msg/_man_ctrl.py'...
[1.830s] -- Installing: /home/lev/ngcp_ws/install/ugv_msgs/lib/libugv_msgs__rosidl_generator_py.so
[1.830s] -- Set runtime path of "/home/lev/ngcp_ws/install/ugv_msgs/lib/libugv_msgs__rosidl_generator_py.so" to ""
[1.830s] -- Installing: /home/lev/ngcp_ws/install/ugv_msgs/share/ugv_msgs/cmake/export_ugv_msgs__rosidl_generator_cExport.cmake
[1.830s] -- Installing: /home/lev/ngcp_ws/install/ugv_msgs/share/ugv_msgs/cmake/export_ugv_msgs__rosidl_generator_cExport-noconfig.cmake
[1.830s] -- Installing: /home/lev/ngcp_ws/install/ugv_msgs/share/ugv_msgs/cmake/export_ugv_msgs__rosidl_typesupport_fastrtps_cExport.cmake
[1.830s] -- Installing: /home/lev/ngcp_ws/install/ugv_msgs/share/ugv_msgs/cmake/export_ugv_msgs__rosidl_typesupport_fastrtps_cExport-noconfig.cmake
[1.830s] -- Installing: /home/lev/ngcp_ws/install/ugv_msgs/share/ugv_msgs/cmake/ugv_msgs__rosidl_typesupport_introspection_cExport.cmake
[1.830s] -- Installing: /home/lev/ngcp_ws/install/ugv_msgs/share/ugv_msgs/cmake/ugv_msgs__rosidl_typesupport_introspection_cExport-noconfig.cmake
[1.830s] -- Installing: /home/lev/ngcp_ws/install/ugv_msgs/share/ugv_msgs/cmake/ugv_msgs__rosidl_typesupport_cExport.cmake
[1.830s] -- Installing: /home/lev/ngcp_ws/install/ugv_msgs/share/ugv_msgs/cmake/ugv_msgs__rosidl_typesupport_cExport-noconfig.cmake
[1.831s] -- Installing: /home/lev/ngcp_ws/install/ugv_msgs/share/ugv_msgs/cmake/export_ugv_msgs__rosidl_generator_cppExport.cmake
[1.831s] -- Installing: /home/lev/ngcp_ws/install/ugv_msgs/share/ugv_msgs/cmake/export_ugv_msgs__rosidl_typesupport_fastrtps_cppExport.cmake
[1.831s] -- Installing: /home/lev/ngcp_ws/install/ugv_msgs/share/ugv_msgs/cmake/export_ugv_msgs__rosidl_typesupport_fastrtps_cppExport-noconfig.cmake
[1.831s] -- Installing: /home/lev/ngcp_ws/install/ugv_msgs/share/ugv_msgs/cmake/ugv_msgs__rosidl_typesupport_introspection_cppExport.cmake
[1.831s] -- Installing: /home/lev/ngcp_ws/install/ugv_msgs/share/ugv_msgs/cmake/ugv_msgs__rosidl_typesupport_introspection_cppExport-noconfig.cmake
[1.831s] -- Installing: /home/lev/ngcp_ws/install/ugv_msgs/share/ugv_msgs/cmake/ugv_msgs__rosidl_typesupport_cppExport.cmake
[1.831s] -- Installing: /home/lev/ngcp_ws/install/ugv_msgs/share/ugv_msgs/cmake/ugv_msgs__rosidl_typesupport_cppExport-noconfig.cmake
[1.831s] -- Installing: /home/lev/ngcp_ws/install/ugv_msgs/share/ugv_msgs/cmake/export_ugv_msgs__rosidl_generator_pyExport.cmake
[1.831s] -- Installing: /home/lev/ngcp_ws/install/ugv_msgs/share/ugv_msgs/cmake/export_ugv_msgs__rosidl_generator_pyExport-noconfig.cmake
[1.832s] Invoked command in '/home/lev/ngcp_ws/build/ugv_msgs' returned '0': CMAKE_PREFIX_PATH=${CMAKE_PREFIX_PATH}:/home/lev/ngcp_ws/install/NGCP_UGV:/home/lev/ros2_ws/install/my_robot_controller:/opt/ros/humble /usr/bin/cmake --install /home/lev/ngcp_ws/build/ugv_msgs
