-- Found ament_cmake: 1.3.12 (/opt/ros/humble/share/ament_cmake/cmake)
-- Override CMake install command with custom implementation using symlinks instead of copying resources
-- Found rosidl_default_generators: 1.2.0 (/opt/ros/humble/share/rosidl_default_generators/cmake)
-- Using all available rosidl_typesupport_c: rosidl_typesupport_fastrtps_c;rosidl_typesupport_introspection_c
-- Found rosidl_adapter: 3.1.7 (/opt/ros/humble/share/rosidl_adapter/cmake)
-- Using all available rosidl_typesupport_cpp: rosidl_typesupport_fastrtps_cpp;rosidl_typesupport_introspection_cpp
-- Found ament_cmake_ros: 0.10.0 (/opt/ros/humble/share/ament_cmake_ros/cmake)
-- Using all available rosidl_typesupport_c: rosidl_typesupport_fastrtps_c;rosidl_typesupport_introspection_c
-- Using all available rosidl_typesupport_cpp: rosidl_typesupport_fastrtps_cpp;rosidl_typesupport_introspection_cpp
-- Found python_cmake_module: 0.10.0 (/opt/ros/humble/share/python_cmake_module/cmake)
-- Using PYTHON_EXECUTABLE: /usr/bin/python3
-- Using PYTHON_INCLUDE_DIRS: /usr/include/python3.10
-- Using PYTHON_LIBRARIES: /usr/lib/aarch64-linux-gnu/libpython3.10.so
-- Found ament_lint_auto: 0.12.14 (/opt/ros/humble/share/ament_lint_auto/cmake)
-- Added test 'lint_cmake' to check CMake code style
-- Added test 'xmllint' to check XML markup files
-- Configuring done
-- Generating done
-- Build files have been written to: /home/kayla/NGCP/build/ugv_msgs
[35m[1mConsolidate compiler generated dependencies of target ugv_msgs__rosidl_generator_c[0m
[  2%] Built target ugv_msgs__cpp
[ 12%] Built target ugv_msgs__rosidl_generator_c
[ 12%] Built target ament_cmake_python_symlink_ugv_msgs
[35m[1mConsolidate compiler generated dependencies of target ugv_msgs__rosidl_typesupport_fastrtps_cpp[0m
[35m[1mConsolidate compiler generated dependencies of target ugv_msgs__rosidl_typesupport_introspection_cpp[0m
[35m[1mConsolidate compiler generated dependencies of target ugv_msgs__rosidl_typesupport_cpp[0m
[35m[1mConsolidate compiler generated dependencies of target ugv_msgs__rosidl_typesupport_fastrtps_c[0m
[ 23%] Built target ugv_msgs__rosidl_typesupport_fastrtps_cpp
[ 33%] Built target ugv_msgs__rosidl_typesupport_introspection_cpp
[ 43%] Built target ugv_msgs__rosidl_typesupport_cpp
[ 53%] Built target ugv_msgs__rosidl_typesupport_fastrtps_c
[35m[1mConsolidate compiler generated dependencies of target ugv_msgs__rosidl_typesupport_introspection_c[0m
[35m[1mConsolidate compiler generated dependencies of target ugv_msgs__rosidl_typesupport_c[0m
[ 64%] Built target ugv_msgs__rosidl_typesupport_introspection_c
[ 74%] Built target ugv_msgs__rosidl_typesupport_c
[ 74%] Built target ugv_msgs
[ 76%] Built target ugv_msgs__py
[35m[1mConsolidate compiler generated dependencies of target ugv_msgs__rosidl_generator_py[0m
[ 84%] Built target ugv_msgs__rosidl_generator_py
[35m[1mConsolidate compiler generated dependencies of target ugv_msgs__rosidl_typesupport_c__pyext[0m
[35m[1mConsolidate compiler generated dependencies of target ugv_msgs__rosidl_typesupport_fastrtps_c__pyext[0m
[35m[1mConsolidate compiler generated dependencies of target ugv_msgs__rosidl_typesupport_introspection_c__pyext[0m
[ 89%] Built target ugv_msgs__rosidl_typesupport_fastrtps_c__pyext
[ 94%] Built target ugv_msgs__rosidl_typesupport_introspection_c__pyext
[100%] Built target ugv_msgs__rosidl_typesupport_c__pyext
running egg_info
writing ugv_msgs.egg-info/PKG-INFO
writing dependency_links to ugv_msgs.egg-info/dependency_links.txt
writing top-level names to ugv_msgs.egg-info/top_level.txt
reading manifest file 'ugv_msgs.egg-info/SOURCES.txt'
writing manifest file 'ugv_msgs.egg-info/SOURCES.txt'
[100%] Built target ament_cmake_python_build_ugv_msgs_egg
-- Install configuration: ""
-- Execute custom install script
-- Up-to-date symlink: /home/kayla/NGCP/install/ugv_msgs/share/ament_index/resource_index/rosidl_interfaces/ugv_msgs
-- Up-to-date symlink: /home/kayla/NGCP/install/ugv_msgs/include/ugv_msgs/ugv_msgs/msg/auto_ctrl.h
-- Up-to-date symlink: /home/kayla/NGCP/install/ugv_msgs/include/ugv_msgs/ugv_msgs/msg/detail/auto_ctrl__functions.h
-- Up-to-date symlink: /home/kayla/NGCP/install/ugv_msgs/include/ugv_msgs/ugv_msgs/msg/detail/auto_ctrl__struct.h
-- Up-to-date symlink: /home/kayla/NGCP/install/ugv_msgs/include/ugv_msgs/ugv_msgs/msg/detail/auto_ctrl__type_support.h
-- Up-to-date symlink: /home/kayla/NGCP/install/ugv_msgs/include/ugv_msgs/ugv_msgs/msg/detail/man_ctrl__functions.h
-- Up-to-date symlink: /home/kayla/NGCP/install/ugv_msgs/include/ugv_msgs/ugv_msgs/msg/detail/man_ctrl__struct.h
-- Up-to-date symlink: /home/kayla/NGCP/install/ugv_msgs/include/ugv_msgs/ugv_msgs/msg/detail/man_ctrl__type_support.h
-- Up-to-date symlink: /home/kayla/NGCP/install/ugv_msgs/include/ugv_msgs/ugv_msgs/msg/man_ctrl.h
-- Up-to-date symlink: /home/kayla/NGCP/install/ugv_msgs/include/ugv_msgs/ugv_msgs/msg/rosidl_generator_c__visibility_control.h
-- Up-to-date symlink: /home/kayla/NGCP/install/ugv_msgs/share/ugv_msgs/environment/library_path.sh
-- Up-to-date symlink: /home/kayla/NGCP/install/ugv_msgs/share/ugv_msgs/environment/library_path.dsv
-- Up-to-date symlink: /home/kayla/NGCP/install/ugv_msgs/include/ugv_msgs/ugv_msgs/msg/detail/auto_ctrl__rosidl_typesupport_fastrtps_c.h
-- Up-to-date symlink: /home/kayla/NGCP/install/ugv_msgs/include/ugv_msgs/ugv_msgs/msg/detail/man_ctrl__rosidl_typesupport_fastrtps_c.h
-- Up-to-date symlink: /home/kayla/NGCP/install/ugv_msgs/include/ugv_msgs/ugv_msgs/msg/rosidl_typesupport_fastrtps_c__visibility_control.h
-- Up-to-date symlink: /home/kayla/NGCP/install/ugv_msgs/include/ugv_msgs/ugv_msgs/msg/detail/auto_ctrl__rosidl_typesupport_introspection_c.h
-- Up-to-date symlink: /home/kayla/NGCP/install/ugv_msgs/include/ugv_msgs/ugv_msgs/msg/detail/man_ctrl__rosidl_typesupport_introspection_c.h
-- Up-to-date symlink: /home/kayla/NGCP/install/ugv_msgs/include/ugv_msgs/ugv_msgs/msg/rosidl_typesupport_introspection_c__visibility_control.h
-- Up-to-date symlink: /home/kayla/NGCP/install/ugv_msgs/include/ugv_msgs/ugv_msgs/msg/auto_ctrl.hpp
-- Up-to-date symlink: /home/kayla/NGCP/install/ugv_msgs/include/ugv_msgs/ugv_msgs/msg/detail/auto_ctrl__builder.hpp
-- Up-to-date symlink: /home/kayla/NGCP/install/ugv_msgs/include/ugv_msgs/ugv_msgs/msg/detail/auto_ctrl__struct.hpp
-- Up-to-date symlink: /home/kayla/NGCP/install/ugv_msgs/include/ugv_msgs/ugv_msgs/msg/detail/auto_ctrl__traits.hpp
-- Up-to-date symlink: /home/kayla/NGCP/install/ugv_msgs/include/ugv_msgs/ugv_msgs/msg/detail/auto_ctrl__type_support.hpp
-- Up-to-date symlink: /home/kayla/NGCP/install/ugv_msgs/include/ugv_msgs/ugv_msgs/msg/detail/man_ctrl__builder.hpp
-- Up-to-date symlink: /home/kayla/NGCP/install/ugv_msgs/include/ugv_msgs/ugv_msgs/msg/detail/man_ctrl__struct.hpp
-- Up-to-date symlink: /home/kayla/NGCP/install/ugv_msgs/include/ugv_msgs/ugv_msgs/msg/detail/man_ctrl__traits.hpp
-- Up-to-date symlink: /home/kayla/NGCP/install/ugv_msgs/include/ugv_msgs/ugv_msgs/msg/detail/man_ctrl__type_support.hpp
-- Up-to-date symlink: /home/kayla/NGCP/install/ugv_msgs/include/ugv_msgs/ugv_msgs/msg/man_ctrl.hpp
-- Up-to-date symlink: /home/kayla/NGCP/install/ugv_msgs/include/ugv_msgs/ugv_msgs/msg/rosidl_generator_cpp__visibility_control.hpp
-- Up-to-date symlink: /home/kayla/NGCP/install/ugv_msgs/include/ugv_msgs/ugv_msgs/msg/detail/auto_ctrl__rosidl_typesupport_fastrtps_cpp.hpp
-- Up-to-date symlink: /home/kayla/NGCP/install/ugv_msgs/include/ugv_msgs/ugv_msgs/msg/detail/man_ctrl__rosidl_typesupport_fastrtps_cpp.hpp
-- Up-to-date symlink: /home/kayla/NGCP/install/ugv_msgs/include/ugv_msgs/ugv_msgs/msg/rosidl_typesupport_fastrtps_cpp__visibility_control.h
-- Up-to-date symlink: /home/kayla/NGCP/install/ugv_msgs/include/ugv_msgs/ugv_msgs/msg/detail/auto_ctrl__rosidl_typesupport_introspection_cpp.hpp
-- Up-to-date symlink: /home/kayla/NGCP/install/ugv_msgs/include/ugv_msgs/ugv_msgs/msg/detail/man_ctrl__rosidl_typesupport_introspection_cpp.hpp
-- Up-to-date symlink: /home/kayla/NGCP/install/ugv_msgs/share/ugv_msgs/environment/pythonpath.sh
-- Up-to-date symlink: /home/kayla/NGCP/install/ugv_msgs/share/ugv_msgs/environment/pythonpath.dsv
-- Up-to-date symlink: /home/kayla/NGCP/install/ugv_msgs/local/lib/python3.10/dist-packages/ugv_msgs-0.0.0-py3.10.egg-info/PKG-INFO
-- Up-to-date symlink: /home/kayla/NGCP/install/ugv_msgs/local/lib/python3.10/dist-packages/ugv_msgs-0.0.0-py3.10.egg-info/SOURCES.txt
-- Up-to-date symlink: /home/kayla/NGCP/install/ugv_msgs/local/lib/python3.10/dist-packages/ugv_msgs-0.0.0-py3.10.egg-info/dependency_links.txt
-- Up-to-date symlink: /home/kayla/NGCP/install/ugv_msgs/local/lib/python3.10/dist-packages/ugv_msgs-0.0.0-py3.10.egg-info/top_level.txt
-- Up-to-date symlink: /home/kayla/NGCP/install/ugv_msgs/local/lib/python3.10/dist-packages/ugv_msgs/__init__.py
-- Up-to-date symlink: /home/kayla/NGCP/install/ugv_msgs/local/lib/python3.10/dist-packages/ugv_msgs/_ugv_msgs_s.ep.rosidl_typesupport_c.c
-- Up-to-date symlink: /home/kayla/NGCP/install/ugv_msgs/local/lib/python3.10/dist-packages/ugv_msgs/_ugv_msgs_s.ep.rosidl_typesupport_fastrtps_c.c
-- Up-to-date symlink: /home/kayla/NGCP/install/ugv_msgs/local/lib/python3.10/dist-packages/ugv_msgs/_ugv_msgs_s.ep.rosidl_typesupport_introspection_c.c
-- Up-to-date symlink: /home/kayla/NGCP/install/ugv_msgs/local/lib/python3.10/dist-packages/ugv_msgs/libugv_msgs__rosidl_generator_py.so
-- Up-to-date symlink: /home/kayla/NGCP/install/ugv_msgs/local/lib/python3.10/dist-packages/ugv_msgs/msg/__init__.py
-- Up-to-date symlink: /home/kayla/NGCP/install/ugv_msgs/local/lib/python3.10/dist-packages/ugv_msgs/msg/_auto_ctrl.py
-- Up-to-date symlink: /home/kayla/NGCP/install/ugv_msgs/local/lib/python3.10/dist-packages/ugv_msgs/msg/_auto_ctrl_s.c
-- Up-to-date symlink: /home/kayla/NGCP/install/ugv_msgs/local/lib/python3.10/dist-packages/ugv_msgs/msg/_man_ctrl.py
-- Up-to-date symlink: /home/kayla/NGCP/install/ugv_msgs/local/lib/python3.10/dist-packages/ugv_msgs/msg/_man_ctrl_s.c
-- Up-to-date symlink: /home/kayla/NGCP/install/ugv_msgs/local/lib/python3.10/dist-packages/ugv_msgs/ugv_msgs_s__rosidl_typesupport_c.cpython-310-aarch64-linux-gnu.so
-- Up-to-date symlink: /home/kayla/NGCP/install/ugv_msgs/local/lib/python3.10/dist-packages/ugv_msgs/ugv_msgs_s__rosidl_typesupport_fastrtps_c.cpython-310-aarch64-linux-gnu.so
-- Up-to-date symlink: /home/kayla/NGCP/install/ugv_msgs/local/lib/python3.10/dist-packages/ugv_msgs/ugv_msgs_s__rosidl_typesupport_introspection_c.cpython-310-aarch64-linux-gnu.so
-- Up-to-date symlink: /home/kayla/NGCP/install/ugv_msgs/local/lib/python3.10/dist-packages/ugv_msgs/ugv_msgs_s__rosidl_typesupport_fastrtps_c.cpython-310-aarch64-linux-gnu.so
-- Up-to-date symlink: /home/kayla/NGCP/install/ugv_msgs/local/lib/python3.10/dist-packages/ugv_msgs/ugv_msgs_s__rosidl_typesupport_introspection_c.cpython-310-aarch64-linux-gnu.so
-- Up-to-date symlink: /home/kayla/NGCP/install/ugv_msgs/local/lib/python3.10/dist-packages/ugv_msgs/ugv_msgs_s__rosidl_typesupport_c.cpython-310-aarch64-linux-gnu.so
-- Up-to-date symlink: /home/kayla/NGCP/install/ugv_msgs/share/ugv_msgs/msg/ManCtrl.idl
-- Up-to-date symlink: /home/kayla/NGCP/install/ugv_msgs/share/ugv_msgs/msg/AutoCtrl.idl
-- Up-to-date symlink: /home/kayla/NGCP/install/ugv_msgs/share/ugv_msgs/msg/ManCtrl.msg
-- Up-to-date symlink: /home/kayla/NGCP/install/ugv_msgs/share/ugv_msgs/msg/AutoCtrl.msg
-- Up-to-date symlink: /home/kayla/NGCP/install/ugv_msgs/share/ament_index/resource_index/package_run_dependencies/ugv_msgs
-- Up-to-date symlink: /home/kayla/NGCP/install/ugv_msgs/share/ament_index/resource_index/parent_prefix_path/ugv_msgs
-- Up-to-date symlink: /home/kayla/NGCP/install/ugv_msgs/share/ugv_msgs/environment/ament_prefix_path.sh
-- Up-to-date symlink: /home/kayla/NGCP/install/ugv_msgs/share/ugv_msgs/environment/ament_prefix_path.dsv
-- Up-to-date symlink: /home/kayla/NGCP/install/ugv_msgs/share/ugv_msgs/environment/path.sh
-- Up-to-date symlink: /home/kayla/NGCP/install/ugv_msgs/share/ugv_msgs/environment/path.dsv
-- Up-to-date symlink: /home/kayla/NGCP/install/ugv_msgs/share/ugv_msgs/local_setup.bash
-- Up-to-date symlink: /home/kayla/NGCP/install/ugv_msgs/share/ugv_msgs/local_setup.sh
-- Up-to-date symlink: /home/kayla/NGCP/install/ugv_msgs/share/ugv_msgs/local_setup.zsh
-- Up-to-date symlink: /home/kayla/NGCP/install/ugv_msgs/share/ugv_msgs/local_setup.dsv
-- Symlinking: /home/kayla/NGCP/install/ugv_msgs/share/ugv_msgs/package.dsv
-- Up-to-date symlink: /home/kayla/NGCP/install/ugv_msgs/share/ament_index/resource_index/packages/ugv_msgs
-- Up-to-date symlink: /home/kayla/NGCP/install/ugv_msgs/share/ugv_msgs/cmake/rosidl_cmake-extras.cmake
-- Up-to-date symlink: /home/kayla/NGCP/install/ugv_msgs/share/ugv_msgs/cmake/ament_cmake_export_include_directories-extras.cmake
-- Up-to-date symlink: /home/kayla/NGCP/install/ugv_msgs/share/ugv_msgs/cmake/ament_cmake_export_libraries-extras.cmake
-- Up-to-date symlink: /home/kayla/NGCP/install/ugv_msgs/share/ugv_msgs/cmake/ament_cmake_export_targets-extras.cmake
-- Up-to-date symlink: /home/kayla/NGCP/install/ugv_msgs/share/ugv_msgs/cmake/rosidl_cmake_export_typesupport_targets-extras.cmake
-- Up-to-date symlink: /home/kayla/NGCP/install/ugv_msgs/share/ugv_msgs/cmake/ament_cmake_export_dependencies-extras.cmake
-- Up-to-date symlink: /home/kayla/NGCP/install/ugv_msgs/share/ugv_msgs/cmake/rosidl_cmake_export_typesupport_libraries-extras.cmake
-- Up-to-date symlink: /home/kayla/NGCP/install/ugv_msgs/share/ugv_msgs/cmake/ugv_msgsConfig.cmake
-- Up-to-date symlink: /home/kayla/NGCP/install/ugv_msgs/share/ugv_msgs/cmake/ugv_msgsConfig-version.cmake
-- Up-to-date symlink: /home/kayla/NGCP/install/ugv_msgs/share/ugv_msgs/package.xml
-- Up-to-date: /home/kayla/NGCP/install/ugv_msgs/lib/libugv_msgs__rosidl_generator_c.so
-- Up-to-date: /home/kayla/NGCP/install/ugv_msgs/lib/libugv_msgs__rosidl_typesupport_fastrtps_c.so
-- Up-to-date: /home/kayla/NGCP/install/ugv_msgs/lib/libugv_msgs__rosidl_typesupport_introspection_c.so
-- Up-to-date: /home/kayla/NGCP/install/ugv_msgs/lib/libugv_msgs__rosidl_typesupport_c.so
-- Up-to-date: /home/kayla/NGCP/install/ugv_msgs/lib/libugv_msgs__rosidl_typesupport_fastrtps_cpp.so
-- Up-to-date: /home/kayla/NGCP/install/ugv_msgs/lib/libugv_msgs__rosidl_typesupport_introspection_cpp.so
-- Up-to-date: /home/kayla/NGCP/install/ugv_msgs/lib/libugv_msgs__rosidl_typesupport_cpp.so
Listing '/home/kayla/NGCP/install/ugv_msgs/local/lib/python3.10/dist-packages/ugv_msgs'...
Compiling '/home/kayla/NGCP/install/ugv_msgs/local/lib/python3.10/dist-packages/ugv_msgs/__init__.py'...
Listing '/home/kayla/NGCP/install/ugv_msgs/local/lib/python3.10/dist-packages/ugv_msgs/msg'...
-- Up-to-date: /home/kayla/NGCP/install/ugv_msgs/lib/libugv_msgs__rosidl_generator_py.so
-- Up-to-date: /home/kayla/NGCP/install/ugv_msgs/share/ugv_msgs/cmake/export_ugv_msgs__rosidl_generator_cExport.cmake
-- Up-to-date: /home/kayla/NGCP/install/ugv_msgs/share/ugv_msgs/cmake/export_ugv_msgs__rosidl_generator_cExport-noconfig.cmake
-- Up-to-date: /home/kayla/NGCP/install/ugv_msgs/share/ugv_msgs/cmake/export_ugv_msgs__rosidl_typesupport_fastrtps_cExport.cmake
-- Up-to-date: /home/kayla/NGCP/install/ugv_msgs/share/ugv_msgs/cmake/export_ugv_msgs__rosidl_typesupport_fastrtps_cExport-noconfig.cmake
-- Up-to-date: /home/kayla/NGCP/install/ugv_msgs/share/ugv_msgs/cmake/ugv_msgs__rosidl_typesupport_introspection_cExport.cmake
-- Up-to-date: /home/kayla/NGCP/install/ugv_msgs/share/ugv_msgs/cmake/ugv_msgs__rosidl_typesupport_introspection_cExport-noconfig.cmake
-- Up-to-date: /home/kayla/NGCP/install/ugv_msgs/share/ugv_msgs/cmake/ugv_msgs__rosidl_typesupport_cExport.cmake
-- Up-to-date: /home/kayla/NGCP/install/ugv_msgs/share/ugv_msgs/cmake/ugv_msgs__rosidl_typesupport_cExport-noconfig.cmake
-- Up-to-date: /home/kayla/NGCP/install/ugv_msgs/share/ugv_msgs/cmake/export_ugv_msgs__rosidl_generator_cppExport.cmake
-- Up-to-date: /home/kayla/NGCP/install/ugv_msgs/share/ugv_msgs/cmake/export_ugv_msgs__rosidl_typesupport_fastrtps_cppExport.cmake
-- Up-to-date: /home/kayla/NGCP/install/ugv_msgs/share/ugv_msgs/cmake/export_ugv_msgs__rosidl_typesupport_fastrtps_cppExport-noconfig.cmake
-- Up-to-date: /home/kayla/NGCP/install/ugv_msgs/share/ugv_msgs/cmake/ugv_msgs__rosidl_typesupport_introspection_cppExport.cmake
-- Up-to-date: /home/kayla/NGCP/install/ugv_msgs/share/ugv_msgs/cmake/ugv_msgs__rosidl_typesupport_introspection_cppExport-noconfig.cmake
-- Up-to-date: /home/kayla/NGCP/install/ugv_msgs/share/ugv_msgs/cmake/ugv_msgs__rosidl_typesupport_cppExport.cmake
-- Up-to-date: /home/kayla/NGCP/install/ugv_msgs/share/ugv_msgs/cmake/ugv_msgs__rosidl_typesupport_cppExport-noconfig.cmake
-- Up-to-date: /home/kayla/NGCP/install/ugv_msgs/share/ugv_msgs/cmake/export_ugv_msgs__rosidl_generator_pyExport.cmake
-- Up-to-date: /home/kayla/NGCP/install/ugv_msgs/share/ugv_msgs/cmake/export_ugv_msgs__rosidl_generator_pyExport-noconfig.cmake
