[0.069s] Invoking command in '/home/kayla/NGCP/build/ugv_msgs': CMAKE_PREFIX_PATH=/opt/ros/humble /usr/bin/cmake /home/kayla/NGCP/src/ugv_msgs -DCMAKE_INSTALL_PREFIX=/home/kayla/NGCP/install/ugv_msgs
[0.472s] -- Found ament_cmake: 1.3.12 (/opt/ros/humble/share/ament_cmake/cmake)
[1.094s] -- Override CMake install command with custom implementation using symlinks instead of copying resources
[1.188s] -- Found rosidl_default_generators: 1.2.0 (/opt/ros/humble/share/rosidl_default_generators/cmake)
[1.215s] -- Using all available rosidl_typesupport_c: rosidl_typesupport_fastrtps_c;rosidl_typesupport_introspection_c
[1.240s] -- Found rosidl_adapter: 3.1.7 (/opt/ros/humble/share/rosidl_adapter/cmake)
[1.492s] -- Using all available rosidl_typesupport_cpp: rosidl_typesupport_fastrtps_cpp;rosidl_typesupport_introspection_cpp
[2.821s] -- Found ament_cmake_ros: 0.10.0 (/opt/ros/humble/share/ament_cmake_ros/cmake)
[3.692s] -- Using all available rosidl_typesupport_c: rosidl_typesupport_fastrtps_c;rosidl_typesupport_introspection_c
[4.809s] -- Using all available rosidl_typesupport_cpp: rosidl_typesupport_fastrtps_cpp;rosidl_typesupport_introspection_cpp
[4.923s] -- Found python_cmake_module: 0.10.0 (/opt/ros/humble/share/python_cmake_module/cmake)
[5.037s] -- Using PYTHON_EXECUTABLE: /usr/bin/python3
[5.038s] -- Using PYTHON_INCLUDE_DIRS: /usr/include/python3.10
[5.038s] -- Using PYTHON_LIBRARIES: /usr/lib/aarch64-linux-gnu/libpython3.10.so
[5.096s] -- Found ament_lint_auto: 0.12.14 (/opt/ros/humble/share/ament_lint_auto/cmake)
[5.208s] -- Added test 'lint_cmake' to check CMake code style
[5.219s] -- Added test 'xmllint' to check XML markup files
[5.242s] -- Configuring done
[5.539s] -- Generating done
[5.590s] -- Build files have been written to: /home/kayla/NGCP/build/ugv_msgs
[5.639s] Invoked command in '/home/kayla/NGCP/build/ugv_msgs' returned '0': CMAKE_PREFIX_PATH=/opt/ros/humble /usr/bin/cmake /home/kayla/NGCP/src/ugv_msgs -DCMAKE_INSTALL_PREFIX=/home/kayla/NGCP/install/ugv_msgs
[5.649s] Invoking command in '/home/kayla/NGCP/build/ugv_msgs': CMAKE_PREFIX_PATH=/opt/ros/humble /usr/bin/cmake --build /home/kayla/NGCP/build/ugv_msgs -- -j4 -l4
[5.849s] [35m[1mConsolidate compiler generated dependencies of target ugv_msgs__rosidl_generator_c[0m
[5.893s] [  2%] Built target ugv_msgs__cpp
[5.923s] [ 12%] Built target ugv_msgs__rosidl_generator_c
[5.932s] [ 12%] Built target ament_cmake_python_symlink_ugv_msgs
[5.954s] [35m[1mConsolidate compiler generated dependencies of target ugv_msgs__rosidl_typesupport_fastrtps_cpp[0m
[5.955s] [35m[1mConsolidate compiler generated dependencies of target ugv_msgs__rosidl_typesupport_introspection_cpp[0m
[5.987s] [35m[1mConsolidate compiler generated dependencies of target ugv_msgs__rosidl_typesupport_cpp[0m
[6.000s] [35m[1mConsolidate compiler generated dependencies of target ugv_msgs__rosidl_typesupport_fastrtps_c[0m
[6.127s] [ 23%] Built target ugv_msgs__rosidl_typesupport_fastrtps_cpp
[6.146s] [ 33%] Built target ugv_msgs__rosidl_typesupport_introspection_cpp
[6.210s] [ 43%] Built target ugv_msgs__rosidl_typesupport_cpp
[6.216s] [ 53%] Built target ugv_msgs__rosidl_typesupport_fastrtps_c
[6.269s] [35m[1mConsolidate compiler generated dependencies of target ugv_msgs__rosidl_typesupport_introspection_c[0m
[6.294s] [35m[1mConsolidate compiler generated dependencies of target ugv_msgs__rosidl_typesupport_c[0m
[6.424s] [ 64%] Built target ugv_msgs__rosidl_typesupport_introspection_c
[6.446s] [ 74%] Built target ugv_msgs__rosidl_typesupport_c
[6.684s] [ 74%] Built target ugv_msgs
[6.864s] [ 76%] Built target ugv_msgs__py
[6.919s] [35m[1mConsolidate compiler generated dependencies of target ugv_msgs__rosidl_generator_py[0m
[7.009s] [ 84%] Built target ugv_msgs__rosidl_generator_py
[7.165s] [35m[1mConsolidate compiler generated dependencies of target ugv_msgs__rosidl_typesupport_c__pyext[0m
[7.166s] [35m[1mConsolidate compiler generated dependencies of target ugv_msgs__rosidl_typesupport_fastrtps_c__pyext[0m
[7.167s] [35m[1mConsolidate compiler generated dependencies of target ugv_msgs__rosidl_typesupport_introspection_c__pyext[0m
[7.361s] [ 89%] Built target ugv_msgs__rosidl_typesupport_fastrtps_c__pyext
[7.363s] [ 94%] Built target ugv_msgs__rosidl_typesupport_introspection_c__pyext
[7.377s] [100%] Built target ugv_msgs__rosidl_typesupport_c__pyext
[8.459s] running egg_info
[8.462s] writing ugv_msgs.egg-info/PKG-INFO
[8.463s] writing dependency_links to ugv_msgs.egg-info/dependency_links.txt
[8.464s] writing top-level names to ugv_msgs.egg-info/top_level.txt
[8.478s] reading manifest file 'ugv_msgs.egg-info/SOURCES.txt'
[8.482s] writing manifest file 'ugv_msgs.egg-info/SOURCES.txt'
[8.625s] [100%] Built target ament_cmake_python_build_ugv_msgs_egg
[8.667s] Invoked command in '/home/kayla/NGCP/build/ugv_msgs' returned '0': CMAKE_PREFIX_PATH=/opt/ros/humble /usr/bin/cmake --build /home/kayla/NGCP/build/ugv_msgs -- -j4 -l4
[8.713s] Invoking command in '/home/kayla/NGCP/build/ugv_msgs': CMAKE_PREFIX_PATH=/opt/ros/humble /usr/bin/cmake --install /home/kayla/NGCP/build/ugv_msgs
[8.742s] -- Install configuration: ""
[8.744s] -- Execute custom install script
[8.747s] -- Up-to-date symlink: /home/kayla/NGCP/install/ugv_msgs/share/ament_index/resource_index/rosidl_interfaces/ugv_msgs
[8.752s] -- Up-to-date symlink: /home/kayla/NGCP/install/ugv_msgs/include/ugv_msgs/ugv_msgs/msg/auto_ctrl.h
[8.754s] -- Up-to-date symlink: /home/kayla/NGCP/install/ugv_msgs/include/ugv_msgs/ugv_msgs/msg/detail/auto_ctrl__functions.h
[8.755s] -- Up-to-date symlink: /home/kayla/NGCP/install/ugv_msgs/include/ugv_msgs/ugv_msgs/msg/detail/auto_ctrl__struct.h
[8.757s] -- Up-to-date symlink: /home/kayla/NGCP/install/ugv_msgs/include/ugv_msgs/ugv_msgs/msg/detail/auto_ctrl__type_support.h
[8.758s] -- Up-to-date symlink: /home/kayla/NGCP/install/ugv_msgs/include/ugv_msgs/ugv_msgs/msg/detail/man_ctrl__functions.h
[8.760s] -- Up-to-date symlink: /home/kayla/NGCP/install/ugv_msgs/include/ugv_msgs/ugv_msgs/msg/detail/man_ctrl__struct.h
[8.761s] -- Up-to-date symlink: /home/kayla/NGCP/install/ugv_msgs/include/ugv_msgs/ugv_msgs/msg/detail/man_ctrl__type_support.h
[8.763s] -- Up-to-date symlink: /home/kayla/NGCP/install/ugv_msgs/include/ugv_msgs/ugv_msgs/msg/man_ctrl.h
[8.764s] -- Up-to-date symlink: /home/kayla/NGCP/install/ugv_msgs/include/ugv_msgs/ugv_msgs/msg/rosidl_generator_c__visibility_control.h
[8.767s] -- Up-to-date symlink: /home/kayla/NGCP/install/ugv_msgs/share/ugv_msgs/environment/library_path.sh
[8.768s] -- Up-to-date symlink: /home/kayla/NGCP/install/ugv_msgs/share/ugv_msgs/environment/library_path.dsv
[8.772s] -- Up-to-date symlink: /home/kayla/NGCP/install/ugv_msgs/include/ugv_msgs/ugv_msgs/msg/detail/auto_ctrl__rosidl_typesupport_fastrtps_c.h
[8.774s] -- Up-to-date symlink: /home/kayla/NGCP/install/ugv_msgs/include/ugv_msgs/ugv_msgs/msg/detail/man_ctrl__rosidl_typesupport_fastrtps_c.h
[8.775s] -- Up-to-date symlink: /home/kayla/NGCP/install/ugv_msgs/include/ugv_msgs/ugv_msgs/msg/rosidl_typesupport_fastrtps_c__visibility_control.h
[8.778s] -- Up-to-date symlink: /home/kayla/NGCP/install/ugv_msgs/include/ugv_msgs/ugv_msgs/msg/detail/auto_ctrl__rosidl_typesupport_introspection_c.h
[8.780s] -- Up-to-date symlink: /home/kayla/NGCP/install/ugv_msgs/include/ugv_msgs/ugv_msgs/msg/detail/man_ctrl__rosidl_typesupport_introspection_c.h
[8.781s] -- Up-to-date symlink: /home/kayla/NGCP/install/ugv_msgs/include/ugv_msgs/ugv_msgs/msg/rosidl_typesupport_introspection_c__visibility_control.h
[8.785s] -- Up-to-date symlink: /home/kayla/NGCP/install/ugv_msgs/include/ugv_msgs/ugv_msgs/msg/auto_ctrl.hpp
[8.786s] -- Up-to-date symlink: /home/kayla/NGCP/install/ugv_msgs/include/ugv_msgs/ugv_msgs/msg/detail/auto_ctrl__builder.hpp
[8.788s] -- Up-to-date symlink: /home/kayla/NGCP/install/ugv_msgs/include/ugv_msgs/ugv_msgs/msg/detail/auto_ctrl__struct.hpp
[8.789s] -- Up-to-date symlink: /home/kayla/NGCP/install/ugv_msgs/include/ugv_msgs/ugv_msgs/msg/detail/auto_ctrl__traits.hpp
[8.791s] -- Up-to-date symlink: /home/kayla/NGCP/install/ugv_msgs/include/ugv_msgs/ugv_msgs/msg/detail/auto_ctrl__type_support.hpp
[8.792s] -- Up-to-date symlink: /home/kayla/NGCP/install/ugv_msgs/include/ugv_msgs/ugv_msgs/msg/detail/man_ctrl__builder.hpp
[8.794s] -- Up-to-date symlink: /home/kayla/NGCP/install/ugv_msgs/include/ugv_msgs/ugv_msgs/msg/detail/man_ctrl__struct.hpp
[8.795s] -- Up-to-date symlink: /home/kayla/NGCP/install/ugv_msgs/include/ugv_msgs/ugv_msgs/msg/detail/man_ctrl__traits.hpp
[8.797s] -- Up-to-date symlink: /home/kayla/NGCP/install/ugv_msgs/include/ugv_msgs/ugv_msgs/msg/detail/man_ctrl__type_support.hpp
[8.799s] -- Up-to-date symlink: /home/kayla/NGCP/install/ugv_msgs/include/ugv_msgs/ugv_msgs/msg/man_ctrl.hpp
[8.800s] -- Up-to-date symlink: /home/kayla/NGCP/install/ugv_msgs/include/ugv_msgs/ugv_msgs/msg/rosidl_generator_cpp__visibility_control.hpp
[8.807s] -- Up-to-date symlink: /home/kayla/NGCP/install/ugv_msgs/include/ugv_msgs/ugv_msgs/msg/detail/auto_ctrl__rosidl_typesupport_fastrtps_cpp.hpp
[8.808s] -- Up-to-date symlink: /home/kayla/NGCP/install/ugv_msgs/include/ugv_msgs/ugv_msgs/msg/detail/man_ctrl__rosidl_typesupport_fastrtps_cpp.hpp
[8.810s] -- Up-to-date symlink: /home/kayla/NGCP/install/ugv_msgs/include/ugv_msgs/ugv_msgs/msg/rosidl_typesupport_fastrtps_cpp__visibility_control.h
[8.812s] -- Up-to-date symlink: /home/kayla/NGCP/install/ugv_msgs/include/ugv_msgs/ugv_msgs/msg/detail/auto_ctrl__rosidl_typesupport_introspection_cpp.hpp
[8.814s] -- Up-to-date symlink: /home/kayla/NGCP/install/ugv_msgs/include/ugv_msgs/ugv_msgs/msg/detail/man_ctrl__rosidl_typesupport_introspection_cpp.hpp
[8.816s] -- Up-to-date symlink: /home/kayla/NGCP/install/ugv_msgs/share/ugv_msgs/environment/pythonpath.sh
[8.817s] -- Up-to-date symlink: /home/kayla/NGCP/install/ugv_msgs/share/ugv_msgs/environment/pythonpath.dsv
[8.823s] -- Up-to-date symlink: /home/kayla/NGCP/install/ugv_msgs/local/lib/python3.10/dist-packages/ugv_msgs-0.0.0-py3.10.egg-info/PKG-INFO
[8.824s] -- Up-to-date symlink: /home/kayla/NGCP/install/ugv_msgs/local/lib/python3.10/dist-packages/ugv_msgs-0.0.0-py3.10.egg-info/SOURCES.txt
[8.826s] -- Up-to-date symlink: /home/kayla/NGCP/install/ugv_msgs/local/lib/python3.10/dist-packages/ugv_msgs-0.0.0-py3.10.egg-info/dependency_links.txt
[8.827s] -- Up-to-date symlink: /home/kayla/NGCP/install/ugv_msgs/local/lib/python3.10/dist-packages/ugv_msgs-0.0.0-py3.10.egg-info/top_level.txt
[8.833s] -- Up-to-date symlink: /home/kayla/NGCP/install/ugv_msgs/local/lib/python3.10/dist-packages/ugv_msgs/__init__.py
[8.834s] -- Up-to-date symlink: /home/kayla/NGCP/install/ugv_msgs/local/lib/python3.10/dist-packages/ugv_msgs/_ugv_msgs_s.ep.rosidl_typesupport_c.c
[8.836s] -- Up-to-date symlink: /home/kayla/NGCP/install/ugv_msgs/local/lib/python3.10/dist-packages/ugv_msgs/_ugv_msgs_s.ep.rosidl_typesupport_fastrtps_c.c
[8.837s] -- Up-to-date symlink: /home/kayla/NGCP/install/ugv_msgs/local/lib/python3.10/dist-packages/ugv_msgs/_ugv_msgs_s.ep.rosidl_typesupport_introspection_c.c
[8.839s] -- Up-to-date symlink: /home/kayla/NGCP/install/ugv_msgs/local/lib/python3.10/dist-packages/ugv_msgs/libugv_msgs__rosidl_generator_py.so
[8.840s] -- Up-to-date symlink: /home/kayla/NGCP/install/ugv_msgs/local/lib/python3.10/dist-packages/ugv_msgs/msg/__init__.py
[8.841s] -- Up-to-date symlink: /home/kayla/NGCP/install/ugv_msgs/local/lib/python3.10/dist-packages/ugv_msgs/msg/_auto_ctrl.py
[8.843s] -- Up-to-date symlink: /home/kayla/NGCP/install/ugv_msgs/local/lib/python3.10/dist-packages/ugv_msgs/msg/_auto_ctrl_s.c
[8.844s] -- Up-to-date symlink: /home/kayla/NGCP/install/ugv_msgs/local/lib/python3.10/dist-packages/ugv_msgs/msg/_man_ctrl.py
[8.845s] -- Up-to-date symlink: /home/kayla/NGCP/install/ugv_msgs/local/lib/python3.10/dist-packages/ugv_msgs/msg/_man_ctrl_s.c
[8.847s] -- Up-to-date symlink: /home/kayla/NGCP/install/ugv_msgs/local/lib/python3.10/dist-packages/ugv_msgs/ugv_msgs_s__rosidl_typesupport_c.cpython-310-aarch64-linux-gnu.so
[8.848s] -- Up-to-date symlink: /home/kayla/NGCP/install/ugv_msgs/local/lib/python3.10/dist-packages/ugv_msgs/ugv_msgs_s__rosidl_typesupport_fastrtps_c.cpython-310-aarch64-linux-gnu.so
[8.850s] -- Up-to-date symlink: /home/kayla/NGCP/install/ugv_msgs/local/lib/python3.10/dist-packages/ugv_msgs/ugv_msgs_s__rosidl_typesupport_introspection_c.cpython-310-aarch64-linux-gnu.so
[8.852s] -- Up-to-date symlink: /home/kayla/NGCP/install/ugv_msgs/local/lib/python3.10/dist-packages/ugv_msgs/ugv_msgs_s__rosidl_typesupport_fastrtps_c.cpython-310-aarch64-linux-gnu.so
[8.853s] -- Up-to-date symlink: /home/kayla/NGCP/install/ugv_msgs/local/lib/python3.10/dist-packages/ugv_msgs/ugv_msgs_s__rosidl_typesupport_introspection_c.cpython-310-aarch64-linux-gnu.so
[8.855s] -- Up-to-date symlink: /home/kayla/NGCP/install/ugv_msgs/local/lib/python3.10/dist-packages/ugv_msgs/ugv_msgs_s__rosidl_typesupport_c.cpython-310-aarch64-linux-gnu.so
[8.857s] -- Up-to-date symlink: /home/kayla/NGCP/install/ugv_msgs/share/ugv_msgs/msg/ManCtrl.idl
[8.859s] -- Up-to-date symlink: /home/kayla/NGCP/install/ugv_msgs/share/ugv_msgs/msg/AutoCtrl.idl
[8.860s] -- Up-to-date symlink: /home/kayla/NGCP/install/ugv_msgs/share/ugv_msgs/msg/ManCtrl.msg
[8.860s] -- Up-to-date symlink: /home/kayla/NGCP/install/ugv_msgs/share/ugv_msgs/msg/AutoCtrl.msg
[8.863s] -- Up-to-date symlink: /home/kayla/NGCP/install/ugv_msgs/share/ament_index/resource_index/package_run_dependencies/ugv_msgs
[8.865s] -- Up-to-date symlink: /home/kayla/NGCP/install/ugv_msgs/share/ament_index/resource_index/parent_prefix_path/ugv_msgs
[8.867s] -- Up-to-date symlink: /home/kayla/NGCP/install/ugv_msgs/share/ugv_msgs/environment/ament_prefix_path.sh
[8.868s] -- Up-to-date symlink: /home/kayla/NGCP/install/ugv_msgs/share/ugv_msgs/environment/ament_prefix_path.dsv
[8.869s] -- Up-to-date symlink: /home/kayla/NGCP/install/ugv_msgs/share/ugv_msgs/environment/path.sh
[8.870s] -- Up-to-date symlink: /home/kayla/NGCP/install/ugv_msgs/share/ugv_msgs/environment/path.dsv
[8.872s] -- Up-to-date symlink: /home/kayla/NGCP/install/ugv_msgs/share/ugv_msgs/local_setup.bash
[8.874s] -- Up-to-date symlink: /home/kayla/NGCP/install/ugv_msgs/share/ugv_msgs/local_setup.sh
[8.875s] -- Up-to-date symlink: /home/kayla/NGCP/install/ugv_msgs/share/ugv_msgs/local_setup.zsh
[8.876s] -- Up-to-date symlink: /home/kayla/NGCP/install/ugv_msgs/share/ugv_msgs/local_setup.dsv
[8.877s] -- Symlinking: /home/kayla/NGCP/install/ugv_msgs/share/ugv_msgs/package.dsv
[8.915s] -- Up-to-date symlink: /home/kayla/NGCP/install/ugv_msgs/share/ament_index/resource_index/packages/ugv_msgs
[8.918s] -- Up-to-date symlink: /home/kayla/NGCP/install/ugv_msgs/share/ugv_msgs/cmake/rosidl_cmake-extras.cmake
[8.919s] -- Up-to-date symlink: /home/kayla/NGCP/install/ugv_msgs/share/ugv_msgs/cmake/ament_cmake_export_include_directories-extras.cmake
[8.921s] -- Up-to-date symlink: /home/kayla/NGCP/install/ugv_msgs/share/ugv_msgs/cmake/ament_cmake_export_libraries-extras.cmake
[8.922s] -- Up-to-date symlink: /home/kayla/NGCP/install/ugv_msgs/share/ugv_msgs/cmake/ament_cmake_export_targets-extras.cmake
[8.924s] -- Up-to-date symlink: /home/kayla/NGCP/install/ugv_msgs/share/ugv_msgs/cmake/rosidl_cmake_export_typesupport_targets-extras.cmake
[8.925s] -- Up-to-date symlink: /home/kayla/NGCP/install/ugv_msgs/share/ugv_msgs/cmake/ament_cmake_export_dependencies-extras.cmake
[8.927s] -- Up-to-date symlink: /home/kayla/NGCP/install/ugv_msgs/share/ugv_msgs/cmake/rosidl_cmake_export_typesupport_libraries-extras.cmake
[8.929s] -- Up-to-date symlink: /home/kayla/NGCP/install/ugv_msgs/share/ugv_msgs/cmake/ugv_msgsConfig.cmake
[8.930s] -- Up-to-date symlink: /home/kayla/NGCP/install/ugv_msgs/share/ugv_msgs/cmake/ugv_msgsConfig-version.cmake
[8.931s] -- Up-to-date symlink: /home/kayla/NGCP/install/ugv_msgs/share/ugv_msgs/package.xml
[8.936s] -- Up-to-date: /home/kayla/NGCP/install/ugv_msgs/lib/libugv_msgs__rosidl_generator_c.so
[8.939s] -- Up-to-date: /home/kayla/NGCP/install/ugv_msgs/lib/libugv_msgs__rosidl_typesupport_fastrtps_c.so
[8.942s] -- Up-to-date: /home/kayla/NGCP/install/ugv_msgs/lib/libugv_msgs__rosidl_typesupport_introspection_c.so
[8.945s] -- Up-to-date: /home/kayla/NGCP/install/ugv_msgs/lib/libugv_msgs__rosidl_typesupport_c.so
[8.950s] -- Up-to-date: /home/kayla/NGCP/install/ugv_msgs/lib/libugv_msgs__rosidl_typesupport_fastrtps_cpp.so
[8.954s] -- Up-to-date: /home/kayla/NGCP/install/ugv_msgs/lib/libugv_msgs__rosidl_typesupport_introspection_cpp.so
[8.957s] -- Up-to-date: /home/kayla/NGCP/install/ugv_msgs/lib/libugv_msgs__rosidl_typesupport_cpp.so
[9.123s] Listing '/home/kayla/NGCP/install/ugv_msgs/local/lib/python3.10/dist-packages/ugv_msgs'...
[9.124s] Compiling '/home/kayla/NGCP/install/ugv_msgs/local/lib/python3.10/dist-packages/ugv_msgs/__init__.py'...
[9.125s] Listing '/home/kayla/NGCP/install/ugv_msgs/local/lib/python3.10/dist-packages/ugv_msgs/msg'...
[9.152s] -- Up-to-date: /home/kayla/NGCP/install/ugv_msgs/lib/libugv_msgs__rosidl_generator_py.so
[9.154s] -- Up-to-date: /home/kayla/NGCP/install/ugv_msgs/share/ugv_msgs/cmake/export_ugv_msgs__rosidl_generator_cExport.cmake
[9.155s] -- Up-to-date: /home/kayla/NGCP/install/ugv_msgs/share/ugv_msgs/cmake/export_ugv_msgs__rosidl_generator_cExport-noconfig.cmake
[9.156s] -- Up-to-date: /home/kayla/NGCP/install/ugv_msgs/share/ugv_msgs/cmake/export_ugv_msgs__rosidl_typesupport_fastrtps_cExport.cmake
[9.157s] -- Up-to-date: /home/kayla/NGCP/install/ugv_msgs/share/ugv_msgs/cmake/export_ugv_msgs__rosidl_typesupport_fastrtps_cExport-noconfig.cmake
[9.158s] -- Up-to-date: /home/kayla/NGCP/install/ugv_msgs/share/ugv_msgs/cmake/ugv_msgs__rosidl_typesupport_introspection_cExport.cmake
[9.159s] -- Up-to-date: /home/kayla/NGCP/install/ugv_msgs/share/ugv_msgs/cmake/ugv_msgs__rosidl_typesupport_introspection_cExport-noconfig.cmake
[9.160s] -- Up-to-date: /home/kayla/NGCP/install/ugv_msgs/share/ugv_msgs/cmake/ugv_msgs__rosidl_typesupport_cExport.cmake
[9.161s] -- Up-to-date: /home/kayla/NGCP/install/ugv_msgs/share/ugv_msgs/cmake/ugv_msgs__rosidl_typesupport_cExport-noconfig.cmake
[9.162s] -- Up-to-date: /home/kayla/NGCP/install/ugv_msgs/share/ugv_msgs/cmake/export_ugv_msgs__rosidl_generator_cppExport.cmake
[9.164s] -- Up-to-date: /home/kayla/NGCP/install/ugv_msgs/share/ugv_msgs/cmake/export_ugv_msgs__rosidl_typesupport_fastrtps_cppExport.cmake
[9.164s] -- Up-to-date: /home/kayla/NGCP/install/ugv_msgs/share/ugv_msgs/cmake/export_ugv_msgs__rosidl_typesupport_fastrtps_cppExport-noconfig.cmake
[9.166s] -- Up-to-date: /home/kayla/NGCP/install/ugv_msgs/share/ugv_msgs/cmake/ugv_msgs__rosidl_typesupport_introspection_cppExport.cmake
[9.167s] -- Up-to-date: /home/kayla/NGCP/install/ugv_msgs/share/ugv_msgs/cmake/ugv_msgs__rosidl_typesupport_introspection_cppExport-noconfig.cmake
[9.168s] -- Up-to-date: /home/kayla/NGCP/install/ugv_msgs/share/ugv_msgs/cmake/ugv_msgs__rosidl_typesupport_cppExport.cmake
[9.169s] -- Up-to-date: /home/kayla/NGCP/install/ugv_msgs/share/ugv_msgs/cmake/ugv_msgs__rosidl_typesupport_cppExport-noconfig.cmake
[9.170s] -- Up-to-date: /home/kayla/NGCP/install/ugv_msgs/share/ugv_msgs/cmake/export_ugv_msgs__rosidl_generator_pyExport.cmake
[9.171s] -- Up-to-date: /home/kayla/NGCP/install/ugv_msgs/share/ugv_msgs/cmake/export_ugv_msgs__rosidl_generator_pyExport-noconfig.cmake
[9.179s] Invoked command in '/home/kayla/NGCP/build/ugv_msgs' returned '0': CMAKE_PREFIX_PATH=/opt/ros/humble /usr/bin/cmake --install /home/kayla/NGCP/build/ugv_msgs
