[0.031s] Invoking command in '/home/ugv/NGCP/NGCP_25_26/ugv-integration-2526/build/ugv_msgs': CMAKE_PREFIX_PATH=/opt/ros/humble /usr/bin/cmake --build /home/ugv/NGCP/NGCP_25_26/ugv-integration-2526/build/ugv_msgs -- -j6 -l6
[0.274s] [35m[1mConsolidate compiler generated dependencies of target ugv_msgs__rosidl_generator_c[0m
[0.293s] [  2%] Built target ugv_msgs__cpp
[0.315s] [ 12%] Built target ugv_msgs__rosidl_generator_c
[0.315s] [ 12%] Built target ament_cmake_python_copy_ugv_msgs
[0.321s] [35m[1mConsolidate compiler generated dependencies of target ugv_msgs__rosidl_typesupport_fastrtps_cpp[0m
[0.322s] [35m[1mConsolidate compiler generated dependencies of target ugv_msgs__rosidl_typesupport_introspection_cpp[0m
[0.334s] [35m[1mConsolidate compiler generated dependencies of target ugv_msgs__rosidl_typesupport_cpp[0m
[0.343s] [35m[1mConsolidate compiler generated dependencies of target ugv_msgs__rosidl_typesupport_introspection_c[0m
[0.357s] [35m[1mConsolidate compiler generated dependencies of target ugv_msgs__rosidl_typesupport_fastrtps_c[0m
[0.376s] [ 25%] Built target ugv_msgs__rosidl_typesupport_introspection_c
[0.376s] [ 33%] Built target ugv_msgs__rosidl_typesupport_fastrtps_cpp
[0.383s] [ 43%] Built target ugv_msgs__rosidl_typesupport_introspection_cpp
[0.385s] [ 53%] Built target ugv_msgs__rosidl_typesupport_cpp
[0.385s] [ 64%] Built target ugv_msgs__rosidl_typesupport_fastrtps_c
[0.409s] [35m[1mConsolidate compiler generated dependencies of target ugv_msgs__rosidl_typesupport_c[0m
[0.433s] [ 74%] Built target ugv_msgs__rosidl_typesupport_c
[0.482s] [ 74%] Built target ugv_msgs
[0.521s] [ 76%] Built target ugv_msgs__py
[0.544s] [35m[1mConsolidate compiler generated dependencies of target ugv_msgs__rosidl_generator_py[0m
[0.578s] [ 84%] Built target ugv_msgs__rosidl_generator_py
[0.599s] [35m[1mConsolidate compiler generated dependencies of target ugv_msgs__rosidl_typesupport_fastrtps_c__pyext[0m
[0.600s] [35m[1mConsolidate compiler generated dependencies of target ugv_msgs__rosidl_typesupport_introspection_c__pyext[0m
[0.605s] [35m[1mConsolidate compiler generated dependencies of target ugv_msgs__rosidl_typesupport_c__pyext[0m
[0.626s] [ 89%] Built target ugv_msgs__rosidl_typesupport_fastrtps_c__pyext
[0.627s] [ 94%] Built target ugv_msgs__rosidl_typesupport_introspection_c__pyext
[0.630s] [100%] Built target ugv_msgs__rosidl_typesupport_c__pyext
[0.889s] running egg_info
[0.891s] writing ugv_msgs.egg-info/PKG-INFO
[0.891s] writing dependency_links to ugv_msgs.egg-info/dependency_links.txt
[0.892s] writing top-level names to ugv_msgs.egg-info/top_level.txt
[0.899s] reading manifest file 'ugv_msgs.egg-info/SOURCES.txt'
[0.900s] writing manifest file 'ugv_msgs.egg-info/SOURCES.txt'
[0.977s] [100%] Built target ament_cmake_python_build_ugv_msgs_egg
[1.003s] Invoked command in '/home/ugv/NGCP/NGCP_25_26/ugv-integration-2526/build/ugv_msgs' returned '0': CMAKE_PREFIX_PATH=/opt/ros/humble /usr/bin/cmake --build /home/ugv/NGCP/NGCP_25_26/ugv-integration-2526/build/ugv_msgs -- -j6 -l6
[1.031s] Invoking command in '/home/ugv/NGCP/NGCP_25_26/ugv-integration-2526/build/ugv_msgs': CMAKE_PREFIX_PATH=/opt/ros/humble /usr/bin/cmake --install /home/ugv/NGCP/NGCP_25_26/ugv-integration-2526/build/ugv_msgs
[1.052s] -- Install configuration: ""
[1.053s] -- Up-to-date: /home/ugv/NGCP/NGCP_25_26/ugv-integration-2526/install/ugv_msgs/share/ament_index/resource_index/rosidl_interfaces/ugv_msgs
[1.053s] -- Up-to-date: /home/ugv/NGCP/NGCP_25_26/ugv-integration-2526/install/ugv_msgs/include/ugv_msgs/ugv_msgs
[1.053s] -- Up-to-date: /home/ugv/NGCP/NGCP_25_26/ugv-integration-2526/install/ugv_msgs/include/ugv_msgs/ugv_msgs/msg
[1.053s] -- Up-to-date: /home/ugv/NGCP/NGCP_25_26/ugv-integration-2526/install/ugv_msgs/include/ugv_msgs/ugv_msgs/msg/man_ctrl.h
[1.053s] -- Up-to-date: /home/ugv/NGCP/NGCP_25_26/ugv-integration-2526/install/ugv_msgs/include/ugv_msgs/ugv_msgs/msg/rosidl_generator_c__visibility_control.h
[1.053s] -- Up-to-date: /home/ugv/NGCP/NGCP_25_26/ugv-integration-2526/install/ugv_msgs/include/ugv_msgs/ugv_msgs/msg/auto_ctrl.h
[1.054s] -- Up-to-date: /home/ugv/NGCP/NGCP_25_26/ugv-integration-2526/install/ugv_msgs/include/ugv_msgs/ugv_msgs/msg/detail
[1.054s] -- Up-to-date: /home/ugv/NGCP/NGCP_25_26/ugv-integration-2526/install/ugv_msgs/include/ugv_msgs/ugv_msgs/msg/detail/man_ctrl__struct.h
[1.054s] -- Up-to-date: /home/ugv/NGCP/NGCP_25_26/ugv-integration-2526/install/ugv_msgs/include/ugv_msgs/ugv_msgs/msg/detail/man_ctrl__functions.c
[1.055s] -- Up-to-date: /home/ugv/NGCP/NGCP_25_26/ugv-integration-2526/install/ugv_msgs/include/ugv_msgs/ugv_msgs/msg/detail/auto_ctrl__type_support.h
[1.055s] -- Up-to-date: /home/ugv/NGCP/NGCP_25_26/ugv-integration-2526/install/ugv_msgs/include/ugv_msgs/ugv_msgs/msg/detail/man_ctrl__type_support.h
[1.055s] -- Up-to-date: /home/ugv/NGCP/NGCP_25_26/ugv-integration-2526/install/ugv_msgs/include/ugv_msgs/ugv_msgs/msg/detail/auto_ctrl__struct.h
[1.055s] -- Up-to-date: /home/ugv/NGCP/NGCP_25_26/ugv-integration-2526/install/ugv_msgs/include/ugv_msgs/ugv_msgs/msg/detail/auto_ctrl__functions.h
[1.055s] -- Up-to-date: /home/ugv/NGCP/NGCP_25_26/ugv-integration-2526/install/ugv_msgs/include/ugv_msgs/ugv_msgs/msg/detail/auto_ctrl__functions.c
[1.056s] -- Up-to-date: /home/ugv/NGCP/NGCP_25_26/ugv-integration-2526/install/ugv_msgs/include/ugv_msgs/ugv_msgs/msg/detail/man_ctrl__functions.h
[1.056s] -- Up-to-date: /home/ugv/NGCP/NGCP_25_26/ugv-integration-2526/install/ugv_msgs/share/ugv_msgs/environment/library_path.sh
[1.056s] -- Up-to-date: /home/ugv/NGCP/NGCP_25_26/ugv-integration-2526/install/ugv_msgs/share/ugv_msgs/environment/library_path.dsv
[1.056s] -- Up-to-date: /home/ugv/NGCP/NGCP_25_26/ugv-integration-2526/install/ugv_msgs/lib/libugv_msgs__rosidl_generator_c.so
[1.056s] -- Up-to-date: /home/ugv/NGCP/NGCP_25_26/ugv-integration-2526/install/ugv_msgs/include/ugv_msgs/ugv_msgs
[1.057s] -- Up-to-date: /home/ugv/NGCP/NGCP_25_26/ugv-integration-2526/install/ugv_msgs/include/ugv_msgs/ugv_msgs/msg
[1.057s] -- Up-to-date: /home/ugv/NGCP/NGCP_25_26/ugv-integration-2526/install/ugv_msgs/include/ugv_msgs/ugv_msgs/msg/rosidl_typesupport_fastrtps_c__visibility_control.h
[1.057s] -- Up-to-date: /home/ugv/NGCP/NGCP_25_26/ugv-integration-2526/install/ugv_msgs/include/ugv_msgs/ugv_msgs/msg/detail
[1.058s] -- Up-to-date: /home/ugv/NGCP/NGCP_25_26/ugv-integration-2526/install/ugv_msgs/include/ugv_msgs/ugv_msgs/msg/detail/man_ctrl__rosidl_typesupport_fastrtps_c.h
[1.058s] -- Up-to-date: /home/ugv/NGCP/NGCP_25_26/ugv-integration-2526/install/ugv_msgs/include/ugv_msgs/ugv_msgs/msg/detail/auto_ctrl__rosidl_typesupport_fastrtps_c.h
[1.059s] -- Up-to-date: /home/ugv/NGCP/NGCP_25_26/ugv-integration-2526/install/ugv_msgs/lib/libugv_msgs__rosidl_typesupport_fastrtps_c.so
[1.059s] -- Up-to-date: /home/ugv/NGCP/NGCP_25_26/ugv-integration-2526/install/ugv_msgs/include/ugv_msgs/ugv_msgs
[1.059s] -- Up-to-date: /home/ugv/NGCP/NGCP_25_26/ugv-integration-2526/install/ugv_msgs/include/ugv_msgs/ugv_msgs/msg
[1.060s] -- Up-to-date: /home/ugv/NGCP/NGCP_25_26/ugv-integration-2526/install/ugv_msgs/include/ugv_msgs/ugv_msgs/msg/rosidl_typesupport_introspection_c__visibility_control.h
[1.060s] -- Up-to-date: /home/ugv/NGCP/NGCP_25_26/ugv-integration-2526/install/ugv_msgs/include/ugv_msgs/ugv_msgs/msg/detail
[1.060s] -- Up-to-date: /home/ugv/NGCP/NGCP_25_26/ugv-integration-2526/install/ugv_msgs/include/ugv_msgs/ugv_msgs/msg/detail/man_ctrl__rosidl_typesupport_introspection_c.h
[1.060s] -- Up-to-date: /home/ugv/NGCP/NGCP_25_26/ugv-integration-2526/install/ugv_msgs/include/ugv_msgs/ugv_msgs/msg/detail/man_ctrl__type_support.c
[1.061s] -- Up-to-date: /home/ugv/NGCP/NGCP_25_26/ugv-integration-2526/install/ugv_msgs/include/ugv_msgs/ugv_msgs/msg/detail/auto_ctrl__type_support.c
[1.061s] -- Up-to-date: /home/ugv/NGCP/NGCP_25_26/ugv-integration-2526/install/ugv_msgs/include/ugv_msgs/ugv_msgs/msg/detail/auto_ctrl__rosidl_typesupport_introspection_c.h
[1.061s] -- Up-to-date: /home/ugv/NGCP/NGCP_25_26/ugv-integration-2526/install/ugv_msgs/lib/libugv_msgs__rosidl_typesupport_introspection_c.so
[1.061s] -- Up-to-date: /home/ugv/NGCP/NGCP_25_26/ugv-integration-2526/install/ugv_msgs/lib/libugv_msgs__rosidl_typesupport_c.so
[1.062s] -- Up-to-date: /home/ugv/NGCP/NGCP_25_26/ugv-integration-2526/install/ugv_msgs/include/ugv_msgs/ugv_msgs
[1.062s] -- Up-to-date: /home/ugv/NGCP/NGCP_25_26/ugv-integration-2526/install/ugv_msgs/include/ugv_msgs/ugv_msgs/msg
[1.062s] -- Up-to-date: /home/ugv/NGCP/NGCP_25_26/ugv-integration-2526/install/ugv_msgs/include/ugv_msgs/ugv_msgs/msg/man_ctrl.hpp
[1.062s] -- Up-to-date: /home/ugv/NGCP/NGCP_25_26/ugv-integration-2526/install/ugv_msgs/include/ugv_msgs/ugv_msgs/msg/auto_ctrl.hpp
[1.063s] -- Up-to-date: /home/ugv/NGCP/NGCP_25_26/ugv-integration-2526/install/ugv_msgs/include/ugv_msgs/ugv_msgs/msg/rosidl_generator_cpp__visibility_control.hpp
[1.063s] -- Up-to-date: /home/ugv/NGCP/NGCP_25_26/ugv-integration-2526/install/ugv_msgs/include/ugv_msgs/ugv_msgs/msg/detail
[1.063s] -- Up-to-date: /home/ugv/NGCP/NGCP_25_26/ugv-integration-2526/install/ugv_msgs/include/ugv_msgs/ugv_msgs/msg/detail/man_ctrl__struct.hpp
[1.063s] -- Up-to-date: /home/ugv/NGCP/NGCP_25_26/ugv-integration-2526/install/ugv_msgs/include/ugv_msgs/ugv_msgs/msg/detail/auto_ctrl__builder.hpp
[1.064s] -- Up-to-date: /home/ugv/NGCP/NGCP_25_26/ugv-integration-2526/install/ugv_msgs/include/ugv_msgs/ugv_msgs/msg/detail/man_ctrl__builder.hpp
[1.064s] -- Up-to-date: /home/ugv/NGCP/NGCP_25_26/ugv-integration-2526/install/ugv_msgs/include/ugv_msgs/ugv_msgs/msg/detail/auto_ctrl__type_support.hpp
[1.064s] -- Up-to-date: /home/ugv/NGCP/NGCP_25_26/ugv-integration-2526/install/ugv_msgs/include/ugv_msgs/ugv_msgs/msg/detail/auto_ctrl__struct.hpp
[1.065s] -- Up-to-date: /home/ugv/NGCP/NGCP_25_26/ugv-integration-2526/install/ugv_msgs/include/ugv_msgs/ugv_msgs/msg/detail/auto_ctrl__traits.hpp
[1.065s] -- Up-to-date: /home/ugv/NGCP/NGCP_25_26/ugv-integration-2526/install/ugv_msgs/include/ugv_msgs/ugv_msgs/msg/detail/man_ctrl__traits.hpp
[1.065s] -- Up-to-date: /home/ugv/NGCP/NGCP_25_26/ugv-integration-2526/install/ugv_msgs/include/ugv_msgs/ugv_msgs/msg/detail/man_ctrl__type_support.hpp
[1.065s] -- Up-to-date: /home/ugv/NGCP/NGCP_25_26/ugv-integration-2526/install/ugv_msgs/include/ugv_msgs/ugv_msgs
[1.065s] -- Up-to-date: /home/ugv/NGCP/NGCP_25_26/ugv-integration-2526/install/ugv_msgs/include/ugv_msgs/ugv_msgs/msg
[1.065s] -- Up-to-date: /home/ugv/NGCP/NGCP_25_26/ugv-integration-2526/install/ugv_msgs/include/ugv_msgs/ugv_msgs/msg/rosidl_typesupport_fastrtps_cpp__visibility_control.h
[1.065s] -- Up-to-date: /home/ugv/NGCP/NGCP_25_26/ugv-integration-2526/install/ugv_msgs/include/ugv_msgs/ugv_msgs/msg/detail
[1.066s] -- Up-to-date: /home/ugv/NGCP/NGCP_25_26/ugv-integration-2526/install/ugv_msgs/include/ugv_msgs/ugv_msgs/msg/detail/dds_fastrtps
[1.066s] -- Up-to-date: /home/ugv/NGCP/NGCP_25_26/ugv-integration-2526/install/ugv_msgs/include/ugv_msgs/ugv_msgs/msg/detail/man_ctrl__rosidl_typesupport_fastrtps_cpp.hpp
[1.066s] -- Up-to-date: /home/ugv/NGCP/NGCP_25_26/ugv-integration-2526/install/ugv_msgs/include/ugv_msgs/ugv_msgs/msg/detail/auto_ctrl__rosidl_typesupport_fastrtps_cpp.hpp
[1.066s] -- Up-to-date: /home/ugv/NGCP/NGCP_25_26/ugv-integration-2526/install/ugv_msgs/lib/libugv_msgs__rosidl_typesupport_fastrtps_cpp.so
[1.066s] -- Up-to-date: /home/ugv/NGCP/NGCP_25_26/ugv-integration-2526/install/ugv_msgs/include/ugv_msgs/ugv_msgs
[1.066s] -- Up-to-date: /home/ugv/NGCP/NGCP_25_26/ugv-integration-2526/install/ugv_msgs/include/ugv_msgs/ugv_msgs/msg
[1.066s] -- Up-to-date: /home/ugv/NGCP/NGCP_25_26/ugv-integration-2526/install/ugv_msgs/include/ugv_msgs/ugv_msgs/msg/detail
[1.067s] -- Up-to-date: /home/ugv/NGCP/NGCP_25_26/ugv-integration-2526/install/ugv_msgs/include/ugv_msgs/ugv_msgs/msg/detail/auto_ctrl__type_support.cpp
[1.067s] -- Up-to-date: /home/ugv/NGCP/NGCP_25_26/ugv-integration-2526/install/ugv_msgs/include/ugv_msgs/ugv_msgs/msg/detail/man_ctrl__type_support.cpp
[1.067s] -- Up-to-date: /home/ugv/NGCP/NGCP_25_26/ugv-integration-2526/install/ugv_msgs/include/ugv_msgs/ugv_msgs/msg/detail/man_ctrl__rosidl_typesupport_introspection_cpp.hpp
[1.067s] -- Up-to-date: /home/ugv/NGCP/NGCP_25_26/ugv-integration-2526/install/ugv_msgs/include/ugv_msgs/ugv_msgs/msg/detail/auto_ctrl__rosidl_typesupport_introspection_cpp.hpp
[1.067s] -- Up-to-date: /home/ugv/NGCP/NGCP_25_26/ugv-integration-2526/install/ugv_msgs/lib/libugv_msgs__rosidl_typesupport_introspection_cpp.so
[1.068s] -- Up-to-date: /home/ugv/NGCP/NGCP_25_26/ugv-integration-2526/install/ugv_msgs/lib/libugv_msgs__rosidl_typesupport_cpp.so
[1.068s] -- Up-to-date: /home/ugv/NGCP/NGCP_25_26/ugv-integration-2526/install/ugv_msgs/share/ugv_msgs/environment/pythonpath.sh
[1.068s] -- Up-to-date: /home/ugv/NGCP/NGCP_25_26/ugv-integration-2526/install/ugv_msgs/share/ugv_msgs/environment/pythonpath.dsv
[1.068s] -- Up-to-date: /home/ugv/NGCP/NGCP_25_26/ugv-integration-2526/install/ugv_msgs/local/lib/python3.10/dist-packages/ugv_msgs-0.0.0-py3.10.egg-info
[1.068s] -- Installing: /home/ugv/NGCP/NGCP_25_26/ugv-integration-2526/install/ugv_msgs/local/lib/python3.10/dist-packages/ugv_msgs-0.0.0-py3.10.egg-info/PKG-INFO
[1.068s] -- Installing: /home/ugv/NGCP/NGCP_25_26/ugv-integration-2526/install/ugv_msgs/local/lib/python3.10/dist-packages/ugv_msgs-0.0.0-py3.10.egg-info/top_level.txt
[1.068s] -- Installing: /home/ugv/NGCP/NGCP_25_26/ugv-integration-2526/install/ugv_msgs/local/lib/python3.10/dist-packages/ugv_msgs-0.0.0-py3.10.egg-info/SOURCES.txt
[1.069s] -- Installing: /home/ugv/NGCP/NGCP_25_26/ugv-integration-2526/install/ugv_msgs/local/lib/python3.10/dist-packages/ugv_msgs-0.0.0-py3.10.egg-info/dependency_links.txt
[1.069s] -- Up-to-date: /home/ugv/NGCP/NGCP_25_26/ugv-integration-2526/install/ugv_msgs/local/lib/python3.10/dist-packages/ugv_msgs
[1.069s] -- Up-to-date: /home/ugv/NGCP/NGCP_25_26/ugv-integration-2526/install/ugv_msgs/local/lib/python3.10/dist-packages/ugv_msgs/_ugv_msgs_s.ep.rosidl_typesupport_c.c
[1.069s] -- Up-to-date: /home/ugv/NGCP/NGCP_25_26/ugv-integration-2526/install/ugv_msgs/local/lib/python3.10/dist-packages/ugv_msgs/__init__.py
[1.069s] -- Up-to-date: /home/ugv/NGCP/NGCP_25_26/ugv-integration-2526/install/ugv_msgs/local/lib/python3.10/dist-packages/ugv_msgs/ugv_msgs_s__rosidl_typesupport_fastrtps_c.cpython-310-aarch64-linux-gnu.so
[1.069s] -- Up-to-date: /home/ugv/NGCP/NGCP_25_26/ugv-integration-2526/install/ugv_msgs/local/lib/python3.10/dist-packages/ugv_msgs/ugv_msgs_s__rosidl_typesupport_introspection_c.cpython-310-aarch64-linux-gnu.so
[1.070s] -- Up-to-date: /home/ugv/NGCP/NGCP_25_26/ugv-integration-2526/install/ugv_msgs/local/lib/python3.10/dist-packages/ugv_msgs/_ugv_msgs_s.ep.rosidl_typesupport_fastrtps_c.c
[1.070s] -- Up-to-date: /home/ugv/NGCP/NGCP_25_26/ugv-integration-2526/install/ugv_msgs/local/lib/python3.10/dist-packages/ugv_msgs/_ugv_msgs_s.ep.rosidl_typesupport_introspection_c.c
[1.070s] -- Up-to-date: /home/ugv/NGCP/NGCP_25_26/ugv-integration-2526/install/ugv_msgs/local/lib/python3.10/dist-packages/ugv_msgs/msg
[1.070s] -- Up-to-date: /home/ugv/NGCP/NGCP_25_26/ugv-integration-2526/install/ugv_msgs/local/lib/python3.10/dist-packages/ugv_msgs/msg/_auto_ctrl_s.c
[1.071s] -- Up-to-date: /home/ugv/NGCP/NGCP_25_26/ugv-integration-2526/install/ugv_msgs/local/lib/python3.10/dist-packages/ugv_msgs/msg/__init__.py
[1.071s] -- Up-to-date: /home/ugv/NGCP/NGCP_25_26/ugv-integration-2526/install/ugv_msgs/local/lib/python3.10/dist-packages/ugv_msgs/msg/_auto_ctrl.py
[1.071s] -- Up-to-date: /home/ugv/NGCP/NGCP_25_26/ugv-integration-2526/install/ugv_msgs/local/lib/python3.10/dist-packages/ugv_msgs/msg/_man_ctrl.py
[1.071s] -- Up-to-date: /home/ugv/NGCP/NGCP_25_26/ugv-integration-2526/install/ugv_msgs/local/lib/python3.10/dist-packages/ugv_msgs/msg/_man_ctrl_s.c
[1.071s] -- Up-to-date: /home/ugv/NGCP/NGCP_25_26/ugv-integration-2526/install/ugv_msgs/local/lib/python3.10/dist-packages/ugv_msgs/ugv_msgs_s__rosidl_typesupport_c.cpython-310-aarch64-linux-gnu.so
[1.071s] -- Up-to-date: /home/ugv/NGCP/NGCP_25_26/ugv-integration-2526/install/ugv_msgs/local/lib/python3.10/dist-packages/ugv_msgs/libugv_msgs__rosidl_generator_py.so
[1.134s] Listing '/home/ugv/NGCP/NGCP_25_26/ugv-integration-2526/install/ugv_msgs/local/lib/python3.10/dist-packages/ugv_msgs'...
[1.134s] Listing '/home/ugv/NGCP/NGCP_25_26/ugv-integration-2526/install/ugv_msgs/local/lib/python3.10/dist-packages/ugv_msgs/msg'...
[1.148s] -- Up-to-date: /home/ugv/NGCP/NGCP_25_26/ugv-integration-2526/install/ugv_msgs/local/lib/python3.10/dist-packages/ugv_msgs/ugv_msgs_s__rosidl_typesupport_fastrtps_c.cpython-310-aarch64-linux-gnu.so
[1.149s] -- Up-to-date: /home/ugv/NGCP/NGCP_25_26/ugv-integration-2526/install/ugv_msgs/local/lib/python3.10/dist-packages/ugv_msgs/ugv_msgs_s__rosidl_typesupport_introspection_c.cpython-310-aarch64-linux-gnu.so
[1.150s] -- Up-to-date: /home/ugv/NGCP/NGCP_25_26/ugv-integration-2526/install/ugv_msgs/local/lib/python3.10/dist-packages/ugv_msgs/ugv_msgs_s__rosidl_typesupport_c.cpython-310-aarch64-linux-gnu.so
[1.151s] -- Up-to-date: /home/ugv/NGCP/NGCP_25_26/ugv-integration-2526/install/ugv_msgs/lib/libugv_msgs__rosidl_generator_py.so
[1.151s] -- Up-to-date: /home/ugv/NGCP/NGCP_25_26/ugv-integration-2526/install/ugv_msgs/share/ugv_msgs/msg/ManCtrl.idl
[1.151s] -- Up-to-date: /home/ugv/NGCP/NGCP_25_26/ugv-integration-2526/install/ugv_msgs/share/ugv_msgs/msg/AutoCtrl.idl
[1.152s] -- Up-to-date: /home/ugv/NGCP/NGCP_25_26/ugv-integration-2526/install/ugv_msgs/share/ugv_msgs/msg/ManCtrl.msg
[1.152s] -- Up-to-date: /home/ugv/NGCP/NGCP_25_26/ugv-integration-2526/install/ugv_msgs/share/ugv_msgs/msg/AutoCtrl.msg
[1.153s] -- Up-to-date: /home/ugv/NGCP/NGCP_25_26/ugv-integration-2526/install/ugv_msgs/share/ament_index/resource_index/package_run_dependencies/ugv_msgs
[1.153s] -- Up-to-date: /home/ugv/NGCP/NGCP_25_26/ugv-integration-2526/install/ugv_msgs/share/ament_index/resource_index/parent_prefix_path/ugv_msgs
[1.153s] -- Up-to-date: /home/ugv/NGCP/NGCP_25_26/ugv-integration-2526/install/ugv_msgs/share/ugv_msgs/environment/ament_prefix_path.sh
[1.154s] -- Up-to-date: /home/ugv/NGCP/NGCP_25_26/ugv-integration-2526/install/ugv_msgs/share/ugv_msgs/environment/ament_prefix_path.dsv
[1.154s] -- Up-to-date: /home/ugv/NGCP/NGCP_25_26/ugv-integration-2526/install/ugv_msgs/share/ugv_msgs/environment/path.sh
[1.154s] -- Up-to-date: /home/ugv/NGCP/NGCP_25_26/ugv-integration-2526/install/ugv_msgs/share/ugv_msgs/environment/path.dsv
[1.154s] -- Up-to-date: /home/ugv/NGCP/NGCP_25_26/ugv-integration-2526/install/ugv_msgs/share/ugv_msgs/local_setup.bash
[1.155s] -- Up-to-date: /home/ugv/NGCP/NGCP_25_26/ugv-integration-2526/install/ugv_msgs/share/ugv_msgs/local_setup.sh
[1.155s] -- Up-to-date: /home/ugv/NGCP/NGCP_25_26/ugv-integration-2526/install/ugv_msgs/share/ugv_msgs/local_setup.zsh
[1.155s] -- Up-to-date: /home/ugv/NGCP/NGCP_25_26/ugv-integration-2526/install/ugv_msgs/share/ugv_msgs/local_setup.dsv
[1.155s] -- Installing: /home/ugv/NGCP/NGCP_25_26/ugv-integration-2526/install/ugv_msgs/share/ugv_msgs/package.dsv
[1.155s] -- Up-to-date: /home/ugv/NGCP/NGCP_25_26/ugv-integration-2526/install/ugv_msgs/share/ament_index/resource_index/packages/ugv_msgs
[1.156s] -- Up-to-date: /home/ugv/NGCP/NGCP_25_26/ugv-integration-2526/install/ugv_msgs/share/ugv_msgs/cmake/export_ugv_msgs__rosidl_generator_cExport.cmake
[1.156s] -- Up-to-date: /home/ugv/NGCP/NGCP_25_26/ugv-integration-2526/install/ugv_msgs/share/ugv_msgs/cmake/export_ugv_msgs__rosidl_generator_cExport-noconfig.cmake
[1.156s] -- Up-to-date: /home/ugv/NGCP/NGCP_25_26/ugv-integration-2526/install/ugv_msgs/share/ugv_msgs/cmake/export_ugv_msgs__rosidl_typesupport_fastrtps_cExport.cmake
[1.156s] -- Up-to-date: /home/ugv/NGCP/NGCP_25_26/ugv-integration-2526/install/ugv_msgs/share/ugv_msgs/cmake/export_ugv_msgs__rosidl_typesupport_fastrtps_cExport-noconfig.cmake
[1.157s] -- Up-to-date: /home/ugv/NGCP/NGCP_25_26/ugv-integration-2526/install/ugv_msgs/share/ugv_msgs/cmake/ugv_msgs__rosidl_typesupport_introspection_cExport.cmake
[1.157s] -- Up-to-date: /home/ugv/NGCP/NGCP_25_26/ugv-integration-2526/install/ugv_msgs/share/ugv_msgs/cmake/ugv_msgs__rosidl_typesupport_introspection_cExport-noconfig.cmake
[1.157s] -- Up-to-date: /home/ugv/NGCP/NGCP_25_26/ugv-integration-2526/install/ugv_msgs/share/ugv_msgs/cmake/ugv_msgs__rosidl_typesupport_cExport.cmake
[1.157s] -- Up-to-date: /home/ugv/NGCP/NGCP_25_26/ugv-integration-2526/install/ugv_msgs/share/ugv_msgs/cmake/ugv_msgs__rosidl_typesupport_cExport-noconfig.cmake
[1.157s] -- Up-to-date: /home/ugv/NGCP/NGCP_25_26/ugv-integration-2526/install/ugv_msgs/share/ugv_msgs/cmake/export_ugv_msgs__rosidl_generator_cppExport.cmake
[1.158s] -- Up-to-date: /home/ugv/NGCP/NGCP_25_26/ugv-integration-2526/install/ugv_msgs/share/ugv_msgs/cmake/export_ugv_msgs__rosidl_typesupport_fastrtps_cppExport.cmake
[1.158s] -- Up-to-date: /home/ugv/NGCP/NGCP_25_26/ugv-integration-2526/install/ugv_msgs/share/ugv_msgs/cmake/export_ugv_msgs__rosidl_typesupport_fastrtps_cppExport-noconfig.cmake
[1.158s] -- Up-to-date: /home/ugv/NGCP/NGCP_25_26/ugv-integration-2526/install/ugv_msgs/share/ugv_msgs/cmake/ugv_msgs__rosidl_typesupport_introspection_cppExport.cmake
[1.158s] -- Up-to-date: /home/ugv/NGCP/NGCP_25_26/ugv-integration-2526/install/ugv_msgs/share/ugv_msgs/cmake/ugv_msgs__rosidl_typesupport_introspection_cppExport-noconfig.cmake
[1.159s] -- Up-to-date: /home/ugv/NGCP/NGCP_25_26/ugv-integration-2526/install/ugv_msgs/share/ugv_msgs/cmake/ugv_msgs__rosidl_typesupport_cppExport.cmake
[1.159s] -- Up-to-date: /home/ugv/NGCP/NGCP_25_26/ugv-integration-2526/install/ugv_msgs/share/ugv_msgs/cmake/ugv_msgs__rosidl_typesupport_cppExport-noconfig.cmake
[1.159s] -- Up-to-date: /home/ugv/NGCP/NGCP_25_26/ugv-integration-2526/install/ugv_msgs/share/ugv_msgs/cmake/export_ugv_msgs__rosidl_generator_pyExport.cmake
[1.159s] -- Up-to-date: /home/ugv/NGCP/NGCP_25_26/ugv-integration-2526/install/ugv_msgs/share/ugv_msgs/cmake/export_ugv_msgs__rosidl_generator_pyExport-noconfig.cmake
[1.159s] -- Up-to-date: /home/ugv/NGCP/NGCP_25_26/ugv-integration-2526/install/ugv_msgs/share/ugv_msgs/cmake/rosidl_cmake-extras.cmake
[1.159s] -- Up-to-date: /home/ugv/NGCP/NGCP_25_26/ugv-integration-2526/install/ugv_msgs/share/ugv_msgs/cmake/ament_cmake_export_include_directories-extras.cmake
[1.159s] -- Up-to-date: /home/ugv/NGCP/NGCP_25_26/ugv-integration-2526/install/ugv_msgs/share/ugv_msgs/cmake/ament_cmake_export_libraries-extras.cmake
[1.159s] -- Up-to-date: /home/ugv/NGCP/NGCP_25_26/ugv-integration-2526/install/ugv_msgs/share/ugv_msgs/cmake/ament_cmake_export_targets-extras.cmake
[1.160s] -- Up-to-date: /home/ugv/NGCP/NGCP_25_26/ugv-integration-2526/install/ugv_msgs/share/ugv_msgs/cmake/rosidl_cmake_export_typesupport_targets-extras.cmake
[1.160s] -- Up-to-date: /home/ugv/NGCP/NGCP_25_26/ugv-integration-2526/install/ugv_msgs/share/ugv_msgs/cmake/ament_cmake_export_dependencies-extras.cmake
[1.160s] -- Up-to-date: /home/ugv/NGCP/NGCP_25_26/ugv-integration-2526/install/ugv_msgs/share/ugv_msgs/cmake/rosidl_cmake_export_typesupport_libraries-extras.cmake
[1.160s] -- Up-to-date: /home/ugv/NGCP/NGCP_25_26/ugv-integration-2526/install/ugv_msgs/share/ugv_msgs/cmake/ugv_msgsConfig.cmake
[1.160s] -- Up-to-date: /home/ugv/NGCP/NGCP_25_26/ugv-integration-2526/install/ugv_msgs/share/ugv_msgs/cmake/ugv_msgsConfig-version.cmake
[1.160s] -- Up-to-date: /home/ugv/NGCP/NGCP_25_26/ugv-integration-2526/install/ugv_msgs/share/ugv_msgs/package.xml
[1.168s] Invoked command in '/home/ugv/NGCP/NGCP_25_26/ugv-integration-2526/build/ugv_msgs' returned '0': CMAKE_PREFIX_PATH=/opt/ros/humble /usr/bin/cmake --install /home/ugv/NGCP/NGCP_25_26/ugv-integration-2526/build/ugv_msgs
