[0.475s] DEBUG:colcon:Command line arguments: ['/usr/bin/colcon', 'build', '--symlink-install', '--packages-select', 'ugv_msgs']
[0.475s] DEBUG:colcon:Parsed command line arguments: Namespace(log_base=None, log_level=None, verb_name='build', build_base='build', install_base='install', merge_install=False, symlink_install=True, test_result_base=None, continue_on_error=False, executor='parallel', parallel_workers=4, event_handlers=None, ignore_user_meta=False, metas=['./colcon.meta'], base_paths=['.'], packages_ignore=None, packages_ignore_regex=None, paths=None, packages_up_to=None, packages_up_to_regex=None, packages_above=None, packages_above_and_dependencies=None, packages_above_depth=None, packages_select_by_dep=None, packages_skip_by_dep=None, packages_skip_up_to=None, packages_select_build_failed=False, packages_skip_build_finished=False, packages_select_test_failures=False, packages_skip_test_passed=False, packages_select=['ugv_msgs'], packages_skip=None, packages_select_regex=None, packages_skip_regex=None, packages_start=None, packages_end=None, allow_overriding=[], cmake_args=None, cmake_target=None, cmake_target_skip_unavailable=False, cmake_clean_cache=False, cmake_clean_first=False, cmake_force_configure=False, ament_cmake_args=None, catkin_cmake_args=None, catkin_skip_building_tests=False, mixin_files=None, mixin=None, verb_parser=<colcon_mixin.mixin.mixin_argument.MixinArgumentDecorator object at 0xffffad53dc60>, verb_extension=<colcon_core.verb.build.BuildVerb object at 0xffffad6debf0>, main=<bound method BuildVerb.main of <colcon_core.verb.build.BuildVerb object at 0xffffad6debf0>>, mixin_verb=('build',))
[1.327s] Level 1:colcon.colcon_core.package_discovery:discover_packages(colcon_meta) check parameters
[1.328s] Level 1:colcon.colcon_core.package_discovery:discover_packages(recursive) check parameters
[1.328s] Level 1:colcon.colcon_core.package_discovery:discover_packages(ignore) check parameters
[1.328s] Level 1:colcon.colcon_core.package_discovery:discover_packages(path) check parameters
[1.328s] Level 1:colcon.colcon_core.package_discovery:discover_packages(colcon_meta) discover
[1.328s] Level 1:colcon.colcon_core.package_discovery:discover_packages(recursive) discover
[1.328s] INFO:colcon.colcon_core.package_discovery:Crawling recursively for packages in '/home/kayla/NGCP'
[1.329s] Level 1:colcon.colcon_core.package_identification:_identify(.) by extensions ['ignore', 'ignore_ament_install']
[1.329s] Level 1:colcon.colcon_core.package_identification:_identify(.) by extension 'ignore'
[1.329s] Level 1:colcon.colcon_core.package_identification:_identify(.) by extension 'ignore_ament_install'
[1.329s] Level 1:colcon.colcon_core.package_identification:_identify(.) by extensions ['colcon_pkg']
[1.330s] Level 1:colcon.colcon_core.package_identification:_identify(.) by extension 'colcon_pkg'
[1.330s] Level 1:colcon.colcon_core.package_identification:_identify(.) by extensions ['colcon_meta']
[1.330s] Level 1:colcon.colcon_core.package_identification:_identify(.) by extension 'colcon_meta'
[1.330s] Level 1:colcon.colcon_core.package_identification:_identify(.) by extensions ['ros']
[1.330s] Level 1:colcon.colcon_core.package_identification:_identify(.) by extension 'ros'
[1.374s] Level 1:colcon.colcon_core.package_identification:_identify(.) by extensions ['cmake', 'python']
[1.374s] Level 1:colcon.colcon_core.package_identification:_identify(.) by extension 'cmake'
[1.375s] Level 1:colcon.colcon_core.package_identification:_identify(.) by extension 'python'
[1.375s] Level 1:colcon.colcon_core.package_identification:_identify(.) by extensions ['python_setup_py']
[1.375s] Level 1:colcon.colcon_core.package_identification:_identify(.) by extension 'python_setup_py'
[1.375s] Level 1:colcon.colcon_core.package_identification:_identify(build) by extensions ['ignore', 'ignore_ament_install']
[1.376s] Level 1:colcon.colcon_core.package_identification:_identify(build) by extension 'ignore'
[1.376s] Level 1:colcon.colcon_core.package_identification:_identify(build) ignored
[1.377s] Level 1:colcon.colcon_core.package_identification:_identify(install) by extensions ['ignore', 'ignore_ament_install']
[1.377s] Level 1:colcon.colcon_core.package_identification:_identify(install) by extension 'ignore'
[1.377s] Level 1:colcon.colcon_core.package_identification:_identify(install) ignored
[1.378s] Level 1:colcon.colcon_core.package_identification:_identify(log) by extensions ['ignore', 'ignore_ament_install']
[1.378s] Level 1:colcon.colcon_core.package_identification:_identify(log) by extension 'ignore'
[1.378s] Level 1:colcon.colcon_core.package_identification:_identify(log) ignored
[1.378s] Level 1:colcon.colcon_core.package_identification:_identify(src) by extensions ['ignore', 'ignore_ament_install']
[1.379s] Level 1:colcon.colcon_core.package_identification:_identify(src) by extension 'ignore'
[1.379s] Level 1:colcon.colcon_core.package_identification:_identify(src) by extension 'ignore_ament_install'
[1.379s] Level 1:colcon.colcon_core.package_identification:_identify(src) by extensions ['colcon_pkg']
[1.379s] Level 1:colcon.colcon_core.package_identification:_identify(src) by extension 'colcon_pkg'
[1.379s] Level 1:colcon.colcon_core.package_identification:_identify(src) by extensions ['colcon_meta']
[1.380s] Level 1:colcon.colcon_core.package_identification:_identify(src) by extension 'colcon_meta'
[1.380s] Level 1:colcon.colcon_core.package_identification:_identify(src) by extensions ['ros']
[1.380s] Level 1:colcon.colcon_core.package_identification:_identify(src) by extension 'ros'
[1.380s] Level 1:colcon.colcon_core.package_identification:_identify(src) by extensions ['cmake', 'python']
[1.380s] Level 1:colcon.colcon_core.package_identification:_identify(src) by extension 'cmake'
[1.380s] Level 1:colcon.colcon_core.package_identification:_identify(src) by extension 'python'
[1.381s] Level 1:colcon.colcon_core.package_identification:_identify(src) by extensions ['python_setup_py']
[1.381s] Level 1:colcon.colcon_core.package_identification:_identify(src) by extension 'python_setup_py'
[1.381s] Level 1:colcon.colcon_core.package_identification:_identify(src/ugv_control) by extensions ['ignore', 'ignore_ament_install']
[1.381s] Level 1:colcon.colcon_core.package_identification:_identify(src/ugv_control) by extension 'ignore'
[1.382s] Level 1:colcon.colcon_core.package_identification:_identify(src/ugv_control) by extension 'ignore_ament_install'
[1.382s] Level 1:colcon.colcon_core.package_identification:_identify(src/ugv_control) by extensions ['colcon_pkg']
[1.382s] Level 1:colcon.colcon_core.package_identification:_identify(src/ugv_control) by extension 'colcon_pkg'
[1.382s] Level 1:colcon.colcon_core.package_identification:_identify(src/ugv_control) by extensions ['colcon_meta']
[1.382s] Level 1:colcon.colcon_core.package_identification:_identify(src/ugv_control) by extension 'colcon_meta'
[1.382s] Level 1:colcon.colcon_core.package_identification:_identify(src/ugv_control) by extensions ['ros']
[1.383s] Level 1:colcon.colcon_core.package_identification:_identify(src/ugv_control) by extension 'ros'
[1.391s] DEBUG:colcon.colcon_core.package_identification:Package 'src/ugv_control' with type 'ros.ament_python' and name 'ugv_control'
[1.392s] Level 1:colcon.colcon_core.package_identification:_identify(src/ugv_msgs) by extensions ['ignore', 'ignore_ament_install']
[1.392s] Level 1:colcon.colcon_core.package_identification:_identify(src/ugv_msgs) by extension 'ignore'
[1.393s] Level 1:colcon.colcon_core.package_identification:_identify(src/ugv_msgs) by extension 'ignore_ament_install'
[1.393s] Level 1:colcon.colcon_core.package_identification:_identify(src/ugv_msgs) by extensions ['colcon_pkg']
[1.393s] Level 1:colcon.colcon_core.package_identification:_identify(src/ugv_msgs) by extension 'colcon_pkg'
[1.393s] Level 1:colcon.colcon_core.package_identification:_identify(src/ugv_msgs) by extensions ['colcon_meta']
[1.393s] Level 1:colcon.colcon_core.package_identification:_identify(src/ugv_msgs) by extension 'colcon_meta'
[1.393s] Level 1:colcon.colcon_core.package_identification:_identify(src/ugv_msgs) by extensions ['ros']
[1.394s] Level 1:colcon.colcon_core.package_identification:_identify(src/ugv_msgs) by extension 'ros'
[1.396s] DEBUG:colcon.colcon_core.package_identification:Package 'src/ugv_msgs' with type 'ros.ament_cmake' and name 'ugv_msgs'
[1.396s] Level 1:colcon.colcon_core.package_discovery:discover_packages(recursive) using defaults
[1.396s] Level 1:colcon.colcon_core.package_discovery:discover_packages(ignore) discover
[1.397s] Level 1:colcon.colcon_core.package_discovery:discover_packages(ignore) using defaults
[1.397s] Level 1:colcon.colcon_core.package_discovery:discover_packages(path) discover
[1.397s] Level 1:colcon.colcon_core.package_discovery:discover_packages(path) using defaults
[1.513s] INFO:colcon.colcon_core.package_selection:Skipping not selected package 'ugv_control' in 'src/ugv_control'
[1.515s] Level 1:colcon.colcon_core.package_discovery:discover_packages(prefix_path) check parameters
[1.516s] Level 1:colcon.colcon_core.package_discovery:discover_packages(prefix_path) discover
[1.530s] DEBUG:colcon.colcon_installed_package_information.package_discovery:Found 271 installed packages in /opt/ros/humble
[1.536s] Level 1:colcon.colcon_core.package_discovery:discover_packages(prefix_path) using defaults
[1.713s] Level 5:colcon.colcon_core.verb:set package 'ugv_msgs' build argument 'cmake_args' from command line to 'None'
[1.713s] Level 5:colcon.colcon_core.verb:set package 'ugv_msgs' build argument 'cmake_target' from command line to 'None'
[1.713s] Level 5:colcon.colcon_core.verb:set package 'ugv_msgs' build argument 'cmake_target_skip_unavailable' from command line to 'False'
[1.713s] Level 5:colcon.colcon_core.verb:set package 'ugv_msgs' build argument 'cmake_clean_cache' from command line to 'False'
[1.713s] Level 5:colcon.colcon_core.verb:set package 'ugv_msgs' build argument 'cmake_clean_first' from command line to 'False'
[1.713s] Level 5:colcon.colcon_core.verb:set package 'ugv_msgs' build argument 'cmake_force_configure' from command line to 'False'
[1.714s] Level 5:colcon.colcon_core.verb:set package 'ugv_msgs' build argument 'ament_cmake_args' from command line to 'None'
[1.714s] Level 5:colcon.colcon_core.verb:set package 'ugv_msgs' build argument 'catkin_cmake_args' from command line to 'None'
[1.714s] Level 5:colcon.colcon_core.verb:set package 'ugv_msgs' build argument 'catkin_skip_building_tests' from command line to 'False'
[1.714s] DEBUG:colcon.colcon_core.verb:Building package 'ugv_msgs' with the following arguments: {'ament_cmake_args': None, 'build_base': '/home/kayla/NGCP/build/ugv_msgs', 'catkin_cmake_args': None, 'catkin_skip_building_tests': False, 'cmake_args': None, 'cmake_clean_cache': False, 'cmake_clean_first': False, 'cmake_force_configure': False, 'cmake_target': None, 'cmake_target_skip_unavailable': False, 'install_base': '/home/kayla/NGCP/install/ugv_msgs', 'merge_install': False, 'path': '/home/kayla/NGCP/src/ugv_msgs', 'symlink_install': True, 'test_result_base': None}
[1.715s] INFO:colcon.colcon_core.executor:Executing jobs using 'parallel' executor
[1.718s] DEBUG:colcon.colcon_parallel_executor.executor.parallel:run_until_complete
[1.719s] INFO:colcon.colcon_ros.task.ament_cmake.build:Building ROS package in '/home/kayla/NGCP/src/ugv_msgs' with build type 'ament_cmake'
[1.720s] INFO:colcon.colcon_cmake.task.cmake.build:Building CMake package in '/home/kayla/NGCP/src/ugv_msgs'
[1.731s] INFO:colcon.colcon_core.plugin_system:Skipping extension 'colcon_core.shell.bat': Not used on non-Windows systems
[1.732s] INFO:colcon.colcon_core.shell:Skip shell extension 'powershell' for command environment: Not usable outside of PowerShell
[1.732s] DEBUG:colcon.colcon_core.shell:Skip shell extension 'dsv' for command environment
[1.774s] DEBUG:colcon.colcon_core.event_handler.log_command:Invoking command in '/home/kayla/NGCP/build/ugv_msgs': CMAKE_PREFIX_PATH=/opt/ros/humble /usr/bin/cmake /home/kayla/NGCP/src/ugv_msgs -DAMENT_CMAKE_SYMLINK_INSTALL=1 -DCMAKE_INSTALL_PREFIX=/home/kayla/NGCP/install/ugv_msgs
[15.051s] DEBUG:colcon.colcon_core.event_handler.log_command:Invoked command in '/home/kayla/NGCP/build/ugv_msgs' returned '0': CMAKE_PREFIX_PATH=/opt/ros/humble /usr/bin/cmake /home/kayla/NGCP/src/ugv_msgs -DAMENT_CMAKE_SYMLINK_INSTALL=1 -DCMAKE_INSTALL_PREFIX=/home/kayla/NGCP/install/ugv_msgs
[15.064s] DEBUG:colcon.colcon_core.event_handler.log_command:Invoking command in '/home/kayla/NGCP/build/ugv_msgs': CMAKE_PREFIX_PATH=/opt/ros/humble /usr/bin/cmake --build /home/kayla/NGCP/build/ugv_msgs -- -j4 -l4
[45.322s] DEBUG:colcon.colcon_core.event_handler.log_command:Invoked command in '/home/kayla/NGCP/build/ugv_msgs' returned '0': CMAKE_PREFIX_PATH=/opt/ros/humble /usr/bin/cmake --build /home/kayla/NGCP/build/ugv_msgs -- -j4 -l4
[45.382s] DEBUG:colcon.colcon_core.event_handler.log_command:Invoking command in '/home/kayla/NGCP/build/ugv_msgs': CMAKE_PREFIX_PATH=/opt/ros/humble /usr/bin/cmake --install /home/kayla/NGCP/build/ugv_msgs
[49.322s] Level 1:colcon.colcon_core.environment:create_environment_scripts_only(ugv_msgs)
[49.324s] DEBUG:colcon.colcon_core.event_handler.log_command:Invoked command in '/home/kayla/NGCP/build/ugv_msgs' returned '0': CMAKE_PREFIX_PATH=/opt/ros/humble /usr/bin/cmake --install /home/kayla/NGCP/build/ugv_msgs
[49.341s] Level 1:colcon.colcon_core.environment:checking '/home/kayla/NGCP/install/ugv_msgs' for CMake module files
[49.346s] Level 1:colcon.colcon_core.environment:checking '/home/kayla/NGCP/install/ugv_msgs' for CMake config files
[49.357s] Level 1:colcon.colcon_core.shell:create_environment_hook('ugv_msgs', 'cmake_prefix_path')
[49.359s] INFO:colcon.colcon_core.shell:Creating environment hook '/home/kayla/NGCP/install/ugv_msgs/share/ugv_msgs/hook/cmake_prefix_path.ps1'
[49.364s] INFO:colcon.colcon_core.shell:Creating environment descriptor '/home/kayla/NGCP/install/ugv_msgs/share/ugv_msgs/hook/cmake_prefix_path.dsv'
[49.367s] INFO:colcon.colcon_core.shell:Creating environment hook '/home/kayla/NGCP/install/ugv_msgs/share/ugv_msgs/hook/cmake_prefix_path.sh'
[49.377s] Level 1:colcon.colcon_core.environment:checking '/home/kayla/NGCP/install/ugv_msgs/lib'
[49.378s] Level 1:colcon.colcon_core.shell:create_environment_hook('ugv_msgs', 'ld_library_path_lib')
[49.380s] INFO:colcon.colcon_core.shell:Creating environment hook '/home/kayla/NGCP/install/ugv_msgs/share/ugv_msgs/hook/ld_library_path_lib.ps1'
[49.385s] INFO:colcon.colcon_core.shell:Creating environment descriptor '/home/kayla/NGCP/install/ugv_msgs/share/ugv_msgs/hook/ld_library_path_lib.dsv'
[49.389s] INFO:colcon.colcon_core.shell:Creating environment hook '/home/kayla/NGCP/install/ugv_msgs/share/ugv_msgs/hook/ld_library_path_lib.sh'
[49.392s] Level 1:colcon.colcon_core.environment:checking '/home/kayla/NGCP/install/ugv_msgs/bin'
[49.392s] Level 1:colcon.colcon_core.environment:checking '/home/kayla/NGCP/install/ugv_msgs/lib/pkgconfig/ugv_msgs.pc'
[49.393s] Level 1:colcon.colcon_core.environment:checking '/home/kayla/NGCP/install/ugv_msgs/lib/python3.10/site-packages'
[49.395s] Level 1:colcon.colcon_core.environment:checking '/home/kayla/NGCP/install/ugv_msgs/bin'
[49.396s] INFO:colcon.colcon_core.shell:Creating package script '/home/kayla/NGCP/install/ugv_msgs/share/ugv_msgs/package.ps1'
[49.400s] INFO:colcon.colcon_core.shell:Creating package descriptor '/home/kayla/NGCP/install/ugv_msgs/share/ugv_msgs/package.dsv'
[49.406s] INFO:colcon.colcon_core.shell:Creating package script '/home/kayla/NGCP/install/ugv_msgs/share/ugv_msgs/package.sh'
[49.409s] INFO:colcon.colcon_core.shell:Creating package script '/home/kayla/NGCP/install/ugv_msgs/share/ugv_msgs/package.bash'
[49.413s] INFO:colcon.colcon_core.shell:Creating package script '/home/kayla/NGCP/install/ugv_msgs/share/ugv_msgs/package.zsh'
[49.416s] Level 1:colcon.colcon_core.environment:create_file_with_runtime_dependencies(/home/kayla/NGCP/install/ugv_msgs/share/colcon-core/packages/ugv_msgs)
[49.419s] Level 1:colcon.colcon_core.environment:create_environment_scripts_only(ugv_msgs)
[49.420s] Level 1:colcon.colcon_core.environment:checking '/home/kayla/NGCP/install/ugv_msgs' for CMake module files
[49.424s] Level 1:colcon.colcon_core.environment:checking '/home/kayla/NGCP/install/ugv_msgs' for CMake config files
[49.433s] Level 1:colcon.colcon_core.shell:create_environment_hook('ugv_msgs', 'cmake_prefix_path')
[49.434s] INFO:colcon.colcon_core.shell:Creating environment hook '/home/kayla/NGCP/install/ugv_msgs/share/ugv_msgs/hook/cmake_prefix_path.ps1'
[49.437s] INFO:colcon.colcon_core.shell:Creating environment descriptor '/home/kayla/NGCP/install/ugv_msgs/share/ugv_msgs/hook/cmake_prefix_path.dsv'
[49.440s] INFO:colcon.colcon_core.shell:Creating environment hook '/home/kayla/NGCP/install/ugv_msgs/share/ugv_msgs/hook/cmake_prefix_path.sh'
[49.445s] Level 1:colcon.colcon_core.environment:checking '/home/kayla/NGCP/install/ugv_msgs/lib'
[49.446s] Level 1:colcon.colcon_core.shell:create_environment_hook('ugv_msgs', 'ld_library_path_lib')
[49.447s] INFO:colcon.colcon_core.shell:Creating environment hook '/home/kayla/NGCP/install/ugv_msgs/share/ugv_msgs/hook/ld_library_path_lib.ps1'
[49.450s] INFO:colcon.colcon_core.shell:Creating environment descriptor '/home/kayla/NGCP/install/ugv_msgs/share/ugv_msgs/hook/ld_library_path_lib.dsv'
[49.457s] INFO:colcon.colcon_core.shell:Creating environment hook '/home/kayla/NGCP/install/ugv_msgs/share/ugv_msgs/hook/ld_library_path_lib.sh'
[49.463s] Level 1:colcon.colcon_core.environment:checking '/home/kayla/NGCP/install/ugv_msgs/bin'
[49.464s] Level 1:colcon.colcon_core.environment:checking '/home/kayla/NGCP/install/ugv_msgs/lib/pkgconfig/ugv_msgs.pc'
[49.466s] Level 1:colcon.colcon_core.environment:checking '/home/kayla/NGCP/install/ugv_msgs/lib/python3.10/site-packages'
[49.467s] Level 1:colcon.colcon_core.environment:checking '/home/kayla/NGCP/install/ugv_msgs/bin'
[49.470s] INFO:colcon.colcon_core.shell:Creating package script '/home/kayla/NGCP/install/ugv_msgs/share/ugv_msgs/package.ps1'
[49.476s] INFO:colcon.colcon_core.shell:Creating package descriptor '/home/kayla/NGCP/install/ugv_msgs/share/ugv_msgs/package.dsv'
[49.481s] INFO:colcon.colcon_core.shell:Creating package script '/home/kayla/NGCP/install/ugv_msgs/share/ugv_msgs/package.sh'
[49.487s] INFO:colcon.colcon_core.shell:Creating package script '/home/kayla/NGCP/install/ugv_msgs/share/ugv_msgs/package.bash'
[49.491s] INFO:colcon.colcon_core.shell:Creating package script '/home/kayla/NGCP/install/ugv_msgs/share/ugv_msgs/package.zsh'
[49.494s] Level 1:colcon.colcon_core.environment:create_file_with_runtime_dependencies(/home/kayla/NGCP/install/ugv_msgs/share/colcon-core/packages/ugv_msgs)
[49.496s] DEBUG:colcon.colcon_parallel_executor.executor.parallel:closing loop
[49.498s] DEBUG:colcon.colcon_parallel_executor.executor.parallel:loop closed
[49.498s] DEBUG:colcon.colcon_parallel_executor.executor.parallel:run_until_complete finished with '0'
[49.499s] DEBUG:colcon.colcon_core.event_reactor:joining thread
[49.534s] INFO:colcon.colcon_core.plugin_system:Skipping extension 'colcon_notification.desktop_notification.terminal_notifier': Not used on non-Darwin systems
[49.534s] INFO:colcon.colcon_core.plugin_system:Skipping extension 'colcon_notification.desktop_notification.win32': Not used on non-Windows systems
[49.535s] INFO:colcon.colcon_notification.desktop_notification:Sending desktop notification using 'notify2'
[49.632s] DEBUG:colcon.colcon_core.event_reactor:joined thread
[49.634s] INFO:colcon.colcon_core.shell:Creating prefix script '/home/kayla/NGCP/install/local_setup.ps1'
[49.644s] INFO:colcon.colcon_core.shell:Creating prefix util module '/home/kayla/NGCP/install/_local_setup_util_ps1.py'
[49.657s] INFO:colcon.colcon_core.shell:Creating prefix chain script '/home/kayla/NGCP/install/setup.ps1'
[49.672s] INFO:colcon.colcon_core.shell:Creating prefix script '/home/kayla/NGCP/install/local_setup.sh'
[49.680s] INFO:colcon.colcon_core.shell:Creating prefix util module '/home/kayla/NGCP/install/_local_setup_util_sh.py'
[49.690s] INFO:colcon.colcon_core.shell:Creating prefix chain script '/home/kayla/NGCP/install/setup.sh'
[49.699s] INFO:colcon.colcon_core.shell:Creating prefix script '/home/kayla/NGCP/install/local_setup.bash'
[49.707s] INFO:colcon.colcon_core.shell:Creating prefix chain script '/home/kayla/NGCP/install/setup.bash'
[49.714s] INFO:colcon.colcon_core.shell:Creating prefix script '/home/kayla/NGCP/install/local_setup.zsh'
[49.720s] INFO:colcon.colcon_core.shell:Creating prefix chain script '/home/kayla/NGCP/install/setup.zsh'
