[0.024s] Invoking command in '/home/ugv/NGCP/NGCP_25_26/ugv-integration-2526/build/ugv_msgs': CMAKE_PREFIX_PATH=/opt/ros/humble /usr/bin/cmake --build /home/ugv/NGCP/NGCP_25_26/ugv-integration-2526/build/ugv_msgs -- -j6 -l6
[0.136s] [  2%] Built target ugv_msgs__cpp
[0.137s] [ 12%] Built target ugv_msgs__rosidl_generator_c
[0.156s] [ 12%] Built target ament_cmake_python_copy_ugv_msgs
[0.188s] [ 23%] Built target ugv_msgs__rosidl_typesupport_introspection_cpp
[0.194s] [ 33%] Built target ugv_msgs__rosidl_typesupport_fastrtps_cpp
[0.195s] [ 43%] Built target ugv_msgs__rosidl_typesupport_cpp
[0.202s] [ 53%] Built target ugv_msgs__rosidl_typesupport_fastrtps_c
[0.212s] [ 64%] Built target ugv_msgs__rosidl_typesupport_introspection_c
[0.219s] [ 74%] Built target ugv_msgs__rosidl_typesupport_c
[0.256s] [ 74%] Built target ugv_msgs
[0.292s] [ 76%] Built target ugv_msgs__py
[0.333s] [ 84%] Built target ugv_msgs__rosidl_generator_py
[0.373s] [ 94%] Built target ugv_msgs__rosidl_typesupport_fastrtps_c__pyext
[0.374s] [ 94%] Built target ugv_msgs__rosidl_typesupport_c__pyext
[0.382s] [100%] Built target ugv_msgs__rosidl_typesupport_introspection_c__pyext
[0.731s] running egg_info
[0.733s] writing ugv_msgs.egg-info/PKG-INFO
[0.733s] writing dependency_links to ugv_msgs.egg-info/dependency_links.txt
[0.734s] writing top-level names to ugv_msgs.egg-info/top_level.txt
[0.738s] reading manifest file 'ugv_msgs.egg-info/SOURCES.txt'
[0.740s] writing manifest file 'ugv_msgs.egg-info/SOURCES.txt'
[0.815s] [100%] Built target ament_cmake_python_build_ugv_msgs_egg
[0.849s] Invoked command in '/home/ugv/NGCP/NGCP_25_26/ugv-integration-2526/build/ugv_msgs' returned '0': CMAKE_PREFIX_PATH=/opt/ros/humble /usr/bin/cmake --build /home/ugv/NGCP/NGCP_25_26/ugv-integration-2526/build/ugv_msgs -- -j6 -l6
[0.877s] Invoking command in '/home/ugv/NGCP/NGCP_25_26/ugv-integration-2526/build/ugv_msgs': CMAKE_PREFIX_PATH=/opt/ros/humble /usr/bin/cmake --install /home/ugv/NGCP/NGCP_25_26/ugv-integration-2526/build/ugv_msgs
[0.896s] -- Install configuration: ""
[0.897s] -- Up-to-date: /home/ugv/NGCP/NGCP_25_26/ugv-integration-2526/install/ugv_msgs/share/ament_index/resource_index/rosidl_interfaces/ugv_msgs
[0.897s] -- Up-to-date: /home/ugv/NGCP/NGCP_25_26/ugv-integration-2526/install/ugv_msgs/include/ugv_msgs/ugv_msgs
[0.897s] -- Up-to-date: /home/ugv/NGCP/NGCP_25_26/ugv-integration-2526/install/ugv_msgs/include/ugv_msgs/ugv_msgs/msg
[0.898s] -- Up-to-date: /home/ugv/NGCP/NGCP_25_26/ugv-integration-2526/install/ugv_msgs/include/ugv_msgs/ugv_msgs/msg/man_ctrl.h
[0.898s] -- Up-to-date: /home/ugv/NGCP/NGCP_25_26/ugv-integration-2526/install/ugv_msgs/include/ugv_msgs/ugv_msgs/msg/rosidl_generator_c__visibility_control.h
[0.898s] -- Up-to-date: /home/ugv/NGCP/NGCP_25_26/ugv-integration-2526/install/ugv_msgs/include/ugv_msgs/ugv_msgs/msg/auto_ctrl.h
[0.898s] -- Up-to-date: /home/ugv/NGCP/NGCP_25_26/ugv-integration-2526/install/ugv_msgs/include/ugv_msgs/ugv_msgs/msg/detail
[0.899s] -- Up-to-date: /home/ugv/NGCP/NGCP_25_26/ugv-integration-2526/install/ugv_msgs/include/ugv_msgs/ugv_msgs/msg/detail/man_ctrl__struct.h
[0.899s] -- Up-to-date: /home/ugv/NGCP/NGCP_25_26/ugv-integration-2526/install/ugv_msgs/include/ugv_msgs/ugv_msgs/msg/detail/man_ctrl__functions.c
[0.899s] -- Up-to-date: /home/ugv/NGCP/NGCP_25_26/ugv-integration-2526/install/ugv_msgs/include/ugv_msgs/ugv_msgs/msg/detail/auto_ctrl__type_support.h
[0.899s] -- Up-to-date: /home/ugv/NGCP/NGCP_25_26/ugv-integration-2526/install/ugv_msgs/include/ugv_msgs/ugv_msgs/msg/detail/man_ctrl__type_support.h
[0.899s] -- Up-to-date: /home/ugv/NGCP/NGCP_25_26/ugv-integration-2526/install/ugv_msgs/include/ugv_msgs/ugv_msgs/msg/detail/auto_ctrl__struct.h
[0.899s] -- Up-to-date: /home/ugv/NGCP/NGCP_25_26/ugv-integration-2526/install/ugv_msgs/include/ugv_msgs/ugv_msgs/msg/detail/auto_ctrl__functions.h
[0.900s] -- Up-to-date: /home/ugv/NGCP/NGCP_25_26/ugv-integration-2526/install/ugv_msgs/include/ugv_msgs/ugv_msgs/msg/detail/auto_ctrl__functions.c
[0.900s] -- Up-to-date: /home/ugv/NGCP/NGCP_25_26/ugv-integration-2526/install/ugv_msgs/include/ugv_msgs/ugv_msgs/msg/detail/man_ctrl__functions.h
[0.900s] -- Up-to-date: /home/ugv/NGCP/NGCP_25_26/ugv-integration-2526/install/ugv_msgs/share/ugv_msgs/environment/library_path.sh
[0.900s] -- Up-to-date: /home/ugv/NGCP/NGCP_25_26/ugv-integration-2526/install/ugv_msgs/share/ugv_msgs/environment/library_path.dsv
[0.900s] -- Up-to-date: /home/ugv/NGCP/NGCP_25_26/ugv-integration-2526/install/ugv_msgs/lib/libugv_msgs__rosidl_generator_c.so
[0.900s] -- Up-to-date: /home/ugv/NGCP/NGCP_25_26/ugv-integration-2526/install/ugv_msgs/include/ugv_msgs/ugv_msgs
[0.901s] -- Up-to-date: /home/ugv/NGCP/NGCP_25_26/ugv-integration-2526/install/ugv_msgs/include/ugv_msgs/ugv_msgs/msg
[0.901s] -- Up-to-date: /home/ugv/NGCP/NGCP_25_26/ugv-integration-2526/install/ugv_msgs/include/ugv_msgs/ugv_msgs/msg/rosidl_typesupport_fastrtps_c__visibility_control.h
[0.901s] -- Up-to-date: /home/ugv/NGCP/NGCP_25_26/ugv-integration-2526/install/ugv_msgs/include/ugv_msgs/ugv_msgs/msg/detail
[0.901s] -- Up-to-date: /home/ugv/NGCP/NGCP_25_26/ugv-integration-2526/install/ugv_msgs/include/ugv_msgs/ugv_msgs/msg/detail/man_ctrl__rosidl_typesupport_fastrtps_c.h
[0.902s] -- Up-to-date: /home/ugv/NGCP/NGCP_25_26/ugv-integration-2526/install/ugv_msgs/include/ugv_msgs/ugv_msgs/msg/detail/auto_ctrl__rosidl_typesupport_fastrtps_c.h
[0.902s] -- Up-to-date: /home/ugv/NGCP/NGCP_25_26/ugv-integration-2526/install/ugv_msgs/lib/libugv_msgs__rosidl_typesupport_fastrtps_c.so
[0.902s] -- Up-to-date: /home/ugv/NGCP/NGCP_25_26/ugv-integration-2526/install/ugv_msgs/include/ugv_msgs/ugv_msgs
[0.902s] -- Up-to-date: /home/ugv/NGCP/NGCP_25_26/ugv-integration-2526/install/ugv_msgs/include/ugv_msgs/ugv_msgs/msg
[0.903s] -- Up-to-date: /home/ugv/NGCP/NGCP_25_26/ugv-integration-2526/install/ugv_msgs/include/ugv_msgs/ugv_msgs/msg/rosidl_typesupport_introspection_c__visibility_control.h
[0.903s] -- Up-to-date: /home/ugv/NGCP/NGCP_25_26/ugv-integration-2526/install/ugv_msgs/include/ugv_msgs/ugv_msgs/msg/detail
[0.903s] -- Up-to-date: /home/ugv/NGCP/NGCP_25_26/ugv-integration-2526/install/ugv_msgs/include/ugv_msgs/ugv_msgs/msg/detail/man_ctrl__rosidl_typesupport_introspection_c.h
[0.903s] -- Up-to-date: /home/ugv/NGCP/NGCP_25_26/ugv-integration-2526/install/ugv_msgs/include/ugv_msgs/ugv_msgs/msg/detail/man_ctrl__type_support.c
[0.903s] -- Up-to-date: /home/ugv/NGCP/NGCP_25_26/ugv-integration-2526/install/ugv_msgs/include/ugv_msgs/ugv_msgs/msg/detail/auto_ctrl__type_support.c
[0.903s] -- Up-to-date: /home/ugv/NGCP/NGCP_25_26/ugv-integration-2526/install/ugv_msgs/include/ugv_msgs/ugv_msgs/msg/detail/auto_ctrl__rosidl_typesupport_introspection_c.h
[0.904s] -- Up-to-date: /home/ugv/NGCP/NGCP_25_26/ugv-integration-2526/install/ugv_msgs/lib/libugv_msgs__rosidl_typesupport_introspection_c.so
[0.904s] -- Up-to-date: /home/ugv/NGCP/NGCP_25_26/ugv-integration-2526/install/ugv_msgs/lib/libugv_msgs__rosidl_typesupport_c.so
[0.904s] -- Up-to-date: /home/ugv/NGCP/NGCP_25_26/ugv-integration-2526/install/ugv_msgs/include/ugv_msgs/ugv_msgs
[0.904s] -- Up-to-date: /home/ugv/NGCP/NGCP_25_26/ugv-integration-2526/install/ugv_msgs/include/ugv_msgs/ugv_msgs/msg
[0.904s] -- Up-to-date: /home/ugv/NGCP/NGCP_25_26/ugv-integration-2526/install/ugv_msgs/include/ugv_msgs/ugv_msgs/msg/man_ctrl.hpp
[0.905s] -- Up-to-date: /home/ugv/NGCP/NGCP_25_26/ugv-integration-2526/install/ugv_msgs/include/ugv_msgs/ugv_msgs/msg/auto_ctrl.hpp
[0.905s] -- Up-to-date: /home/ugv/NGCP/NGCP_25_26/ugv-integration-2526/install/ugv_msgs/include/ugv_msgs/ugv_msgs/msg/rosidl_generator_cpp__visibility_control.hpp
[0.905s] -- Up-to-date: /home/ugv/NGCP/NGCP_25_26/ugv-integration-2526/install/ugv_msgs/include/ugv_msgs/ugv_msgs/msg/detail
[0.905s] -- Up-to-date: /home/ugv/NGCP/NGCP_25_26/ugv-integration-2526/install/ugv_msgs/include/ugv_msgs/ugv_msgs/msg/detail/man_ctrl__struct.hpp
[0.905s] -- Up-to-date: /home/ugv/NGCP/NGCP_25_26/ugv-integration-2526/install/ugv_msgs/include/ugv_msgs/ugv_msgs/msg/detail/auto_ctrl__builder.hpp
[0.905s] -- Up-to-date: /home/ugv/NGCP/NGCP_25_26/ugv-integration-2526/install/ugv_msgs/include/ugv_msgs/ugv_msgs/msg/detail/man_ctrl__builder.hpp
[0.906s] -- Up-to-date: /home/ugv/NGCP/NGCP_25_26/ugv-integration-2526/install/ugv_msgs/include/ugv_msgs/ugv_msgs/msg/detail/auto_ctrl__type_support.hpp
[0.906s] -- Up-to-date: /home/ugv/NGCP/NGCP_25_26/ugv-integration-2526/install/ugv_msgs/include/ugv_msgs/ugv_msgs/msg/detail/auto_ctrl__struct.hpp
[0.906s] -- Up-to-date: /home/ugv/NGCP/NGCP_25_26/ugv-integration-2526/install/ugv_msgs/include/ugv_msgs/ugv_msgs/msg/detail/auto_ctrl__traits.hpp
[0.906s] -- Up-to-date: /home/ugv/NGCP/NGCP_25_26/ugv-integration-2526/install/ugv_msgs/include/ugv_msgs/ugv_msgs/msg/detail/man_ctrl__traits.hpp
[0.907s] -- Up-to-date: /home/ugv/NGCP/NGCP_25_26/ugv-integration-2526/install/ugv_msgs/include/ugv_msgs/ugv_msgs/msg/detail/man_ctrl__type_support.hpp
[0.907s] -- Up-to-date: /home/ugv/NGCP/NGCP_25_26/ugv-integration-2526/install/ugv_msgs/include/ugv_msgs/ugv_msgs
[0.907s] -- Up-to-date: /home/ugv/NGCP/NGCP_25_26/ugv-integration-2526/install/ugv_msgs/include/ugv_msgs/ugv_msgs/msg
[0.907s] -- Up-to-date: /home/ugv/NGCP/NGCP_25_26/ugv-integration-2526/install/ugv_msgs/include/ugv_msgs/ugv_msgs/msg/rosidl_typesupport_fastrtps_cpp__visibility_control.h
[0.907s] -- Up-to-date: /home/ugv/NGCP/NGCP_25_26/ugv-integration-2526/install/ugv_msgs/include/ugv_msgs/ugv_msgs/msg/detail
[0.908s] -- Up-to-date: /home/ugv/NGCP/NGCP_25_26/ugv-integration-2526/install/ugv_msgs/include/ugv_msgs/ugv_msgs/msg/detail/dds_fastrtps
[0.908s] -- Up-to-date: /home/ugv/NGCP/NGCP_25_26/ugv-integration-2526/install/ugv_msgs/include/ugv_msgs/ugv_msgs/msg/detail/man_ctrl__rosidl_typesupport_fastrtps_cpp.hpp
[0.908s] -- Up-to-date: /home/ugv/NGCP/NGCP_25_26/ugv-integration-2526/install/ugv_msgs/include/ugv_msgs/ugv_msgs/msg/detail/auto_ctrl__rosidl_typesupport_fastrtps_cpp.hpp
[0.908s] -- Up-to-date: /home/ugv/NGCP/NGCP_25_26/ugv-integration-2526/install/ugv_msgs/lib/libugv_msgs__rosidl_typesupport_fastrtps_cpp.so
[0.908s] -- Up-to-date: /home/ugv/NGCP/NGCP_25_26/ugv-integration-2526/install/ugv_msgs/include/ugv_msgs/ugv_msgs
[0.908s] -- Up-to-date: /home/ugv/NGCP/NGCP_25_26/ugv-integration-2526/install/ugv_msgs/include/ugv_msgs/ugv_msgs/msg
[0.908s] -- Up-to-date: /home/ugv/NGCP/NGCP_25_26/ugv-integration-2526/install/ugv_msgs/include/ugv_msgs/ugv_msgs/msg/detail
[0.909s] -- Up-to-date: /home/ugv/NGCP/NGCP_25_26/ugv-integration-2526/install/ugv_msgs/include/ugv_msgs/ugv_msgs/msg/detail/auto_ctrl__type_support.cpp
[0.909s] -- Up-to-date: /home/ugv/NGCP/NGCP_25_26/ugv-integration-2526/install/ugv_msgs/include/ugv_msgs/ugv_msgs/msg/detail/man_ctrl__type_support.cpp
[0.909s] -- Up-to-date: /home/ugv/NGCP/NGCP_25_26/ugv-integration-2526/install/ugv_msgs/include/ugv_msgs/ugv_msgs/msg/detail/man_ctrl__rosidl_typesupport_introspection_cpp.hpp
[0.909s] -- Up-to-date: /home/ugv/NGCP/NGCP_25_26/ugv-integration-2526/install/ugv_msgs/include/ugv_msgs/ugv_msgs/msg/detail/auto_ctrl__rosidl_typesupport_introspection_cpp.hpp
[0.909s] -- Up-to-date: /home/ugv/NGCP/NGCP_25_26/ugv-integration-2526/install/ugv_msgs/lib/libugv_msgs__rosidl_typesupport_introspection_cpp.so
[0.909s] -- Up-to-date: /home/ugv/NGCP/NGCP_25_26/ugv-integration-2526/install/ugv_msgs/lib/libugv_msgs__rosidl_typesupport_cpp.so
[0.909s] -- Up-to-date: /home/ugv/NGCP/NGCP_25_26/ugv-integration-2526/install/ugv_msgs/share/ugv_msgs/environment/pythonpath.sh
[0.910s] -- Up-to-date: /home/ugv/NGCP/NGCP_25_26/ugv-integration-2526/install/ugv_msgs/share/ugv_msgs/environment/pythonpath.dsv
[0.910s] -- Up-to-date: /home/ugv/NGCP/NGCP_25_26/ugv-integration-2526/install/ugv_msgs/local/lib/python3.10/dist-packages/ugv_msgs-0.0.0-py3.10.egg-info
[0.910s] -- Installing: /home/ugv/NGCP/NGCP_25_26/ugv-integration-2526/install/ugv_msgs/local/lib/python3.10/dist-packages/ugv_msgs-0.0.0-py3.10.egg-info/PKG-INFO
[0.910s] -- Installing: /home/ugv/NGCP/NGCP_25_26/ugv-integration-2526/install/ugv_msgs/local/lib/python3.10/dist-packages/ugv_msgs-0.0.0-py3.10.egg-info/top_level.txt
[0.910s] -- Installing: /home/ugv/NGCP/NGCP_25_26/ugv-integration-2526/install/ugv_msgs/local/lib/python3.10/dist-packages/ugv_msgs-0.0.0-py3.10.egg-info/SOURCES.txt
[0.910s] -- Installing: /home/ugv/NGCP/NGCP_25_26/ugv-integration-2526/install/ugv_msgs/local/lib/python3.10/dist-packages/ugv_msgs-0.0.0-py3.10.egg-info/dependency_links.txt
[0.911s] -- Up-to-date: /home/ugv/NGCP/NGCP_25_26/ugv-integration-2526/install/ugv_msgs/local/lib/python3.10/dist-packages/ugv_msgs
[0.911s] -- Up-to-date: /home/ugv/NGCP/NGCP_25_26/ugv-integration-2526/install/ugv_msgs/local/lib/python3.10/dist-packages/ugv_msgs/_ugv_msgs_s.ep.rosidl_typesupport_c.c
[0.911s] -- Up-to-date: /home/ugv/NGCP/NGCP_25_26/ugv-integration-2526/install/ugv_msgs/local/lib/python3.10/dist-packages/ugv_msgs/__init__.py
[0.911s] -- Up-to-date: /home/ugv/NGCP/NGCP_25_26/ugv-integration-2526/install/ugv_msgs/local/lib/python3.10/dist-packages/ugv_msgs/ugv_msgs_s__rosidl_typesupport_fastrtps_c.cpython-310-aarch64-linux-gnu.so
[0.911s] -- Up-to-date: /home/ugv/NGCP/NGCP_25_26/ugv-integration-2526/install/ugv_msgs/local/lib/python3.10/dist-packages/ugv_msgs/ugv_msgs_s__rosidl_typesupport_introspection_c.cpython-310-aarch64-linux-gnu.so
[0.911s] -- Up-to-date: /home/ugv/NGCP/NGCP_25_26/ugv-integration-2526/install/ugv_msgs/local/lib/python3.10/dist-packages/ugv_msgs/_ugv_msgs_s.ep.rosidl_typesupport_fastrtps_c.c
[0.911s] -- Up-to-date: /home/ugv/NGCP/NGCP_25_26/ugv-integration-2526/install/ugv_msgs/local/lib/python3.10/dist-packages/ugv_msgs/_ugv_msgs_s.ep.rosidl_typesupport_introspection_c.c
[0.912s] -- Up-to-date: /home/ugv/NGCP/NGCP_25_26/ugv-integration-2526/install/ugv_msgs/local/lib/python3.10/dist-packages/ugv_msgs/msg
[0.912s] -- Up-to-date: /home/ugv/NGCP/NGCP_25_26/ugv-integration-2526/install/ugv_msgs/local/lib/python3.10/dist-packages/ugv_msgs/msg/_auto_ctrl_s.c
[0.912s] -- Up-to-date: /home/ugv/NGCP/NGCP_25_26/ugv-integration-2526/install/ugv_msgs/local/lib/python3.10/dist-packages/ugv_msgs/msg/__init__.py
[0.912s] -- Up-to-date: /home/ugv/NGCP/NGCP_25_26/ugv-integration-2526/install/ugv_msgs/local/lib/python3.10/dist-packages/ugv_msgs/msg/_auto_ctrl.py
[0.912s] -- Up-to-date: /home/ugv/NGCP/NGCP_25_26/ugv-integration-2526/install/ugv_msgs/local/lib/python3.10/dist-packages/ugv_msgs/msg/_man_ctrl.py
[0.912s] -- Up-to-date: /home/ugv/NGCP/NGCP_25_26/ugv-integration-2526/install/ugv_msgs/local/lib/python3.10/dist-packages/ugv_msgs/msg/_man_ctrl_s.c
[0.912s] -- Up-to-date: /home/ugv/NGCP/NGCP_25_26/ugv-integration-2526/install/ugv_msgs/local/lib/python3.10/dist-packages/ugv_msgs/ugv_msgs_s__rosidl_typesupport_c.cpython-310-aarch64-linux-gnu.so
[0.913s] -- Up-to-date: /home/ugv/NGCP/NGCP_25_26/ugv-integration-2526/install/ugv_msgs/local/lib/python3.10/dist-packages/ugv_msgs/libugv_msgs__rosidl_generator_py.so
[0.974s] Listing '/home/ugv/NGCP/NGCP_25_26/ugv-integration-2526/install/ugv_msgs/local/lib/python3.10/dist-packages/ugv_msgs'...
[0.975s] Listing '/home/ugv/NGCP/NGCP_25_26/ugv-integration-2526/install/ugv_msgs/local/lib/python3.10/dist-packages/ugv_msgs/msg'...
[0.986s] -- Up-to-date: /home/ugv/NGCP/NGCP_25_26/ugv-integration-2526/install/ugv_msgs/local/lib/python3.10/dist-packages/ugv_msgs/ugv_msgs_s__rosidl_typesupport_fastrtps_c.cpython-310-aarch64-linux-gnu.so
[0.986s] -- Up-to-date: /home/ugv/NGCP/NGCP_25_26/ugv-integration-2526/install/ugv_msgs/local/lib/python3.10/dist-packages/ugv_msgs/ugv_msgs_s__rosidl_typesupport_introspection_c.cpython-310-aarch64-linux-gnu.so
[0.987s] -- Up-to-date: /home/ugv/NGCP/NGCP_25_26/ugv-integration-2526/install/ugv_msgs/local/lib/python3.10/dist-packages/ugv_msgs/ugv_msgs_s__rosidl_typesupport_c.cpython-310-aarch64-linux-gnu.so
[0.987s] -- Up-to-date: /home/ugv/NGCP/NGCP_25_26/ugv-integration-2526/install/ugv_msgs/lib/libugv_msgs__rosidl_generator_py.so
[0.988s] -- Up-to-date: /home/ugv/NGCP/NGCP_25_26/ugv-integration-2526/install/ugv_msgs/share/ugv_msgs/msg/ManCtrl.idl
[0.988s] -- Up-to-date: /home/ugv/NGCP/NGCP_25_26/ugv-integration-2526/install/ugv_msgs/share/ugv_msgs/msg/AutoCtrl.idl
[0.988s] -- Up-to-date: /home/ugv/NGCP/NGCP_25_26/ugv-integration-2526/install/ugv_msgs/share/ugv_msgs/msg/ManCtrl.msg
[0.989s] -- Up-to-date: /home/ugv/NGCP/NGCP_25_26/ugv-integration-2526/install/ugv_msgs/share/ugv_msgs/msg/AutoCtrl.msg
[0.989s] -- Up-to-date: /home/ugv/NGCP/NGCP_25_26/ugv-integration-2526/install/ugv_msgs/share/ament_index/resource_index/package_run_dependencies/ugv_msgs
[0.989s] -- Up-to-date: /home/ugv/NGCP/NGCP_25_26/ugv-integration-2526/install/ugv_msgs/share/ament_index/resource_index/parent_prefix_path/ugv_msgs
[0.989s] -- Up-to-date: /home/ugv/NGCP/NGCP_25_26/ugv-integration-2526/install/ugv_msgs/share/ugv_msgs/environment/ament_prefix_path.sh
[0.990s] -- Up-to-date: /home/ugv/NGCP/NGCP_25_26/ugv-integration-2526/install/ugv_msgs/share/ugv_msgs/environment/ament_prefix_path.dsv
[0.990s] -- Up-to-date: /home/ugv/NGCP/NGCP_25_26/ugv-integration-2526/install/ugv_msgs/share/ugv_msgs/environment/path.sh
[0.990s] -- Up-to-date: /home/ugv/NGCP/NGCP_25_26/ugv-integration-2526/install/ugv_msgs/share/ugv_msgs/environment/path.dsv
[0.990s] -- Up-to-date: /home/ugv/NGCP/NGCP_25_26/ugv-integration-2526/install/ugv_msgs/share/ugv_msgs/local_setup.bash
[0.990s] -- Up-to-date: /home/ugv/NGCP/NGCP_25_26/ugv-integration-2526/install/ugv_msgs/share/ugv_msgs/local_setup.sh
[0.991s] -- Up-to-date: /home/ugv/NGCP/NGCP_25_26/ugv-integration-2526/install/ugv_msgs/share/ugv_msgs/local_setup.zsh
[0.991s] -- Up-to-date: /home/ugv/NGCP/NGCP_25_26/ugv-integration-2526/install/ugv_msgs/share/ugv_msgs/local_setup.dsv
[0.991s] -- Installing: /home/ugv/NGCP/NGCP_25_26/ugv-integration-2526/install/ugv_msgs/share/ugv_msgs/package.dsv
[0.991s] -- Up-to-date: /home/ugv/NGCP/NGCP_25_26/ugv-integration-2526/install/ugv_msgs/share/ament_index/resource_index/packages/ugv_msgs
[0.992s] -- Up-to-date: /home/ugv/NGCP/NGCP_25_26/ugv-integration-2526/install/ugv_msgs/share/ugv_msgs/cmake/export_ugv_msgs__rosidl_generator_cExport.cmake
[0.992s] -- Up-to-date: /home/ugv/NGCP/NGCP_25_26/ugv-integration-2526/install/ugv_msgs/share/ugv_msgs/cmake/export_ugv_msgs__rosidl_generator_cExport-noconfig.cmake
[0.992s] -- Up-to-date: /home/ugv/NGCP/NGCP_25_26/ugv-integration-2526/install/ugv_msgs/share/ugv_msgs/cmake/export_ugv_msgs__rosidl_typesupport_fastrtps_cExport.cmake
[0.992s] -- Up-to-date: /home/ugv/NGCP/NGCP_25_26/ugv-integration-2526/install/ugv_msgs/share/ugv_msgs/cmake/export_ugv_msgs__rosidl_typesupport_fastrtps_cExport-noconfig.cmake
[0.993s] -- Up-to-date: /home/ugv/NGCP/NGCP_25_26/ugv-integration-2526/install/ugv_msgs/share/ugv_msgs/cmake/ugv_msgs__rosidl_typesupport_introspection_cExport.cmake
[0.993s] -- Up-to-date: /home/ugv/NGCP/NGCP_25_26/ugv-integration-2526/install/ugv_msgs/share/ugv_msgs/cmake/ugv_msgs__rosidl_typesupport_introspection_cExport-noconfig.cmake
[0.993s] -- Up-to-date: /home/ugv/NGCP/NGCP_25_26/ugv-integration-2526/install/ugv_msgs/share/ugv_msgs/cmake/ugv_msgs__rosidl_typesupport_cExport.cmake
[0.993s] -- Up-to-date: /home/ugv/NGCP/NGCP_25_26/ugv-integration-2526/install/ugv_msgs/share/ugv_msgs/cmake/ugv_msgs__rosidl_typesupport_cExport-noconfig.cmake
[0.994s] -- Up-to-date: /home/ugv/NGCP/NGCP_25_26/ugv-integration-2526/install/ugv_msgs/share/ugv_msgs/cmake/export_ugv_msgs__rosidl_generator_cppExport.cmake
[0.994s] -- Up-to-date: /home/ugv/NGCP/NGCP_25_26/ugv-integration-2526/install/ugv_msgs/share/ugv_msgs/cmake/export_ugv_msgs__rosidl_typesupport_fastrtps_cppExport.cmake
[0.994s] -- Up-to-date: /home/ugv/NGCP/NGCP_25_26/ugv-integration-2526/install/ugv_msgs/share/ugv_msgs/cmake/export_ugv_msgs__rosidl_typesupport_fastrtps_cppExport-noconfig.cmake
[0.995s] -- Up-to-date: /home/ugv/NGCP/NGCP_25_26/ugv-integration-2526/install/ugv_msgs/share/ugv_msgs/cmake/ugv_msgs__rosidl_typesupport_introspection_cppExport.cmake
[0.995s] -- Up-to-date: /home/ugv/NGCP/NGCP_25_26/ugv-integration-2526/install/ugv_msgs/share/ugv_msgs/cmake/ugv_msgs__rosidl_typesupport_introspection_cppExport-noconfig.cmake
[0.995s] -- Up-to-date: /home/ugv/NGCP/NGCP_25_26/ugv-integration-2526/install/ugv_msgs/share/ugv_msgs/cmake/ugv_msgs__rosidl_typesupport_cppExport.cmake
[0.995s] -- Up-to-date: /home/ugv/NGCP/NGCP_25_26/ugv-integration-2526/install/ugv_msgs/share/ugv_msgs/cmake/ugv_msgs__rosidl_typesupport_cppExport-noconfig.cmake
[0.995s] -- Up-to-date: /home/ugv/NGCP/NGCP_25_26/ugv-integration-2526/install/ugv_msgs/share/ugv_msgs/cmake/export_ugv_msgs__rosidl_generator_pyExport.cmake
[0.995s] -- Up-to-date: /home/ugv/NGCP/NGCP_25_26/ugv-integration-2526/install/ugv_msgs/share/ugv_msgs/cmake/export_ugv_msgs__rosidl_generator_pyExport-noconfig.cmake
[0.996s] -- Up-to-date: /home/ugv/NGCP/NGCP_25_26/ugv-integration-2526/install/ugv_msgs/share/ugv_msgs/cmake/rosidl_cmake-extras.cmake
[0.996s] -- Up-to-date: /home/ugv/NGCP/NGCP_25_26/ugv-integration-2526/install/ugv_msgs/share/ugv_msgs/cmake/ament_cmake_export_include_directories-extras.cmake
[0.996s] -- Up-to-date: /home/ugv/NGCP/NGCP_25_26/ugv-integration-2526/install/ugv_msgs/share/ugv_msgs/cmake/ament_cmake_export_libraries-extras.cmake
[0.996s] -- Up-to-date: /home/ugv/NGCP/NGCP_25_26/ugv-integration-2526/install/ugv_msgs/share/ugv_msgs/cmake/ament_cmake_export_targets-extras.cmake
[0.996s] -- Up-to-date: /home/ugv/NGCP/NGCP_25_26/ugv-integration-2526/install/ugv_msgs/share/ugv_msgs/cmake/rosidl_cmake_export_typesupport_targets-extras.cmake
[0.996s] -- Up-to-date: /home/ugv/NGCP/NGCP_25_26/ugv-integration-2526/install/ugv_msgs/share/ugv_msgs/cmake/ament_cmake_export_dependencies-extras.cmake
[0.996s] -- Up-to-date: /home/ugv/NGCP/NGCP_25_26/ugv-integration-2526/install/ugv_msgs/share/ugv_msgs/cmake/rosidl_cmake_export_typesupport_libraries-extras.cmake
[0.997s] -- Up-to-date: /home/ugv/NGCP/NGCP_25_26/ugv-integration-2526/install/ugv_msgs/share/ugv_msgs/cmake/ugv_msgsConfig.cmake
[0.997s] -- Up-to-date: /home/ugv/NGCP/NGCP_25_26/ugv-integration-2526/install/ugv_msgs/share/ugv_msgs/cmake/ugv_msgsConfig-version.cmake
[0.997s] -- Up-to-date: /home/ugv/NGCP/NGCP_25_26/ugv-integration-2526/install/ugv_msgs/share/ugv_msgs/package.xml
[1.003s] Invoked command in '/home/ugv/NGCP/NGCP_25_26/ugv-integration-2526/build/ugv_msgs' returned '0': CMAKE_PREFIX_PATH=/opt/ros/humble /usr/bin/cmake --install /home/ugv/NGCP/NGCP_25_26/ugv-integration-2526/build/ugv_msgs
