[3.779s] Invoking command in '/home/kayla/NGCP/build/ugv_control': AMENT_PREFIX_PATH=/home/kayla/NGCP/install/ugv_msgs:${AMENT_PREFIX_PATH} CMAKE_PREFIX_PATH=/home/kayla/NGCP/install/ugv_msgs LD_LIBRARY_PATH=/home/kayla/NGCP/install/ugv_msgs/lib:${LD_LIBRARY_PATH} PYTHONPATH=/home/kayla/NGCP/build/ugv_control/prefix_override:/usr/lib/python3/dist-packages/colcon_core/task/python/colcon_distutils_commands:/home/kayla/NGCP/install/ugv_control/lib/python3.10/site-packages:/home/kayla/NGCP/install/ugv_msgs/local/lib/python3.10/dist-packages:${PYTHONPATH} /usr/bin/python3 -W ignore:setup.py install is deprecated -W ignore:easy_install command is deprecated setup.py develop --uninstall --editable --build-directory /home/kayla/NGCP/build/ugv_control/build
[5.041s] running develop
[5.880s] Removing /home/kayla/NGCP/install/ugv_control/lib/python3.10/site-packages/ugv-control.egg-link (link to .)
[6.024s] Invoked command in '/home/kayla/NGCP/build/ugv_control' returned '0': AMENT_PREFIX_PATH=/home/kayla/NGCP/install/ugv_msgs:${AMENT_PREFIX_PATH} CMAKE_PREFIX_PATH=/home/kayla/NGCP/install/ugv_msgs LD_LIBRARY_PATH=/home/kayla/NGCP/install/ugv_msgs/lib:${LD_LIBRARY_PATH} PYTHONPATH=/home/kayla/NGCP/build/ugv_control/prefix_override:/usr/lib/python3/dist-packages/colcon_core/task/python/colcon_distutils_commands:/home/kayla/NGCP/install/ugv_control/lib/python3.10/site-packages:/home/kayla/NGCP/install/ugv_msgs/local/lib/python3.10/dist-packages:${PYTHONPATH} /usr/bin/python3 -W ignore:setup.py install is deprecated -W ignore:easy_install command is deprecated setup.py develop --uninstall --editable --build-directory /home/kayla/NGCP/build/ugv_control/build
[6.035s] Invoking command in '/home/kayla/NGCP/src/ugv_control': AMENT_PREFIX_PATH=/home/kayla/NGCP/install/ugv_msgs:${AMENT_PREFIX_PATH} CMAKE_PREFIX_PATH=/home/kayla/NGCP/install/ugv_msgs LD_LIBRARY_PATH=/home/kayla/NGCP/install/ugv_msgs/lib:${LD_LIBRARY_PATH} PYTHONPATH=/home/kayla/NGCP/build/ugv_control/prefix_override:/usr/lib/python3/dist-packages/colcon_core/task/python/colcon_distutils_commands:/home/kayla/NGCP/install/ugv_control/lib/python3.10/site-packages:/home/kayla/NGCP/install/ugv_msgs/local/lib/python3.10/dist-packages:${PYTHONPATH} /usr/bin/python3 -W ignore:setup.py install is deprecated -W ignore:easy_install command is deprecated setup.py egg_info --egg-base ../../build/ugv_control build --build-base /home/kayla/NGCP/build/ugv_control/build install --record /home/kayla/NGCP/build/ugv_control/install.log --single-version-externally-managed install_data --force
[7.197s] running egg_info
[7.200s] writing ../../build/ugv_control/ugv_control.egg-info/PKG-INFO
[7.201s] writing dependency_links to ../../build/ugv_control/ugv_control.egg-info/dependency_links.txt
[7.202s] writing entry points to ../../build/ugv_control/ugv_control.egg-info/entry_points.txt
[7.203s] writing requirements to ../../build/ugv_control/ugv_control.egg-info/requires.txt
[7.204s] writing top-level names to ../../build/ugv_control/ugv_control.egg-info/top_level.txt
[7.212s] reading manifest file '../../build/ugv_control/ugv_control.egg-info/SOURCES.txt'
[7.216s] writing manifest file '../../build/ugv_control/ugv_control.egg-info/SOURCES.txt'
[7.217s] running build
[7.217s] running build_py
[7.218s] creating /home/kayla/NGCP/build/ugv_control/build
[7.219s] creating /home/kayla/NGCP/build/ugv_control/build/lib
[7.219s] creating /home/kayla/NGCP/build/ugv_control/build/lib/ugv_control
[7.220s] copying ugv_control/__init__.py -> /home/kayla/NGCP/build/ugv_control/build/lib/ugv_control
[7.220s] copying ugv_control/ugv_control_pub.py -> /home/kayla/NGCP/build/ugv_control/build/lib/ugv_control
[7.221s] copying ugv_control/ugv_control_sub.py -> /home/kayla/NGCP/build/ugv_control/build/lib/ugv_control
[7.222s] running install
[7.223s] running install_lib
[7.227s] creating /home/kayla/NGCP/install/ugv_control/lib/python3.10/site-packages/ugv_control
[7.228s] copying /home/kayla/NGCP/build/ugv_control/build/lib/ugv_control/__init__.py -> /home/kayla/NGCP/install/ugv_control/lib/python3.10/site-packages/ugv_control
[7.228s] copying /home/kayla/NGCP/build/ugv_control/build/lib/ugv_control/ugv_control_pub.py -> /home/kayla/NGCP/install/ugv_control/lib/python3.10/site-packages/ugv_control
[7.230s] copying /home/kayla/NGCP/build/ugv_control/build/lib/ugv_control/ugv_control_sub.py -> /home/kayla/NGCP/install/ugv_control/lib/python3.10/site-packages/ugv_control
[7.233s] byte-compiling /home/kayla/NGCP/install/ugv_control/lib/python3.10/site-packages/ugv_control/__init__.py to __init__.cpython-310.pyc
[7.237s] byte-compiling /home/kayla/NGCP/install/ugv_control/lib/python3.10/site-packages/ugv_control/ugv_control_pub.py to ugv_control_pub.cpython-310.pyc
[7.242s] byte-compiling /home/kayla/NGCP/install/ugv_control/lib/python3.10/site-packages/ugv_control/ugv_control_sub.py to ugv_control_sub.cpython-310.pyc
[7.246s] running install_data
[7.246s] copying resource/ugv_control -> /home/kayla/NGCP/install/ugv_control/share/ament_index/resource_index/packages
[7.248s] copying package.xml -> /home/kayla/NGCP/install/ugv_control/share/ugv_control
[7.250s] running install_egg_info
[7.257s] Copying ../../build/ugv_control/ugv_control.egg-info to /home/kayla/NGCP/install/ugv_control/lib/python3.10/site-packages/ugv_control-0.1.0-py3.10.egg-info
[7.263s] running install_scripts
[7.348s] Installing ugv_control_pub script to /home/kayla/NGCP/install/ugv_control/lib/ugv_control
[7.349s] Installing ugv_control_sub script to /home/kayla/NGCP/install/ugv_control/lib/ugv_control
[7.351s] writing list of installed files to '/home/kayla/NGCP/build/ugv_control/install.log'
[7.479s] Invoked command in '/home/kayla/NGCP/src/ugv_control' returned '0': AMENT_PREFIX_PATH=/home/kayla/NGCP/install/ugv_msgs:${AMENT_PREFIX_PATH} CMAKE_PREFIX_PATH=/home/kayla/NGCP/install/ugv_msgs LD_LIBRARY_PATH=/home/kayla/NGCP/install/ugv_msgs/lib:${LD_LIBRARY_PATH} PYTHONPATH=/home/kayla/NGCP/build/ugv_control/prefix_override:/usr/lib/python3/dist-packages/colcon_core/task/python/colcon_distutils_commands:/home/kayla/NGCP/install/ugv_control/lib/python3.10/site-packages:/home/kayla/NGCP/install/ugv_msgs/local/lib/python3.10/dist-packages:${PYTHONPATH} /usr/bin/python3 -W ignore:setup.py install is deprecated -W ignore:easy_install command is deprecated setup.py egg_info --egg-base ../../build/ugv_control build --build-base /home/kayla/NGCP/build/ugv_control/build install --record /home/kayla/NGCP/build/ugv_control/install.log --single-version-externally-managed install_data --force
