[0.054s] Invoking command in '/home/kayla/NGCP/build/ntrip': /usr/bin/cmake /home/kayla/NGCP/Xsens_MTi_ROS_Driver_and_Ntrip_Client/src/ntrip -DCMAKE_INSTALL_PREFIX=/home/kayla/NGCP/install/ntrip
[1.158s] -- The C compiler identification is GNU 11.4.0
[1.894s] -- The CXX compiler identification is GNU 11.4.0
[1.938s] -- Detecting C compiler ABI info
[2.307s] -- Detecting C compiler ABI info - done
[2.334s] -- Check for working C compiler: /usr/bin/cc - skipped
[2.336s] -- Detecting C compile features
[2.339s] -- Detecting C compile features - done
[2.355s] -- Detecting CXX compiler ABI info
[2.723s] -- Detecting CXX compiler ABI info - done
[2.750s] -- Check for working CXX compiler: /usr/bin/c++ - skipped
[2.752s] -- Detecting CXX compile features
[2.753s] -- Detecting CXX compile features - done
[2.934s] [31mCMake Error at CMakeLists.txt:8 (find_package):
[2.934s]   By not providing "Findament_cmake.cmake" in CMAKE_MODULE_PATH this project
[2.934s]   has asked CMake to find a package configuration file provided by
[2.935s]   "ament_cmake", but CMake did not find one.
[2.935s] 
[2.935s]   Could not find a package configuration file provided by "ament_cmake" with
[2.936s]   any of the following names:
[2.936s] 
[2.937s]     ament_cmakeConfig.cmake
[2.937s]     ament_cmake-config.cmake
[2.938s] 
[2.938s]   Add the installation prefix of "ament_cmake" to CMAKE_PREFIX_PATH or set
[2.939s]   "ament_cmake_DIR" to a directory containing one of the above files.  If
[2.939s]   "ament_cmake" provides a separate development package or SDK, be sure it
[2.939s]   has been installed.
[2.940s] 
[2.940s] [0m
[2.940s] -- Configuring incomplete, errors occurred!
[2.941s] See also "/home/kayla/NGCP/build/ntrip/CMakeFiles/CMakeOutput.log".
[2.945s] Invoked command in '/home/kayla/NGCP/build/ntrip' returned '1': /usr/bin/cmake /home/kayla/NGCP/Xsens_MTi_ROS_Driver_and_Ntrip_Client/src/ntrip -DCMAKE_INSTALL_PREFIX=/home/kayla/NGCP/install/ntrip
