[0.057s] Invoking command in '/home/ugv/ugv_ros2_ws/src/build/depthai_ros_msgs': CMAKE_PREFIX_PATH=${CMAKE_PREFIX_PATH}:/home/ugv/NGCP/NGCP_25_26/install/ngcp_ugv:/opt/ros/humble /usr/bin/cmake /home/ugv/ugv_ros2_ws/src/depthai-ros/depthai_ros_msgs -DCMAKE_INSTALL_PREFIX=/home/ugv/ugv_ros2_ws/src/install/depthai_ros_msgs
[0.478s] -- The C compiler identification is GNU 11.4.0
[0.957s] -- The CXX compiler identification is GNU 11.4.0
[0.973s] -- Detecting C compiler ABI info
[1.195s] -- Detecting C compiler ABI info - done
[1.213s] -- Check for working C compiler: /usr/bin/cc - skipped
[1.213s] -- Detecting C compile features
[1.214s] -- Detecting C compile features - done
[1.221s] -- Detecting CXX compiler ABI info
[1.429s] -- Detecting CXX compiler ABI info - done
[1.447s] -- Check for working CXX compiler: /usr/bin/c++ - skipped
[1.448s] -- Detecting CXX compile features
[1.449s] -- Detecting CXX compile features - done
[1.456s] -- Found ament_cmake: 1.3.13 (/opt/ros/humble/share/ament_cmake/cmake)
[1.847s] -- Found Python3: /usr/bin/python3 (found version "3.10.12") found components: Interpreter 
[2.072s] -- ------------------------------------------
[2.072s] -- Depthai ROS MSGS/INTERFACES is being built using AMENT.
[2.073s] -- ------------------------------------------
[2.076s] -- Found geometry_msgs: 4.9.1 (/opt/ros/humble/share/geometry_msgs/cmake)
[2.155s] -- Found rosidl_generator_c: 3.1.8 (/opt/ros/humble/share/rosidl_generator_c/cmake)
[2.165s] -- Found rosidl_adapter: 3.1.8 (/opt/ros/humble/share/rosidl_adapter/cmake)
[2.182s] -- Found rosidl_generator_cpp: 3.1.8 (/opt/ros/humble/share/rosidl_generator_cpp/cmake)
[2.210s] -- Using all available rosidl_typesupport_c: rosidl_typesupport_fastrtps_c;rosidl_typesupport_introspection_c
[2.246s] -- Using all available rosidl_typesupport_cpp: rosidl_typesupport_fastrtps_cpp;rosidl_typesupport_introspection_cpp
[2.328s] -- Found vision_msgs: 4.1.1 (/opt/ros/humble/share/vision_msgs/cmake)
[2.372s] -- Found sensor_msgs: 4.9.1 (/opt/ros/humble/share/sensor_msgs/cmake)
[2.407s] -- Found rosidl_default_generators: 1.2.0 (/opt/ros/humble/share/rosidl_default_generators/cmake)
[3.549s] -- Found ament_cmake_ros: 0.10.0 (/opt/ros/humble/share/ament_cmake_ros/cmake)
[4.739s] -- Using all available rosidl_typesupport_c: rosidl_typesupport_fastrtps_c;rosidl_typesupport_introspection_c
[5.187s] -- Using all available rosidl_typesupport_cpp: rosidl_typesupport_fastrtps_cpp;rosidl_typesupport_introspection_cpp
[5.245s] -- Found PythonInterp: /usr/bin/python3 (found suitable version "3.10.12", minimum required is "3.6") 
[5.248s] -- Found python_cmake_module: 0.10.0 (/opt/ros/humble/share/python_cmake_module/cmake)
[5.312s] -- Found PythonLibs: /usr/lib/aarch64-linux-gnu/libpython3.10.so (found suitable version "3.10.12", minimum required is "3.5") 
[5.312s] -- Using PYTHON_EXECUTABLE: /usr/bin/python3
[5.312s] -- Using PYTHON_INCLUDE_DIRS: /usr/include/python3.10
[5.312s] -- Using PYTHON_LIBRARIES: /usr/lib/aarch64-linux-gnu/libpython3.10.so
[5.370s] -- Found PythonExtra: .so  
[6.308s] -- Configuring done
[6.458s] -- Generating done
[6.490s] -- Build files have been written to: /home/ugv/ugv_ros2_ws/src/build/depthai_ros_msgs
[6.525s] Invoked command in '/home/ugv/ugv_ros2_ws/src/build/depthai_ros_msgs' returned '0': CMAKE_PREFIX_PATH=${CMAKE_PREFIX_PATH}:/home/ugv/NGCP/NGCP_25_26/install/ngcp_ugv:/opt/ros/humble /usr/bin/cmake /home/ugv/ugv_ros2_ws/src/depthai-ros/depthai_ros_msgs -DCMAKE_INSTALL_PREFIX=/home/ugv/ugv_ros2_ws/src/install/depthai_ros_msgs
[6.526s] Invoking command in '/home/ugv/ugv_ros2_ws/src/build/depthai_ros_msgs': CMAKE_PREFIX_PATH=${CMAKE_PREFIX_PATH}:/home/ugv/NGCP/NGCP_25_26/install/ngcp_ugv:/opt/ros/humble /usr/bin/cmake --build /home/ugv/ugv_ros2_ws/src/build/depthai_ros_msgs -- -j6 -l6
[6.643s] [  1%] [34m[1mGenerating C code for ROS interfaces[0m
[6.706s] [  1%] [34m[1mGenerating C++ code for ROS interfaces[0m
[6.824s] [  1%] Built target ament_cmake_python_copy_depthai_ros_msgs
[7.670s] running egg_info
[7.678s] creating depthai_ros_msgs.egg-info
[7.678s] writing depthai_ros_msgs.egg-info/PKG-INFO
[7.680s] writing dependency_links to depthai_ros_msgs.egg-info/dependency_links.txt
[7.680s] writing top-level names to depthai_ros_msgs.egg-info/top_level.txt
[7.681s] writing manifest file 'depthai_ros_msgs.egg-info/SOURCES.txt'
[7.686s] reading manifest file 'depthai_ros_msgs.egg-info/SOURCES.txt'
[7.689s] writing manifest file 'depthai_ros_msgs.egg-info/SOURCES.txt'
[7.809s] [  1%] Built target ament_cmake_python_build_depthai_ros_msgs_egg
[14.316s] gmake[2]: *** Deleting file 'rosidl_generator_cpp/depthai_ros_msgs/msg/detail/spatial_detection__builder.hpp'
[14.316s] gmake[2]: *** Deleting file 'rosidl_generator_cpp/depthai_ros_msgs/msg/spatial_detection.hpp'
[14.317s] gmake[2]: *** Deleting file 'rosidl_generator_cpp/depthai_ros_msgs/msg/detail/tracked_features__type_support.hpp'
[14.317s] gmake[2]: *** Deleting file 'rosidl_generator_cpp/depthai_ros_msgs/msg/detail/tracked_features__traits.hpp'
[14.317s] gmake[2]: *** [CMakeFiles/depthai_ros_msgs__cpp.dir/build.make:357: rosidl_generator_cpp/depthai_ros_msgs/msg/spatial_detection.hpp] Interrupt
[14.323s] gmake[2]: *** [CMakeFiles/depthai_ros_msgs__cpp.dir/build.make:360: rosidl_generator_cpp/depthai_ros_msgs/msg/detail/spatial_detection__builder.hpp] Interrupt
[14.329s] gmake[2]: *** [CMakeFiles/depthai_ros_msgs__cpp.dir/build.make:354: rosidl_generator_cpp/depthai_ros_msgs/msg/detail/tracked_features__type_support.hpp] Interrupt
[14.332s] gmake[2]: *** [CMakeFiles/depthai_ros_msgs__rosidl_generator_c.dir/build.make:663: CMakeFiles/depthai_ros_msgs__rosidl_generator_c.dir/depend] Interrupt
[14.332s] gmake[1]: *** [CMakeFiles/Makefile2:212: CMakeFiles/depthai_ros_msgs__rosidl_generator_c.dir/all] Interrupt
[14.332s] gmake[2]: *** [CMakeFiles/depthai_ros_msgs__cpp.dir/build.make:351: rosidl_generator_cpp/depthai_ros_msgs/msg/detail/tracked_features__traits.hpp] Interrupt
[14.332s] gmake[1]: *** [CMakeFiles/Makefile2:265: CMakeFiles/depthai_ros_msgs__cpp.dir/all] Interrupt
[14.333s] gmake: *** [Makefile:146: all] Interrupt
[14.354s] Invoked command in '/home/ugv/ugv_ros2_ws/src/build/depthai_ros_msgs' returned '-2': CMAKE_PREFIX_PATH=${CMAKE_PREFIX_PATH}:/home/ugv/NGCP/NGCP_25_26/install/ngcp_ugv:/opt/ros/humble /usr/bin/cmake --build /home/ugv/ugv_ros2_ws/src/build/depthai_ros_msgs -- -j6 -l6
