[0.644s] DEBUG:colcon:Command line arguments: ['/usr/bin/colcon', 'build', '--packages-select', 'ntrip']
[0.644s] DEBUG:colcon:Parsed command line arguments: Namespace(log_base=None, log_level=None, verb_name='build', build_base='build', install_base='install', merge_install=False, symlink_install=False, test_result_base=None, continue_on_error=False, executor='parallel', parallel_workers=4, event_handlers=None, ignore_user_meta=False, metas=['./colcon.meta'], base_paths=['.'], packages_ignore=None, packages_ignore_regex=None, paths=None, packages_up_to=None, packages_up_to_regex=None, packages_above=None, packages_above_and_dependencies=None, packages_above_depth=None, packages_select_by_dep=None, packages_skip_by_dep=None, packages_skip_up_to=None, packages_select_build_failed=False, packages_skip_build_finished=False, packages_select_test_failures=False, packages_skip_test_passed=False, packages_select=['ntrip'], packages_skip=None, packages_select_regex=None, packages_skip_regex=None, packages_start=None, packages_end=None, allow_overriding=[], cmake_args=None, cmake_target=None, cmake_target_skip_unavailable=False, cmake_clean_cache=False, cmake_clean_first=False, cmake_force_configure=False, ament_cmake_args=None, catkin_cmake_args=None, catkin_skip_building_tests=False, mixin_files=None, mixin=None, verb_parser=<colcon_mixin.mixin.mixin_argument.MixinArgumentDecorator object at 0xffff9cffa770>, verb_extension=<colcon_core.verb.build.BuildVerb object at 0xffff9d193700>, main=<bound method BuildVerb.main of <colcon_core.verb.build.BuildVerb object at 0xffff9d193700>>, mixin_verb=('build',))
[1.651s] Level 1:colcon.colcon_core.package_discovery:discover_packages(colcon_meta) check parameters
[1.652s] Level 1:colcon.colcon_core.package_discovery:discover_packages(recursive) check parameters
[1.652s] Level 1:colcon.colcon_core.package_discovery:discover_packages(ignore) check parameters
[1.652s] Level 1:colcon.colcon_core.package_discovery:discover_packages(path) check parameters
[1.652s] Level 1:colcon.colcon_core.package_discovery:discover_packages(colcon_meta) discover
[1.652s] Level 1:colcon.colcon_core.package_discovery:discover_packages(recursive) discover
[1.653s] INFO:colcon.colcon_core.package_discovery:Crawling recursively for packages in '/home/kayla/NGCP'
[1.653s] Level 1:colcon.colcon_core.package_identification:_identify(.) by extensions ['ignore', 'ignore_ament_install']
[1.653s] Level 1:colcon.colcon_core.package_identification:_identify(.) by extension 'ignore'
[1.654s] Level 1:colcon.colcon_core.package_identification:_identify(.) by extension 'ignore_ament_install'
[1.654s] Level 1:colcon.colcon_core.package_identification:_identify(.) by extensions ['colcon_pkg']
[1.654s] Level 1:colcon.colcon_core.package_identification:_identify(.) by extension 'colcon_pkg'
[1.654s] Level 1:colcon.colcon_core.package_identification:_identify(.) by extensions ['colcon_meta']
[1.654s] Level 1:colcon.colcon_core.package_identification:_identify(.) by extension 'colcon_meta'
[1.654s] Level 1:colcon.colcon_core.package_identification:_identify(.) by extensions ['ros']
[1.655s] Level 1:colcon.colcon_core.package_identification:_identify(.) by extension 'ros'
[1.699s] Level 1:colcon.colcon_core.package_identification:_identify(.) by extensions ['cmake', 'python']
[1.700s] Level 1:colcon.colcon_core.package_identification:_identify(.) by extension 'cmake'
[1.700s] Level 1:colcon.colcon_core.package_identification:_identify(.) by extension 'python'
[1.700s] Level 1:colcon.colcon_core.package_identification:_identify(.) by extensions ['python_setup_py']
[1.700s] Level 1:colcon.colcon_core.package_identification:_identify(.) by extension 'python_setup_py'
[1.701s] Level 1:colcon.colcon_core.package_identification:_identify(Xsens_MTi_ROS_Driver_and_Ntrip_Client) by extensions ['ignore', 'ignore_ament_install']
[1.701s] Level 1:colcon.colcon_core.package_identification:_identify(Xsens_MTi_ROS_Driver_and_Ntrip_Client) by extension 'ignore'
[1.701s] Level 1:colcon.colcon_core.package_identification:_identify(Xsens_MTi_ROS_Driver_and_Ntrip_Client) by extension 'ignore_ament_install'
[1.702s] Level 1:colcon.colcon_core.package_identification:_identify(Xsens_MTi_ROS_Driver_and_Ntrip_Client) by extensions ['colcon_pkg']
[1.702s] Level 1:colcon.colcon_core.package_identification:_identify(Xsens_MTi_ROS_Driver_and_Ntrip_Client) by extension 'colcon_pkg'
[1.702s] Level 1:colcon.colcon_core.package_identification:_identify(Xsens_MTi_ROS_Driver_and_Ntrip_Client) by extensions ['colcon_meta']
[1.702s] Level 1:colcon.colcon_core.package_identification:_identify(Xsens_MTi_ROS_Driver_and_Ntrip_Client) by extension 'colcon_meta'
[1.702s] Level 1:colcon.colcon_core.package_identification:_identify(Xsens_MTi_ROS_Driver_and_Ntrip_Client) by extensions ['ros']
[1.703s] Level 1:colcon.colcon_core.package_identification:_identify(Xsens_MTi_ROS_Driver_and_Ntrip_Client) by extension 'ros'
[1.703s] Level 1:colcon.colcon_core.package_identification:_identify(Xsens_MTi_ROS_Driver_and_Ntrip_Client) by extensions ['cmake', 'python']
[1.703s] Level 1:colcon.colcon_core.package_identification:_identify(Xsens_MTi_ROS_Driver_and_Ntrip_Client) by extension 'cmake'
[1.703s] Level 1:colcon.colcon_core.package_identification:_identify(Xsens_MTi_ROS_Driver_and_Ntrip_Client) by extension 'python'
[1.703s] Level 1:colcon.colcon_core.package_identification:_identify(Xsens_MTi_ROS_Driver_and_Ntrip_Client) by extensions ['python_setup_py']
[1.704s] Level 1:colcon.colcon_core.package_identification:_identify(Xsens_MTi_ROS_Driver_and_Ntrip_Client) by extension 'python_setup_py'
[1.704s] Level 1:colcon.colcon_core.package_identification:_identify(Xsens_MTi_ROS_Driver_and_Ntrip_Client/src) by extensions ['ignore', 'ignore_ament_install']
[1.704s] Level 1:colcon.colcon_core.package_identification:_identify(Xsens_MTi_ROS_Driver_and_Ntrip_Client/src) by extension 'ignore'
[1.705s] Level 1:colcon.colcon_core.package_identification:_identify(Xsens_MTi_ROS_Driver_and_Ntrip_Client/src) by extension 'ignore_ament_install'
[1.705s] Level 1:colcon.colcon_core.package_identification:_identify(Xsens_MTi_ROS_Driver_and_Ntrip_Client/src) by extensions ['colcon_pkg']
[1.705s] Level 1:colcon.colcon_core.package_identification:_identify(Xsens_MTi_ROS_Driver_and_Ntrip_Client/src) by extension 'colcon_pkg'
[1.705s] Level 1:colcon.colcon_core.package_identification:_identify(Xsens_MTi_ROS_Driver_and_Ntrip_Client/src) by extensions ['colcon_meta']
[1.705s] Level 1:colcon.colcon_core.package_identification:_identify(Xsens_MTi_ROS_Driver_and_Ntrip_Client/src) by extension 'colcon_meta'
[1.705s] Level 1:colcon.colcon_core.package_identification:_identify(Xsens_MTi_ROS_Driver_and_Ntrip_Client/src) by extensions ['ros']
[1.706s] Level 1:colcon.colcon_core.package_identification:_identify(Xsens_MTi_ROS_Driver_and_Ntrip_Client/src) by extension 'ros'
[1.706s] Level 1:colcon.colcon_core.package_identification:_identify(Xsens_MTi_ROS_Driver_and_Ntrip_Client/src) by extensions ['cmake', 'python']
[1.706s] Level 1:colcon.colcon_core.package_identification:_identify(Xsens_MTi_ROS_Driver_and_Ntrip_Client/src) by extension 'cmake'
[1.706s] Level 1:colcon.colcon_core.package_identification:_identify(Xsens_MTi_ROS_Driver_and_Ntrip_Client/src) by extension 'python'
[1.707s] Level 1:colcon.colcon_core.package_identification:_identify(Xsens_MTi_ROS_Driver_and_Ntrip_Client/src) by extensions ['python_setup_py']
[1.707s] Level 1:colcon.colcon_core.package_identification:_identify(Xsens_MTi_ROS_Driver_and_Ntrip_Client/src) by extension 'python_setup_py'
[1.707s] Level 1:colcon.colcon_core.package_identification:_identify(Xsens_MTi_ROS_Driver_and_Ntrip_Client/src/ntrip) by extensions ['ignore', 'ignore_ament_install']
[1.708s] Level 1:colcon.colcon_core.package_identification:_identify(Xsens_MTi_ROS_Driver_and_Ntrip_Client/src/ntrip) by extension 'ignore'
[1.708s] Level 1:colcon.colcon_core.package_identification:_identify(Xsens_MTi_ROS_Driver_and_Ntrip_Client/src/ntrip) by extension 'ignore_ament_install'
[1.708s] Level 1:colcon.colcon_core.package_identification:_identify(Xsens_MTi_ROS_Driver_and_Ntrip_Client/src/ntrip) by extensions ['colcon_pkg']
[1.708s] Level 1:colcon.colcon_core.package_identification:_identify(Xsens_MTi_ROS_Driver_and_Ntrip_Client/src/ntrip) by extension 'colcon_pkg'
[1.708s] Level 1:colcon.colcon_core.package_identification:_identify(Xsens_MTi_ROS_Driver_and_Ntrip_Client/src/ntrip) by extensions ['colcon_meta']
[1.708s] Level 1:colcon.colcon_core.package_identification:_identify(Xsens_MTi_ROS_Driver_and_Ntrip_Client/src/ntrip) by extension 'colcon_meta'
[1.709s] Level 1:colcon.colcon_core.package_identification:_identify(Xsens_MTi_ROS_Driver_and_Ntrip_Client/src/ntrip) by extensions ['ros']
[1.709s] Level 1:colcon.colcon_core.package_identification:_identify(Xsens_MTi_ROS_Driver_and_Ntrip_Client/src/ntrip) by extension 'ros'
[1.719s] DEBUG:colcon.colcon_core.package_identification:Package 'Xsens_MTi_ROS_Driver_and_Ntrip_Client/src/ntrip' with type 'ros.ament_cmake' and name 'ntrip'
[1.720s] Level 1:colcon.colcon_core.package_identification:_identify(Xsens_MTi_ROS_Driver_and_Ntrip_Client/src/xsens_mti_ros2_driver) by extensions ['ignore', 'ignore_ament_install']
[1.721s] Level 1:colcon.colcon_core.package_identification:_identify(Xsens_MTi_ROS_Driver_and_Ntrip_Client/src/xsens_mti_ros2_driver) by extension 'ignore'
[1.721s] Level 1:colcon.colcon_core.package_identification:_identify(Xsens_MTi_ROS_Driver_and_Ntrip_Client/src/xsens_mti_ros2_driver) by extension 'ignore_ament_install'
[1.721s] Level 1:colcon.colcon_core.package_identification:_identify(Xsens_MTi_ROS_Driver_and_Ntrip_Client/src/xsens_mti_ros2_driver) by extensions ['colcon_pkg']
[1.721s] Level 1:colcon.colcon_core.package_identification:_identify(Xsens_MTi_ROS_Driver_and_Ntrip_Client/src/xsens_mti_ros2_driver) by extension 'colcon_pkg'
[1.721s] Level 1:colcon.colcon_core.package_identification:_identify(Xsens_MTi_ROS_Driver_and_Ntrip_Client/src/xsens_mti_ros2_driver) by extensions ['colcon_meta']
[1.722s] Level 1:colcon.colcon_core.package_identification:_identify(Xsens_MTi_ROS_Driver_and_Ntrip_Client/src/xsens_mti_ros2_driver) by extension 'colcon_meta'
[1.722s] Level 1:colcon.colcon_core.package_identification:_identify(Xsens_MTi_ROS_Driver_and_Ntrip_Client/src/xsens_mti_ros2_driver) by extensions ['ros']
[1.722s] Level 1:colcon.colcon_core.package_identification:_identify(Xsens_MTi_ROS_Driver_and_Ntrip_Client/src/xsens_mti_ros2_driver) by extension 'ros'
[1.726s] DEBUG:colcon.colcon_core.package_identification:Package 'Xsens_MTi_ROS_Driver_and_Ntrip_Client/src/xsens_mti_ros2_driver' with type 'ros.ament_cmake' and name 'xsens_mti_ros2_driver'
[1.726s] Level 1:colcon.colcon_core.package_identification:_identify(build) by extensions ['ignore', 'ignore_ament_install']
[1.727s] Level 1:colcon.colcon_core.package_identification:_identify(build) by extension 'ignore'
[1.727s] Level 1:colcon.colcon_core.package_identification:_identify(build) ignored
[1.728s] Level 1:colcon.colcon_core.package_identification:_identify(install) by extensions ['ignore', 'ignore_ament_install']
[1.728s] Level 1:colcon.colcon_core.package_identification:_identify(install) by extension 'ignore'
[1.728s] Level 1:colcon.colcon_core.package_identification:_identify(install) ignored
[1.729s] Level 1:colcon.colcon_core.package_identification:_identify(log) by extensions ['ignore', 'ignore_ament_install']
[1.729s] Level 1:colcon.colcon_core.package_identification:_identify(log) by extension 'ignore'
[1.729s] Level 1:colcon.colcon_core.package_identification:_identify(log) ignored
[1.729s] Level 1:colcon.colcon_core.package_identification:_identify(src) by extensions ['ignore', 'ignore_ament_install']
[1.730s] Level 1:colcon.colcon_core.package_identification:_identify(src) by extension 'ignore'
[1.730s] Level 1:colcon.colcon_core.package_identification:_identify(src) by extension 'ignore_ament_install'
[1.730s] Level 1:colcon.colcon_core.package_identification:_identify(src) by extensions ['colcon_pkg']
[1.730s] Level 1:colcon.colcon_core.package_identification:_identify(src) by extension 'colcon_pkg'
[1.731s] Level 1:colcon.colcon_core.package_identification:_identify(src) by extensions ['colcon_meta']
[1.731s] Level 1:colcon.colcon_core.package_identification:_identify(src) by extension 'colcon_meta'
[1.731s] Level 1:colcon.colcon_core.package_identification:_identify(src) by extensions ['ros']
[1.731s] Level 1:colcon.colcon_core.package_identification:_identify(src) by extension 'ros'
[1.731s] Level 1:colcon.colcon_core.package_identification:_identify(src) by extensions ['cmake', 'python']
[1.732s] Level 1:colcon.colcon_core.package_identification:_identify(src) by extension 'cmake'
[1.732s] Level 1:colcon.colcon_core.package_identification:_identify(src) by extension 'python'
[1.732s] Level 1:colcon.colcon_core.package_identification:_identify(src) by extensions ['python_setup_py']
[1.732s] Level 1:colcon.colcon_core.package_identification:_identify(src) by extension 'python_setup_py'
[1.733s] Level 1:colcon.colcon_core.package_identification:_identify(src/ugv_control) by extensions ['ignore', 'ignore_ament_install']
[1.733s] Level 1:colcon.colcon_core.package_identification:_identify(src/ugv_control) by extension 'ignore'
[1.733s] Level 1:colcon.colcon_core.package_identification:_identify(src/ugv_control) by extension 'ignore_ament_install'
[1.733s] Level 1:colcon.colcon_core.package_identification:_identify(src/ugv_control) by extensions ['colcon_pkg']
[1.733s] Level 1:colcon.colcon_core.package_identification:_identify(src/ugv_control) by extension 'colcon_pkg'
[1.734s] Level 1:colcon.colcon_core.package_identification:_identify(src/ugv_control) by extensions ['colcon_meta']
[1.734s] Level 1:colcon.colcon_core.package_identification:_identify(src/ugv_control) by extension 'colcon_meta'
[1.734s] Level 1:colcon.colcon_core.package_identification:_identify(src/ugv_control) by extensions ['ros']
[1.734s] Level 1:colcon.colcon_core.package_identification:_identify(src/ugv_control) by extension 'ros'
[1.736s] DEBUG:colcon.colcon_core.package_identification:Package 'src/ugv_control' with type 'ros.ament_python' and name 'ugv_control'
[1.737s] Level 1:colcon.colcon_core.package_identification:_identify(src/ugv_msgs) by extensions ['ignore', 'ignore_ament_install']
[1.737s] Level 1:colcon.colcon_core.package_identification:_identify(src/ugv_msgs) by extension 'ignore'
[1.737s] Level 1:colcon.colcon_core.package_identification:_identify(src/ugv_msgs) by extension 'ignore_ament_install'
[1.738s] Level 1:colcon.colcon_core.package_identification:_identify(src/ugv_msgs) by extensions ['colcon_pkg']
[1.738s] Level 1:colcon.colcon_core.package_identification:_identify(src/ugv_msgs) by extension 'colcon_pkg'
[1.738s] Level 1:colcon.colcon_core.package_identification:_identify(src/ugv_msgs) by extensions ['colcon_meta']
[1.738s] Level 1:colcon.colcon_core.package_identification:_identify(src/ugv_msgs) by extension 'colcon_meta'
[1.738s] Level 1:colcon.colcon_core.package_identification:_identify(src/ugv_msgs) by extensions ['ros']
[1.738s] Level 1:colcon.colcon_core.package_identification:_identify(src/ugv_msgs) by extension 'ros'
[1.740s] DEBUG:colcon.colcon_core.package_identification:Package 'src/ugv_msgs' with type 'ros.ament_cmake' and name 'ugv_msgs'
[1.741s] Level 1:colcon.colcon_core.package_discovery:discover_packages(recursive) using defaults
[1.741s] Level 1:colcon.colcon_core.package_discovery:discover_packages(ignore) discover
[1.741s] Level 1:colcon.colcon_core.package_discovery:discover_packages(ignore) using defaults
[1.741s] Level 1:colcon.colcon_core.package_discovery:discover_packages(path) discover
[1.741s] Level 1:colcon.colcon_core.package_discovery:discover_packages(path) using defaults
[1.862s] INFO:colcon.colcon_core.package_selection:Skipping not selected package 'ugv_msgs' in 'src/ugv_msgs'
[1.862s] INFO:colcon.colcon_core.package_selection:Skipping not selected package 'xsens_mti_ros2_driver' in 'Xsens_MTi_ROS_Driver_and_Ntrip_Client/src/xsens_mti_ros2_driver'
[1.862s] INFO:colcon.colcon_core.package_selection:Skipping not selected package 'ugv_control' in 'src/ugv_control'
[1.864s] Level 1:colcon.colcon_core.package_discovery:discover_packages(prefix_path) check parameters
[1.864s] Level 1:colcon.colcon_core.package_discovery:discover_packages(prefix_path) discover
[1.875s] DEBUG:colcon.colcon_installed_package_information.package_discovery:Found 3 installed packages in /home/kayla/NGCP/install
[1.885s] DEBUG:colcon.colcon_installed_package_information.package_discovery:Found 274 installed packages in /opt/ros/humble
[1.891s] Level 1:colcon.colcon_core.package_discovery:discover_packages(prefix_path) using defaults
[2.076s] Level 5:colcon.colcon_core.verb:set package 'ntrip' build argument 'cmake_args' from command line to 'None'
[2.076s] Level 5:colcon.colcon_core.verb:set package 'ntrip' build argument 'cmake_target' from command line to 'None'
[2.076s] Level 5:colcon.colcon_core.verb:set package 'ntrip' build argument 'cmake_target_skip_unavailable' from command line to 'False'
[2.076s] Level 5:colcon.colcon_core.verb:set package 'ntrip' build argument 'cmake_clean_cache' from command line to 'False'
[2.076s] Level 5:colcon.colcon_core.verb:set package 'ntrip' build argument 'cmake_clean_first' from command line to 'False'
[2.076s] Level 5:colcon.colcon_core.verb:set package 'ntrip' build argument 'cmake_force_configure' from command line to 'False'
[2.076s] Level 5:colcon.colcon_core.verb:set package 'ntrip' build argument 'ament_cmake_args' from command line to 'None'
[2.077s] Level 5:colcon.colcon_core.verb:set package 'ntrip' build argument 'catkin_cmake_args' from command line to 'None'
[2.077s] Level 5:colcon.colcon_core.verb:set package 'ntrip' build argument 'catkin_skip_building_tests' from command line to 'False'
[2.077s] DEBUG:colcon.colcon_core.verb:Building package 'ntrip' with the following arguments: {'ament_cmake_args': None, 'build_base': '/home/kayla/NGCP/build/ntrip', 'catkin_cmake_args': None, 'catkin_skip_building_tests': False, 'cmake_args': None, 'cmake_clean_cache': False, 'cmake_clean_first': False, 'cmake_force_configure': False, 'cmake_target': None, 'cmake_target_skip_unavailable': False, 'install_base': '/home/kayla/NGCP/install/ntrip', 'merge_install': False, 'path': '/home/kayla/NGCP/Xsens_MTi_ROS_Driver_and_Ntrip_Client/src/ntrip', 'symlink_install': False, 'test_result_base': None}
[2.077s] INFO:colcon.colcon_core.executor:Executing jobs using 'parallel' executor
[2.081s] DEBUG:colcon.colcon_parallel_executor.executor.parallel:run_until_complete
[2.082s] INFO:colcon.colcon_ros.task.ament_cmake.build:Building ROS package in '/home/kayla/NGCP/Xsens_MTi_ROS_Driver_and_Ntrip_Client/src/ntrip' with build type 'ament_cmake'
[2.082s] INFO:colcon.colcon_cmake.task.cmake.build:Building CMake package in '/home/kayla/NGCP/Xsens_MTi_ROS_Driver_and_Ntrip_Client/src/ntrip'
[2.092s] INFO:colcon.colcon_core.plugin_system:Skipping extension 'colcon_core.shell.bat': Not used on non-Windows systems
[2.093s] INFO:colcon.colcon_core.shell:Skip shell extension 'powershell' for command environment: Not usable outside of PowerShell
[2.093s] DEBUG:colcon.colcon_core.shell:Skip shell extension 'dsv' for command environment
[2.132s] DEBUG:colcon.colcon_core.event_handler.log_command:Invoking command in '/home/kayla/NGCP/build/ntrip': CMAKE_PREFIX_PATH=${CMAKE_PREFIX_PATH}:/opt/ros/humble:/home/kayla/NGCP/install/ugv_control /usr/bin/cmake /home/kayla/NGCP/Xsens_MTi_ROS_Driver_and_Ntrip_Client/src/ntrip -DCMAKE_INSTALL_PREFIX=/home/kayla/NGCP/install/ntrip
[9.079s] DEBUG:colcon.colcon_core.event_handler.log_command:Invoked command in '/home/kayla/NGCP/build/ntrip' returned '0': CMAKE_PREFIX_PATH=${CMAKE_PREFIX_PATH}:/opt/ros/humble:/home/kayla/NGCP/install/ugv_control /usr/bin/cmake /home/kayla/NGCP/Xsens_MTi_ROS_Driver_and_Ntrip_Client/src/ntrip -DCMAKE_INSTALL_PREFIX=/home/kayla/NGCP/install/ntrip
[9.091s] DEBUG:colcon.colcon_core.event_handler.log_command:Invoking command in '/home/kayla/NGCP/build/ntrip': CMAKE_PREFIX_PATH=${CMAKE_PREFIX_PATH}:/opt/ros/humble:/home/kayla/NGCP/install/ugv_control /usr/bin/cmake --build /home/kayla/NGCP/build/ntrip -- -j4 -l4
[113.234s] DEBUG:colcon.colcon_core.event_handler.log_command:Invoked command in '/home/kayla/NGCP/build/ntrip' returned '0': CMAKE_PREFIX_PATH=${CMAKE_PREFIX_PATH}:/opt/ros/humble:/home/kayla/NGCP/install/ugv_control /usr/bin/cmake --build /home/kayla/NGCP/build/ntrip -- -j4 -l4
[113.299s] DEBUG:colcon.colcon_core.event_handler.log_command:Invoking command in '/home/kayla/NGCP/build/ntrip': CMAKE_PREFIX_PATH=${CMAKE_PREFIX_PATH}:/opt/ros/humble:/home/kayla/NGCP/install/ugv_control /usr/bin/cmake --install /home/kayla/NGCP/build/ntrip
[113.533s] Level 1:colcon.colcon_core.environment:create_environment_scripts_only(ntrip)
[113.542s] DEBUG:colcon.colcon_core.event_handler.log_command:Invoked command in '/home/kayla/NGCP/build/ntrip' returned '0': CMAKE_PREFIX_PATH=${CMAKE_PREFIX_PATH}:/opt/ros/humble:/home/kayla/NGCP/install/ugv_control /usr/bin/cmake --install /home/kayla/NGCP/build/ntrip
[113.610s] Level 1:colcon.colcon_core.environment:checking '/home/kayla/NGCP/install/ntrip' for CMake module files
[113.615s] Level 1:colcon.colcon_core.environment:checking '/home/kayla/NGCP/install/ntrip' for CMake config files
[113.618s] Level 1:colcon.colcon_core.shell:create_environment_hook('ntrip', 'cmake_prefix_path')
[113.620s] INFO:colcon.colcon_core.shell:Creating environment hook '/home/kayla/NGCP/install/ntrip/share/ntrip/hook/cmake_prefix_path.ps1'
[113.630s] INFO:colcon.colcon_core.shell:Creating environment descriptor '/home/kayla/NGCP/install/ntrip/share/ntrip/hook/cmake_prefix_path.dsv'
[113.635s] INFO:colcon.colcon_core.shell:Creating environment hook '/home/kayla/NGCP/install/ntrip/share/ntrip/hook/cmake_prefix_path.sh'
[113.641s] Level 1:colcon.colcon_core.environment:checking '/home/kayla/NGCP/install/ntrip/lib'
[113.643s] Level 1:colcon.colcon_core.environment:checking '/home/kayla/NGCP/install/ntrip/bin'
[113.643s] Level 1:colcon.colcon_core.environment:checking '/home/kayla/NGCP/install/ntrip/lib/pkgconfig/ntrip.pc'
[113.647s] Level 1:colcon.colcon_core.environment:checking '/home/kayla/NGCP/install/ntrip/lib/python3.10/site-packages'
[113.648s] Level 1:colcon.colcon_core.environment:checking '/home/kayla/NGCP/install/ntrip/bin'
[113.650s] INFO:colcon.colcon_core.shell:Creating package script '/home/kayla/NGCP/install/ntrip/share/ntrip/package.ps1'
[113.655s] INFO:colcon.colcon_core.shell:Creating package descriptor '/home/kayla/NGCP/install/ntrip/share/ntrip/package.dsv'
[113.661s] INFO:colcon.colcon_core.shell:Creating package script '/home/kayla/NGCP/install/ntrip/share/ntrip/package.sh'
[113.667s] INFO:colcon.colcon_core.shell:Creating package script '/home/kayla/NGCP/install/ntrip/share/ntrip/package.bash'
[113.675s] INFO:colcon.colcon_core.shell:Creating package script '/home/kayla/NGCP/install/ntrip/share/ntrip/package.zsh'
[113.683s] Level 1:colcon.colcon_core.environment:create_file_with_runtime_dependencies(/home/kayla/NGCP/install/ntrip/share/colcon-core/packages/ntrip)
[113.690s] Level 1:colcon.colcon_core.environment:create_environment_scripts_only(ntrip)
[113.691s] Level 1:colcon.colcon_core.environment:checking '/home/kayla/NGCP/install/ntrip' for CMake module files
[113.694s] Level 1:colcon.colcon_core.environment:checking '/home/kayla/NGCP/install/ntrip' for CMake config files
[113.696s] Level 1:colcon.colcon_core.shell:create_environment_hook('ntrip', 'cmake_prefix_path')
[113.697s] INFO:colcon.colcon_core.shell:Creating environment hook '/home/kayla/NGCP/install/ntrip/share/ntrip/hook/cmake_prefix_path.ps1'
[113.700s] INFO:colcon.colcon_core.shell:Creating environment descriptor '/home/kayla/NGCP/install/ntrip/share/ntrip/hook/cmake_prefix_path.dsv'
[113.703s] INFO:colcon.colcon_core.shell:Creating environment hook '/home/kayla/NGCP/install/ntrip/share/ntrip/hook/cmake_prefix_path.sh'
[113.706s] Level 1:colcon.colcon_core.environment:checking '/home/kayla/NGCP/install/ntrip/lib'
[113.707s] Level 1:colcon.colcon_core.environment:checking '/home/kayla/NGCP/install/ntrip/bin'
[113.707s] Level 1:colcon.colcon_core.environment:checking '/home/kayla/NGCP/install/ntrip/lib/pkgconfig/ntrip.pc'
[113.708s] Level 1:colcon.colcon_core.environment:checking '/home/kayla/NGCP/install/ntrip/lib/python3.10/site-packages'
[113.709s] Level 1:colcon.colcon_core.environment:checking '/home/kayla/NGCP/install/ntrip/bin'
[113.710s] INFO:colcon.colcon_core.shell:Creating package script '/home/kayla/NGCP/install/ntrip/share/ntrip/package.ps1'
[113.713s] INFO:colcon.colcon_core.shell:Creating package descriptor '/home/kayla/NGCP/install/ntrip/share/ntrip/package.dsv'
[113.716s] INFO:colcon.colcon_core.shell:Creating package script '/home/kayla/NGCP/install/ntrip/share/ntrip/package.sh'
[113.718s] INFO:colcon.colcon_core.shell:Creating package script '/home/kayla/NGCP/install/ntrip/share/ntrip/package.bash'
[113.720s] INFO:colcon.colcon_core.shell:Creating package script '/home/kayla/NGCP/install/ntrip/share/ntrip/package.zsh'
[113.724s] Level 1:colcon.colcon_core.environment:create_file_with_runtime_dependencies(/home/kayla/NGCP/install/ntrip/share/colcon-core/packages/ntrip)
[113.725s] DEBUG:colcon.colcon_parallel_executor.executor.parallel:closing loop
[113.728s] DEBUG:colcon.colcon_parallel_executor.executor.parallel:loop closed
[113.728s] DEBUG:colcon.colcon_parallel_executor.executor.parallel:run_until_complete finished with '0'
[113.729s] DEBUG:colcon.colcon_core.event_reactor:joining thread
[113.812s] INFO:colcon.colcon_core.plugin_system:Skipping extension 'colcon_notification.desktop_notification.terminal_notifier': Not used on non-Darwin systems
[113.813s] INFO:colcon.colcon_core.plugin_system:Skipping extension 'colcon_notification.desktop_notification.win32': Not used on non-Windows systems
[113.814s] INFO:colcon.colcon_notification.desktop_notification:Sending desktop notification using 'notify2'
[113.961s] DEBUG:colcon.colcon_core.event_reactor:joined thread
[113.965s] INFO:colcon.colcon_core.shell:Creating prefix script '/home/kayla/NGCP/install/local_setup.ps1'
[113.972s] INFO:colcon.colcon_core.shell:Creating prefix util module '/home/kayla/NGCP/install/_local_setup_util_ps1.py'
[113.986s] INFO:colcon.colcon_core.shell:Creating prefix chain script '/home/kayla/NGCP/install/setup.ps1'
[113.999s] INFO:colcon.colcon_core.shell:Creating prefix script '/home/kayla/NGCP/install/local_setup.sh'
[114.007s] INFO:colcon.colcon_core.shell:Creating prefix util module '/home/kayla/NGCP/install/_local_setup_util_sh.py'
[114.013s] INFO:colcon.colcon_core.shell:Creating prefix chain script '/home/kayla/NGCP/install/setup.sh'
[114.023s] INFO:colcon.colcon_core.shell:Creating prefix script '/home/kayla/NGCP/install/local_setup.bash'
[114.028s] INFO:colcon.colcon_core.shell:Creating prefix chain script '/home/kayla/NGCP/install/setup.bash'
[114.039s] INFO:colcon.colcon_core.shell:Creating prefix script '/home/kayla/NGCP/install/local_setup.zsh'
[114.046s] INFO:colcon.colcon_core.shell:Creating prefix chain script '/home/kayla/NGCP/install/setup.zsh'
