running develop
running egg_info
creating ugv_control.egg-info
writing ugv_control.egg-info/PKG-INFO
writing dependency_links to ugv_control.egg-info/dependency_links.txt
writing entry points to ugv_control.egg-info/entry_points.txt
writing requirements to ugv_control.egg-info/requires.txt
writing top-level names to ugv_control.egg-info/top_level.txt
writing manifest file 'ugv_control.egg-info/SOURCES.txt'
reading manifest file 'ugv_control.egg-info/SOURCES.txt'
writing manifest file 'ugv_control.egg-info/SOURCES.txt'
running build_ext
Creating /home/kayla/NGCP/src/install/ugv_control/lib/python3.10/site-packages/ugv-control.egg-link (link to .)
Installing ugv_control_node script to /home/kayla/NGCP/src/install/ugv_control/lib/ugv_control

Installed /home/kayla/NGCP/src/build/ugv_control
running symlink_data
creating /home/kayla/NGCP/src/install/ugv_control/share/ament_index
creating /home/kayla/NGCP/src/install/ugv_control/share/ament_index/resource_index
creating /home/kayla/NGCP/src/install/ugv_control/share/ament_index/resource_index/packages
symbolically linking /home/kayla/NGCP/src/build/ugv_control/resource/ugv_control -> /home/kayla/NGCP/src/install/ugv_control/share/ament_index/resource_index/packages
symbolically linking /home/kayla/NGCP/src/build/ugv_control/package.xml -> /home/kayla/NGCP/src/install/ugv_control/share/ugv_control
