[0.045s] DEBUG:colcon:Command line arguments: ['/usr/bin/colcon', 'build', '--symlink-install']
[0.046s] DEBUG:colcon:Parsed command line arguments: Namespace(log_base=None, log_level=None, verb_name='build', build_base='build', install_base='install', merge_install=False, symlink_install=True, test_result_base=None, continue_on_error=False, executor='parallel', parallel_workers=4, event_handlers=None, ignore_user_meta=False, metas=['./colcon.meta'], base_paths=['.'], packages_ignore=None, packages_ignore_regex=None, paths=None, packages_up_to=None, packages_up_to_regex=None, packages_above=None, packages_above_and_dependencies=None, packages_above_depth=None, packages_select_by_dep=None, packages_skip_by_dep=None, packages_skip_up_to=None, packages_select_build_failed=False, packages_skip_build_finished=False, packages_select_test_failures=False, packages_skip_test_passed=False, packages_select=None, packages_skip=None, packages_select_regex=None, packages_skip_regex=None, packages_start=None, packages_end=None, allow_overriding=[], cmake_args=None, cmake_target=None, cmake_target_skip_unavailable=False, cmake_clean_cache=False, cmake_clean_first=False, cmake_force_configure=False, ament_cmake_args=None, catkin_cmake_args=None, catkin_skip_building_tests=False, mixin_files=None, mixin=None, verb_parser=<colcon_mixin.mixin.mixin_argument.MixinArgumentDecorator object at 0xffffa0373220>, verb_extension=<colcon_core.verb.build.BuildVerb object at 0xffffa0372c20>, main=<bound method BuildVerb.main of <colcon_core.verb.build.BuildVerb object at 0xffffa0372c20>>, mixin_verb=('build',))
[0.112s] Level 1:colcon.colcon_core.package_discovery:discover_packages(colcon_meta) check parameters
[0.112s] Level 1:colcon.colcon_core.package_discovery:discover_packages(recursive) check parameters
[0.112s] Level 1:colcon.colcon_core.package_discovery:discover_packages(ignore) check parameters
[0.112s] Level 1:colcon.colcon_core.package_discovery:discover_packages(path) check parameters
[0.112s] Level 1:colcon.colcon_core.package_discovery:discover_packages(colcon_meta) discover
[0.113s] Level 1:colcon.colcon_core.package_discovery:discover_packages(recursive) discover
[0.113s] INFO:colcon.colcon_core.package_discovery:Crawling recursively for packages in '/home/lev/ngcp_ws'
[0.113s] Level 1:colcon.colcon_core.package_identification:_identify(.) by extensions ['ignore', 'ignore_ament_install']
[0.113s] Level 1:colcon.colcon_core.package_identification:_identify(.) by extension 'ignore'
[0.113s] Level 1:colcon.colcon_core.package_identification:_identify(.) by extension 'ignore_ament_install'
[0.113s] Level 1:colcon.colcon_core.package_identification:_identify(.) by extensions ['colcon_pkg']
[0.113s] Level 1:colcon.colcon_core.package_identification:_identify(.) by extension 'colcon_pkg'
[0.113s] Level 1:colcon.colcon_core.package_identification:_identify(.) by extensions ['colcon_meta']
[0.113s] Level 1:colcon.colcon_core.package_identification:_identify(.) by extension 'colcon_meta'
[0.113s] Level 1:colcon.colcon_core.package_identification:_identify(.) by extensions ['ros']
[0.113s] Level 1:colcon.colcon_core.package_identification:_identify(.) by extension 'ros'
[0.117s] Level 1:colcon.colcon_core.package_identification:_identify(.) by extensions ['cmake', 'python']
[0.117s] Level 1:colcon.colcon_core.package_identification:_identify(.) by extension 'cmake'
[0.117s] Level 1:colcon.colcon_core.package_identification:_identify(.) by extension 'python'
[0.117s] Level 1:colcon.colcon_core.package_identification:_identify(.) by extensions ['python_setup_py']
[0.117s] Level 1:colcon.colcon_core.package_identification:_identify(.) by extension 'python_setup_py'
[0.117s] Level 1:colcon.colcon_core.package_identification:_identify(build) by extensions ['ignore', 'ignore_ament_install']
[0.117s] Level 1:colcon.colcon_core.package_identification:_identify(build) by extension 'ignore'
[0.117s] Level 1:colcon.colcon_core.package_identification:_identify(build) ignored
[0.117s] Level 1:colcon.colcon_core.package_identification:_identify(install) by extensions ['ignore', 'ignore_ament_install']
[0.117s] Level 1:colcon.colcon_core.package_identification:_identify(install) by extension 'ignore'
[0.117s] Level 1:colcon.colcon_core.package_identification:_identify(install) ignored
[0.117s] Level 1:colcon.colcon_core.package_identification:_identify(log) by extensions ['ignore', 'ignore_ament_install']
[0.117s] Level 1:colcon.colcon_core.package_identification:_identify(log) by extension 'ignore'
[0.117s] Level 1:colcon.colcon_core.package_identification:_identify(log) ignored
[0.117s] Level 1:colcon.colcon_core.package_identification:_identify(src) by extensions ['ignore', 'ignore_ament_install']
[0.117s] Level 1:colcon.colcon_core.package_identification:_identify(src) by extension 'ignore'
[0.117s] Level 1:colcon.colcon_core.package_identification:_identify(src) by extension 'ignore_ament_install'
[0.117s] Level 1:colcon.colcon_core.package_identification:_identify(src) by extensions ['colcon_pkg']
[0.117s] Level 1:colcon.colcon_core.package_identification:_identify(src) by extension 'colcon_pkg'
[0.117s] Level 1:colcon.colcon_core.package_identification:_identify(src) by extensions ['colcon_meta']
[0.117s] Level 1:colcon.colcon_core.package_identification:_identify(src) by extension 'colcon_meta'
[0.117s] Level 1:colcon.colcon_core.package_identification:_identify(src) by extensions ['ros']
[0.117s] Level 1:colcon.colcon_core.package_identification:_identify(src) by extension 'ros'
[0.117s] Level 1:colcon.colcon_core.package_identification:_identify(src) by extensions ['cmake', 'python']
[0.117s] Level 1:colcon.colcon_core.package_identification:_identify(src) by extension 'cmake'
[0.117s] Level 1:colcon.colcon_core.package_identification:_identify(src) by extension 'python'
[0.117s] Level 1:colcon.colcon_core.package_identification:_identify(src) by extensions ['python_setup_py']
[0.118s] Level 1:colcon.colcon_core.package_identification:_identify(src) by extension 'python_setup_py'
[0.118s] Level 1:colcon.colcon_core.package_identification:_identify(src/NGCP_UGV) by extensions ['ignore', 'ignore_ament_install']
[0.118s] Level 1:colcon.colcon_core.package_identification:_identify(src/NGCP_UGV) by extension 'ignore'
[0.118s] Level 1:colcon.colcon_core.package_identification:_identify(src/NGCP_UGV) by extension 'ignore_ament_install'
[0.118s] Level 1:colcon.colcon_core.package_identification:_identify(src/NGCP_UGV) by extensions ['colcon_pkg']
[0.118s] Level 1:colcon.colcon_core.package_identification:_identify(src/NGCP_UGV) by extension 'colcon_pkg'
[0.118s] Level 1:colcon.colcon_core.package_identification:_identify(src/NGCP_UGV) by extensions ['colcon_meta']
[0.118s] Level 1:colcon.colcon_core.package_identification:_identify(src/NGCP_UGV) by extension 'colcon_meta'
[0.118s] Level 1:colcon.colcon_core.package_identification:_identify(src/NGCP_UGV) by extensions ['ros']
[0.118s] Level 1:colcon.colcon_core.package_identification:_identify(src/NGCP_UGV) by extension 'ros'
[0.122s] DEBUG:colcon.colcon_core.package_identification:Package 'src/NGCP_UGV' with type 'ros.ament_python' and name 'ngcp_ugv'
[0.122s] Level 1:colcon.colcon_core.package_identification:_identify(src/old_manual_control) by extensions ['ignore', 'ignore_ament_install']
[0.122s] Level 1:colcon.colcon_core.package_identification:_identify(src/old_manual_control) by extension 'ignore'
[0.122s] Level 1:colcon.colcon_core.package_identification:_identify(src/old_manual_control) by extension 'ignore_ament_install'
[0.122s] Level 1:colcon.colcon_core.package_identification:_identify(src/old_manual_control) by extensions ['colcon_pkg']
[0.122s] Level 1:colcon.colcon_core.package_identification:_identify(src/old_manual_control) by extension 'colcon_pkg'
[0.122s] Level 1:colcon.colcon_core.package_identification:_identify(src/old_manual_control) by extensions ['colcon_meta']
[0.122s] Level 1:colcon.colcon_core.package_identification:_identify(src/old_manual_control) by extension 'colcon_meta'
[0.122s] Level 1:colcon.colcon_core.package_identification:_identify(src/old_manual_control) by extensions ['ros']
[0.122s] Level 1:colcon.colcon_core.package_identification:_identify(src/old_manual_control) by extension 'ros'
[0.122s] Level 1:colcon.colcon_core.package_identification:_identify(src/old_manual_control) by extensions ['cmake', 'python']
[0.122s] Level 1:colcon.colcon_core.package_identification:_identify(src/old_manual_control) by extension 'cmake'
[0.122s] Level 1:colcon.colcon_core.package_identification:_identify(src/old_manual_control) by extension 'python'
[0.122s] Level 1:colcon.colcon_core.package_identification:_identify(src/old_manual_control) by extensions ['python_setup_py']
[0.122s] Level 1:colcon.colcon_core.package_identification:_identify(src/old_manual_control) by extension 'python_setup_py'
[0.122s] Level 1:colcon.colcon_core.package_identification:_identify(src/old_manual_control/__pycache__) by extensions ['ignore', 'ignore_ament_install']
[0.122s] Level 1:colcon.colcon_core.package_identification:_identify(src/old_manual_control/__pycache__) by extension 'ignore'
[0.122s] Level 1:colcon.colcon_core.package_identification:_identify(src/old_manual_control/__pycache__) by extension 'ignore_ament_install'
[0.122s] Level 1:colcon.colcon_core.package_identification:_identify(src/old_manual_control/__pycache__) by extensions ['colcon_pkg']
[0.122s] Level 1:colcon.colcon_core.package_identification:_identify(src/old_manual_control/__pycache__) by extension 'colcon_pkg'
[0.122s] Level 1:colcon.colcon_core.package_identification:_identify(src/old_manual_control/__pycache__) by extensions ['colcon_meta']
[0.122s] Level 1:colcon.colcon_core.package_identification:_identify(src/old_manual_control/__pycache__) by extension 'colcon_meta'
[0.122s] Level 1:colcon.colcon_core.package_identification:_identify(src/old_manual_control/__pycache__) by extensions ['ros']
[0.122s] Level 1:colcon.colcon_core.package_identification:_identify(src/old_manual_control/__pycache__) by extension 'ros'
[0.122s] Level 1:colcon.colcon_core.package_identification:_identify(src/old_manual_control/__pycache__) by extensions ['cmake', 'python']
[0.122s] Level 1:colcon.colcon_core.package_identification:_identify(src/old_manual_control/__pycache__) by extension 'cmake'
[0.122s] Level 1:colcon.colcon_core.package_identification:_identify(src/old_manual_control/__pycache__) by extension 'python'
[0.122s] Level 1:colcon.colcon_core.package_identification:_identify(src/old_manual_control/__pycache__) by extensions ['python_setup_py']
[0.122s] Level 1:colcon.colcon_core.package_identification:_identify(src/old_manual_control/__pycache__) by extension 'python_setup_py'
[0.122s] Level 1:colcon.colcon_core.package_identification:_identify(src/old_manual_control/ugvgroundvehicle) by extensions ['ignore', 'ignore_ament_install']
[0.122s] Level 1:colcon.colcon_core.package_identification:_identify(src/old_manual_control/ugvgroundvehicle) by extension 'ignore'
[0.122s] Level 1:colcon.colcon_core.package_identification:_identify(src/old_manual_control/ugvgroundvehicle) by extension 'ignore_ament_install'
[0.123s] Level 1:colcon.colcon_core.package_identification:_identify(src/old_manual_control/ugvgroundvehicle) by extensions ['colcon_pkg']
[0.123s] Level 1:colcon.colcon_core.package_identification:_identify(src/old_manual_control/ugvgroundvehicle) by extension 'colcon_pkg'
[0.123s] Level 1:colcon.colcon_core.package_identification:_identify(src/old_manual_control/ugvgroundvehicle) by extensions ['colcon_meta']
[0.123s] Level 1:colcon.colcon_core.package_identification:_identify(src/old_manual_control/ugvgroundvehicle) by extension 'colcon_meta'
[0.123s] Level 1:colcon.colcon_core.package_identification:_identify(src/old_manual_control/ugvgroundvehicle) by extensions ['ros']
[0.123s] Level 1:colcon.colcon_core.package_identification:_identify(src/old_manual_control/ugvgroundvehicle) by extension 'ros'
[0.123s] Level 1:colcon.colcon_core.package_identification:_identify(src/old_manual_control/ugvgroundvehicle) by extensions ['cmake', 'python']
[0.123s] Level 1:colcon.colcon_core.package_identification:_identify(src/old_manual_control/ugvgroundvehicle) by extension 'cmake'
[0.123s] Level 1:colcon.colcon_core.package_identification:_identify(src/old_manual_control/ugvgroundvehicle) by extension 'python'
[0.123s] Level 1:colcon.colcon_core.package_identification:_identify(src/old_manual_control/ugvgroundvehicle) by extensions ['python_setup_py']
[0.123s] Level 1:colcon.colcon_core.package_identification:_identify(src/old_manual_control/ugvgroundvehicle) by extension 'python_setup_py'
[0.123s] Level 1:colcon.colcon_core.package_identification:_identify(src/ugv_msgs) by extensions ['ignore', 'ignore_ament_install']
[0.123s] Level 1:colcon.colcon_core.package_identification:_identify(src/ugv_msgs) by extension 'ignore'
[0.123s] Level 1:colcon.colcon_core.package_identification:_identify(src/ugv_msgs) by extension 'ignore_ament_install'
[0.123s] Level 1:colcon.colcon_core.package_identification:_identify(src/ugv_msgs) by extensions ['colcon_pkg']
[0.123s] Level 1:colcon.colcon_core.package_identification:_identify(src/ugv_msgs) by extension 'colcon_pkg'
[0.123s] Level 1:colcon.colcon_core.package_identification:_identify(src/ugv_msgs) by extensions ['colcon_meta']
[0.123s] Level 1:colcon.colcon_core.package_identification:_identify(src/ugv_msgs) by extension 'colcon_meta'
[0.123s] Level 1:colcon.colcon_core.package_identification:_identify(src/ugv_msgs) by extensions ['ros']
[0.123s] Level 1:colcon.colcon_core.package_identification:_identify(src/ugv_msgs) by extension 'ros'
[0.123s] DEBUG:colcon.colcon_core.package_identification:Package 'src/ugv_msgs' with type 'ros.ament_cmake' and name 'ugv_msgs'
[0.123s] Level 1:colcon.colcon_core.package_discovery:discover_packages(recursive) using defaults
[0.123s] Level 1:colcon.colcon_core.package_discovery:discover_packages(ignore) discover
[0.123s] Level 1:colcon.colcon_core.package_discovery:discover_packages(ignore) using defaults
[0.123s] Level 1:colcon.colcon_core.package_discovery:discover_packages(path) discover
[0.123s] Level 1:colcon.colcon_core.package_discovery:discover_packages(path) using defaults
[0.131s] Level 1:colcon.colcon_core.package_discovery:discover_packages(prefix_path) check parameters
[0.131s] Level 1:colcon.colcon_core.package_discovery:discover_packages(prefix_path) discover
[0.132s] WARNING:colcon.colcon_ros.prefix_path.ament:The path '/home/lev/ngcp_ws/install/ugv_msgs' in the environment variable AMENT_PREFIX_PATH doesn't exist
[0.132s] WARNING:colcon.colcon_ros.prefix_path.ament:The path '/home/lev/ngcp_ws/install/xsens_mti_ros2_driver' in the environment variable AMENT_PREFIX_PATH doesn't exist
[0.132s] WARNING:colcon.colcon_ros.prefix_path.ament:The path '/home/lev/ngcp_ws/install/ntrip' in the environment variable AMENT_PREFIX_PATH doesn't exist
[0.132s] WARNING:colcon.colcon_ros.prefix_path.ament:The path '/home/lev/ngcp_ws/install/NGCP_UGV' in the environment variable AMENT_PREFIX_PATH doesn't exist
[0.132s] WARNING:colcon.colcon_ros.prefix_path.catkin:The path '/home/lev/ngcp_ws/install/ugv_msgs' in the environment variable CMAKE_PREFIX_PATH doesn't exist
[0.132s] WARNING:colcon.colcon_ros.prefix_path.catkin:The path '/home/lev/ngcp_ws/install/xsens_mti_ros2_driver' in the environment variable CMAKE_PREFIX_PATH doesn't exist
[0.132s] WARNING:colcon.colcon_ros.prefix_path.catkin:The path '/home/lev/ngcp_ws/install/ntrip' in the environment variable CMAKE_PREFIX_PATH doesn't exist
[0.132s] DEBUG:colcon.colcon_installed_package_information.package_discovery:Found 0 installed packages in /home/lev/ngcp_ws/install
[0.132s] DEBUG:colcon.colcon_installed_package_information.package_discovery:Found 1 installed packages in /home/lev/ros2_ws/install
[0.133s] DEBUG:colcon.colcon_installed_package_information.package_discovery:Found 274 installed packages in /opt/ros/humble
[0.133s] Level 1:colcon.colcon_core.package_discovery:discover_packages(prefix_path) using defaults
[0.149s] Level 5:colcon.colcon_core.verb:set package 'ugv_msgs' build argument 'cmake_args' from command line to 'None'
[0.149s] Level 5:colcon.colcon_core.verb:set package 'ugv_msgs' build argument 'cmake_target' from command line to 'None'
[0.149s] Level 5:colcon.colcon_core.verb:set package 'ugv_msgs' build argument 'cmake_target_skip_unavailable' from command line to 'False'
[0.149s] Level 5:colcon.colcon_core.verb:set package 'ugv_msgs' build argument 'cmake_clean_cache' from command line to 'False'
[0.149s] Level 5:colcon.colcon_core.verb:set package 'ugv_msgs' build argument 'cmake_clean_first' from command line to 'False'
[0.149s] Level 5:colcon.colcon_core.verb:set package 'ugv_msgs' build argument 'cmake_force_configure' from command line to 'False'
[0.149s] Level 5:colcon.colcon_core.verb:set package 'ugv_msgs' build argument 'ament_cmake_args' from command line to 'None'
[0.149s] Level 5:colcon.colcon_core.verb:set package 'ugv_msgs' build argument 'catkin_cmake_args' from command line to 'None'
[0.149s] Level 5:colcon.colcon_core.verb:set package 'ugv_msgs' build argument 'catkin_skip_building_tests' from command line to 'False'
[0.149s] DEBUG:colcon.colcon_core.verb:Building package 'ugv_msgs' with the following arguments: {'ament_cmake_args': None, 'build_base': '/home/lev/ngcp_ws/build/ugv_msgs', 'catkin_cmake_args': None, 'catkin_skip_building_tests': False, 'cmake_args': None, 'cmake_clean_cache': False, 'cmake_clean_first': False, 'cmake_force_configure': False, 'cmake_target': None, 'cmake_target_skip_unavailable': False, 'install_base': '/home/lev/ngcp_ws/install/ugv_msgs', 'merge_install': False, 'path': '/home/lev/ngcp_ws/src/ugv_msgs', 'symlink_install': True, 'test_result_base': None}
[0.150s] Level 5:colcon.colcon_core.verb:set package 'ngcp_ugv' build argument 'cmake_args' from command line to 'None'
[0.150s] Level 5:colcon.colcon_core.verb:set package 'ngcp_ugv' build argument 'cmake_target' from command line to 'None'
[0.150s] Level 5:colcon.colcon_core.verb:set package 'ngcp_ugv' build argument 'cmake_target_skip_unavailable' from command line to 'False'
[0.150s] Level 5:colcon.colcon_core.verb:set package 'ngcp_ugv' build argument 'cmake_clean_cache' from command line to 'False'
[0.150s] Level 5:colcon.colcon_core.verb:set package 'ngcp_ugv' build argument 'cmake_clean_first' from command line to 'False'
[0.150s] Level 5:colcon.colcon_core.verb:set package 'ngcp_ugv' build argument 'cmake_force_configure' from command line to 'False'
[0.150s] Level 5:colcon.colcon_core.verb:set package 'ngcp_ugv' build argument 'ament_cmake_args' from command line to 'None'
[0.150s] Level 5:colcon.colcon_core.verb:set package 'ngcp_ugv' build argument 'catkin_cmake_args' from command line to 'None'
[0.150s] Level 5:colcon.colcon_core.verb:set package 'ngcp_ugv' build argument 'catkin_skip_building_tests' from command line to 'False'
[0.150s] DEBUG:colcon.colcon_core.verb:Building package 'ngcp_ugv' with the following arguments: {'ament_cmake_args': None, 'build_base': '/home/lev/ngcp_ws/build/ngcp_ugv', 'catkin_cmake_args': None, 'catkin_skip_building_tests': False, 'cmake_args': None, 'cmake_clean_cache': False, 'cmake_clean_first': False, 'cmake_force_configure': False, 'cmake_target': None, 'cmake_target_skip_unavailable': False, 'install_base': '/home/lev/ngcp_ws/install/ngcp_ugv', 'merge_install': False, 'path': '/home/lev/ngcp_ws/src/NGCP_UGV', 'symlink_install': True, 'test_result_base': None}
[0.150s] INFO:colcon.colcon_core.executor:Executing jobs using 'parallel' executor
[0.150s] DEBUG:colcon.colcon_parallel_executor.executor.parallel:run_until_complete
[0.150s] INFO:colcon.colcon_ros.task.ament_cmake.build:Building ROS package in '/home/lev/ngcp_ws/src/ugv_msgs' with build type 'ament_cmake'
[0.150s] INFO:colcon.colcon_cmake.task.cmake.build:Building CMake package in '/home/lev/ngcp_ws/src/ugv_msgs'
[0.151s] INFO:colcon.colcon_core.plugin_system:Skipping extension 'colcon_core.shell.bat': Not used on non-Windows systems
[0.151s] INFO:colcon.colcon_core.shell:Skip shell extension 'powershell' for command environment: Not usable outside of PowerShell
[0.151s] DEBUG:colcon.colcon_core.shell:Skip shell extension 'dsv' for command environment
[0.155s] DEBUG:colcon.colcon_core.event_handler.log_command:Invoking command in '/home/lev/ngcp_ws/build/ugv_msgs': CMAKE_PREFIX_PATH=${CMAKE_PREFIX_PATH}:/home/lev/ngcp_ws/install/NGCP_UGV:/home/lev/ros2_ws/install/my_robot_controller:/opt/ros/humble /usr/bin/cmake /home/lev/ngcp_ws/src/ugv_msgs -DAMENT_CMAKE_SYMLINK_INSTALL=1 -DCMAKE_INSTALL_PREFIX=/home/lev/ngcp_ws/install/ugv_msgs
[0.730s] DEBUG:colcon.colcon_core.event_handler.log_command:Invoked command in '/home/lev/ngcp_ws/build/ugv_msgs' returned '0': CMAKE_PREFIX_PATH=${CMAKE_PREFIX_PATH}:/home/lev/ngcp_ws/install/NGCP_UGV:/home/lev/ros2_ws/install/my_robot_controller:/opt/ros/humble /usr/bin/cmake /home/lev/ngcp_ws/src/ugv_msgs -DAMENT_CMAKE_SYMLINK_INSTALL=1 -DCMAKE_INSTALL_PREFIX=/home/lev/ngcp_ws/install/ugv_msgs
[0.731s] DEBUG:colcon.colcon_core.event_handler.log_command:Invoking command in '/home/lev/ngcp_ws/build/ugv_msgs': CMAKE_PREFIX_PATH=${CMAKE_PREFIX_PATH}:/home/lev/ngcp_ws/install/NGCP_UGV:/home/lev/ros2_ws/install/my_robot_controller:/opt/ros/humble /usr/bin/cmake --build /home/lev/ngcp_ws/build/ugv_msgs -- -j4 -l4
[1.767s] DEBUG:colcon.colcon_core.event_handler.log_command:Invoked command in '/home/lev/ngcp_ws/build/ugv_msgs' returned '0': CMAKE_PREFIX_PATH=${CMAKE_PREFIX_PATH}:/home/lev/ngcp_ws/install/NGCP_UGV:/home/lev/ros2_ws/install/my_robot_controller:/opt/ros/humble /usr/bin/cmake --build /home/lev/ngcp_ws/build/ugv_msgs -- -j4 -l4
[1.770s] DEBUG:colcon.colcon_core.event_handler.log_command:Invoking command in '/home/lev/ngcp_ws/build/ugv_msgs': CMAKE_PREFIX_PATH=${CMAKE_PREFIX_PATH}:/home/lev/ngcp_ws/install/NGCP_UGV:/home/lev/ros2_ws/install/my_robot_controller:/opt/ros/humble /usr/bin/cmake --install /home/lev/ngcp_ws/build/ugv_msgs
[1.984s] Level 1:colcon.colcon_core.environment:create_environment_scripts_only(ugv_msgs)
[1.985s] DEBUG:colcon.colcon_core.event_handler.log_command:Invoked command in '/home/lev/ngcp_ws/build/ugv_msgs' returned '0': CMAKE_PREFIX_PATH=${CMAKE_PREFIX_PATH}:/home/lev/ngcp_ws/install/NGCP_UGV:/home/lev/ros2_ws/install/my_robot_controller:/opt/ros/humble /usr/bin/cmake --install /home/lev/ngcp_ws/build/ugv_msgs
[1.986s] Level 1:colcon.colcon_core.environment:checking '/home/lev/ngcp_ws/install/ugv_msgs' for CMake module files
[1.986s] Level 1:colcon.colcon_core.environment:checking '/home/lev/ngcp_ws/install/ugv_msgs' for CMake config files
[1.986s] Level 1:colcon.colcon_core.shell:create_environment_hook('ugv_msgs', 'cmake_prefix_path')
[1.986s] INFO:colcon.colcon_core.shell:Creating environment hook '/home/lev/ngcp_ws/install/ugv_msgs/share/ugv_msgs/hook/cmake_prefix_path.ps1'
[1.987s] INFO:colcon.colcon_core.shell:Creating environment descriptor '/home/lev/ngcp_ws/install/ugv_msgs/share/ugv_msgs/hook/cmake_prefix_path.dsv'
[1.987s] INFO:colcon.colcon_core.shell:Creating environment hook '/home/lev/ngcp_ws/install/ugv_msgs/share/ugv_msgs/hook/cmake_prefix_path.sh'
[1.987s] Level 1:colcon.colcon_core.environment:checking '/home/lev/ngcp_ws/install/ugv_msgs/lib'
[1.987s] Level 1:colcon.colcon_core.shell:create_environment_hook('ugv_msgs', 'ld_library_path_lib')
[1.987s] INFO:colcon.colcon_core.shell:Creating environment hook '/home/lev/ngcp_ws/install/ugv_msgs/share/ugv_msgs/hook/ld_library_path_lib.ps1'
[1.987s] INFO:colcon.colcon_core.shell:Creating environment descriptor '/home/lev/ngcp_ws/install/ugv_msgs/share/ugv_msgs/hook/ld_library_path_lib.dsv'
[1.987s] INFO:colcon.colcon_core.shell:Creating environment hook '/home/lev/ngcp_ws/install/ugv_msgs/share/ugv_msgs/hook/ld_library_path_lib.sh'
[1.987s] Level 1:colcon.colcon_core.environment:checking '/home/lev/ngcp_ws/install/ugv_msgs/bin'
[1.987s] Level 1:colcon.colcon_core.environment:checking '/home/lev/ngcp_ws/install/ugv_msgs/lib/pkgconfig/ugv_msgs.pc'
[1.988s] Level 1:colcon.colcon_core.environment:checking '/home/lev/ngcp_ws/install/ugv_msgs/lib/python3.10/site-packages'
[1.988s] Level 1:colcon.colcon_core.environment:checking '/home/lev/ngcp_ws/install/ugv_msgs/bin'
[1.988s] INFO:colcon.colcon_core.shell:Creating package script '/home/lev/ngcp_ws/install/ugv_msgs/share/ugv_msgs/package.ps1'
[1.988s] INFO:colcon.colcon_core.shell:Creating package descriptor '/home/lev/ngcp_ws/install/ugv_msgs/share/ugv_msgs/package.dsv'
[1.988s] INFO:colcon.colcon_core.shell:Creating package script '/home/lev/ngcp_ws/install/ugv_msgs/share/ugv_msgs/package.sh'
[1.988s] INFO:colcon.colcon_core.shell:Creating package script '/home/lev/ngcp_ws/install/ugv_msgs/share/ugv_msgs/package.bash'
[1.989s] INFO:colcon.colcon_core.shell:Creating package script '/home/lev/ngcp_ws/install/ugv_msgs/share/ugv_msgs/package.zsh'
[1.989s] Level 1:colcon.colcon_core.environment:create_file_with_runtime_dependencies(/home/lev/ngcp_ws/install/ugv_msgs/share/colcon-core/packages/ugv_msgs)
[1.989s] Level 1:colcon.colcon_core.environment:create_environment_scripts_only(ugv_msgs)
[1.989s] Level 1:colcon.colcon_core.environment:checking '/home/lev/ngcp_ws/install/ugv_msgs' for CMake module files
[1.989s] Level 1:colcon.colcon_core.environment:checking '/home/lev/ngcp_ws/install/ugv_msgs' for CMake config files
[1.990s] Level 1:colcon.colcon_core.shell:create_environment_hook('ugv_msgs', 'cmake_prefix_path')
[1.990s] INFO:colcon.colcon_core.shell:Creating environment hook '/home/lev/ngcp_ws/install/ugv_msgs/share/ugv_msgs/hook/cmake_prefix_path.ps1'
[1.990s] INFO:colcon.colcon_core.shell:Creating environment descriptor '/home/lev/ngcp_ws/install/ugv_msgs/share/ugv_msgs/hook/cmake_prefix_path.dsv'
[1.990s] INFO:colcon.colcon_core.shell:Creating environment hook '/home/lev/ngcp_ws/install/ugv_msgs/share/ugv_msgs/hook/cmake_prefix_path.sh'
[1.990s] Level 1:colcon.colcon_core.environment:checking '/home/lev/ngcp_ws/install/ugv_msgs/lib'
[1.990s] Level 1:colcon.colcon_core.shell:create_environment_hook('ugv_msgs', 'ld_library_path_lib')
[1.990s] INFO:colcon.colcon_core.shell:Creating environment hook '/home/lev/ngcp_ws/install/ugv_msgs/share/ugv_msgs/hook/ld_library_path_lib.ps1'
[1.990s] INFO:colcon.colcon_core.shell:Creating environment descriptor '/home/lev/ngcp_ws/install/ugv_msgs/share/ugv_msgs/hook/ld_library_path_lib.dsv'
[1.991s] INFO:colcon.colcon_core.shell:Creating environment hook '/home/lev/ngcp_ws/install/ugv_msgs/share/ugv_msgs/hook/ld_library_path_lib.sh'
[1.991s] Level 1:colcon.colcon_core.environment:checking '/home/lev/ngcp_ws/install/ugv_msgs/bin'
[1.991s] Level 1:colcon.colcon_core.environment:checking '/home/lev/ngcp_ws/install/ugv_msgs/lib/pkgconfig/ugv_msgs.pc'
[1.991s] Level 1:colcon.colcon_core.environment:checking '/home/lev/ngcp_ws/install/ugv_msgs/lib/python3.10/site-packages'
[1.991s] Level 1:colcon.colcon_core.environment:checking '/home/lev/ngcp_ws/install/ugv_msgs/bin'
[1.991s] INFO:colcon.colcon_core.shell:Creating package script '/home/lev/ngcp_ws/install/ugv_msgs/share/ugv_msgs/package.ps1'
[1.991s] INFO:colcon.colcon_core.shell:Creating package descriptor '/home/lev/ngcp_ws/install/ugv_msgs/share/ugv_msgs/package.dsv'
[1.991s] INFO:colcon.colcon_core.shell:Creating package script '/home/lev/ngcp_ws/install/ugv_msgs/share/ugv_msgs/package.sh'
[1.991s] INFO:colcon.colcon_core.shell:Creating package script '/home/lev/ngcp_ws/install/ugv_msgs/share/ugv_msgs/package.bash'
[1.992s] INFO:colcon.colcon_core.shell:Creating package script '/home/lev/ngcp_ws/install/ugv_msgs/share/ugv_msgs/package.zsh'
[1.992s] Level 1:colcon.colcon_core.environment:create_file_with_runtime_dependencies(/home/lev/ngcp_ws/install/ugv_msgs/share/colcon-core/packages/ugv_msgs)
[1.992s] INFO:colcon.colcon_ros.task.ament_python.build:Building ROS package in '/home/lev/ngcp_ws/src/NGCP_UGV' with build type 'ament_python'
[1.992s] Level 1:colcon.colcon_core.shell:create_environment_hook('ngcp_ugv', 'ament_prefix_path')
[1.992s] INFO:colcon.colcon_core.shell:Creating environment hook '/home/lev/ngcp_ws/install/ngcp_ugv/share/ngcp_ugv/hook/ament_prefix_path.ps1'
[1.992s] INFO:colcon.colcon_core.shell:Creating environment descriptor '/home/lev/ngcp_ws/install/ngcp_ugv/share/ngcp_ugv/hook/ament_prefix_path.dsv'
[1.992s] INFO:colcon.colcon_core.shell:Creating environment hook '/home/lev/ngcp_ws/install/ngcp_ugv/share/ngcp_ugv/hook/ament_prefix_path.sh'
[1.993s] INFO:colcon.colcon_core.shell:Skip shell extension 'powershell' for command environment: Not usable outside of PowerShell
[1.993s] DEBUG:colcon.colcon_core.shell:Skip shell extension 'dsv' for command environment
[2.097s] INFO:colcon.colcon_core.task.python.build:Building Python package in '/home/lev/ngcp_ws/src/NGCP_UGV'
[2.097s] INFO:colcon.colcon_core.shell:Skip shell extension 'powershell' for command environment: Not usable outside of PowerShell
[2.097s] DEBUG:colcon.colcon_core.shell:Skip shell extension 'dsv' for command environment
[2.240s] DEBUG:colcon.colcon_core.event_handler.log_command:Invoking command in '/home/lev/ngcp_ws/build/ngcp_ugv': PYTHONPATH=/home/lev/ngcp_ws/build/ngcp_ugv/prefix_override:/usr/lib/python3/dist-packages/colcon_core/task/python/colcon_distutils_commands:/home/lev/ngcp_ws/install/ngcp_ugv/lib/python3.10/site-packages:${PYTHONPATH} /usr/bin/python3 -W ignore:setup.py install is deprecated -W ignore:easy_install command is deprecated setup.py develop --editable --build-directory /home/lev/ngcp_ws/build/ngcp_ugv/build --no-deps symlink_data
[2.408s] Level 1:colcon.colcon_core.shell:create_environment_hook('ngcp_ugv', 'pythonpath_develop')
[2.408s] INFO:colcon.colcon_core.shell:Creating environment hook '/home/lev/ngcp_ws/build/ngcp_ugv/share/ngcp_ugv/hook/pythonpath_develop.ps1'
[2.409s] DEBUG:colcon.colcon_core.event_handler.log_command:Invoked command in '/home/lev/ngcp_ws/build/ngcp_ugv' returned '0': PYTHONPATH=/home/lev/ngcp_ws/build/ngcp_ugv/prefix_override:/usr/lib/python3/dist-packages/colcon_core/task/python/colcon_distutils_commands:/home/lev/ngcp_ws/install/ngcp_ugv/lib/python3.10/site-packages:${PYTHONPATH} /usr/bin/python3 -W ignore:setup.py install is deprecated -W ignore:easy_install command is deprecated setup.py develop --editable --build-directory /home/lev/ngcp_ws/build/ngcp_ugv/build --no-deps symlink_data
[2.409s] INFO:colcon.colcon_core.shell:Creating environment descriptor '/home/lev/ngcp_ws/build/ngcp_ugv/share/ngcp_ugv/hook/pythonpath_develop.dsv'
[2.409s] INFO:colcon.colcon_core.shell:Creating environment hook '/home/lev/ngcp_ws/build/ngcp_ugv/share/ngcp_ugv/hook/pythonpath_develop.sh'
[2.409s] Level 1:colcon.colcon_core.environment:checking '/home/lev/ngcp_ws/install/ngcp_ugv' for CMake module files
[2.409s] Level 1:colcon.colcon_core.environment:checking '/home/lev/ngcp_ws/install/ngcp_ugv' for CMake config files
[2.410s] Level 1:colcon.colcon_core.environment:checking '/home/lev/ngcp_ws/install/ngcp_ugv/lib'
[2.410s] Level 1:colcon.colcon_core.environment:checking '/home/lev/ngcp_ws/install/ngcp_ugv/bin'
[2.410s] Level 1:colcon.colcon_core.environment:checking '/home/lev/ngcp_ws/install/ngcp_ugv/lib/pkgconfig/ngcp_ugv.pc'
[2.410s] Level 1:colcon.colcon_core.environment:checking '/home/lev/ngcp_ws/install/ngcp_ugv/lib/python3.10/site-packages'
[2.410s] Level 1:colcon.colcon_core.shell:create_environment_hook('ngcp_ugv', 'pythonpath')
[2.410s] INFO:colcon.colcon_core.shell:Creating environment hook '/home/lev/ngcp_ws/install/ngcp_ugv/share/ngcp_ugv/hook/pythonpath.ps1'
[2.410s] INFO:colcon.colcon_core.shell:Creating environment descriptor '/home/lev/ngcp_ws/install/ngcp_ugv/share/ngcp_ugv/hook/pythonpath.dsv'
[2.410s] INFO:colcon.colcon_core.shell:Creating environment hook '/home/lev/ngcp_ws/install/ngcp_ugv/share/ngcp_ugv/hook/pythonpath.sh'
[2.410s] Level 1:colcon.colcon_core.environment:checking '/home/lev/ngcp_ws/install/ngcp_ugv/bin'
[2.410s] Level 1:colcon.colcon_core.environment:create_environment_scripts_only(ngcp_ugv)
[2.410s] INFO:colcon.colcon_core.shell:Creating package script '/home/lev/ngcp_ws/install/ngcp_ugv/share/ngcp_ugv/package.ps1'
[2.410s] INFO:colcon.colcon_core.shell:Creating package descriptor '/home/lev/ngcp_ws/install/ngcp_ugv/share/ngcp_ugv/package.dsv'
[2.411s] INFO:colcon.colcon_core.shell:Creating package script '/home/lev/ngcp_ws/install/ngcp_ugv/share/ngcp_ugv/package.sh'
[2.411s] INFO:colcon.colcon_core.shell:Creating package script '/home/lev/ngcp_ws/install/ngcp_ugv/share/ngcp_ugv/package.bash'
[2.411s] INFO:colcon.colcon_core.shell:Creating package script '/home/lev/ngcp_ws/install/ngcp_ugv/share/ngcp_ugv/package.zsh'
[2.411s] Level 1:colcon.colcon_core.environment:create_file_with_runtime_dependencies(/home/lev/ngcp_ws/install/ngcp_ugv/share/colcon-core/packages/ngcp_ugv)
[2.411s] DEBUG:colcon.colcon_parallel_executor.executor.parallel:closing loop
[2.411s] DEBUG:colcon.colcon_parallel_executor.executor.parallel:loop closed
[2.411s] DEBUG:colcon.colcon_parallel_executor.executor.parallel:run_until_complete finished with '0'
[2.411s] DEBUG:colcon.colcon_core.event_reactor:joining thread
[2.414s] INFO:colcon.colcon_core.plugin_system:Skipping extension 'colcon_notification.desktop_notification.terminal_notifier': Not used on non-Darwin systems
[2.414s] INFO:colcon.colcon_core.plugin_system:Skipping extension 'colcon_notification.desktop_notification.win32': Not used on non-Windows systems
[2.414s] INFO:colcon.colcon_notification.desktop_notification:Sending desktop notification using 'notify2'
[2.421s] DEBUG:colcon.colcon_core.event_reactor:joined thread
[2.421s] INFO:colcon.colcon_core.shell:Creating prefix script '/home/lev/ngcp_ws/install/local_setup.ps1'
[2.421s] INFO:colcon.colcon_core.shell:Creating prefix util module '/home/lev/ngcp_ws/install/_local_setup_util_ps1.py'
[2.422s] INFO:colcon.colcon_core.shell:Creating prefix chain script '/home/lev/ngcp_ws/install/setup.ps1'
[2.422s] INFO:colcon.colcon_core.shell:Creating prefix script '/home/lev/ngcp_ws/install/local_setup.sh'
[2.423s] INFO:colcon.colcon_core.shell:Creating prefix util module '/home/lev/ngcp_ws/install/_local_setup_util_sh.py'
[2.423s] INFO:colcon.colcon_core.shell:Creating prefix chain script '/home/lev/ngcp_ws/install/setup.sh'
[2.423s] INFO:colcon.colcon_core.shell:Creating prefix script '/home/lev/ngcp_ws/install/local_setup.bash'
[2.424s] INFO:colcon.colcon_core.shell:Creating prefix chain script '/home/lev/ngcp_ws/install/setup.bash'
[2.424s] INFO:colcon.colcon_core.shell:Creating prefix script '/home/lev/ngcp_ws/install/local_setup.zsh'
[2.424s] INFO:colcon.colcon_core.shell:Creating prefix chain script '/home/lev/ngcp_ws/install/setup.zsh'
