[0.889s] DEBUG:colcon:Command line arguments: ['/usr/bin/colcon', 'build', '--symlink-install']
[0.890s] DEBUG:colcon:Parsed command line arguments: Namespace(log_base=None, log_level=None, verb_name='build', build_base='build', install_base='install', merge_install=False, symlink_install=True, test_result_base=None, continue_on_error=False, executor='parallel', parallel_workers=4, event_handlers=None, ignore_user_meta=False, metas=['./colcon.meta'], base_paths=['.'], packages_ignore=None, packages_ignore_regex=None, paths=None, packages_up_to=None, packages_up_to_regex=None, packages_above=None, packages_above_and_dependencies=None, packages_above_depth=None, packages_select_by_dep=None, packages_skip_by_dep=None, packages_skip_up_to=None, packages_select_build_failed=False, packages_skip_build_finished=False, packages_select_test_failures=False, packages_skip_test_passed=False, packages_select=None, packages_skip=None, packages_select_regex=None, packages_skip_regex=None, packages_start=None, packages_end=None, allow_overriding=[], cmake_args=None, cmake_target=None, cmake_target_skip_unavailable=False, cmake_clean_cache=False, cmake_clean_first=False, cmake_force_configure=False, ament_cmake_args=None, catkin_cmake_args=None, catkin_skip_building_tests=False, mixin_files=None, mixin=None, verb_parser=<colcon_mixin.mixin.mixin_argument.MixinArgumentDecorator object at 0xffff930cd6c0>, verb_extension=<colcon_core.verb.build.BuildVerb object at 0xffff93272650>, main=<bound method BuildVerb.main of <colcon_core.verb.build.BuildVerb object at 0xffff93272650>>, mixin_verb=('build',))
[2.077s] Level 1:colcon.colcon_core.package_discovery:discover_packages(colcon_meta) check parameters
[2.077s] Level 1:colcon.colcon_core.package_discovery:discover_packages(recursive) check parameters
[2.078s] Level 1:colcon.colcon_core.package_discovery:discover_packages(ignore) check parameters
[2.078s] Level 1:colcon.colcon_core.package_discovery:discover_packages(path) check parameters
[2.078s] Level 1:colcon.colcon_core.package_discovery:discover_packages(colcon_meta) discover
[2.078s] Level 1:colcon.colcon_core.package_discovery:discover_packages(recursive) discover
[2.078s] INFO:colcon.colcon_core.package_discovery:Crawling recursively for packages in '/home/kayla/NGCP/src'
[2.079s] Level 1:colcon.colcon_core.package_identification:_identify(.) by extensions ['ignore', 'ignore_ament_install']
[2.079s] Level 1:colcon.colcon_core.package_identification:_identify(.) by extension 'ignore'
[2.080s] Level 1:colcon.colcon_core.package_identification:_identify(.) by extension 'ignore_ament_install'
[2.080s] Level 1:colcon.colcon_core.package_identification:_identify(.) by extensions ['colcon_pkg']
[2.080s] Level 1:colcon.colcon_core.package_identification:_identify(.) by extension 'colcon_pkg'
[2.081s] Level 1:colcon.colcon_core.package_identification:_identify(.) by extensions ['colcon_meta']
[2.081s] Level 1:colcon.colcon_core.package_identification:_identify(.) by extension 'colcon_meta'
[2.081s] Level 1:colcon.colcon_core.package_identification:_identify(.) by extensions ['ros']
[2.082s] Level 1:colcon.colcon_core.package_identification:_identify(.) by extension 'ros'
[2.130s] Level 1:colcon.colcon_core.package_identification:_identify(.) by extensions ['cmake', 'python']
[2.130s] Level 1:colcon.colcon_core.package_identification:_identify(.) by extension 'cmake'
[2.130s] Level 1:colcon.colcon_core.package_identification:_identify(.) by extension 'python'
[2.130s] Level 1:colcon.colcon_core.package_identification:_identify(.) by extensions ['python_setup_py']
[2.130s] Level 1:colcon.colcon_core.package_identification:_identify(.) by extension 'python_setup_py'
[2.131s] Level 1:colcon.colcon_core.package_identification:_identify(build) by extensions ['ignore', 'ignore_ament_install']
[2.132s] Level 1:colcon.colcon_core.package_identification:_identify(build) by extension 'ignore'
[2.132s] Level 1:colcon.colcon_core.package_identification:_identify(build) ignored
[2.133s] Level 1:colcon.colcon_core.package_identification:_identify(install) by extensions ['ignore', 'ignore_ament_install']
[2.134s] Level 1:colcon.colcon_core.package_identification:_identify(install) by extension 'ignore'
[2.134s] Level 1:colcon.colcon_core.package_identification:_identify(install) ignored
[2.135s] Level 1:colcon.colcon_core.package_identification:_identify(log) by extensions ['ignore', 'ignore_ament_install']
[2.135s] Level 1:colcon.colcon_core.package_identification:_identify(log) by extension 'ignore'
[2.136s] Level 1:colcon.colcon_core.package_identification:_identify(log) ignored
[2.136s] Level 1:colcon.colcon_core.package_identification:_identify(ugv_control) by extensions ['ignore', 'ignore_ament_install']
[2.137s] Level 1:colcon.colcon_core.package_identification:_identify(ugv_control) by extension 'ignore'
[2.137s] Level 1:colcon.colcon_core.package_identification:_identify(ugv_control) by extension 'ignore_ament_install'
[2.137s] Level 1:colcon.colcon_core.package_identification:_identify(ugv_control) by extensions ['colcon_pkg']
[2.137s] Level 1:colcon.colcon_core.package_identification:_identify(ugv_control) by extension 'colcon_pkg'
[2.137s] Level 1:colcon.colcon_core.package_identification:_identify(ugv_control) by extensions ['colcon_meta']
[2.137s] Level 1:colcon.colcon_core.package_identification:_identify(ugv_control) by extension 'colcon_meta'
[2.138s] Level 1:colcon.colcon_core.package_identification:_identify(ugv_control) by extensions ['ros']
[2.138s] Level 1:colcon.colcon_core.package_identification:_identify(ugv_control) by extension 'ros'
[2.147s] DEBUG:colcon.colcon_core.package_identification:Package 'ugv_control' with type 'ros.ament_python' and name 'ugv_control'
[2.147s] Level 1:colcon.colcon_core.package_discovery:discover_packages(recursive) using defaults
[2.148s] Level 1:colcon.colcon_core.package_discovery:discover_packages(ignore) discover
[2.148s] Level 1:colcon.colcon_core.package_discovery:discover_packages(ignore) using defaults
[2.148s] Level 1:colcon.colcon_core.package_discovery:discover_packages(path) discover
[2.148s] Level 1:colcon.colcon_core.package_discovery:discover_packages(path) using defaults
[2.333s] Level 1:colcon.colcon_core.package_discovery:discover_packages(prefix_path) check parameters
[2.333s] Level 1:colcon.colcon_core.package_discovery:discover_packages(prefix_path) discover
[2.359s] DEBUG:colcon.colcon_installed_package_information.package_discovery:Found 271 installed packages in /opt/ros/humble
[2.366s] Level 1:colcon.colcon_core.package_discovery:discover_packages(prefix_path) using defaults
[2.562s] Level 5:colcon.colcon_core.verb:set package 'ugv_control' build argument 'cmake_args' from command line to 'None'
[2.562s] Level 5:colcon.colcon_core.verb:set package 'ugv_control' build argument 'cmake_target' from command line to 'None'
[2.562s] Level 5:colcon.colcon_core.verb:set package 'ugv_control' build argument 'cmake_target_skip_unavailable' from command line to 'False'
[2.562s] Level 5:colcon.colcon_core.verb:set package 'ugv_control' build argument 'cmake_clean_cache' from command line to 'False'
[2.562s] Level 5:colcon.colcon_core.verb:set package 'ugv_control' build argument 'cmake_clean_first' from command line to 'False'
[2.562s] Level 5:colcon.colcon_core.verb:set package 'ugv_control' build argument 'cmake_force_configure' from command line to 'False'
[2.562s] Level 5:colcon.colcon_core.verb:set package 'ugv_control' build argument 'ament_cmake_args' from command line to 'None'
[2.563s] Level 5:colcon.colcon_core.verb:set package 'ugv_control' build argument 'catkin_cmake_args' from command line to 'None'
[2.563s] Level 5:colcon.colcon_core.verb:set package 'ugv_control' build argument 'catkin_skip_building_tests' from command line to 'False'
[2.563s] DEBUG:colcon.colcon_core.verb:Building package 'ugv_control' with the following arguments: {'ament_cmake_args': None, 'build_base': '/home/kayla/NGCP/src/build/ugv_control', 'catkin_cmake_args': None, 'catkin_skip_building_tests': False, 'cmake_args': None, 'cmake_clean_cache': False, 'cmake_clean_first': False, 'cmake_force_configure': False, 'cmake_target': None, 'cmake_target_skip_unavailable': False, 'install_base': '/home/kayla/NGCP/src/install/ugv_control', 'merge_install': False, 'path': '/home/kayla/NGCP/src/ugv_control', 'symlink_install': True, 'test_result_base': None}
[2.563s] INFO:colcon.colcon_core.executor:Executing jobs using 'parallel' executor
[2.567s] DEBUG:colcon.colcon_parallel_executor.executor.parallel:run_until_complete
[2.568s] INFO:colcon.colcon_ros.task.ament_python.build:Building ROS package in '/home/kayla/NGCP/src/ugv_control' with build type 'ament_python'
[2.568s] Level 1:colcon.colcon_core.shell:create_environment_hook('ugv_control', 'ament_prefix_path')
[2.589s] INFO:colcon.colcon_core.plugin_system:Skipping extension 'colcon_core.shell.bat': Not used on non-Windows systems
[2.590s] INFO:colcon.colcon_core.shell:Creating environment hook '/home/kayla/NGCP/src/install/ugv_control/share/ugv_control/hook/ament_prefix_path.ps1'
[2.598s] INFO:colcon.colcon_core.shell:Creating environment descriptor '/home/kayla/NGCP/src/install/ugv_control/share/ugv_control/hook/ament_prefix_path.dsv'
[2.602s] INFO:colcon.colcon_core.shell:Creating environment hook '/home/kayla/NGCP/src/install/ugv_control/share/ugv_control/hook/ament_prefix_path.sh'
[2.608s] INFO:colcon.colcon_core.shell:Skip shell extension 'powershell' for command environment: Not usable outside of PowerShell
[2.609s] DEBUG:colcon.colcon_core.shell:Skip shell extension 'dsv' for command environment
[4.752s] INFO:colcon.colcon_core.task.python.build:Building Python package in '/home/kayla/NGCP/src/ugv_control'
[4.753s] INFO:colcon.colcon_core.shell:Skip shell extension 'powershell' for command environment: Not usable outside of PowerShell
[4.753s] DEBUG:colcon.colcon_core.shell:Skip shell extension 'dsv' for command environment
[6.720s] DEBUG:colcon.colcon_core.event_handler.log_command:Invoking command in '/home/kayla/NGCP/src/build/ugv_control': PYTHONPATH=/home/kayla/NGCP/src/build/ugv_control/prefix_override:/usr/lib/python3/dist-packages/colcon_core/task/python/colcon_distutils_commands:/home/kayla/NGCP/src/install/ugv_control/lib/python3.10/site-packages:${PYTHONPATH} /usr/bin/python3 -W ignore:setup.py install is deprecated -W ignore:easy_install command is deprecated setup.py develop --editable --build-directory /home/kayla/NGCP/src/build/ugv_control/build --no-deps symlink_data
[10.936s] Level 1:colcon.colcon_core.shell:create_environment_hook('ugv_control', 'pythonpath_develop')
[10.937s] INFO:colcon.colcon_core.shell:Creating environment hook '/home/kayla/NGCP/src/build/ugv_control/share/ugv_control/hook/pythonpath_develop.ps1'
[10.938s] DEBUG:colcon.colcon_core.event_handler.log_command:Invoked command in '/home/kayla/NGCP/src/build/ugv_control' returned '0': PYTHONPATH=/home/kayla/NGCP/src/build/ugv_control/prefix_override:/usr/lib/python3/dist-packages/colcon_core/task/python/colcon_distutils_commands:/home/kayla/NGCP/src/install/ugv_control/lib/python3.10/site-packages:${PYTHONPATH} /usr/bin/python3 -W ignore:setup.py install is deprecated -W ignore:easy_install command is deprecated setup.py develop --editable --build-directory /home/kayla/NGCP/src/build/ugv_control/build --no-deps symlink_data
[10.940s] INFO:colcon.colcon_core.shell:Creating environment descriptor '/home/kayla/NGCP/src/build/ugv_control/share/ugv_control/hook/pythonpath_develop.dsv'
[10.942s] INFO:colcon.colcon_core.shell:Creating environment hook '/home/kayla/NGCP/src/build/ugv_control/share/ugv_control/hook/pythonpath_develop.sh'
[10.969s] Level 1:colcon.colcon_core.environment:checking '/home/kayla/NGCP/src/install/ugv_control' for CMake module files
[10.972s] Level 1:colcon.colcon_core.environment:checking '/home/kayla/NGCP/src/install/ugv_control' for CMake config files
[10.976s] Level 1:colcon.colcon_core.environment:checking '/home/kayla/NGCP/src/install/ugv_control/lib'
[10.977s] Level 1:colcon.colcon_core.environment:checking '/home/kayla/NGCP/src/install/ugv_control/bin'
[10.977s] Level 1:colcon.colcon_core.environment:checking '/home/kayla/NGCP/src/install/ugv_control/lib/pkgconfig/ugv_control.pc'
[10.979s] Level 1:colcon.colcon_core.environment:checking '/home/kayla/NGCP/src/install/ugv_control/lib/python3.10/site-packages'
[10.979s] Level 1:colcon.colcon_core.shell:create_environment_hook('ugv_control', 'pythonpath')
[10.980s] INFO:colcon.colcon_core.shell:Creating environment hook '/home/kayla/NGCP/src/install/ugv_control/share/ugv_control/hook/pythonpath.ps1'
[10.982s] INFO:colcon.colcon_core.shell:Creating environment descriptor '/home/kayla/NGCP/src/install/ugv_control/share/ugv_control/hook/pythonpath.dsv'
[10.984s] INFO:colcon.colcon_core.shell:Creating environment hook '/home/kayla/NGCP/src/install/ugv_control/share/ugv_control/hook/pythonpath.sh'
[10.986s] Level 1:colcon.colcon_core.environment:checking '/home/kayla/NGCP/src/install/ugv_control/bin'
[10.987s] Level 1:colcon.colcon_core.environment:create_environment_scripts_only(ugv_control)
[10.989s] INFO:colcon.colcon_core.shell:Creating package script '/home/kayla/NGCP/src/install/ugv_control/share/ugv_control/package.ps1'
[10.993s] INFO:colcon.colcon_core.shell:Creating package descriptor '/home/kayla/NGCP/src/install/ugv_control/share/ugv_control/package.dsv'
[10.997s] INFO:colcon.colcon_core.shell:Creating package script '/home/kayla/NGCP/src/install/ugv_control/share/ugv_control/package.sh'
[11.001s] INFO:colcon.colcon_core.shell:Creating package script '/home/kayla/NGCP/src/install/ugv_control/share/ugv_control/package.bash'
[11.006s] INFO:colcon.colcon_core.shell:Creating package script '/home/kayla/NGCP/src/install/ugv_control/share/ugv_control/package.zsh'
[11.013s] Level 1:colcon.colcon_core.environment:create_file_with_runtime_dependencies(/home/kayla/NGCP/src/install/ugv_control/share/colcon-core/packages/ugv_control)
[11.015s] DEBUG:colcon.colcon_parallel_executor.executor.parallel:closing loop
[11.016s] DEBUG:colcon.colcon_parallel_executor.executor.parallel:loop closed
[11.016s] DEBUG:colcon.colcon_parallel_executor.executor.parallel:run_until_complete finished with '0'
[11.017s] DEBUG:colcon.colcon_core.event_reactor:joining thread
[11.069s] INFO:colcon.colcon_core.plugin_system:Skipping extension 'colcon_notification.desktop_notification.terminal_notifier': Not used on non-Darwin systems
[11.069s] INFO:colcon.colcon_core.plugin_system:Skipping extension 'colcon_notification.desktop_notification.win32': Not used on non-Windows systems
[11.070s] INFO:colcon.colcon_notification.desktop_notification:Sending desktop notification using 'notify2'
[11.426s] DEBUG:colcon.colcon_core.event_reactor:joined thread
[11.428s] INFO:colcon.colcon_core.shell:Creating prefix script '/home/kayla/NGCP/src/install/local_setup.ps1'
[11.434s] INFO:colcon.colcon_core.shell:Creating prefix util module '/home/kayla/NGCP/src/install/_local_setup_util_ps1.py'
[11.445s] INFO:colcon.colcon_core.shell:Creating prefix chain script '/home/kayla/NGCP/src/install/setup.ps1'
[11.452s] INFO:colcon.colcon_core.shell:Creating prefix script '/home/kayla/NGCP/src/install/local_setup.sh'
[11.457s] INFO:colcon.colcon_core.shell:Creating prefix util module '/home/kayla/NGCP/src/install/_local_setup_util_sh.py'
[11.463s] INFO:colcon.colcon_core.shell:Creating prefix chain script '/home/kayla/NGCP/src/install/setup.sh'
[11.471s] INFO:colcon.colcon_core.shell:Creating prefix script '/home/kayla/NGCP/src/install/local_setup.bash'
[11.476s] INFO:colcon.colcon_core.shell:Creating prefix chain script '/home/kayla/NGCP/src/install/setup.bash'
[11.482s] INFO:colcon.colcon_core.shell:Creating prefix script '/home/kayla/NGCP/src/install/local_setup.zsh'
[11.486s] INFO:colcon.colcon_core.shell:Creating prefix chain script '/home/kayla/NGCP/src/install/setup.zsh'
