/home/ugv/NGCP/NGCP_25_26/ugv-integration-2526/src/install/ngcp_ugv/lib/python3.10/site-packages/ngcp_ugv/ugv_control_sub.py
/home/ugv/NGCP/NGCP_25_26/ugv-integration-2526/src/install/ngcp_ugv/lib/python3.10/site-packages/ngcp_ugv/__init__.py
/home/ugv/NGCP/NGCP_25_26/ugv-integration-2526/src/install/ngcp_ugv/lib/python3.10/site-packages/ngcp_ugv/ugv_arm_sub2.py
/home/ugv/NGCP/NGCP_25_26/ugv-integration-2526/src/install/ngcp_ugv/lib/python3.10/site-packages/ngcp_ugv/ugv_arm_sub.py
/home/ugv/NGCP/NGCP_25_26/ugv-integration-2526/src/install/ngcp_ugv/lib/python3.10/site-packages/ngcp_ugv/ugv_control_pub.py
/home/ugv/NGCP/NGCP_25_26/ugv-integration-2526/src/install/ngcp_ugv/lib/python3.10/site-packages/ngcp_ugv/__pycache__/ugv_control_sub.cpython-310.pyc
/home/ugv/NGCP/NGCP_25_26/ugv-integration-2526/src/install/ngcp_ugv/lib/python3.10/site-packages/ngcp_ugv/__pycache__/__init__.cpython-310.pyc
/home/ugv/NGCP/NGCP_25_26/ugv-integration-2526/src/install/ngcp_ugv/lib/python3.10/site-packages/ngcp_ugv/__pycache__/ugv_arm_sub2.cpython-310.pyc
/home/ugv/NGCP/NGCP_25_26/ugv-integration-2526/src/install/ngcp_ugv/lib/python3.10/site-packages/ngcp_ugv/__pycache__/ugv_arm_sub.cpython-310.pyc
/home/ugv/NGCP/NGCP_25_26/ugv-integration-2526/src/install/ngcp_ugv/lib/python3.10/site-packages/ngcp_ugv/__pycache__/ugv_control_pub.cpython-310.pyc
/home/ugv/NGCP/NGCP_25_26/ugv-integration-2526/src/install/ngcp_ugv/share/ament_index/resource_index/packages/ngcp_ugv
/home/ugv/NGCP/NGCP_25_26/ugv-integration-2526/src/install/ngcp_ugv/share/ngcp_ugv/package.xml
/home/ugv/NGCP/NGCP_25_26/ugv-integration-2526/src/install/ngcp_ugv/lib/python3.10/site-packages/ngcp_ugv-0.0.0-py3.10.egg-info/PKG-INFO
/home/ugv/NGCP/NGCP_25_26/ugv-integration-2526/src/install/ngcp_ugv/lib/python3.10/site-packages/ngcp_ugv-0.0.0-py3.10.egg-info/top_level.txt
/home/ugv/NGCP/NGCP_25_26/ugv-integration-2526/src/install/ngcp_ugv/lib/python3.10/site-packages/ngcp_ugv-0.0.0-py3.10.egg-info/zip-safe
/home/ugv/NGCP/NGCP_25_26/ugv-integration-2526/src/install/ngcp_ugv/lib/python3.10/site-packages/ngcp_ugv-0.0.0-py3.10.egg-info/requires.txt
/home/ugv/NGCP/NGCP_25_26/ugv-integration-2526/src/install/ngcp_ugv/lib/python3.10/site-packages/ngcp_ugv-0.0.0-py3.10.egg-info/entry_points.txt
/home/ugv/NGCP/NGCP_25_26/ugv-integration-2526/src/install/ngcp_ugv/lib/python3.10/site-packages/ngcp_ugv-0.0.0-py3.10.egg-info/SOURCES.txt
/home/ugv/NGCP/NGCP_25_26/ugv-integration-2526/src/install/ngcp_ugv/lib/python3.10/site-packages/ngcp_ugv-0.0.0-py3.10.egg-info/dependency_links.txt
/home/ugv/NGCP/NGCP_25_26/ugv-integration-2526/src/install/ngcp_ugv/lib/ngcp_ugv/ugv_arm_sub
/home/ugv/NGCP/NGCP_25_26/ugv-integration-2526/src/install/ngcp_ugv/lib/ngcp_ugv/ugv_arm_sub2
/home/ugv/NGCP/NGCP_25_26/ugv-integration-2526/src/install/ngcp_ugv/lib/ngcp_ugv/ugv_control_pub
/home/ugv/NGCP/NGCP_25_26/ugv-integration-2526/src/install/ngcp_ugv/lib/ngcp_ugv/ugv_control_sub
