[4.832s] Invoking command in '/home/kayla/NGCP/build/ugv_control': PYTHONPATH=/home/kayla/NGCP/build/ugv_control/prefix_override:/usr/lib/python3/dist-packages/colcon_core/task/python/colcon_distutils_commands:/home/kayla/NGCP/install/ugv_control/lib/python3.10/site-packages:${PYTHONPATH} /usr/bin/python3 -W ignore:setup.py install is deprecated -W ignore:easy_install command is deprecated setup.py develop --editable --build-directory /home/kayla/NGCP/build/ugv_control/build --no-deps symlink_data
[7.308s] running develop
[9.186s] running egg_info
[9.187s] creating ugv_control.egg-info
[9.187s] writing ugv_control.egg-info/PKG-INFO
[9.189s] writing dependency_links to ugv_control.egg-info/dependency_links.txt
[9.190s] writing entry points to ugv_control.egg-info/entry_points.txt
[9.191s] writing requirements to ugv_control.egg-info/requires.txt
[9.192s] writing top-level names to ugv_control.egg-info/top_level.txt
[9.193s] writing manifest file 'ugv_control.egg-info/SOURCES.txt'
[9.206s] reading manifest file 'ugv_control.egg-info/SOURCES.txt'
[9.211s] writing manifest file 'ugv_control.egg-info/SOURCES.txt'
[9.219s] running build_ext
[9.220s] Creating /home/kayla/NGCP/install/ugv_control/lib/python3.10/site-packages/ugv-control.egg-link (link to .)
[9.233s] Installing ugv_armcontrol_sub script to /home/kayla/NGCP/install/ugv_control/lib/ugv_control
[9.235s] Installing ugv_control_pub script to /home/kayla/NGCP/install/ugv_control/lib/ugv_control
[9.242s] Installing ugv_control_sub script to /home/kayla/NGCP/install/ugv_control/lib/ugv_control
[9.246s] 
[9.249s] Installed /home/kayla/NGCP/build/ugv_control
[9.266s] running symlink_data
[9.270s] creating /home/kayla/NGCP/install/ugv_control/share/ament_index
[9.275s] creating /home/kayla/NGCP/install/ugv_control/share/ament_index/resource_index
[9.279s] creating /home/kayla/NGCP/install/ugv_control/share/ament_index/resource_index/packages
[9.283s] symbolically linking /home/kayla/NGCP/build/ugv_control/resource/ugv_control -> /home/kayla/NGCP/install/ugv_control/share/ament_index/resource_index/packages
[9.285s] symbolically linking /home/kayla/NGCP/build/ugv_control/package.xml -> /home/kayla/NGCP/install/ugv_control/share/ugv_control
[9.550s] Invoked command in '/home/kayla/NGCP/build/ugv_control' returned '0': PYTHONPATH=/home/kayla/NGCP/build/ugv_control/prefix_override:/usr/lib/python3/dist-packages/colcon_core/task/python/colcon_distutils_commands:/home/kayla/NGCP/install/ugv_control/lib/python3.10/site-packages:${PYTHONPATH} /usr/bin/python3 -W ignore:setup.py install is deprecated -W ignore:easy_install command is deprecated setup.py develop --editable --build-directory /home/kayla/NGCP/build/ugv_control/build --no-deps symlink_data
