[0.115s] Invoking command in '/home/kayla/NGCP/build/ntrip': CMAKE_PREFIX_PATH=${CMAKE_PREFIX_PATH}:/opt/ros/humble:/home/kayla/NGCP/install/ugv_control /usr/bin/cmake --build /home/kayla/NGCP/build/ntrip -- -j4 -l4
[0.384s] [35m[1mConsolidate compiler generated dependencies of target ntrip_lib[0m
[0.605s] [ 60%] Built target ntrip_lib
[0.673s] [35m[1mConsolidate compiler generated dependencies of target ntrip[0m
[0.894s] [100%] Built target ntrip
[0.951s] Invoked command in '/home/kayla/NGCP/build/ntrip' returned '0': CMAKE_PREFIX_PATH=${CMAKE_PREFIX_PATH}:/opt/ros/humble:/home/kayla/NGCP/install/ugv_control /usr/bin/cmake --build /home/kayla/NGCP/build/ntrip -- -j4 -l4
[1.003s] Invoking command in '/home/kayla/NGCP/build/ntrip': CMAKE_PREFIX_PATH=${CMAKE_PREFIX_PATH}:/opt/ros/humble:/home/kayla/NGCP/install/ugv_control /usr/bin/cmake --install /home/kayla/NGCP/build/ntrip
[1.050s] -- Install configuration: ""
[1.052s] -- Up-to-date: /home/kayla/NGCP/install/ntrip/lib/libntrip_lib.a
[1.055s] -- Up-to-date: /home/kayla/NGCP/install/ntrip/lib/ntrip/ntrip
[1.057s] -- Up-to-date: /home/kayla/NGCP/install/ntrip/share/ntrip/config
[1.058s] -- Up-to-date: /home/kayla/NGCP/install/ntrip/share/ntrip/config/ntrip-param.yaml
[1.059s] -- Up-to-date: /home/kayla/NGCP/install/ntrip/share/ntrip/launch
[1.063s] -- Up-to-date: /home/kayla/NGCP/install/ntrip/share/ntrip/launch/ntrip_launch.py
[1.069s] -- Up-to-date: /home/kayla/NGCP/install/ntrip/include/
[1.072s] -- Up-to-date: /home/kayla/NGCP/install/ntrip/include//ntrip_client
[1.073s] -- Up-to-date: /home/kayla/NGCP/install/ntrip/include//ntrip_client/rtcm_parser.h
[1.074s] -- Up-to-date: /home/kayla/NGCP/install/ntrip/include//ntrip_client/ntrip_client.h
[1.076s] -- Up-to-date: /home/kayla/NGCP/install/ntrip/share/ament_index/resource_index/package_run_dependencies/ntrip
[1.077s] -- Up-to-date: /home/kayla/NGCP/install/ntrip/share/ament_index/resource_index/parent_prefix_path/ntrip
[1.082s] -- Up-to-date: /home/kayla/NGCP/install/ntrip/share/ntrip/environment/ament_prefix_path.sh
[1.105s] -- Up-to-date: /home/kayla/NGCP/install/ntrip/share/ntrip/environment/ament_prefix_path.dsv
[1.107s] -- Up-to-date: /home/kayla/NGCP/install/ntrip/share/ntrip/environment/path.sh
[1.113s] -- Up-to-date: /home/kayla/NGCP/install/ntrip/share/ntrip/environment/path.dsv
[1.115s] -- Up-to-date: /home/kayla/NGCP/install/ntrip/share/ntrip/local_setup.bash
[1.117s] -- Up-to-date: /home/kayla/NGCP/install/ntrip/share/ntrip/local_setup.sh
[1.120s] -- Up-to-date: /home/kayla/NGCP/install/ntrip/share/ntrip/local_setup.zsh
[1.121s] -- Up-to-date: /home/kayla/NGCP/install/ntrip/share/ntrip/local_setup.dsv
[1.123s] -- Installing: /home/kayla/NGCP/install/ntrip/share/ntrip/package.dsv
[1.129s] -- Up-to-date: /home/kayla/NGCP/install/ntrip/share/ament_index/resource_index/packages/ntrip
[1.131s] -- Up-to-date: /home/kayla/NGCP/install/ntrip/share/ntrip/cmake/ntripConfig.cmake
[1.132s] -- Up-to-date: /home/kayla/NGCP/install/ntrip/share/ntrip/cmake/ntripConfig-version.cmake
[1.134s] -- Up-to-date: /home/kayla/NGCP/install/ntrip/share/ntrip/package.xml
[1.138s] Invoked command in '/home/kayla/NGCP/build/ntrip' returned '0': CMAKE_PREFIX_PATH=${CMAKE_PREFIX_PATH}:/opt/ros/humble:/home/kayla/NGCP/install/ugv_control /usr/bin/cmake --install /home/kayla/NGCP/build/ntrip
