[0.055s] Invoking command in '/home/ugv/ugv_ros2_ws/src/build/depthai_descriptions': CMAKE_PREFIX_PATH=${CMAKE_PREFIX_PATH}:/home/ugv/NGCP/NGCP_25_26/install/ngcp_ugv:/opt/ros/humble /usr/bin/cmake /home/ugv/ugv_ros2_ws/src/depthai-ros/depthai_descriptions -DCMAKE_INSTALL_PREFIX=/home/ugv/ugv_ros2_ws/src/install/depthai_descriptions
[0.473s] -- The C compiler identification is GNU 11.4.0
[0.930s] -- The CXX compiler identification is GNU 11.4.0
[0.950s] -- Detecting C compiler ABI info
[1.194s] -- Detecting C compiler ABI info - done
[1.231s] -- Check for working C compiler: /usr/bin/cc - skipped
[1.232s] -- Detecting C compile features
[1.233s] -- Detecting C compile features - done
[1.243s] -- Detecting CXX compiler ABI info
[1.432s] -- Detecting CXX compiler ABI info - done
[1.448s] -- Check for working CXX compiler: /usr/bin/c++ - skipped
[1.449s] -- Detecting CXX compile features
[1.458s] -- Detecting CXX compile features - done
[1.458s] -- Found ament_cmake: 1.3.13 (/opt/ros/humble/share/ament_cmake/cmake)
[1.839s] -- Found Python3: /usr/bin/python3 (found version "3.10.12") found components: Interpreter 
[2.222s] -- Configuring done
[2.228s] -- Generating done
[2.232s] -- Build files have been written to: /home/ugv/ugv_ros2_ws/src/build/depthai_descriptions
[2.245s] Invoked command in '/home/ugv/ugv_ros2_ws/src/build/depthai_descriptions' returned '0': CMAKE_PREFIX_PATH=${CMAKE_PREFIX_PATH}:/home/ugv/NGCP/NGCP_25_26/install/ngcp_ugv:/opt/ros/humble /usr/bin/cmake /home/ugv/ugv_ros2_ws/src/depthai-ros/depthai_descriptions -DCMAKE_INSTALL_PREFIX=/home/ugv/ugv_ros2_ws/src/install/depthai_descriptions
[2.246s] Invoking command in '/home/ugv/ugv_ros2_ws/src/build/depthai_descriptions': CMAKE_PREFIX_PATH=${CMAKE_PREFIX_PATH}:/home/ugv/NGCP/NGCP_25_26/install/ngcp_ugv:/opt/ros/humble /usr/bin/cmake --build /home/ugv/ugv_ros2_ws/src/build/depthai_descriptions -- -j6 -l6
[2.327s] Invoked command in '/home/ugv/ugv_ros2_ws/src/build/depthai_descriptions' returned '0': CMAKE_PREFIX_PATH=${CMAKE_PREFIX_PATH}:/home/ugv/NGCP/NGCP_25_26/install/ngcp_ugv:/opt/ros/humble /usr/bin/cmake --build /home/ugv/ugv_ros2_ws/src/build/depthai_descriptions -- -j6 -l6
[2.349s] Invoking command in '/home/ugv/ugv_ros2_ws/src/build/depthai_descriptions': CMAKE_PREFIX_PATH=${CMAKE_PREFIX_PATH}:/home/ugv/NGCP/NGCP_25_26/install/ngcp_ugv:/opt/ros/humble /usr/bin/cmake --install /home/ugv/ugv_ros2_ws/src/build/depthai_descriptions
[2.371s] -- Install configuration: ""
[2.371s] -- Installing: /home/ugv/ugv_ros2_ws/src/install/depthai_descriptions/share/depthai_descriptions/launch
[2.371s] -- Installing: /home/ugv/ugv_ros2_ws/src/install/depthai_descriptions/share/depthai_descriptions/launch/urdf_launch.py
[2.372s] -- Installing: /home/ugv/ugv_ros2_ws/src/install/depthai_descriptions/share/depthai_descriptions/urdf
[2.372s] -- Installing: /home/ugv/ugv_ros2_ws/src/install/depthai_descriptions/share/depthai_descriptions/urdf/models
[2.372s] -- Installing: /home/ugv/ugv_ros2_ws/src/install/depthai_descriptions/share/depthai_descriptions/urdf/models/OAK-D-S2.stl
[2.390s] -- Installing: /home/ugv/ugv_ros2_ws/src/install/depthai_descriptions/share/depthai_descriptions/urdf/models/OAK-D-PRO.stl
[2.498s] -- Installing: /home/ugv/ugv_ros2_ws/src/install/depthai_descriptions/share/depthai_descriptions/urdf/models/OAK-D-LR.stl
[2.589s] -- Installing: /home/ugv/ugv_ros2_ws/src/install/depthai_descriptions/share/depthai_descriptions/urdf/models/OAK-D-CM4-POE.stl
[2.861s] -- Installing: /home/ugv/ugv_ros2_ws/src/install/depthai_descriptions/share/depthai_descriptions/urdf/models/OAK-T.stl
[2.899s] -- Installing: /home/ugv/ugv_ros2_ws/src/install/depthai_descriptions/share/depthai_descriptions/urdf/models/OAK-D-POE.stl
[3.025s] -- Installing: /home/ugv/ugv_ros2_ws/src/install/depthai_descriptions/share/depthai_descriptions/urdf/models/OAK-D-SR-POE.stl
[3.034s] -- Installing: /home/ugv/ugv_ros2_ws/src/install/depthai_descriptions/share/depthai_descriptions/urdf/models/OAK-D-S2-POE.stl
[3.068s] -- Installing: /home/ugv/ugv_ros2_ws/src/install/depthai_descriptions/share/depthai_descriptions/urdf/models/OAK-D.stl
[3.084s] -- Installing: /home/ugv/ugv_ros2_ws/src/install/depthai_descriptions/share/depthai_descriptions/urdf/models/OAK-D-SR.stl
[3.110s] -- Installing: /home/ugv/ugv_ros2_ws/src/install/depthai_descriptions/share/depthai_descriptions/urdf/models/OAK-D-LITE.stl
[3.215s] -- Installing: /home/ugv/ugv_ros2_ws/src/install/depthai_descriptions/share/depthai_descriptions/urdf/models/OAK-D-PRO-W.stl
[3.414s] -- Installing: /home/ugv/ugv_ros2_ws/src/install/depthai_descriptions/share/depthai_descriptions/urdf/models/OAK-D-IOT-75.stl
[3.592s] -- Installing: /home/ugv/ugv_ros2_ws/src/install/depthai_descriptions/share/depthai_descriptions/urdf/models/OAK-1.stl
[3.804s] -- Installing: /home/ugv/ugv_ros2_ws/src/install/depthai_descriptions/share/depthai_descriptions/urdf/depthai_descr.urdf.xacro
[3.806s] -- Installing: /home/ugv/ugv_ros2_ws/src/install/depthai_descriptions/share/depthai_descriptions/urdf/include
[3.806s] -- Installing: /home/ugv/ugv_ros2_ws/src/install/depthai_descriptions/share/depthai_descriptions/urdf/include/base_macro.urdf.xacro
[3.808s] -- Installing: /home/ugv/ugv_ros2_ws/src/install/depthai_descriptions/share/depthai_descriptions/urdf/include/depthai_macro.urdf.xacro
[3.811s] -- Installing: /home/ugv/ugv_ros2_ws/src/install/depthai_descriptions/share/depthai_descriptions/urdf/base_descr.urdf.xacro
[3.812s] -- Installing: /home/ugv/ugv_ros2_ws/src/install/depthai_descriptions/share/depthai_descriptions/environment/depthai_descriptions.sh
[3.813s] -- Installing: /home/ugv/ugv_ros2_ws/src/install/depthai_descriptions/share/depthai_descriptions/environment/depthai_descriptions.dsv
[3.813s] -- Installing: /home/ugv/ugv_ros2_ws/src/install/depthai_descriptions/share/ament_index/resource_index/package_run_dependencies/depthai_descriptions
[3.814s] -- Installing: /home/ugv/ugv_ros2_ws/src/install/depthai_descriptions/share/ament_index/resource_index/parent_prefix_path/depthai_descriptions
[3.814s] -- Installing: /home/ugv/ugv_ros2_ws/src/install/depthai_descriptions/share/depthai_descriptions/environment/ament_prefix_path.sh
[3.815s] -- Installing: /home/ugv/ugv_ros2_ws/src/install/depthai_descriptions/share/depthai_descriptions/environment/ament_prefix_path.dsv
[3.815s] -- Installing: /home/ugv/ugv_ros2_ws/src/install/depthai_descriptions/share/depthai_descriptions/environment/path.sh
[3.815s] -- Installing: /home/ugv/ugv_ros2_ws/src/install/depthai_descriptions/share/depthai_descriptions/environment/path.dsv
[3.816s] -- Installing: /home/ugv/ugv_ros2_ws/src/install/depthai_descriptions/share/depthai_descriptions/local_setup.bash
[3.816s] -- Installing: /home/ugv/ugv_ros2_ws/src/install/depthai_descriptions/share/depthai_descriptions/local_setup.sh
[3.817s] -- Installing: /home/ugv/ugv_ros2_ws/src/install/depthai_descriptions/share/depthai_descriptions/local_setup.zsh
[3.817s] -- Installing: /home/ugv/ugv_ros2_ws/src/install/depthai_descriptions/share/depthai_descriptions/local_setup.dsv
[3.818s] -- Installing: /home/ugv/ugv_ros2_ws/src/install/depthai_descriptions/share/depthai_descriptions/package.dsv
[3.818s] -- Installing: /home/ugv/ugv_ros2_ws/src/install/depthai_descriptions/share/ament_index/resource_index/packages/depthai_descriptions
[3.818s] -- Installing: /home/ugv/ugv_ros2_ws/src/install/depthai_descriptions/share/depthai_descriptions/cmake/depthai_descriptionsConfig.cmake
[3.819s] -- Installing: /home/ugv/ugv_ros2_ws/src/install/depthai_descriptions/share/depthai_descriptions/cmake/depthai_descriptionsConfig-version.cmake
[3.819s] -- Installing: /home/ugv/ugv_ros2_ws/src/install/depthai_descriptions/share/depthai_descriptions/package.xml
[3.825s] Invoked command in '/home/ugv/ugv_ros2_ws/src/build/depthai_descriptions' returned '0': CMAKE_PREFIX_PATH=${CMAKE_PREFIX_PATH}:/home/ugv/NGCP/NGCP_25_26/install/ngcp_ugv:/opt/ros/humble /usr/bin/cmake --install /home/ugv/ugv_ros2_ws/src/build/depthai_descriptions
