[0.129s] Invoking command in '/home/kayla/NGCP/build/ugv_msgs': CMAKE_PREFIX_PATH=${CMAKE_PREFIX_PATH}:/opt/ros/humble:/home/kayla/NGCP/install/ugv_control /usr/bin/cmake --build /home/kayla/NGCP/build/ugv_msgs -- -j4 -l4
[0.353s] -- Found ament_cmake: 1.3.12 (/opt/ros/humble/share/ament_cmake/cmake)
[1.191s] -- Override CMake install command with custom implementation using symlinks instead of copying resources
[1.299s] -- Found rosidl_default_generators: 1.2.0 (/opt/ros/humble/share/rosidl_default_generators/cmake)
[1.312s] -- Using all available rosidl_typesupport_c: rosidl_typesupport_fastrtps_c;rosidl_typesupport_introspection_c
[1.332s] -- Found rosidl_adapter: 3.1.7 (/opt/ros/humble/share/rosidl_adapter/cmake)
[1.591s] -- Using all available rosidl_typesupport_cpp: rosidl_typesupport_fastrtps_cpp;rosidl_typesupport_introspection_cpp
[3.031s] -- Found ament_cmake_ros: 0.10.0 (/opt/ros/humble/share/ament_cmake_ros/cmake)
[3.996s] -- Using all available rosidl_typesupport_c: rosidl_typesupport_fastrtps_c;rosidl_typesupport_introspection_c
[5.240s] -- Using all available rosidl_typesupport_cpp: rosidl_typesupport_fastrtps_cpp;rosidl_typesupport_introspection_cpp
[5.438s] -- Found python_cmake_module: 0.10.0 (/opt/ros/humble/share/python_cmake_module/cmake)
[5.585s] -- Using PYTHON_EXECUTABLE: /usr/bin/python3
[5.585s] -- Using PYTHON_INCLUDE_DIRS: /usr/include/python3.10
[5.586s] -- Using PYTHON_LIBRARIES: /usr/lib/aarch64-linux-gnu/libpython3.10.so
[5.652s] -- Found ament_lint_auto: 0.12.14 (/opt/ros/humble/share/ament_lint_auto/cmake)
[5.768s] -- Added test 'lint_cmake' to check CMake code style
[5.783s] -- Added test 'xmllint' to check XML markup files
[5.812s] -- Configuring done
[6.201s] -- Generating done
[6.258s] -- Build files have been written to: /home/kayla/NGCP/build/ugv_msgs
[6.377s] [35m[1mConsolidate compiler generated dependencies of target ugv_msgs__rosidl_generator_c[0m
[6.428s] [  2%] Built target ugv_msgs__cpp
[6.441s] [ 12%] Built target ugv_msgs__rosidl_generator_c
[6.472s] [ 12%] Built target ament_cmake_python_symlink_ugv_msgs
[6.499s] [35m[1mConsolidate compiler generated dependencies of target ugv_msgs__rosidl_typesupport_fastrtps_cpp[0m
[6.511s] [35m[1mConsolidate compiler generated dependencies of target ugv_msgs__rosidl_typesupport_cpp[0m
[6.522s] [35m[1mConsolidate compiler generated dependencies of target ugv_msgs__rosidl_typesupport_introspection_cpp[0m
[6.552s] [35m[1mConsolidate compiler generated dependencies of target ugv_msgs__rosidl_typesupport_fastrtps_c[0m
[6.599s] [ 23%] Built target ugv_msgs__rosidl_typesupport_cpp
[6.602s] [ 33%] Built target ugv_msgs__rosidl_typesupport_fastrtps_cpp
[6.620s] [ 43%] Built target ugv_msgs__rosidl_typesupport_introspection_cpp
[6.648s] [ 53%] Built target ugv_msgs__rosidl_typesupport_fastrtps_c
[6.664s] [35m[1mConsolidate compiler generated dependencies of target ugv_msgs__rosidl_typesupport_introspection_c[0m
[6.692s] [35m[1mConsolidate compiler generated dependencies of target ugv_msgs__rosidl_typesupport_c[0m
[6.735s] [ 64%] Built target ugv_msgs__rosidl_typesupport_introspection_c
[6.760s] [ 74%] Built target ugv_msgs__rosidl_typesupport_c
[6.866s] [ 74%] Built target ugv_msgs
[6.972s] [ 76%] Built target ugv_msgs__py
[7.031s] [35m[1mConsolidate compiler generated dependencies of target ugv_msgs__rosidl_generator_py[0m
[7.127s] [ 84%] Built target ugv_msgs__rosidl_generator_py
[7.188s] [35m[1mConsolidate compiler generated dependencies of target ugv_msgs__rosidl_typesupport_fastrtps_c__pyext[0m
[7.200s] [35m[1mConsolidate compiler generated dependencies of target ugv_msgs__rosidl_typesupport_c__pyext[0m
[7.222s] [35m[1mConsolidate compiler generated dependencies of target ugv_msgs__rosidl_typesupport_introspection_c__pyext[0m
[7.277s] [ 89%] Built target ugv_msgs__rosidl_typesupport_fastrtps_c__pyext
[7.306s] [ 94%] Built target ugv_msgs__rosidl_typesupport_c__pyext
[7.336s] [100%] Built target ugv_msgs__rosidl_typesupport_introspection_c__pyext
[8.206s] running egg_info
[8.211s] writing ugv_msgs.egg-info/PKG-INFO
[8.213s] writing dependency_links to ugv_msgs.egg-info/dependency_links.txt
[8.216s] writing top-level names to ugv_msgs.egg-info/top_level.txt
[8.232s] reading manifest file 'ugv_msgs.egg-info/SOURCES.txt'
[8.235s] writing manifest file 'ugv_msgs.egg-info/SOURCES.txt'
[8.436s] [100%] Built target ament_cmake_python_build_ugv_msgs_egg
[8.465s] Invoked command in '/home/kayla/NGCP/build/ugv_msgs' returned '0': CMAKE_PREFIX_PATH=${CMAKE_PREFIX_PATH}:/opt/ros/humble:/home/kayla/NGCP/install/ugv_control /usr/bin/cmake --build /home/kayla/NGCP/build/ugv_msgs -- -j4 -l4
[8.476s] Invoking command in '/home/kayla/NGCP/build/ugv_msgs': CMAKE_PREFIX_PATH=${CMAKE_PREFIX_PATH}:/opt/ros/humble:/home/kayla/NGCP/install/ugv_control /usr/bin/cmake --install /home/kayla/NGCP/build/ugv_msgs
[8.511s] -- Install configuration: ""
[8.514s] -- Execute custom install script
[8.520s] -- Up-to-date symlink: /home/kayla/NGCP/install/ugv_msgs/share/ament_index/resource_index/rosidl_interfaces/ugv_msgs
[8.533s] -- Up-to-date symlink: /home/kayla/NGCP/install/ugv_msgs/include/ugv_msgs/ugv_msgs/msg/auto_ctrl.h
[8.540s] -- Up-to-date symlink: /home/kayla/NGCP/install/ugv_msgs/include/ugv_msgs/ugv_msgs/msg/detail/auto_ctrl__functions.h
[8.542s] -- Up-to-date symlink: /home/kayla/NGCP/install/ugv_msgs/include/ugv_msgs/ugv_msgs/msg/detail/auto_ctrl__struct.h
[8.545s] -- Up-to-date symlink: /home/kayla/NGCP/install/ugv_msgs/include/ugv_msgs/ugv_msgs/msg/detail/auto_ctrl__type_support.h
[8.547s] -- Up-to-date symlink: /home/kayla/NGCP/install/ugv_msgs/include/ugv_msgs/ugv_msgs/msg/detail/man_ctrl__functions.h
[8.550s] -- Up-to-date symlink: /home/kayla/NGCP/install/ugv_msgs/include/ugv_msgs/ugv_msgs/msg/detail/man_ctrl__struct.h
[8.552s] -- Up-to-date symlink: /home/kayla/NGCP/install/ugv_msgs/include/ugv_msgs/ugv_msgs/msg/detail/man_ctrl__type_support.h
[8.555s] -- Up-to-date symlink: /home/kayla/NGCP/install/ugv_msgs/include/ugv_msgs/ugv_msgs/msg/man_ctrl.h
[8.557s] -- Up-to-date symlink: /home/kayla/NGCP/install/ugv_msgs/include/ugv_msgs/ugv_msgs/msg/rosidl_generator_c__visibility_control.h
[8.564s] -- Up-to-date symlink: /home/kayla/NGCP/install/ugv_msgs/share/ugv_msgs/environment/library_path.sh
[8.566s] -- Up-to-date symlink: /home/kayla/NGCP/install/ugv_msgs/share/ugv_msgs/environment/library_path.dsv
[8.571s] -- Up-to-date symlink: /home/kayla/NGCP/install/ugv_msgs/include/ugv_msgs/ugv_msgs/msg/detail/auto_ctrl__rosidl_typesupport_fastrtps_c.h
[8.573s] -- Up-to-date symlink: /home/kayla/NGCP/install/ugv_msgs/include/ugv_msgs/ugv_msgs/msg/detail/man_ctrl__rosidl_typesupport_fastrtps_c.h
[8.576s] -- Up-to-date symlink: /home/kayla/NGCP/install/ugv_msgs/include/ugv_msgs/ugv_msgs/msg/rosidl_typesupport_fastrtps_c__visibility_control.h
[8.580s] -- Up-to-date symlink: /home/kayla/NGCP/install/ugv_msgs/include/ugv_msgs/ugv_msgs/msg/detail/auto_ctrl__rosidl_typesupport_introspection_c.h
[8.583s] -- Up-to-date symlink: /home/kayla/NGCP/install/ugv_msgs/include/ugv_msgs/ugv_msgs/msg/detail/man_ctrl__rosidl_typesupport_introspection_c.h
[8.585s] -- Up-to-date symlink: /home/kayla/NGCP/install/ugv_msgs/include/ugv_msgs/ugv_msgs/msg/rosidl_typesupport_introspection_c__visibility_control.h
[8.590s] -- Up-to-date symlink: /home/kayla/NGCP/install/ugv_msgs/include/ugv_msgs/ugv_msgs/msg/auto_ctrl.hpp
[8.592s] -- Up-to-date symlink: /home/kayla/NGCP/install/ugv_msgs/include/ugv_msgs/ugv_msgs/msg/detail/auto_ctrl__builder.hpp
[8.596s] -- Up-to-date symlink: /home/kayla/NGCP/install/ugv_msgs/include/ugv_msgs/ugv_msgs/msg/detail/auto_ctrl__struct.hpp
[8.598s] -- Up-to-date symlink: /home/kayla/NGCP/install/ugv_msgs/include/ugv_msgs/ugv_msgs/msg/detail/auto_ctrl__traits.hpp
[8.601s] -- Up-to-date symlink: /home/kayla/NGCP/install/ugv_msgs/include/ugv_msgs/ugv_msgs/msg/detail/auto_ctrl__type_support.hpp
[8.604s] -- Up-to-date symlink: /home/kayla/NGCP/install/ugv_msgs/include/ugv_msgs/ugv_msgs/msg/detail/man_ctrl__builder.hpp
[8.608s] -- Up-to-date symlink: /home/kayla/NGCP/install/ugv_msgs/include/ugv_msgs/ugv_msgs/msg/detail/man_ctrl__struct.hpp
[8.611s] -- Up-to-date symlink: /home/kayla/NGCP/install/ugv_msgs/include/ugv_msgs/ugv_msgs/msg/detail/man_ctrl__traits.hpp
[8.614s] -- Up-to-date symlink: /home/kayla/NGCP/install/ugv_msgs/include/ugv_msgs/ugv_msgs/msg/detail/man_ctrl__type_support.hpp
[8.616s] -- Up-to-date symlink: /home/kayla/NGCP/install/ugv_msgs/include/ugv_msgs/ugv_msgs/msg/man_ctrl.hpp
[8.618s] -- Up-to-date symlink: /home/kayla/NGCP/install/ugv_msgs/include/ugv_msgs/ugv_msgs/msg/rosidl_generator_cpp__visibility_control.hpp
[8.622s] -- Up-to-date symlink: /home/kayla/NGCP/install/ugv_msgs/include/ugv_msgs/ugv_msgs/msg/detail/auto_ctrl__rosidl_typesupport_fastrtps_cpp.hpp
[8.624s] -- Up-to-date symlink: /home/kayla/NGCP/install/ugv_msgs/include/ugv_msgs/ugv_msgs/msg/detail/man_ctrl__rosidl_typesupport_fastrtps_cpp.hpp
[8.626s] -- Up-to-date symlink: /home/kayla/NGCP/install/ugv_msgs/include/ugv_msgs/ugv_msgs/msg/rosidl_typesupport_fastrtps_cpp__visibility_control.h
[8.629s] -- Up-to-date symlink: /home/kayla/NGCP/install/ugv_msgs/include/ugv_msgs/ugv_msgs/msg/detail/auto_ctrl__rosidl_typesupport_introspection_cpp.hpp
[8.631s] -- Up-to-date symlink: /home/kayla/NGCP/install/ugv_msgs/include/ugv_msgs/ugv_msgs/msg/detail/man_ctrl__rosidl_typesupport_introspection_cpp.hpp
[8.633s] -- Up-to-date symlink: /home/kayla/NGCP/install/ugv_msgs/share/ugv_msgs/environment/pythonpath.sh
[8.635s] -- Up-to-date symlink: /home/kayla/NGCP/install/ugv_msgs/share/ugv_msgs/environment/pythonpath.dsv
[8.637s] -- Up-to-date symlink: /home/kayla/NGCP/install/ugv_msgs/local/lib/python3.10/dist-packages/ugv_msgs-0.0.0-py3.10.egg-info/PKG-INFO
[8.638s] -- Up-to-date symlink: /home/kayla/NGCP/install/ugv_msgs/local/lib/python3.10/dist-packages/ugv_msgs-0.0.0-py3.10.egg-info/SOURCES.txt
[8.640s] -- Up-to-date symlink: /home/kayla/NGCP/install/ugv_msgs/local/lib/python3.10/dist-packages/ugv_msgs-0.0.0-py3.10.egg-info/dependency_links.txt
[8.642s] -- Up-to-date symlink: /home/kayla/NGCP/install/ugv_msgs/local/lib/python3.10/dist-packages/ugv_msgs-0.0.0-py3.10.egg-info/top_level.txt
[8.648s] -- Up-to-date symlink: /home/kayla/NGCP/install/ugv_msgs/local/lib/python3.10/dist-packages/ugv_msgs/__init__.py
[8.650s] -- Up-to-date symlink: /home/kayla/NGCP/install/ugv_msgs/local/lib/python3.10/dist-packages/ugv_msgs/_ugv_msgs_s.ep.rosidl_typesupport_c.c
[8.651s] -- Up-to-date symlink: /home/kayla/NGCP/install/ugv_msgs/local/lib/python3.10/dist-packages/ugv_msgs/_ugv_msgs_s.ep.rosidl_typesupport_fastrtps_c.c
[8.653s] -- Up-to-date symlink: /home/kayla/NGCP/install/ugv_msgs/local/lib/python3.10/dist-packages/ugv_msgs/_ugv_msgs_s.ep.rosidl_typesupport_introspection_c.c
[8.655s] -- Up-to-date symlink: /home/kayla/NGCP/install/ugv_msgs/local/lib/python3.10/dist-packages/ugv_msgs/libugv_msgs__rosidl_generator_py.so
[8.657s] -- Up-to-date symlink: /home/kayla/NGCP/install/ugv_msgs/local/lib/python3.10/dist-packages/ugv_msgs/msg/__init__.py
[8.659s] -- Up-to-date symlink: /home/kayla/NGCP/install/ugv_msgs/local/lib/python3.10/dist-packages/ugv_msgs/msg/_auto_ctrl.py
[8.660s] -- Up-to-date symlink: /home/kayla/NGCP/install/ugv_msgs/local/lib/python3.10/dist-packages/ugv_msgs/msg/_auto_ctrl_s.c
[8.662s] -- Up-to-date symlink: /home/kayla/NGCP/install/ugv_msgs/local/lib/python3.10/dist-packages/ugv_msgs/msg/_man_ctrl.py
[8.663s] -- Up-to-date symlink: /home/kayla/NGCP/install/ugv_msgs/local/lib/python3.10/dist-packages/ugv_msgs/msg/_man_ctrl_s.c
[8.665s] -- Up-to-date symlink: /home/kayla/NGCP/install/ugv_msgs/local/lib/python3.10/dist-packages/ugv_msgs/ugv_msgs_s__rosidl_typesupport_c.cpython-310-aarch64-linux-gnu.so
[8.666s] -- Up-to-date symlink: /home/kayla/NGCP/install/ugv_msgs/local/lib/python3.10/dist-packages/ugv_msgs/ugv_msgs_s__rosidl_typesupport_fastrtps_c.cpython-310-aarch64-linux-gnu.so
[8.668s] -- Up-to-date symlink: /home/kayla/NGCP/install/ugv_msgs/local/lib/python3.10/dist-packages/ugv_msgs/ugv_msgs_s__rosidl_typesupport_introspection_c.cpython-310-aarch64-linux-gnu.so
[8.670s] -- Up-to-date symlink: /home/kayla/NGCP/install/ugv_msgs/local/lib/python3.10/dist-packages/ugv_msgs/ugv_msgs_s__rosidl_typesupport_fastrtps_c.cpython-310-aarch64-linux-gnu.so
[8.672s] -- Up-to-date symlink: /home/kayla/NGCP/install/ugv_msgs/local/lib/python3.10/dist-packages/ugv_msgs/ugv_msgs_s__rosidl_typesupport_introspection_c.cpython-310-aarch64-linux-gnu.so
[8.673s] -- Up-to-date symlink: /home/kayla/NGCP/install/ugv_msgs/local/lib/python3.10/dist-packages/ugv_msgs/ugv_msgs_s__rosidl_typesupport_c.cpython-310-aarch64-linux-gnu.so
[8.675s] -- Up-to-date symlink: /home/kayla/NGCP/install/ugv_msgs/share/ugv_msgs/msg/ManCtrl.idl
[8.677s] -- Up-to-date symlink: /home/kayla/NGCP/install/ugv_msgs/share/ugv_msgs/msg/AutoCtrl.idl
[8.678s] -- Up-to-date symlink: /home/kayla/NGCP/install/ugv_msgs/share/ugv_msgs/msg/ManCtrl.msg
[8.679s] -- Up-to-date symlink: /home/kayla/NGCP/install/ugv_msgs/share/ugv_msgs/msg/AutoCtrl.msg
[8.681s] -- Up-to-date symlink: /home/kayla/NGCP/install/ugv_msgs/share/ament_index/resource_index/package_run_dependencies/ugv_msgs
[8.683s] -- Up-to-date symlink: /home/kayla/NGCP/install/ugv_msgs/share/ament_index/resource_index/parent_prefix_path/ugv_msgs
[8.686s] -- Up-to-date symlink: /home/kayla/NGCP/install/ugv_msgs/share/ugv_msgs/environment/ament_prefix_path.sh
[8.687s] -- Up-to-date symlink: /home/kayla/NGCP/install/ugv_msgs/share/ugv_msgs/environment/ament_prefix_path.dsv
[8.690s] -- Up-to-date symlink: /home/kayla/NGCP/install/ugv_msgs/share/ugv_msgs/environment/path.sh
[8.693s] -- Up-to-date symlink: /home/kayla/NGCP/install/ugv_msgs/share/ugv_msgs/environment/path.dsv
[8.695s] -- Up-to-date symlink: /home/kayla/NGCP/install/ugv_msgs/share/ugv_msgs/local_setup.bash
[8.699s] -- Up-to-date symlink: /home/kayla/NGCP/install/ugv_msgs/share/ugv_msgs/local_setup.sh
[8.703s] -- Up-to-date symlink: /home/kayla/NGCP/install/ugv_msgs/share/ugv_msgs/local_setup.zsh
[8.706s] -- Up-to-date symlink: /home/kayla/NGCP/install/ugv_msgs/share/ugv_msgs/local_setup.dsv
[8.708s] -- Symlinking: /home/kayla/NGCP/install/ugv_msgs/share/ugv_msgs/package.dsv
[8.754s] -- Up-to-date symlink: /home/kayla/NGCP/install/ugv_msgs/share/ament_index/resource_index/packages/ugv_msgs
[8.756s] -- Up-to-date symlink: /home/kayla/NGCP/install/ugv_msgs/share/ugv_msgs/cmake/rosidl_cmake-extras.cmake
[8.757s] -- Up-to-date symlink: /home/kayla/NGCP/install/ugv_msgs/share/ugv_msgs/cmake/ament_cmake_export_include_directories-extras.cmake
[8.759s] -- Up-to-date symlink: /home/kayla/NGCP/install/ugv_msgs/share/ugv_msgs/cmake/ament_cmake_export_libraries-extras.cmake
[8.761s] -- Up-to-date symlink: /home/kayla/NGCP/install/ugv_msgs/share/ugv_msgs/cmake/ament_cmake_export_targets-extras.cmake
[8.762s] -- Up-to-date symlink: /home/kayla/NGCP/install/ugv_msgs/share/ugv_msgs/cmake/rosidl_cmake_export_typesupport_targets-extras.cmake
[8.764s] -- Up-to-date symlink: /home/kayla/NGCP/install/ugv_msgs/share/ugv_msgs/cmake/ament_cmake_export_dependencies-extras.cmake
[8.766s] -- Up-to-date symlink: /home/kayla/NGCP/install/ugv_msgs/share/ugv_msgs/cmake/rosidl_cmake_export_typesupport_libraries-extras.cmake
[8.767s] -- Up-to-date symlink: /home/kayla/NGCP/install/ugv_msgs/share/ugv_msgs/cmake/ugv_msgsConfig.cmake
[8.769s] -- Up-to-date symlink: /home/kayla/NGCP/install/ugv_msgs/share/ugv_msgs/cmake/ugv_msgsConfig-version.cmake
[8.770s] -- Up-to-date symlink: /home/kayla/NGCP/install/ugv_msgs/share/ugv_msgs/package.xml
[8.773s] -- Up-to-date: /home/kayla/NGCP/install/ugv_msgs/lib/libugv_msgs__rosidl_generator_c.so
[8.776s] -- Up-to-date: /home/kayla/NGCP/install/ugv_msgs/lib/libugv_msgs__rosidl_typesupport_fastrtps_c.so
[8.779s] -- Up-to-date: /home/kayla/NGCP/install/ugv_msgs/lib/libugv_msgs__rosidl_typesupport_introspection_c.so
[8.782s] -- Up-to-date: /home/kayla/NGCP/install/ugv_msgs/lib/libugv_msgs__rosidl_typesupport_c.so
[8.787s] -- Up-to-date: /home/kayla/NGCP/install/ugv_msgs/lib/libugv_msgs__rosidl_typesupport_fastrtps_cpp.so
[8.792s] -- Up-to-date: /home/kayla/NGCP/install/ugv_msgs/lib/libugv_msgs__rosidl_typesupport_introspection_cpp.so
[8.796s] -- Up-to-date: /home/kayla/NGCP/install/ugv_msgs/lib/libugv_msgs__rosidl_typesupport_cpp.so
[8.999s] Listing '/home/kayla/NGCP/install/ugv_msgs/local/lib/python3.10/dist-packages/ugv_msgs'...
[9.000s] Compiling '/home/kayla/NGCP/install/ugv_msgs/local/lib/python3.10/dist-packages/ugv_msgs/__init__.py'...
[9.002s] Listing '/home/kayla/NGCP/install/ugv_msgs/local/lib/python3.10/dist-packages/ugv_msgs/msg'...
[9.025s] -- Up-to-date: /home/kayla/NGCP/install/ugv_msgs/lib/libugv_msgs__rosidl_generator_py.so
[9.028s] -- Up-to-date: /home/kayla/NGCP/install/ugv_msgs/share/ugv_msgs/cmake/export_ugv_msgs__rosidl_generator_cExport.cmake
[9.028s] -- Up-to-date: /home/kayla/NGCP/install/ugv_msgs/share/ugv_msgs/cmake/export_ugv_msgs__rosidl_generator_cExport-noconfig.cmake
[9.030s] -- Up-to-date: /home/kayla/NGCP/install/ugv_msgs/share/ugv_msgs/cmake/export_ugv_msgs__rosidl_typesupport_fastrtps_cExport.cmake
[9.030s] -- Up-to-date: /home/kayla/NGCP/install/ugv_msgs/share/ugv_msgs/cmake/export_ugv_msgs__rosidl_typesupport_fastrtps_cExport-noconfig.cmake
[9.032s] -- Up-to-date: /home/kayla/NGCP/install/ugv_msgs/share/ugv_msgs/cmake/ugv_msgs__rosidl_typesupport_introspection_cExport.cmake
[9.033s] -- Up-to-date: /home/kayla/NGCP/install/ugv_msgs/share/ugv_msgs/cmake/ugv_msgs__rosidl_typesupport_introspection_cExport-noconfig.cmake
[9.035s] -- Up-to-date: /home/kayla/NGCP/install/ugv_msgs/share/ugv_msgs/cmake/ugv_msgs__rosidl_typesupport_cExport.cmake
[9.035s] -- Up-to-date: /home/kayla/NGCP/install/ugv_msgs/share/ugv_msgs/cmake/ugv_msgs__rosidl_typesupport_cExport-noconfig.cmake
[9.037s] -- Up-to-date: /home/kayla/NGCP/install/ugv_msgs/share/ugv_msgs/cmake/export_ugv_msgs__rosidl_generator_cppExport.cmake
[9.038s] -- Up-to-date: /home/kayla/NGCP/install/ugv_msgs/share/ugv_msgs/cmake/export_ugv_msgs__rosidl_typesupport_fastrtps_cppExport.cmake
[9.039s] -- Up-to-date: /home/kayla/NGCP/install/ugv_msgs/share/ugv_msgs/cmake/export_ugv_msgs__rosidl_typesupport_fastrtps_cppExport-noconfig.cmake
[9.041s] -- Up-to-date: /home/kayla/NGCP/install/ugv_msgs/share/ugv_msgs/cmake/ugv_msgs__rosidl_typesupport_introspection_cppExport.cmake
[9.041s] -- Up-to-date: /home/kayla/NGCP/install/ugv_msgs/share/ugv_msgs/cmake/ugv_msgs__rosidl_typesupport_introspection_cppExport-noconfig.cmake
[9.043s] -- Up-to-date: /home/kayla/NGCP/install/ugv_msgs/share/ugv_msgs/cmake/ugv_msgs__rosidl_typesupport_cppExport.cmake
[9.044s] -- Up-to-date: /home/kayla/NGCP/install/ugv_msgs/share/ugv_msgs/cmake/ugv_msgs__rosidl_typesupport_cppExport-noconfig.cmake
[9.045s] -- Up-to-date: /home/kayla/NGCP/install/ugv_msgs/share/ugv_msgs/cmake/export_ugv_msgs__rosidl_generator_pyExport.cmake
[9.046s] -- Up-to-date: /home/kayla/NGCP/install/ugv_msgs/share/ugv_msgs/cmake/export_ugv_msgs__rosidl_generator_pyExport-noconfig.cmake
[9.055s] Invoked command in '/home/kayla/NGCP/build/ugv_msgs' returned '0': CMAKE_PREFIX_PATH=${CMAKE_PREFIX_PATH}:/opt/ros/humble:/home/kayla/NGCP/install/ugv_control /usr/bin/cmake --install /home/kayla/NGCP/build/ugv_msgs
