/home/kayla/NGCP/install/ugv_control/lib/python3.10/site-packages/ugv_control/__init__.py
/home/kayla/NGCP/install/ugv_control/lib/python3.10/site-packages/ugv_control/ugv_armcontrol_sub.py
/home/kayla/NGCP/install/ugv_control/lib/python3.10/site-packages/ugv_control/ugv_control_pub.py
/home/kayla/NGCP/install/ugv_control/lib/python3.10/site-packages/ugv_control/ugv_control_sub.py
/home/kayla/NGCP/install/ugv_control/lib/python3.10/site-packages/ugv_control/__pycache__/__init__.cpython-310.pyc
/home/kayla/NGCP/install/ugv_control/lib/python3.10/site-packages/ugv_control/__pycache__/ugv_armcontrol_sub.cpython-310.pyc
/home/kayla/NGCP/install/ugv_control/lib/python3.10/site-packages/ugv_control/__pycache__/ugv_control_pub.cpython-310.pyc
/home/kayla/NGCP/install/ugv_control/lib/python3.10/site-packages/ugv_control/__pycache__/ugv_control_sub.cpython-310.pyc
/home/kayla/NGCP/install/ugv_control/share/ament_index/resource_index/packages/ugv_control
/home/kayla/NGCP/install/ugv_control/share/ugv_control/package.xml
/home/kayla/NGCP/install/ugv_control/lib/python3.10/site-packages/ugv_control-0.1.0-py3.10.egg-info/zip-safe
/home/kayla/NGCP/install/ugv_control/lib/python3.10/site-packages/ugv_control-0.1.0-py3.10.egg-info/PKG-INFO
/home/kayla/NGCP/install/ugv_control/lib/python3.10/site-packages/ugv_control-0.1.0-py3.10.egg-info/top_level.txt
/home/kayla/NGCP/install/ugv_control/lib/python3.10/site-packages/ugv_control-0.1.0-py3.10.egg-info/requires.txt
/home/kayla/NGCP/install/ugv_control/lib/python3.10/site-packages/ugv_control-0.1.0-py3.10.egg-info/entry_points.txt
/home/kayla/NGCP/install/ugv_control/lib/python3.10/site-packages/ugv_control-0.1.0-py3.10.egg-info/dependency_links.txt
/home/kayla/NGCP/install/ugv_control/lib/python3.10/site-packages/ugv_control-0.1.0-py3.10.egg-info/SOURCES.txt
/home/kayla/NGCP/install/ugv_control/lib/ugv_control/ugv_armcontrol_sub
/home/kayla/NGCP/install/ugv_control/lib/ugv_control/ugv_control_pub
/home/kayla/NGCP/install/ugv_control/lib/ugv_control/ugv_control_sub
