running develop
running egg_info
creating ugv_telemetry.egg-info
writing ugv_telemetry.egg-info/PKG-INFO
writing dependency_links to ugv_telemetry.egg-info/dependency_links.txt
writing entry points to ugv_telemetry.egg-info/entry_points.txt
writing requirements to ugv_telemetry.egg-info/requires.txt
writing top-level names to ugv_telemetry.egg-info/top_level.txt
writing manifest file 'ugv_telemetry.egg-info/SOURCES.txt'
reading manifest file 'ugv_telemetry.egg-info/SOURCES.txt'
writing manifest file 'ugv_telemetry.egg-info/SOURCES.txt'
running build_ext
Creating /home/ugv/ugv_ros2_ws/install/ugv_telemetry/lib/python3.10/site-packages/ugv-telemetry.egg-link (link to .)
Installing telemetry_sub script to /home/ugv/ugv_ros2_ws/install/ugv_telemetry/lib/ugv_telemetry
Installing xsens_data_conversion script to /home/ugv/ugv_ros2_ws/install/ugv_telemetry/lib/ugv_telemetry

Installed /home/ugv/ugv_ros2_ws/build/ugv_telemetry
running symlink_data
creating /home/ugv/ugv_ros2_ws/install/ugv_telemetry/share/ament_index
creating /home/ugv/ugv_ros2_ws/install/ugv_telemetry/share/ament_index/resource_index
creating /home/ugv/ugv_ros2_ws/install/ugv_telemetry/share/ament_index/resource_index/packages
symbolically linking /home/ugv/ugv_ros2_ws/build/ugv_telemetry/resource/ugv_telemetry -> /home/ugv/ugv_ros2_ws/install/ugv_telemetry/share/ament_index/resource_index/packages
symbolically linking /home/ugv/ugv_ros2_ws/build/ugv_telemetry/package.xml -> /home/ugv/ugv_ros2_ws/install/ugv_telemetry/share/ugv_telemetry
creating /home/ugv/ugv_ros2_ws/install/ugv_telemetry/share/ugv_telemetry/launch
symbolically linking /home/ugv/ugv_ros2_ws/build/ugv_telemetry/launch/ugv_telemetry.launch.py -> /home/ugv/ugv_ros2_ws/install/ugv_telemetry/share/ugv_telemetry/launch
