[6.769s] Invoking command in '/home/ugv/ugv_ros2_ws/build/ugv_telemetry': PYTHONPATH=/home/ugv/ugv_ros2_ws/build/ugv_telemetry/prefix_override:/usr/lib/python3/dist-packages/colcon_core/task/python/colcon_distutils_commands:/home/ugv/ugv_ros2_ws/install/ugv_telemetry/lib/python3.10/site-packages:${PYTHONPATH} /usr/bin/python3 -W ignore:setup.py install is deprecated -W ignore:easy_install command is deprecated setup.py develop --editable --build-directory /home/ugv/ugv_ros2_ws/build/ugv_telemetry/build --no-deps symlink_data
[9.061s] running develop
[10.285s] running egg_info
[10.285s] creating ugv_telemetry.egg-info
[10.286s] writing ugv_telemetry.egg-info/PKG-INFO
[10.287s] writing dependency_links to ugv_telemetry.egg-info/dependency_links.txt
[10.287s] writing entry points to ugv_telemetry.egg-info/entry_points.txt
[10.288s] writing requirements to ugv_telemetry.egg-info/requires.txt
[10.288s] writing top-level names to ugv_telemetry.egg-info/top_level.txt
[10.289s] writing manifest file 'ugv_telemetry.egg-info/SOURCES.txt'
[10.298s] reading manifest file 'ugv_telemetry.egg-info/SOURCES.txt'
[10.300s] writing manifest file 'ugv_telemetry.egg-info/SOURCES.txt'
[10.306s] running build_ext
[10.314s] Creating /home/ugv/ugv_ros2_ws/install/ugv_telemetry/lib/python3.10/site-packages/ugv-telemetry.egg-link (link to .)
[10.317s] Installing telemetry_sub script to /home/ugv/ugv_ros2_ws/install/ugv_telemetry/lib/ugv_telemetry
[10.318s] Installing xsens_data_conversion script to /home/ugv/ugv_ros2_ws/install/ugv_telemetry/lib/ugv_telemetry
[10.318s] 
[10.319s] Installed /home/ugv/ugv_ros2_ws/build/ugv_telemetry
[10.319s] running symlink_data
[10.319s] creating /home/ugv/ugv_ros2_ws/install/ugv_telemetry/share/ament_index
[10.319s] creating /home/ugv/ugv_ros2_ws/install/ugv_telemetry/share/ament_index/resource_index
[10.319s] creating /home/ugv/ugv_ros2_ws/install/ugv_telemetry/share/ament_index/resource_index/packages
[10.320s] symbolically linking /home/ugv/ugv_ros2_ws/build/ugv_telemetry/resource/ugv_telemetry -> /home/ugv/ugv_ros2_ws/install/ugv_telemetry/share/ament_index/resource_index/packages
[10.320s] symbolically linking /home/ugv/ugv_ros2_ws/build/ugv_telemetry/package.xml -> /home/ugv/ugv_ros2_ws/install/ugv_telemetry/share/ugv_telemetry
[10.320s] creating /home/ugv/ugv_ros2_ws/install/ugv_telemetry/share/ugv_telemetry/launch
[10.320s] symbolically linking /home/ugv/ugv_ros2_ws/build/ugv_telemetry/launch/ugv_telemetry.launch.py -> /home/ugv/ugv_ros2_ws/install/ugv_telemetry/share/ugv_telemetry/launch
[10.440s] Invoked command in '/home/ugv/ugv_ros2_ws/build/ugv_telemetry' returned '0': PYTHONPATH=/home/ugv/ugv_ros2_ws/build/ugv_telemetry/prefix_override:/usr/lib/python3/dist-packages/colcon_core/task/python/colcon_distutils_commands:/home/ugv/ugv_ros2_ws/install/ugv_telemetry/lib/python3.10/site-packages:${PYTHONPATH} /usr/bin/python3 -W ignore:setup.py install is deprecated -W ignore:easy_install command is deprecated setup.py develop --editable --build-directory /home/ugv/ugv_ros2_ws/build/ugv_telemetry/build --no-deps symlink_data
