[1.292s] Invoking command in '/home/ugv/NGCP/NGCP_25_26/ugv-integration-2526/src/NGCP_UGV': AMENT_PREFIX_PATH=/home/ugv/NGCP/NGCP_25_26/ugv-integration-2526/install/ugv_msgs:${AMENT_PREFIX_PATH} CMAKE_PREFIX_PATH=/home/ugv/NGCP/NGCP_25_26/ugv-integration-2526/install/ugv_msgs LD_LIBRARY_PATH=/home/ugv/NGCP/NGCP_25_26/ugv-integration-2526/install/ugv_msgs/lib:${LD_LIBRARY_PATH} PYTHONPATH=/home/ugv/NGCP/NGCP_25_26/ugv-integration-2526/build/ngcp_ugv/prefix_override:/usr/lib/python3/dist-packages/colcon_core/task/python/colcon_distutils_commands:/home/ugv/NGCP/NGCP_25_26/ugv-integration-2526/install/ngcp_ugv/lib/python3.10/site-packages:/home/ugv/NGCP/NGCP_25_26/ugv-integration-2526/install/ugv_msgs/local/lib/python3.10/dist-packages:${PYTHONPATH} /usr/bin/python3 -W ignore:setup.py install is deprecated -W ignore:easy_install command is deprecated setup.py egg_info --egg-base ../../build/ngcp_ugv build --build-base /home/ugv/NGCP/NGCP_25_26/ugv-integration-2526/build/ngcp_ugv/build install --record /home/ugv/NGCP/NGCP_25_26/ugv-integration-2526/build/ngcp_ugv/install.log --single-version-externally-managed install_data
[1.783s] running egg_info
[1.783s] creating ../../build/ngcp_ugv/ngcp_ugv.egg-info
[1.784s] writing ../../build/ngcp_ugv/ngcp_ugv.egg-info/PKG-INFO
[1.784s] writing dependency_links to ../../build/ngcp_ugv/ngcp_ugv.egg-info/dependency_links.txt
[1.785s] writing entry points to ../../build/ngcp_ugv/ngcp_ugv.egg-info/entry_points.txt
[1.785s] writing requirements to ../../build/ngcp_ugv/ngcp_ugv.egg-info/requires.txt
[1.785s] writing top-level names to ../../build/ngcp_ugv/ngcp_ugv.egg-info/top_level.txt
[1.785s] writing manifest file '../../build/ngcp_ugv/ngcp_ugv.egg-info/SOURCES.txt'
[1.789s] reading manifest file '../../build/ngcp_ugv/ngcp_ugv.egg-info/SOURCES.txt'
[1.791s] writing manifest file '../../build/ngcp_ugv/ngcp_ugv.egg-info/SOURCES.txt'
[1.791s] running build
[1.792s] running build_py
[1.792s] creating /home/ugv/NGCP/NGCP_25_26/ugv-integration-2526/build/ngcp_ugv/build
[1.792s] creating /home/ugv/NGCP/NGCP_25_26/ugv-integration-2526/build/ngcp_ugv/build/lib
[1.792s] creating /home/ugv/NGCP/NGCP_25_26/ugv-integration-2526/build/ngcp_ugv/build/lib/ngcp_ugv
[1.793s] copying ngcp_ugv/ugv_control_sub.py -> /home/ugv/NGCP/NGCP_25_26/ugv-integration-2526/build/ngcp_ugv/build/lib/ngcp_ugv
[1.793s] copying ngcp_ugv/__init__.py -> /home/ugv/NGCP/NGCP_25_26/ugv-integration-2526/build/ngcp_ugv/build/lib/ngcp_ugv
[1.793s] copying ngcp_ugv/ugv_arm_sub.py -> /home/ugv/NGCP/NGCP_25_26/ugv-integration-2526/build/ngcp_ugv/build/lib/ngcp_ugv
[1.793s] copying ngcp_ugv/ugv_control_pub.py -> /home/ugv/NGCP/NGCP_25_26/ugv-integration-2526/build/ngcp_ugv/build/lib/ngcp_ugv
[1.793s] running install
[1.794s] running install_lib
[1.795s] creating /home/ugv/NGCP/NGCP_25_26/ugv-integration-2526/install/ngcp_ugv/lib/python3.10/site-packages/ngcp_ugv
[1.796s] copying /home/ugv/NGCP/NGCP_25_26/ugv-integration-2526/build/ngcp_ugv/build/lib/ngcp_ugv/ugv_control_sub.py -> /home/ugv/NGCP/NGCP_25_26/ugv-integration-2526/install/ngcp_ugv/lib/python3.10/site-packages/ngcp_ugv
[1.796s] copying /home/ugv/NGCP/NGCP_25_26/ugv-integration-2526/build/ngcp_ugv/build/lib/ngcp_ugv/__init__.py -> /home/ugv/NGCP/NGCP_25_26/ugv-integration-2526/install/ngcp_ugv/lib/python3.10/site-packages/ngcp_ugv
[1.796s] copying /home/ugv/NGCP/NGCP_25_26/ugv-integration-2526/build/ngcp_ugv/build/lib/ngcp_ugv/ugv_arm_sub.py -> /home/ugv/NGCP/NGCP_25_26/ugv-integration-2526/install/ngcp_ugv/lib/python3.10/site-packages/ngcp_ugv
[1.796s] copying /home/ugv/NGCP/NGCP_25_26/ugv-integration-2526/build/ngcp_ugv/build/lib/ngcp_ugv/ugv_control_pub.py -> /home/ugv/NGCP/NGCP_25_26/ugv-integration-2526/install/ngcp_ugv/lib/python3.10/site-packages/ngcp_ugv
[1.797s] byte-compiling /home/ugv/NGCP/NGCP_25_26/ugv-integration-2526/install/ngcp_ugv/lib/python3.10/site-packages/ngcp_ugv/ugv_control_sub.py to ugv_control_sub.cpython-310.pyc
[1.800s] byte-compiling /home/ugv/NGCP/NGCP_25_26/ugv-integration-2526/install/ngcp_ugv/lib/python3.10/site-packages/ngcp_ugv/__init__.py to __init__.cpython-310.pyc
[1.800s] byte-compiling /home/ugv/NGCP/NGCP_25_26/ugv-integration-2526/install/ngcp_ugv/lib/python3.10/site-packages/ngcp_ugv/ugv_arm_sub.py to ugv_arm_sub.cpython-310.pyc
[1.801s] byte-compiling /home/ugv/NGCP/NGCP_25_26/ugv-integration-2526/install/ngcp_ugv/lib/python3.10/site-packages/ngcp_ugv/ugv_control_pub.py to ugv_control_pub.cpython-310.pyc
[1.803s] running install_data
[1.803s] creating /home/ugv/NGCP/NGCP_25_26/ugv-integration-2526/install/ngcp_ugv/share/ament_index
[1.803s] creating /home/ugv/NGCP/NGCP_25_26/ugv-integration-2526/install/ngcp_ugv/share/ament_index/resource_index
[1.803s] creating /home/ugv/NGCP/NGCP_25_26/ugv-integration-2526/install/ngcp_ugv/share/ament_index/resource_index/packages
[1.804s] copying resource/ngcp_ugv -> /home/ugv/NGCP/NGCP_25_26/ugv-integration-2526/install/ngcp_ugv/share/ament_index/resource_index/packages
[1.804s] copying package.xml -> /home/ugv/NGCP/NGCP_25_26/ugv-integration-2526/install/ngcp_ugv/share/ngcp_ugv
[1.804s] running install_egg_info
[1.807s] Copying ../../build/ngcp_ugv/ngcp_ugv.egg-info to /home/ugv/NGCP/NGCP_25_26/ugv-integration-2526/install/ngcp_ugv/lib/python3.10/site-packages/ngcp_ugv-0.0.0-py3.10.egg-info
[1.809s] running install_scripts
[1.852s] Installing ugv_arm_sub script to /home/ugv/NGCP/NGCP_25_26/ugv-integration-2526/install/ngcp_ugv/lib/ngcp_ugv
[1.853s] Installing ugv_control_pub script to /home/ugv/NGCP/NGCP_25_26/ugv-integration-2526/install/ngcp_ugv/lib/ngcp_ugv
[1.853s] Installing ugv_control_sub script to /home/ugv/NGCP/NGCP_25_26/ugv-integration-2526/install/ngcp_ugv/lib/ngcp_ugv
[1.854s] writing list of installed files to '/home/ugv/NGCP/NGCP_25_26/ugv-integration-2526/build/ngcp_ugv/install.log'
[1.924s] Invoked command in '/home/ugv/NGCP/NGCP_25_26/ugv-integration-2526/src/NGCP_UGV' returned '0': AMENT_PREFIX_PATH=/home/ugv/NGCP/NGCP_25_26/ugv-integration-2526/install/ugv_msgs:${AMENT_PREFIX_PATH} CMAKE_PREFIX_PATH=/home/ugv/NGCP/NGCP_25_26/ugv-integration-2526/install/ugv_msgs LD_LIBRARY_PATH=/home/ugv/NGCP/NGCP_25_26/ugv-integration-2526/install/ugv_msgs/lib:${LD_LIBRARY_PATH} PYTHONPATH=/home/ugv/NGCP/NGCP_25_26/ugv-integration-2526/build/ngcp_ugv/prefix_override:/usr/lib/python3/dist-packages/colcon_core/task/python/colcon_distutils_commands:/home/ugv/NGCP/NGCP_25_26/ugv-integration-2526/install/ngcp_ugv/lib/python3.10/site-packages:/home/ugv/NGCP/NGCP_25_26/ugv-integration-2526/install/ugv_msgs/local/lib/python3.10/dist-packages:${PYTHONPATH} /usr/bin/python3 -W ignore:setup.py install is deprecated -W ignore:easy_install command is deprecated setup.py egg_info --egg-base ../../build/ngcp_ugv build --build-base /home/ugv/NGCP/NGCP_25_26/ugv-integration-2526/build/ngcp_ugv/build install --record /home/ugv/NGCP/NGCP_25_26/ugv-integration-2526/build/ngcp_ugv/install.log --single-version-externally-managed install_data
